[35m[Appium][39m Welcome to Appium v1.22.3
[35m[Appium][39m Non-default server args:
[35m[Appium][39m   port: 64859
[35m[Appium][39m   loglevel: info
[35m[Appium][39m   tmpDir: C:\Users\AHADIA~1\AppData\Local\Temp\\Katalon\Appium\Temp1675244385442
[35m[Appium][39m   chromedriverPort: 64860
[35m[Appium][39m Deprecated server args:
[35m[Appium][39m   [31m--chromedriver-port[39m => --default-capabilities
[35m[Appium][39m Default capabilities, which will be added to each request unless overridden by desired capabilities:
[35m[Appium][39m   chromedriverPort: 64860
[35m[Appium][39m Appium REST http interface listener started on 0.0.0.0:64859
[35m[HTTP][39m [37m-->[39m [37mGET[39m [37m/wd/hub/status[39m
[35m[HTTP][39m [90m{}[39m
[35m[HTTP][39m [37m<-- GET /wd/hub/status [39m[32m200[39m [90m6 ms - 68[39m
[35m[HTTP][39m [90m[39m
[35m[HTTP][39m [37m-->[39m [37mPOST[39m [37m/wd/hub/session[39m
[35m[HTTP][39m [90m{"desiredCapabilities":{"appPackage":"com.kfc.mobile.hkStaging","noReset":true,"deviceId":"","deviceName":"OPPO CPH1801 (Android 7.1.1)","platform":"ANDROID","appActivity":"com.kfc.mobile.presentation.home.HomeActivity","newCommandTimeout":1800,"platformVersion":"7.1.1","automationName":"uiautomator2","autoGrantPermissions":true,"platformName":"Android","udid":"aa14e06a","systemPort":8265},"capabilities":{"firstMatch":[{"appium:appActivity":"com.kfc.mobile.presentation.home.HomeActivity","appium:appPackage":"com.kfc.mobile.hkStaging","appium:autoGrantPermissions":true,"appium:automationName":"uiautomator2","deviceId":"","appium:deviceName":"OPPO CPH1801 (Android 7.1.1)","appium:newCommandTimeout":1800,"appium:noReset":true,"platform":"ANDROID","platformName":"android","appium:platformVersion":"7.1.1","appium:systemPort":8265,"appium:udid":"aa14e06a"}]}}[39m
[35m[BaseDriver][39m The following capabilities are not standard capabilities and should have an extension prefix:
[35m[BaseDriver][39m   deviceId
[35m[BaseDriver][39m   platform
[35m[BaseDriver][39m   chromedriverPort
[35m[Appium][39m Appium v1.22.3 creating new AndroidUiautomator2Driver (v1.70.1) session
[35m[BaseDriver][39m The following capabilities were provided, but are not recognized by Appium:
[35m[BaseDriver][39m   deviceId
[35m[BaseDriver][39m   platform
[35m[BaseDriver][39m Session created with session id: dcd0d133-7216-4930-a8c8-472aad14eb69
[35m[UiAutomator2][39m Starting 'com.kfc.mobile.hkStaging' directly on the device
[35m[ADB][39m Found 1 'build-tools' folders under 'C:\Users\Ahadian Rifky\.katalon\tools\android_sdk' (newest first):
[35m[ADB][39m     C:/Users/Ahadian Rifky/.katalon/tools/android_sdk/build-tools/29.0.3
[35m[ADB][39m Using 'adb.exe' from 'C:\Users\Ahadian Rifky\.katalon\tools\android_sdk\platform-tools\adb.exe'
[35m[AndroidDriver][39m Retrieving device list
[35m[AndroidDriver][39m Using device: aa14e06a
[35m[ADB][39m Using 'adb.exe' from 'C:\Users\Ahadian Rifky\.katalon\tools\android_sdk\platform-tools\adb.exe'
[35m[AndroidDriver][39m No app sent in, not parsing package/activity
[35m[ADB][39m Using 'apksigner.jar' from 'C:\Users\Ahadian Rifky\.katalon\tools\android_sdk\build-tools\29.0.3\lib\apksigner.jar'
[35m[ADB][39m 'C:\Users\Ahadian Rifky\AppData\Roaming\npm\node_modules\appium\node_modules\appium-uiautomator2-server\apks\appium-uiautomator2-server-v4.27.0.apk' is signed with the default certificate
[35m[ADB][39m 'C:\Users\Ahadian Rifky\AppData\Roaming\npm\node_modules\appium\node_modules\appium-uiautomator2-server\apks\appium-uiautomator2-server-debug-androidTest.apk' is signed with the default certificate
[35m[UiAutomator2][39m Server packages are not going to be (re)installed
[35m[ADB][39m Adding packages ["io.appium.settings","io.appium.uiautomator2.server","io.appium.uiautomator2.server.test"] to Doze whitelist
[35m[UiAutomator2][39m Starting UIAutomator2 server 4.27.0
[35m[UiAutomator2][39m Using UIAutomator2 server from 'C:\Users\Ahadian Rifky\AppData\Roaming\npm\node_modules\appium\node_modules\appium-uiautomator2-server\apks\appium-uiautomator2-server-v4.27.0.apk' and test from 'C:\Users\Ahadian Rifky\AppData\Roaming\npm\node_modules\appium\node_modules\appium-uiautomator2-server\apks\appium-uiautomator2-server-debug-androidTest.apk'
[35m[UiAutomator2][39m Waiting up to 30000ms for UiAutomator2 to be online...
[35m[WD Proxy][39m socket hang up
[35m[WD Proxy][39m socket hang up
[35m[WD Proxy][39m socket hang up
[35m[WD Proxy][39m Determined the downstream protocol as 'W3C'
[35m[AndroidDriver][39m Screen already unlocked, doing nothing
[35m[UiAutomator2][39m Starting 'com.kfc.mobile.hkStaging/com.kfc.mobile.presentation.home.HomeActivity and waiting for 'com.kfc.mobile.hkStaging/com.kfc.mobile.presentation.home.HomeActivity'
[35m[Appium][39m New AndroidUiautomator2Driver session created successfully, session dcd0d133-7216-4930-a8c8-472aad14eb69 added to master session list
[35m[HTTP][39m [37m<-- POST /wd/hub/session [39m[32m200[39m [90m13059 ms - 1279[39m
[35m[HTTP][39m [90m[39m
[35m[HTTP][39m [37m-->[39m [37mGET[39m [37m/wd/hub/session/dcd0d133-7216-4930-a8c8-472aad14eb69[39m
[35m[HTTP][39m [90m{}[39m
[35m[HTTP][39m [37m<-- GET /wd/hub/session/dcd0d133-7216-4930-a8c8-472aad14eb69 [39m[32m200[39m [90m20 ms - 1233[39m
[35m[HTTP][39m [90m[39m
[35m[HTTP][39m [37m-->[39m [37mGET[39m [37m/wd/hub/session/dcd0d133-7216-4930-a8c8-472aad14eb69[39m
[35m[HTTP][39m [90m{}[39m
[35m[HTTP][39m [37m<-- GET /wd/hub/session/dcd0d133-7216-4930-a8c8-472aad14eb69 [39m[32m200[39m [90m18 ms - 1233[39m
[35m[HTTP][39m [90m[39m
[35m[HTTP][39m [37m-->[39m [37mGET[39m [37m/wd/hub/status[39m
[35m[HTTP][39m [90m{}[39m
[35m[HTTP][39m [37m<-- GET /wd/hub/status [39m[32m200[39m [90m1 ms - 68[39m
[35m[HTTP][39m [90m[39m
[35m[HTTP][39m [37m-->[39m [37mPOST[39m [37m/wd/hub/session/dcd0d133-7216-4930-a8c8-472aad14eb69/timeouts[39m
[35m[HTTP][39m [90m{"implicit":30000}[39m
[35m[HTTP][39m [37m<-- POST /wd/hub/session/dcd0d133-7216-4930-a8c8-472aad14eb69/timeouts [39m[32m200[39m [90m4 ms - 14[39m
[35m[HTTP][39m [90m[39m
[35m[HTTP][39m [37m-->[39m [37mGET[39m [37m/wd/hub/session/dcd0d133-7216-4930-a8c8-472aad14eb69/screenshot[39m
[35m[HTTP][39m [90m{}[39m
[35m[HTTP][39m [37m<-- GET /wd/hub/session/dcd0d133-7216-4930-a8c8-472aad14eb69/screenshot [39m[32m200[39m [90m426 ms - 62388[39m
[35m[HTTP][39m [90m[39m
[35m[HTTP][39m [37m-->[39m [37mGET[39m [37m/wd/hub/session/dcd0d133-7216-4930-a8c8-472aad14eb69/window/rect[39m
[35m[HTTP][39m [90m{}[39m
[35m[HTTP][39m [37m<-- GET /wd/hub/session/dcd0d133-7216-4930-a8c8-472aad14eb69/window/rect [39m[32m200[39m [90m28 ms - 49[39m
[35m[HTTP][39m [90m[39m
[35m[HTTP][39m [37m-->[39m [37mGET[39m [37m/wd/hub/session/dcd0d133-7216-4930-a8c8-472aad14eb69/appium/device/system_bars[39m
[35m[HTTP][39m [90m{}[39m
[35m[HTTP][39m [37m<-- GET /wd/hub/session/dcd0d133-7216-4930-a8c8-472aad14eb69/appium/device/system_bars [39m[31m500[39m [90m191 ms - 663[39m
[35m[HTTP][39m [90m[39m
[35m[HTTP][39m [37m-->[39m [37mPOST[39m [37m/wd/hub/session/dcd0d133-7216-4930-a8c8-472aad14eb69/execute/sync[39m
[35m[HTTP][39m [90m{"script":"mobile:viewportRect","args":[]}[39m
[35m[AndroidDriver][39m Executing native command 'mobile:viewportRect'
[35m[HTTP][39m [37m<-- POST /wd/hub/session/dcd0d133-7216-4930-a8c8-472aad14eb69/execute/sync [39m[32m200[39m [90m23 ms - 55[39m
[35m[HTTP][39m [90m[39m
[35m[HTTP][39m [37m-->[39m [37mPOST[39m [37m/wd/hub/session/dcd0d133-7216-4930-a8c8-472aad14eb69/appium/device/activate_app[39m
[35m[HTTP][39m [90m{"bundleId":"com.kfc.mobile.hkStaging"}[39m
[35m[HTTP][39m [37m<-- POST /wd/hub/session/dcd0d133-7216-4930-a8c8-472aad14eb69/appium/device/activate_app [39m[32m200[39m [90m1171 ms - 14[39m
[35m[HTTP][39m [90m[39m
[35m[HTTP][39m [37m-->[39m [37mPOST[39m [37m/wd/hub/session/dcd0d133-7216-4930-a8c8-472aad14eb69/timeouts[39m
[35m[HTTP][39m [90m{"implicit":50}[39m
[35m[HTTP][39m [37m<-- POST /wd/hub/session/dcd0d133-7216-4930-a8c8-472aad14eb69/timeouts [39m[32m200[39m [90m2 ms - 14[39m
[35m[HTTP][39m [90m[39m
[35m[HTTP][39m [37m-->[39m [37mGET[39m [37m/wd/hub/session/dcd0d133-7216-4930-a8c8-472aad14eb69/window/rect[39m
[35m[HTTP][39m [90m{}[39m
[35m[HTTP][39m [37m<-- GET /wd/hub/session/dcd0d133-7216-4930-a8c8-472aad14eb69/window/rect [39m[32m200[39m [90m18 ms - 49[39m
[35m[HTTP][39m [90m[39m
[35m[HTTP][39m [37m-->[39m [37mPOST[39m [37m/wd/hub/session/dcd0d133-7216-4930-a8c8-472aad14eb69/elements[39m
[35m[HTTP][39m [90m{"using":"xpath","value":"//*[@class = 'android.widget.TextView' and (@text = 'Profil' or . = 'Profil') and @resource-id = 'com.kfc.mobile.hkStaging:id/tvBottomProfile']"}[39m
[35m[HTTP][39m [37m<-- POST /wd/hub/session/dcd0d133-7216-4930-a8c8-472aad14eb69/elements [39m[32m200[39m [90m602 ms - 139[39m
[35m[HTTP][39m [90m[39m
[35m[HTTP][39m [37m-->[39m [37mGET[39m [37m/wd/hub/session/dcd0d133-7216-4930-a8c8-472aad14eb69/element/00000000-0000-00b1-7fff-ffff00000039/location[39m
[35m[HTTP][39m [90m{}[39m
[35m[W3C (dcd0d133)][39m Driver proxy active, passing request on via HTTP proxy
[35m[WD Proxy][39m Replacing sessionId 3130db3d-0a95-4bd3-b53e-fa54a68f4d93 with dcd0d133-7216-4930-a8c8-472aad14eb69
[35m[HTTP][39m [37m<-- GET /wd/hub/session/dcd0d133-7216-4930-a8c8-472aad14eb69/element/00000000-0000-00b1-7fff-ffff00000039/location [39m[32m200[39m [90m26 ms - 79[39m
[35m[HTTP][39m [90m[39m
[35m[HTTP][39m [37m-->[39m [37mPOST[39m [37m/wd/hub/session/dcd0d133-7216-4930-a8c8-472aad14eb69/timeouts[39m
[35m[HTTP][39m [90m{"implicit":30000}[39m
[35m[HTTP][39m [37m<-- POST /wd/hub/session/dcd0d133-7216-4930-a8c8-472aad14eb69/timeouts [39m[32m200[39m [90m1 ms - 14[39m
[35m[HTTP][39m [90m[39m
[35m[HTTP][39m [37m-->[39m [37mPOST[39m [37m/wd/hub/session/dcd0d133-7216-4930-a8c8-472aad14eb69/element/00000000-0000-00b1-7fff-ffff00000039/click[39m
[35m[HTTP][39m [90m{"id":"00000000-0000-00b1-7fff-ffff00000039"}[39m
[35m[HTTP][39m [37m<-- POST /wd/hub/session/dcd0d133-7216-4930-a8c8-472aad14eb69/element/00000000-0000-00b1-7fff-ffff00000039/click [39m[32m200[39m [90m35 ms - 14[39m
[35m[HTTP][39m [90m[39m
[35m[HTTP][39m [37m-->[39m [37mPOST[39m [37m/wd/hub/session/dcd0d133-7216-4930-a8c8-472aad14eb69/timeouts[39m
[35m[HTTP][39m [90m{"implicit":50}[39m
[35m[HTTP][39m [37m<-- POST /wd/hub/session/dcd0d133-7216-4930-a8c8-472aad14eb69/timeouts [39m[32m200[39m [90m2 ms - 14[39m
[35m[HTTP][39m [90m[39m
[35m[HTTP][39m [37m-->[39m [37mGET[39m [37m/wd/hub/session/dcd0d133-7216-4930-a8c8-472aad14eb69/window/rect[39m
[35m[HTTP][39m [90m{}[39m
[35m[HTTP][39m [37m<-- GET /wd/hub/session/dcd0d133-7216-4930-a8c8-472aad14eb69/window/rect [39m[32m200[39m [90m19 ms - 49[39m
[35m[HTTP][39m [90m[39m
[35m[HTTP][39m [37m-->[39m [37mPOST[39m [37m/wd/hub/session/dcd0d133-7216-4930-a8c8-472aad14eb69/elements[39m
[35m[HTTP][39m [90m{"using":"xpath","value":"//*[@class = 'android.widget.EditText' and (@text = 'Masukkan nomor handphone Anda' or . = 'Masukkan nomor handphone Anda') and @resource-id = 'com.kfc.mobile.hkStaging:id/edit_text']"}[39m
[35m[HTTP][39m [37m<-- POST /wd/hub/session/dcd0d133-7216-4930-a8c8-472aad14eb69/elements [39m[32m200[39m [90m2034 ms - 12[39m
[35m[HTTP][39m [90m[39m
[35m[HTTP][39m [37m-->[39m [37mPOST[39m [37m/wd/hub/session/dcd0d133-7216-4930-a8c8-472aad14eb69/elements[39m
[35m[HTTP][39m [90m{"using":"xpath","value":"//*[@class = 'android.widget.EditText' and (@text = 'Masukkan nomor handphone Anda' or . = 'Masukkan nomor handphone Anda') and @resource-id = 'com.kfc.mobile.hkStaging:id/edit_text']"}[39m
[35m[HTTP][39m [37m<-- POST /wd/hub/session/dcd0d133-7216-4930-a8c8-472aad14eb69/elements [39m[32m200[39m [90m271 ms - 12[39m
[35m[HTTP][39m [90m[39m
[35m[HTTP][39m [37m-->[39m [37mPOST[39m [37m/wd/hub/session/dcd0d133-7216-4930-a8c8-472aad14eb69/elements[39m
[35m[HTTP][39m [90m{"using":"xpath","value":"//*[@class = 'android.widget.EditText' and (@text = 'Masukkan nomor handphone Anda' or . = 'Masukkan nomor handphone Anda') and @resource-id = 'com.kfc.mobile.hkStaging:id/edit_text']"}[39m
[35m[HTTP][39m [37m<-- POST /wd/hub/session/dcd0d133-7216-4930-a8c8-472aad14eb69/elements [39m[32m200[39m [90m2350 ms - 12[39m
[35m[HTTP][39m [90m[39m
[35m[HTTP][39m [37m-->[39m [37mPOST[39m [37m/wd/hub/session/dcd0d133-7216-4930-a8c8-472aad14eb69/elements[39m
[35m[HTTP][39m [90m{"using":"xpath","value":"//*[@class = 'android.widget.EditText' and (@text = 'Masukkan nomor handphone Anda' or . = 'Masukkan nomor handphone Anda') and @resource-id = 'com.kfc.mobile.hkStaging:id/edit_text']"}[39m
[35m[HTTP][39m [37m<-- POST /wd/hub/session/dcd0d133-7216-4930-a8c8-472aad14eb69/elements [39m[32m200[39m [90m81 ms - 12[39m
[35m[HTTP][39m [90m[39m
[35m[HTTP][39m [37m-->[39m [37mPOST[39m [37m/wd/hub/session/dcd0d133-7216-4930-a8c8-472aad14eb69/elements[39m
[35m[HTTP][39m [90m{"using":"xpath","value":"//*[@class = 'android.widget.EditText' and (@text = 'Masukkan nomor handphone Anda' or . = 'Masukkan nomor handphone Anda') and @resource-id = 'com.kfc.mobile.hkStaging:id/edit_text']"}[39m
[35m[HTTP][39m [37m<-- POST /wd/hub/session/dcd0d133-7216-4930-a8c8-472aad14eb69/elements [39m[32m200[39m [90m354 ms - 12[39m
[35m[HTTP][39m [90m[39m
[35m[HTTP][39m [37m-->[39m [37mPOST[39m [37m/wd/hub/session/dcd0d133-7216-4930-a8c8-472aad14eb69/elements[39m
[35m[HTTP][39m [90m{"using":"xpath","value":"//*[@class = 'android.widget.EditText' and (@text = 'Masukkan nomor handphone Anda' or . = 'Masukkan nomor handphone Anda') and @resource-id = 'com.kfc.mobile.hkStaging:id/edit_text']"}[39m
[35m[HTTP][39m [37m<-- POST /wd/hub/session/dcd0d133-7216-4930-a8c8-472aad14eb69/elements [39m[32m200[39m [90m2507 ms - 12[39m
[35m[HTTP][39m [90m[39m
[35m[HTTP][39m [37m-->[39m [37mPOST[39m [37m/wd/hub/session/dcd0d133-7216-4930-a8c8-472aad14eb69/elements[39m
[35m[HTTP][39m [90m{"using":"xpath","value":"//*[@class = 'android.widget.EditText' and (@text = 'Masukkan nomor handphone Anda' or . = 'Masukkan nomor handphone Anda') and @resource-id = 'com.kfc.mobile.hkStaging:id/edit_text']"}[39m
[35m[HTTP][39m [37m<-- POST /wd/hub/session/dcd0d133-7216-4930-a8c8-472aad14eb69/elements [39m[32m200[39m [90m1454 ms - 12[39m
[35m[HTTP][39m [90m[39m
[35m[HTTP][39m [37m-->[39m [37mPOST[39m [37m/wd/hub/session/dcd0d133-7216-4930-a8c8-472aad14eb69/elements[39m
[35m[HTTP][39m [90m{"using":"xpath","value":"//*[@class = 'android.widget.EditText' and (@text = 'Masukkan nomor handphone Anda' or . = 'Masukkan nomor handphone Anda') and @resource-id = 'com.kfc.mobile.hkStaging:id/edit_text']"}[39m
[35m[HTTP][39m [37m<-- POST /wd/hub/session/dcd0d133-7216-4930-a8c8-472aad14eb69/elements [39m[32m200[39m [90m1698 ms - 139[39m
[35m[HTTP][39m [90m[39m
[35m[HTTP][39m [37m-->[39m [37mGET[39m [37m/wd/hub/session/dcd0d133-7216-4930-a8c8-472aad14eb69/element/00000000-0000-00b5-7fff-ffff0000018d/location[39m
[35m[HTTP][39m [90m{}[39m
[35m[W3C (dcd0d133)][39m Driver proxy active, passing request on via HTTP proxy
[35m[WD Proxy][39m Replacing sessionId 3130db3d-0a95-4bd3-b53e-fa54a68f4d93 with dcd0d133-7216-4930-a8c8-472aad14eb69
[35m[HTTP][39m [37m<-- GET /wd/hub/session/dcd0d133-7216-4930-a8c8-472aad14eb69/element/00000000-0000-00b5-7fff-ffff0000018d/location [39m[32m200[39m [90m399 ms - 77[39m
[35m[HTTP][39m [90m[39m
[35m[HTTP][39m [37m-->[39m [37mPOST[39m [37m/wd/hub/session/dcd0d133-7216-4930-a8c8-472aad14eb69/timeouts[39m
[35m[HTTP][39m [90m{"implicit":30000}[39m
[35m[HTTP][39m [37m<-- POST /wd/hub/session/dcd0d133-7216-4930-a8c8-472aad14eb69/timeouts [39m[32m200[39m [90m1 ms - 14[39m
[35m[HTTP][39m [90m[39m
[35m[HTTP][39m [37m-->[39m [37mPOST[39m [37m/wd/hub/session/dcd0d133-7216-4930-a8c8-472aad14eb69/element/00000000-0000-00b5-7fff-ffff0000018d/clear[39m
[35m[HTTP][39m [90m{"id":"00000000-0000-00b5-7fff-ffff0000018d"}[39m
[35m[HTTP][39m [37m<-- POST /wd/hub/session/dcd0d133-7216-4930-a8c8-472aad14eb69/element/00000000-0000-00b5-7fff-ffff0000018d/clear [39m[32m200[39m [90m46 ms - 14[39m
[35m[HTTP][39m [90m[39m
[35m[HTTP][39m [37m-->[39m [37mPOST[39m [37m/wd/hub/session/dcd0d133-7216-4930-a8c8-472aad14eb69/element/00000000-0000-00b5-7fff-ffff0000018d/value[39m
[35m[HTTP][39m [90m{"id":"00000000-0000-00b5-7fff-ffff0000018d","text":"081399674746","value":["0","8","1","3","9","9","6","7","4","7","4","6"]}[39m
[35m[HTTP][39m [37m<-- POST /wd/hub/session/dcd0d133-7216-4930-a8c8-472aad14eb69/element/00000000-0000-00b5-7fff-ffff0000018d/value [39m[32m200[39m [90m2472 ms - 14[39m
[35m[HTTP][39m [90m[39m
[35m[HTTP][39m [37m-->[39m [37mGET[39m [37m/wd/hub/session/dcd0d133-7216-4930-a8c8-472aad14eb69/context[39m
[35m[HTTP][39m [90m{}[39m
[35m[HTTP][39m [37m<-- GET /wd/hub/session/dcd0d133-7216-4930-a8c8-472aad14eb69/context [39m[32m200[39m [90m1 ms - 22[39m
[35m[HTTP][39m [90m[39m
[35m[HTTP][39m [37m-->[39m [37mGET[39m [37m/wd/hub/session/dcd0d133-7216-4930-a8c8-472aad14eb69/contexts[39m
[35m[HTTP][39m [90m{}[39m
[35m[HTTP][39m [37m<-- GET /wd/hub/session/dcd0d133-7216-4930-a8c8-472aad14eb69/contexts [39m[32m200[39m [90m71 ms - 24[39m
[35m[HTTP][39m [90m[39m
[35m[HTTP][39m [37m-->[39m [37mPOST[39m [37m/wd/hub/session/dcd0d133-7216-4930-a8c8-472aad14eb69/context[39m
[35m[HTTP][39m [90m{"name":"NATIVE_APP"}[39m
[35m[HTTP][39m [37m<-- POST /wd/hub/session/dcd0d133-7216-4930-a8c8-472aad14eb69/context [39m[32m200[39m [90m2 ms - 14[39m
[35m[HTTP][39m [90m[39m
[35m[HTTP][39m [37m-->[39m [37mPOST[39m [37m/wd/hub/session/dcd0d133-7216-4930-a8c8-472aad14eb69/appium/device/hide_keyboard[39m
[35m[HTTP][39m [90m{}[39m
[35m[ADB][39m Keyboard has no UI; no closing necessary
[35m[HTTP][39m [37m<-- POST /wd/hub/session/dcd0d133-7216-4930-a8c8-472aad14eb69/appium/device/hide_keyboard [39m[32m200[39m [90m1325 ms - 15[39m
[35m[HTTP][39m [90m[39m
[35m[HTTP][39m [37m-->[39m [37mPOST[39m [37m/wd/hub/session/dcd0d133-7216-4930-a8c8-472aad14eb69/context[39m
[35m[HTTP][39m [90m{"name":"NATIVE_APP"}[39m
[35m[HTTP][39m [37m<-- POST /wd/hub/session/dcd0d133-7216-4930-a8c8-472aad14eb69/context [39m[32m200[39m [90m2 ms - 14[39m
[35m[HTTP][39m [90m[39m
[35m[HTTP][39m [37m-->[39m [37mPOST[39m [37m/wd/hub/session/dcd0d133-7216-4930-a8c8-472aad14eb69/timeouts[39m
[35m[HTTP][39m [90m{"implicit":50}[39m
[35m[HTTP][39m [37m<-- POST /wd/hub/session/dcd0d133-7216-4930-a8c8-472aad14eb69/timeouts [39m[32m200[39m [90m2 ms - 14[39m
[35m[HTTP][39m [90m[39m
[35m[HTTP][39m [37m-->[39m [37mGET[39m [37m/wd/hub/session/dcd0d133-7216-4930-a8c8-472aad14eb69/window/rect[39m
[35m[HTTP][39m [90m{}[39m
[35m[HTTP][39m [37m<-- GET /wd/hub/session/dcd0d133-7216-4930-a8c8-472aad14eb69/window/rect [39m[32m200[39m [90m14 ms - 49[39m
[35m[HTTP][39m [90m[39m
[35m[HTTP][39m [37m-->[39m [37mPOST[39m [37m/wd/hub/session/dcd0d133-7216-4930-a8c8-472aad14eb69/elements[39m
[35m[HTTP][39m [90m{"using":"xpath","value":"//*[@class = 'android.widget.EditText' and (@text = 'Ketik kata sandi Anda' or . = 'Ketik kata sandi Anda') and @resource-id = 'com.kfc.mobile.hkStaging:id/edit_text']"}[39m
[35m[HTTP][39m [37m<-- POST /wd/hub/session/dcd0d133-7216-4930-a8c8-472aad14eb69/elements [39m[32m200[39m [90m136 ms - 139[39m
[35m[HTTP][39m [90m[39m
[35m[HTTP][39m [37m-->[39m [37mGET[39m [37m/wd/hub/session/dcd0d133-7216-4930-a8c8-472aad14eb69/element/00000000-0000-00b5-7fff-ffff000001ad/location[39m
[35m[HTTP][39m [90m{}[39m
[35m[W3C (dcd0d133)][39m Driver proxy active, passing request on via HTTP proxy
[35m[WD Proxy][39m Replacing sessionId 3130db3d-0a95-4bd3-b53e-fa54a68f4d93 with dcd0d133-7216-4930-a8c8-472aad14eb69
[35m[HTTP][39m [37m<-- GET /wd/hub/session/dcd0d133-7216-4930-a8c8-472aad14eb69/element/00000000-0000-00b5-7fff-ffff000001ad/location [39m[32m200[39m [90m1282 ms - 77[39m
[35m[HTTP][39m [90m[39m
[35m[HTTP][39m [37m-->[39m [37mPOST[39m [37m/wd/hub/session/dcd0d133-7216-4930-a8c8-472aad14eb69/timeouts[39m
[35m[HTTP][39m [90m{"implicit":30000}[39m
[35m[HTTP][39m [37m<-- POST /wd/hub/session/dcd0d133-7216-4930-a8c8-472aad14eb69/timeouts [39m[32m200[39m [90m1 ms - 14[39m
[35m[HTTP][39m [90m[39m
[35m[HTTP][39m [37m-->[39m [37mPOST[39m [37m/wd/hub/session/dcd0d133-7216-4930-a8c8-472aad14eb69/element/00000000-0000-00b5-7fff-ffff000001ad/clear[39m
[35m[HTTP][39m [90m{"id":"00000000-0000-00b5-7fff-ffff000001ad"}[39m
[35m[HTTP][39m [37m<-- POST /wd/hub/session/dcd0d133-7216-4930-a8c8-472aad14eb69/element/00000000-0000-00b5-7fff-ffff000001ad/clear [39m[32m200[39m [90m25 ms - 14[39m
[35m[HTTP][39m [90m[39m
[35m[HTTP][39m [37m-->[39m [37mPOST[39m [37m/wd/hub/session/dcd0d133-7216-4930-a8c8-472aad14eb69/element/00000000-0000-00b5-7fff-ffff000001ad/value[39m
[35m[HTTP][39m [90m{"id":"00000000-0000-00b5-7fff-ffff000001ad","text":"pass111","value":["p","a","s","s","1","1","1"]}[39m
[35m[HTTP][39m [37m<-- POST /wd/hub/session/dcd0d133-7216-4930-a8c8-472aad14eb69/element/00000000-0000-00b5-7fff-ffff000001ad/value [39m[32m200[39m [90m1040 ms - 14[39m
[35m[HTTP][39m [90m[39m
[35m[HTTP][39m [37m-->[39m [37mGET[39m [37m/wd/hub/session/dcd0d133-7216-4930-a8c8-472aad14eb69/context[39m
[35m[HTTP][39m [90m{}[39m
[35m[HTTP][39m [37m<-- GET /wd/hub/session/dcd0d133-7216-4930-a8c8-472aad14eb69/context [39m[32m200[39m [90m1 ms - 22[39m
[35m[HTTP][39m [90m[39m
[35m[HTTP][39m [37m-->[39m [37mGET[39m [37m/wd/hub/session/dcd0d133-7216-4930-a8c8-472aad14eb69/contexts[39m
[35m[HTTP][39m [90m{}[39m
[35m[HTTP][39m [37m<-- GET /wd/hub/session/dcd0d133-7216-4930-a8c8-472aad14eb69/contexts [39m[32m200[39m [90m69 ms - 24[39m
[35m[HTTP][39m [90m[39m
[35m[HTTP][39m [37m-->[39m [37mPOST[39m [37m/wd/hub/session/dcd0d133-7216-4930-a8c8-472aad14eb69/context[39m
[35m[HTTP][39m [90m{"name":"NATIVE_APP"}[39m
[35m[HTTP][39m [37m<-- POST /wd/hub/session/dcd0d133-7216-4930-a8c8-472aad14eb69/context [39m[32m200[39m [90m1 ms - 14[39m
[35m[HTTP][39m [90m[39m
[35m[HTTP][39m [37m-->[39m [37mPOST[39m [37m/wd/hub/session/dcd0d133-7216-4930-a8c8-472aad14eb69/appium/device/hide_keyboard[39m
[35m[HTTP][39m [90m{}[39m
[35m[ADB][39m Keyboard has no UI; no closing necessary
[35m[HTTP][39m [37m<-- POST /wd/hub/session/dcd0d133-7216-4930-a8c8-472aad14eb69/appium/device/hide_keyboard [39m[32m200[39m [90m1126 ms - 15[39m
[35m[HTTP][39m [90m[39m
[35m[HTTP][39m [37m-->[39m [37mPOST[39m [37m/wd/hub/session/dcd0d133-7216-4930-a8c8-472aad14eb69/context[39m
[35m[HTTP][39m [90m{"name":"NATIVE_APP"}[39m
[35m[HTTP][39m [37m<-- POST /wd/hub/session/dcd0d133-7216-4930-a8c8-472aad14eb69/context [39m[32m200[39m [90m4 ms - 14[39m
[35m[HTTP][39m [90m[39m
[35m[HTTP][39m [37m-->[39m [37mPOST[39m [37m/wd/hub/session/dcd0d133-7216-4930-a8c8-472aad14eb69/timeouts[39m
[35m[HTTP][39m [90m{"implicit":50}[39m
[35m[HTTP][39m [37m<-- POST /wd/hub/session/dcd0d133-7216-4930-a8c8-472aad14eb69/timeouts [39m[32m200[39m [90m2 ms - 14[39m
[35m[HTTP][39m [90m[39m
[35m[HTTP][39m [37m-->[39m [37mGET[39m [37m/wd/hub/session/dcd0d133-7216-4930-a8c8-472aad14eb69/window/rect[39m
[35m[HTTP][39m [90m{}[39m
[35m[HTTP][39m [37m<-- GET /wd/hub/session/dcd0d133-7216-4930-a8c8-472aad14eb69/window/rect [39m[32m200[39m [90m18 ms - 49[39m
[35m[HTTP][39m [90m[39m
[35m[HTTP][39m [37m-->[39m [37mPOST[39m [37m/wd/hub/session/dcd0d133-7216-4930-a8c8-472aad14eb69/elements[39m
[35m[HTTP][39m [90m{"using":"xpath","value":"//*[@class = 'android.widget.Button' and (@text = 'Masuk' or . = 'Masuk') and @resource-id = 'com.kfc.mobile.hkStaging:id/button_login']"}[39m
[35m[HTTP][39m [37m<-- POST /wd/hub/session/dcd0d133-7216-4930-a8c8-472aad14eb69/elements [39m[32m200[39m [90m638 ms - 139[39m
[35m[HTTP][39m [90m[39m
[35m[HTTP][39m [37m-->[39m [37mGET[39m [37m/wd/hub/session/dcd0d133-7216-4930-a8c8-472aad14eb69/element/00000000-0000-00b5-7fff-ffff000001a2/location[39m
[35m[HTTP][39m [90m{}[39m
[35m[W3C (dcd0d133)][39m Driver proxy active, passing request on via HTTP proxy
[35m[WD Proxy][39m Replacing sessionId 3130db3d-0a95-4bd3-b53e-fa54a68f4d93 with dcd0d133-7216-4930-a8c8-472aad14eb69
[35m[HTTP][39m [37m<-- GET /wd/hub/session/dcd0d133-7216-4930-a8c8-472aad14eb69/element/00000000-0000-00b5-7fff-ffff000001a2/location [39m[32m200[39m [90m21 ms - 77[39m
[35m[HTTP][39m [90m[39m
[35m[HTTP][39m [37m-->[39m [37mPOST[39m [37m/wd/hub/session/dcd0d133-7216-4930-a8c8-472aad14eb69/timeouts[39m
[35m[HTTP][39m [90m{"implicit":30000}[39m
[35m[HTTP][39m [37m<-- POST /wd/hub/session/dcd0d133-7216-4930-a8c8-472aad14eb69/timeouts [39m[32m200[39m [90m2 ms - 14[39m
[35m[HTTP][39m [90m[39m
[35m[HTTP][39m [37m-->[39m [37mPOST[39m [37m/wd/hub/session/dcd0d133-7216-4930-a8c8-472aad14eb69/element/00000000-0000-00b5-7fff-ffff000001a2/click[39m
[35m[HTTP][39m [90m{"id":"00000000-0000-00b5-7fff-ffff000001a2"}[39m
[35m[HTTP][39m [37m<-- POST /wd/hub/session/dcd0d133-7216-4930-a8c8-472aad14eb69/element/00000000-0000-00b5-7fff-ffff000001a2/click [39m[32m200[39m [90m29 ms - 14[39m
[35m[HTTP][39m [90m[39m
[35m[HTTP][39m [37m-->[39m [37mPOST[39m [37m/wd/hub/session/dcd0d133-7216-4930-a8c8-472aad14eb69/timeouts[39m
[35m[HTTP][39m [90m{"implicit":50}[39m
[35m[HTTP][39m [37m<-- POST /wd/hub/session/dcd0d133-7216-4930-a8c8-472aad14eb69/timeouts [39m[32m200[39m [90m1 ms - 14[39m
[35m[HTTP][39m [90m[39m
[35m[HTTP][39m [37m-->[39m [37mGET[39m [37m/wd/hub/session/dcd0d133-7216-4930-a8c8-472aad14eb69/window/rect[39m
[35m[HTTP][39m [90m{}[39m
[35m[HTTP][39m [37m<-- GET /wd/hub/session/dcd0d133-7216-4930-a8c8-472aad14eb69/window/rect [39m[32m200[39m [90m14 ms - 49[39m
[35m[HTTP][39m [90m[39m
[35m[HTTP][39m [37m-->[39m [37mPOST[39m [37m/wd/hub/session/dcd0d133-7216-4930-a8c8-472aad14eb69/elements[39m
[35m[HTTP][39m [90m{"using":"xpath","value":"//*[@class = 'android.widget.TextView' and (@text = 'Profil' or . = 'Profil') and @resource-id = 'com.kfc.mobile.hkStaging:id/tvBottomProfile']"}[39m
[35m[HTTP][39m [37m<-- POST /wd/hub/session/dcd0d133-7216-4930-a8c8-472aad14eb69/elements [39m[32m200[39m [90m533 ms - 12[39m
[35m[HTTP][39m [90m[39m
[35m[HTTP][39m [37m-->[39m [37mPOST[39m [37m/wd/hub/session/dcd0d133-7216-4930-a8c8-472aad14eb69/elements[39m
[35m[HTTP][39m [90m{"using":"xpath","value":"//*[@class = 'android.widget.TextView' and (@text = 'Profil' or . = 'Profil') and @resource-id = 'com.kfc.mobile.hkStaging:id/tvBottomProfile']"}[39m
[35m[HTTP][39m [37m<-- POST /wd/hub/session/dcd0d133-7216-4930-a8c8-472aad14eb69/elements [39m[32m200[39m [90m109 ms - 12[39m
[35m[HTTP][39m [90m[39m
[35m[HTTP][39m [37m-->[39m [37mPOST[39m [37m/wd/hub/session/dcd0d133-7216-4930-a8c8-472aad14eb69/elements[39m
[35m[HTTP][39m [90m{"using":"xpath","value":"//*[@class = 'android.widget.TextView' and (@text = 'Profil' or . = 'Profil') and @resource-id = 'com.kfc.mobile.hkStaging:id/tvBottomProfile']"}[39m
[35m[HTTP][39m [37m<-- POST /wd/hub/session/dcd0d133-7216-4930-a8c8-472aad14eb69/elements [39m[32m200[39m [90m126 ms - 12[39m
[35m[HTTP][39m [90m[39m
[35m[HTTP][39m [37m-->[39m [37mPOST[39m [37m/wd/hub/session/dcd0d133-7216-4930-a8c8-472aad14eb69/elements[39m
[35m[HTTP][39m [90m{"using":"xpath","value":"//*[@class = 'android.widget.TextView' and (@text = 'Profil' or . = 'Profil') and @resource-id = 'com.kfc.mobile.hkStaging:id/tvBottomProfile']"}[39m
[35m[HTTP][39m [37m<-- POST /wd/hub/session/dcd0d133-7216-4930-a8c8-472aad14eb69/elements [39m[32m200[39m [90m112 ms - 12[39m
[35m[HTTP][39m [90m[39m
[35m[HTTP][39m [37m-->[39m [37mPOST[39m [37m/wd/hub/session/dcd0d133-7216-4930-a8c8-472aad14eb69/elements[39m
[35m[HTTP][39m [90m{"using":"xpath","value":"//*[@class = 'android.widget.TextView' and (@text = 'Profil' or . = 'Profil') and @resource-id = 'com.kfc.mobile.hkStaging:id/tvBottomProfile']"}[39m
[35m[HTTP][39m [37m<-- POST /wd/hub/session/dcd0d133-7216-4930-a8c8-472aad14eb69/elements [39m[32m200[39m [90m116 ms - 12[39m
[35m[HTTP][39m [90m[39m
[35m[HTTP][39m [37m-->[39m [37mPOST[39m [37m/wd/hub/session/dcd0d133-7216-4930-a8c8-472aad14eb69/elements[39m
[35m[HTTP][39m [90m{"using":"xpath","value":"//*[@class = 'android.widget.TextView' and (@text = 'Profil' or . = 'Profil') and @resource-id = 'com.kfc.mobile.hkStaging:id/tvBottomProfile']"}[39m
[35m[HTTP][39m [37m<-- POST /wd/hub/session/dcd0d133-7216-4930-a8c8-472aad14eb69/elements [39m[32m200[39m [90m104 ms - 12[39m
[35m[HTTP][39m [90m[39m
[35m[HTTP][39m [37m-->[39m [37mPOST[39m [37m/wd/hub/session/dcd0d133-7216-4930-a8c8-472aad14eb69/elements[39m
[35m[HTTP][39m [90m{"using":"xpath","value":"//*[@class = 'android.widget.TextView' and (@text = 'Profil' or . = 'Profil') and @resource-id = 'com.kfc.mobile.hkStaging:id/tvBottomProfile']"}[39m
[35m[HTTP][39m [37m<-- POST /wd/hub/session/dcd0d133-7216-4930-a8c8-472aad14eb69/elements [39m[32m200[39m [90m117 ms - 12[39m
[35m[HTTP][39m [90m[39m
[35m[HTTP][39m [37m-->[39m [37mPOST[39m [37m/wd/hub/session/dcd0d133-7216-4930-a8c8-472aad14eb69/elements[39m
[35m[HTTP][39m [90m{"using":"xpath","value":"//*[@class = 'android.widget.TextView' and (@text = 'Profil' or . = 'Profil') and @resource-id = 'com.kfc.mobile.hkStaging:id/tvBottomProfile']"}[39m
[35m[HTTP][39m [37m<-- POST /wd/hub/session/dcd0d133-7216-4930-a8c8-472aad14eb69/elements [39m[32m200[39m [90m492 ms - 12[39m
[35m[HTTP][39m [90m[39m
[35m[HTTP][39m [37m-->[39m [37mPOST[39m [37m/wd/hub/session/dcd0d133-7216-4930-a8c8-472aad14eb69/elements[39m
[35m[HTTP][39m [90m{"using":"xpath","value":"//*[@class = 'android.widget.TextView' and (@text = 'Profil' or . = 'Profil') and @resource-id = 'com.kfc.mobile.hkStaging:id/tvBottomProfile']"}[39m
[35m[HTTP][39m [37m<-- POST /wd/hub/session/dcd0d133-7216-4930-a8c8-472aad14eb69/elements [39m[32m200[39m [90m108 ms - 12[39m
[35m[HTTP][39m [90m[39m
[35m[HTTP][39m [37m-->[39m [37mPOST[39m [37m/wd/hub/session/dcd0d133-7216-4930-a8c8-472aad14eb69/elements[39m
[35m[HTTP][39m [90m{"using":"xpath","value":"//*[@class = 'android.widget.TextView' and (@text = 'Profil' or . = 'Profil') and @resource-id = 'com.kfc.mobile.hkStaging:id/tvBottomProfile']"}[39m
[35m[HTTP][39m [37m<-- POST /wd/hub/session/dcd0d133-7216-4930-a8c8-472aad14eb69/elements [39m[32m200[39m [90m106 ms - 12[39m
[35m[HTTP][39m [90m[39m
[35m[HTTP][39m [37m-->[39m [37mPOST[39m [37m/wd/hub/session/dcd0d133-7216-4930-a8c8-472aad14eb69/elements[39m
[35m[HTTP][39m [90m{"using":"xpath","value":"//*[@class = 'android.widget.TextView' and (@text = 'Profil' or . = 'Profil') and @resource-id = 'com.kfc.mobile.hkStaging:id/tvBottomProfile']"}[39m
[35m[HTTP][39m [37m<-- POST /wd/hub/session/dcd0d133-7216-4930-a8c8-472aad14eb69/elements [39m[32m200[39m [90m110 ms - 12[39m
[35m[HTTP][39m [90m[39m
[35m[HTTP][39m [37m-->[39m [37mPOST[39m [37m/wd/hub/session/dcd0d133-7216-4930-a8c8-472aad14eb69/elements[39m
[35m[HTTP][39m [90m{"using":"xpath","value":"//*[@class = 'android.widget.TextView' and (@text = 'Profil' or . = 'Profil') and @resource-id = 'com.kfc.mobile.hkStaging:id/tvBottomProfile']"}[39m
[35m[HTTP][39m [37m<-- POST /wd/hub/session/dcd0d133-7216-4930-a8c8-472aad14eb69/elements [39m[32m200[39m [90m113 ms - 12[39m
[35m[HTTP][39m [90m[39m
[35m[HTTP][39m [37m-->[39m [37mPOST[39m [37m/wd/hub/session/dcd0d133-7216-4930-a8c8-472aad14eb69/elements[39m
[35m[HTTP][39m [90m{"using":"xpath","value":"//*[@class = 'android.widget.TextView' and (@text = 'Profil' or . = 'Profil') and @resource-id = 'com.kfc.mobile.hkStaging:id/tvBottomProfile']"}[39m
[35m[HTTP][39m [37m<-- POST /wd/hub/session/dcd0d133-7216-4930-a8c8-472aad14eb69/elements [39m[32m200[39m [90m125 ms - 12[39m
[35m[HTTP][39m [90m[39m
[35m[HTTP][39m [37m-->[39m [37mPOST[39m [37m/wd/hub/session/dcd0d133-7216-4930-a8c8-472aad14eb69/elements[39m
[35m[HTTP][39m [90m{"using":"xpath","value":"//*[@class = 'android.widget.TextView' and (@text = 'Profil' or . = 'Profil') and @resource-id = 'com.kfc.mobile.hkStaging:id/tvBottomProfile']"}[39m
[35m[HTTP][39m [37m<-- POST /wd/hub/session/dcd0d133-7216-4930-a8c8-472aad14eb69/elements [39m[32m200[39m [90m106 ms - 12[39m
[35m[HTTP][39m [90m[39m
[35m[HTTP][39m [37m-->[39m [37mPOST[39m [37m/wd/hub/session/dcd0d133-7216-4930-a8c8-472aad14eb69/elements[39m
[35m[HTTP][39m [90m{"using":"xpath","value":"//*[@class = 'android.widget.TextView' and (@text = 'Profil' or . = 'Profil') and @resource-id = 'com.kfc.mobile.hkStaging:id/tvBottomProfile']"}[39m
[35m[HTTP][39m [37m<-- POST /wd/hub/session/dcd0d133-7216-4930-a8c8-472aad14eb69/elements [39m[32m200[39m [90m1223 ms - 12[39m
[35m[HTTP][39m [90m[39m
[35m[HTTP][39m [37m-->[39m [37mPOST[39m [37m/wd/hub/session/dcd0d133-7216-4930-a8c8-472aad14eb69/elements[39m
[35m[HTTP][39m [90m{"using":"xpath","value":"//*[@class = 'android.widget.TextView' and (@text = 'Profil' or . = 'Profil') and @resource-id = 'com.kfc.mobile.hkStaging:id/tvBottomProfile']"}[39m
[35m[HTTP][39m [37m<-- POST /wd/hub/session/dcd0d133-7216-4930-a8c8-472aad14eb69/elements [39m[32m200[39m [90m103 ms - 12[39m
[35m[HTTP][39m [90m[39m
[35m[HTTP][39m [37m-->[39m [37mPOST[39m [37m/wd/hub/session/dcd0d133-7216-4930-a8c8-472aad14eb69/elements[39m
[35m[HTTP][39m [90m{"using":"xpath","value":"//*[@class = 'android.widget.TextView' and (@text = 'Profil' or . = 'Profil') and @resource-id = 'com.kfc.mobile.hkStaging:id/tvBottomProfile']"}[39m
[35m[HTTP][39m [37m<-- POST /wd/hub/session/dcd0d133-7216-4930-a8c8-472aad14eb69/elements [39m[32m200[39m [90m114 ms - 12[39m
[35m[HTTP][39m [90m[39m
[35m[HTTP][39m [37m-->[39m [37mPOST[39m [37m/wd/hub/session/dcd0d133-7216-4930-a8c8-472aad14eb69/elements[39m
[35m[HTTP][39m [90m{"using":"xpath","value":"//*[@class = 'android.widget.TextView' and (@text = 'Profil' or . = 'Profil') and @resource-id = 'com.kfc.mobile.hkStaging:id/tvBottomProfile']"}[39m
[35m[HTTP][39m [37m<-- POST /wd/hub/session/dcd0d133-7216-4930-a8c8-472aad14eb69/elements [39m[32m200[39m [90m109 ms - 12[39m
[35m[HTTP][39m [90m[39m
[35m[HTTP][39m [37m-->[39m [37mPOST[39m [37m/wd/hub/session/dcd0d133-7216-4930-a8c8-472aad14eb69/elements[39m
[35m[HTTP][39m [90m{"using":"xpath","value":"//*[@class = 'android.widget.TextView' and (@text = 'Profil' or . = 'Profil') and @resource-id = 'com.kfc.mobile.hkStaging:id/tvBottomProfile']"}[39m
[35m[HTTP][39m [37m<-- POST /wd/hub/session/dcd0d133-7216-4930-a8c8-472aad14eb69/elements [39m[32m200[39m [90m108 ms - 12[39m
[35m[HTTP][39m [90m[39m
[35m[HTTP][39m [37m-->[39m [37mPOST[39m [37m/wd/hub/session/dcd0d133-7216-4930-a8c8-472aad14eb69/elements[39m
[35m[HTTP][39m [90m{"using":"xpath","value":"//*[@class = 'android.widget.TextView' and (@text = 'Profil' or . = 'Profil') and @resource-id = 'com.kfc.mobile.hkStaging:id/tvBottomProfile']"}[39m
[35m[HTTP][39m [37m<-- POST /wd/hub/session/dcd0d133-7216-4930-a8c8-472aad14eb69/elements [39m[32m200[39m [90m106 ms - 12[39m
[35m[HTTP][39m [90m[39m
[35m[HTTP][39m [37m-->[39m [37mPOST[39m [37m/wd/hub/session/dcd0d133-7216-4930-a8c8-472aad14eb69/elements[39m
[35m[HTTP][39m [90m{"using":"xpath","value":"//*[@class = 'android.widget.TextView' and (@text = 'Profil' or . = 'Profil') and @resource-id = 'com.kfc.mobile.hkStaging:id/tvBottomProfile']"}[39m
[35m[HTTP][39m [37m<-- POST /wd/hub/session/dcd0d133-7216-4930-a8c8-472aad14eb69/elements [39m[32m200[39m [90m104 ms - 12[39m
[35m[HTTP][39m [90m[39m
[35m[HTTP][39m [37m-->[39m [37mPOST[39m [37m/wd/hub/session/dcd0d133-7216-4930-a8c8-472aad14eb69/elements[39m
[35m[HTTP][39m [90m{"using":"xpath","value":"//*[@class = 'android.widget.TextView' and (@text = 'Profil' or . = 'Profil') and @resource-id = 'com.kfc.mobile.hkStaging:id/tvBottomProfile']"}[39m
[35m[HTTP][39m [37m<-- POST /wd/hub/session/dcd0d133-7216-4930-a8c8-472aad14eb69/elements [39m[32m200[39m [90m105 ms - 12[39m
[35m[HTTP][39m [90m[39m
[35m[HTTP][39m [37m-->[39m [37mPOST[39m [37m/wd/hub/session/dcd0d133-7216-4930-a8c8-472aad14eb69/elements[39m
[35m[HTTP][39m [90m{"using":"xpath","value":"//*[@class = 'android.widget.TextView' and (@text = 'Profil' or . = 'Profil') and @resource-id = 'com.kfc.mobile.hkStaging:id/tvBottomProfile']"}[39m
[35m[HTTP][39m [37m<-- POST /wd/hub/session/dcd0d133-7216-4930-a8c8-472aad14eb69/elements [39m[32m200[39m [90m100 ms - 12[39m
[35m[HTTP][39m [90m[39m
[35m[HTTP][39m [37m-->[39m [37mPOST[39m [37m/wd/hub/session/dcd0d133-7216-4930-a8c8-472aad14eb69/elements[39m
[35m[HTTP][39m [90m{"using":"xpath","value":"//*[@class = 'android.widget.TextView' and (@text = 'Profil' or . = 'Profil') and @resource-id = 'com.kfc.mobile.hkStaging:id/tvBottomProfile']"}[39m
[35m[HTTP][39m [37m<-- POST /wd/hub/session/dcd0d133-7216-4930-a8c8-472aad14eb69/elements [39m[32m200[39m [90m100 ms - 12[39m
[35m[HTTP][39m [90m[39m
[35m[HTTP][39m [37m-->[39m [37mPOST[39m [37m/wd/hub/session/dcd0d133-7216-4930-a8c8-472aad14eb69/elements[39m
[35m[HTTP][39m [90m{"using":"xpath","value":"//*[@class = 'android.widget.TextView' and (@text = 'Profil' or . = 'Profil') and @resource-id = 'com.kfc.mobile.hkStaging:id/tvBottomProfile']"}[39m
[35m[HTTP][39m [37m<-- POST /wd/hub/session/dcd0d133-7216-4930-a8c8-472aad14eb69/elements [39m[32m200[39m [90m104 ms - 12[39m
[35m[HTTP][39m [90m[39m
[35m[HTTP][39m [37m-->[39m [37mPOST[39m [37m/wd/hub/session/dcd0d133-7216-4930-a8c8-472aad14eb69/elements[39m
[35m[HTTP][39m [90m{"using":"xpath","value":"//*[@class = 'android.widget.TextView' and (@text = 'Profil' or . = 'Profil') and @resource-id = 'com.kfc.mobile.hkStaging:id/tvBottomProfile']"}[39m
[35m[HTTP][39m [37m<-- POST /wd/hub/session/dcd0d133-7216-4930-a8c8-472aad14eb69/elements [39m[32m200[39m [90m99 ms - 12[39m
[35m[HTTP][39m [90m[39m
[35m[HTTP][39m [37m-->[39m [37mPOST[39m [37m/wd/hub/session/dcd0d133-7216-4930-a8c8-472aad14eb69/timeouts[39m
[35m[HTTP][39m [90m{"implicit":30000}[39m
[35m[HTTP][39m [37m<-- POST /wd/hub/session/dcd0d133-7216-4930-a8c8-472aad14eb69/timeouts [39m[32m200[39m [90m1 ms - 14[39m
[35m[HTTP][39m [90m[39m
[35m[HTTP][39m [37m-->[39m [37mGET[39m [37m/wd/hub/session/dcd0d133-7216-4930-a8c8-472aad14eb69/context[39m
[35m[HTTP][39m [90m{}[39m
[35m[HTTP][39m [37m<-- GET /wd/hub/session/dcd0d133-7216-4930-a8c8-472aad14eb69/context [39m[32m200[39m [90m1 ms - 22[39m
[35m[HTTP][39m [90m[39m
[35m[HTTP][39m [37m-->[39m [37mGET[39m [37m/wd/hub/session/dcd0d133-7216-4930-a8c8-472aad14eb69/contexts[39m
[35m[HTTP][39m [90m{}[39m
[35m[HTTP][39m [37m<-- GET /wd/hub/session/dcd0d133-7216-4930-a8c8-472aad14eb69/contexts [39m[32m200[39m [90m65 ms - 24[39m
[35m[HTTP][39m [90m[39m
[35m[HTTP][39m [37m-->[39m [37mPOST[39m [37m/wd/hub/session/dcd0d133-7216-4930-a8c8-472aad14eb69/context[39m
[35m[HTTP][39m [90m{"name":"NATIVE_APP"}[39m
[35m[HTTP][39m [37m<-- POST /wd/hub/session/dcd0d133-7216-4930-a8c8-472aad14eb69/context [39m[32m200[39m [90m2 ms - 14[39m
[35m[HTTP][39m [90m[39m
[35m[HTTP][39m [37m-->[39m [37mGET[39m [37m/wd/hub/session/dcd0d133-7216-4930-a8c8-472aad14eb69/screenshot[39m
[35m[HTTP][39m [90m{}[39m
[35m[HTTP][39m [37m<-- GET /wd/hub/session/dcd0d133-7216-4930-a8c8-472aad14eb69/screenshot [39m[32m200[39m [90m371 ms - 84894[39m
[35m[HTTP][39m [90m[39m
[35m[HTTP][39m [37m-->[39m [37mPOST[39m [37m/wd/hub/session/dcd0d133-7216-4930-a8c8-472aad14eb69/context[39m
[35m[HTTP][39m [90m{"name":"NATIVE_APP"}[39m
[35m[HTTP][39m [37m<-- POST /wd/hub/session/dcd0d133-7216-4930-a8c8-472aad14eb69/context [39m[32m200[39m [90m2 ms - 14[39m
[35m[HTTP][39m [90m[39m
[35m[HTTP][39m [37m-->[39m [37mDELETE[39m [37m/wd/hub/session/dcd0d133-7216-4930-a8c8-472aad14eb69[39m
[35m[HTTP][39m [90m{}[39m
[35m[Appium][39m Removing session dcd0d133-7216-4930-a8c8-472aad14eb69 from our master session list
[35m[HTTP][39m [37m<-- DELETE /wd/hub/session/dcd0d133-7216-4930-a8c8-472aad14eb69 [39m[32m200[39m [90m982 ms - 14[39m
[35m[HTTP][39m [90m[39m
