[35m[Appium][39m Welcome to Appium v1.22.3
[35m[Appium][39m Non-default server args:
[35m[Appium][39m   port: 54695
[35m[Appium][39m   loglevel: info
[35m[Appium][39m   tmpDir: C:\Users\AHADIA~1\AppData\Local\Temp\\Katalon\Appium\Temp1680691343604
[35m[Appium][39m   chromedriverPort: 54697
[35m[Appium][39m Deprecated server args:
[35m[Appium][39m   [31m--chromedriver-port[39m => --default-capabilities
[35m[Appium][39m Default capabilities, which will be added to each request unless overridden by desired capabilities:
[35m[Appium][39m   chromedriverPort: 54697
[35m[Appium][39m Appium REST http interface listener started on 0.0.0.0:54695
[35m[HTTP][39m [37m-->[39m [37mGET[39m [37m/wd/hub/status[39m
[35m[HTTP][39m [90m{}[39m
[35m[HTTP][39m [37m<-- GET /wd/hub/status [39m[32m200[39m [90m8 ms - 68[39m
[35m[HTTP][39m [90m[39m
[35m[HTTP][39m [37m-->[39m [37mPOST[39m [37m/wd/hub/session[39m
[35m[HTTP][39m [90m{"desiredCapabilities":{"appPackage":"com.kfc.mobile.hkStaging","noReset":true,"deviceId":"","deviceName":"OPPO CPH1801 (Android 7.1.1)","platform":"ANDROID","appActivity":"com.kfc.mobile.presentation.splash.SplashActivity","newCommandTimeout":1800,"platformVersion":"7.1.1","automationName":"uiautomator2","autoGrantPermissions":true,"platformName":"Android","udid":"aa14e06a","systemPort":8276},"capabilities":{"firstMatch":[{"appium:appActivity":"com.kfc.mobile.presentation.splash.SplashActivity","appium:appPackage":"com.kfc.mobile.hkStaging","appium:autoGrantPermissions":true,"appium:automationName":"uiautomator2","deviceId":"","appium:deviceName":"OPPO CPH1801 (Android 7.1.1)","appium:newCommandTimeout":1800,"appium:noReset":true,"platform":"ANDROID","platformName":"android","appium:platformVersion":"7.1.1","appium:systemPort":8276,"appium:udid":"aa14e06a"}]}}[39m
[35m[BaseDriver][39m The following capabilities are not standard capabilities and should have an extension prefix:
[35m[BaseDriver][39m   deviceId
[35m[BaseDriver][39m   platform
[35m[BaseDriver][39m   chromedriverPort
[35m[Appium][39m Appium v1.22.3 creating new AndroidUiautomator2Driver (v1.70.1) session
[35m[BaseDriver][39m The following capabilities were provided, but are not recognized by Appium:
[35m[BaseDriver][39m   deviceId
[35m[BaseDriver][39m   platform
[35m[BaseDriver][39m Session created with session id: be03e5bd-e7ad-4e64-87aa-34fb7536a682
[35m[UiAutomator2][39m Starting 'com.kfc.mobile.hkStaging' directly on the device
[35m[ADB][39m Found 1 'build-tools' folders under 'C:\Users\Ahadian Rifky\.katalon\tools\android_sdk' (newest first):
[35m[ADB][39m     C:/Users/Ahadian Rifky/.katalon/tools/android_sdk/build-tools/29.0.3
[35m[ADB][39m Using 'adb.exe' from 'C:\Users\Ahadian Rifky\.katalon\tools\android_sdk\platform-tools\adb.exe'
[35m[AndroidDriver][39m Retrieving device list
[35m[AndroidDriver][39m Using device: aa14e06a
[35m[ADB][39m Using 'adb.exe' from 'C:\Users\Ahadian Rifky\.katalon\tools\android_sdk\platform-tools\adb.exe'
[35m[AndroidDriver][39m No app sent in, not parsing package/activity
[35m[ADB][39m Using 'apksigner.jar' from 'C:\Users\Ahadian Rifky\.katalon\tools\android_sdk\build-tools\29.0.3\lib\apksigner.jar'
[35m[ADB][39m 'C:\Users\Ahadian Rifky\AppData\Roaming\npm\node_modules\appium\node_modules\appium-uiautomator2-server\apks\appium-uiautomator2-server-v4.27.0.apk' is signed with the default certificate
[35m[ADB][39m 'C:\Users\Ahadian Rifky\AppData\Roaming\npm\node_modules\appium\node_modules\appium-uiautomator2-server\apks\appium-uiautomator2-server-debug-androidTest.apk' is signed with the default certificate
[35m[UiAutomator2][39m Server packages are not going to be (re)installed
[35m[ADB][39m Adding packages ["io.appium.settings","io.appium.uiautomator2.server","io.appium.uiautomator2.server.test"] to Doze whitelist
[35m[UiAutomator2][39m Starting UIAutomator2 server 4.27.0
[35m[UiAutomator2][39m Using UIAutomator2 server from 'C:\Users\Ahadian Rifky\AppData\Roaming\npm\node_modules\appium\node_modules\appium-uiautomator2-server\apks\appium-uiautomator2-server-v4.27.0.apk' and test from 'C:\Users\Ahadian Rifky\AppData\Roaming\npm\node_modules\appium\node_modules\appium-uiautomator2-server\apks\appium-uiautomator2-server-debug-androidTest.apk'
[35m[UiAutomator2][39m Waiting up to 30000ms for UiAutomator2 to be online...
[35m[WD Proxy][39m socket hang up
[35m[WD Proxy][39m socket hang up
[35m[WD Proxy][39m socket hang up
[35m[WD Proxy][39m Determined the downstream protocol as 'W3C'
[35m[AndroidDriver][39m Screen already unlocked, doing nothing
[35m[UiAutomator2][39m Starting 'com.kfc.mobile.hkStaging/com.kfc.mobile.presentation.splash.SplashActivity and waiting for 'com.kfc.mobile.hkStaging/com.kfc.mobile.presentation.splash.SplashActivity'
[35m[Appium][39m New AndroidUiautomator2Driver session created successfully, session be03e5bd-e7ad-4e64-87aa-34fb7536a682 added to master session list
[35m[HTTP][39m [37m<-- POST /wd/hub/session [39m[32m200[39m [90m15426 ms - 1287[39m
[35m[HTTP][39m [90m[39m
[35m[HTTP][39m [37m-->[39m [37mGET[39m [37m/wd/hub/session/be03e5bd-e7ad-4e64-87aa-34fb7536a682[39m
[35m[HTTP][39m [90m{}[39m
[35m[HTTP][39m [37m<-- GET /wd/hub/session/be03e5bd-e7ad-4e64-87aa-34fb7536a682 [39m[32m200[39m [90m16 ms - 1241[39m
[35m[HTTP][39m [90m[39m
[35m[HTTP][39m [37m-->[39m [37mGET[39m [37m/wd/hub/session/be03e5bd-e7ad-4e64-87aa-34fb7536a682[39m
[35m[HTTP][39m [90m{}[39m
[35m[HTTP][39m [37m<-- GET /wd/hub/session/be03e5bd-e7ad-4e64-87aa-34fb7536a682 [39m[32m200[39m [90m15 ms - 1241[39m
[35m[HTTP][39m [90m[39m
[35m[HTTP][39m [37m-->[39m [37mGET[39m [37m/wd/hub/status[39m
[35m[HTTP][39m [90m{}[39m
[35m[HTTP][39m [37m<-- GET /wd/hub/status [39m[32m200[39m [90m1 ms - 68[39m
[35m[HTTP][39m [90m[39m
[35m[HTTP][39m [37m-->[39m [37mPOST[39m [37m/wd/hub/session/be03e5bd-e7ad-4e64-87aa-34fb7536a682/timeouts[39m
[35m[HTTP][39m [90m{"implicit":30000}[39m
[35m[HTTP][39m [37m<-- POST /wd/hub/session/be03e5bd-e7ad-4e64-87aa-34fb7536a682/timeouts [39m[32m200[39m [90m2 ms - 14[39m
[35m[HTTP][39m [90m[39m
[35m[HTTP][39m [37m-->[39m [37mGET[39m [37m/wd/hub/session/be03e5bd-e7ad-4e64-87aa-34fb7536a682/screenshot[39m
[35m[HTTP][39m [90m{}[39m
[35m[HTTP][39m [37m<-- GET /wd/hub/session/be03e5bd-e7ad-4e64-87aa-34fb7536a682/screenshot [39m[32m200[39m [90m485 ms - 261440[39m
[35m[HTTP][39m [90m[39m
[35m[HTTP][39m [37m-->[39m [37mGET[39m [37m/wd/hub/session/be03e5bd-e7ad-4e64-87aa-34fb7536a682/window/rect[39m
[35m[HTTP][39m [90m{}[39m
[35m[HTTP][39m [37m<-- GET /wd/hub/session/be03e5bd-e7ad-4e64-87aa-34fb7536a682/window/rect [39m[32m200[39m [90m29 ms - 49[39m
[35m[HTTP][39m [90m[39m
[35m[HTTP][39m [37m-->[39m [37mGET[39m [37m/wd/hub/session/be03e5bd-e7ad-4e64-87aa-34fb7536a682/appium/device/system_bars[39m
[35m[HTTP][39m [90m{}[39m
[35m[HTTP][39m [37m<-- GET /wd/hub/session/be03e5bd-e7ad-4e64-87aa-34fb7536a682/appium/device/system_bars [39m[31m500[39m [90m166 ms - 663[39m
[35m[HTTP][39m [90m[39m
[35m[HTTP][39m [37m-->[39m [37mPOST[39m [37m/wd/hub/session/be03e5bd-e7ad-4e64-87aa-34fb7536a682/execute/sync[39m
[35m[HTTP][39m [90m{"script":"mobile:viewportRect","args":[]}[39m
[35m[AndroidDriver][39m Executing native command 'mobile:viewportRect'
[35m[HTTP][39m [37m<-- POST /wd/hub/session/be03e5bd-e7ad-4e64-87aa-34fb7536a682/execute/sync [39m[32m200[39m [90m20 ms - 55[39m
[35m[HTTP][39m [90m[39m
[35m[HTTP][39m [37m-->[39m [37mPOST[39m [37m/wd/hub/session/be03e5bd-e7ad-4e64-87aa-34fb7536a682/appium/device/activate_app[39m
[35m[HTTP][39m [90m{"bundleId":"com.kfc.mobile.hkStaging"}[39m
[35m[HTTP][39m [37m<-- POST /wd/hub/session/be03e5bd-e7ad-4e64-87aa-34fb7536a682/appium/device/activate_app [39m[32m200[39m [90m1147 ms - 14[39m
[35m[HTTP][39m [90m[39m
[35m[HTTP][39m [37m-->[39m [37mPOST[39m [37m/wd/hub/session/be03e5bd-e7ad-4e64-87aa-34fb7536a682/timeouts[39m
[35m[HTTP][39m [90m{"implicit":50}[39m
[35m[HTTP][39m [37m<-- POST /wd/hub/session/be03e5bd-e7ad-4e64-87aa-34fb7536a682/timeouts [39m[32m200[39m [90m2 ms - 14[39m
[35m[HTTP][39m [90m[39m
[35m[HTTP][39m [37m-->[39m [37mGET[39m [37m/wd/hub/session/be03e5bd-e7ad-4e64-87aa-34fb7536a682/window/rect[39m
[35m[HTTP][39m [90m{}[39m
[35m[HTTP][39m [37m<-- GET /wd/hub/session/be03e5bd-e7ad-4e64-87aa-34fb7536a682/window/rect [39m[32m200[39m [90m19 ms - 49[39m
[35m[HTTP][39m [90m[39m
[35m[HTTP][39m [37m-->[39m [37mPOST[39m [37m/wd/hub/session/be03e5bd-e7ad-4e64-87aa-34fb7536a682/elements[39m
[35m[HTTP][39m [90m{"using":"xpath","value":"//*[@class = 'android.widget.TextView' and (@text = 'Beranda' or . = 'Beranda') and @resource-id = 'com.kfc.mobile.hkStaging:id/tvBottomHome']"}[39m
[35m[HTTP][39m [37m<-- POST /wd/hub/session/be03e5bd-e7ad-4e64-87aa-34fb7536a682/elements [39m[32m200[39m [90m1850 ms - 139[39m
[35m[HTTP][39m [90m[39m
[35m[HTTP][39m [37m-->[39m [37mGET[39m [37m/wd/hub/session/be03e5bd-e7ad-4e64-87aa-34fb7536a682/element/00000000-0000-037b-7fff-ffff00000086/location[39m
[35m[HTTP][39m [90m{}[39m
[35m[W3C (be03e5bd)][39m Driver proxy active, passing request on via HTTP proxy
[35m[WD Proxy][39m Replacing sessionId 89670e47-237a-45f0-8c0b-9b18ed843a28 with be03e5bd-e7ad-4e64-87aa-34fb7536a682
[35m[HTTP][39m [37m<-- GET /wd/hub/session/be03e5bd-e7ad-4e64-87aa-34fb7536a682/element/00000000-0000-037b-7fff-ffff00000086/location [39m[32m200[39m [90m861 ms - 77[39m
[35m[HTTP][39m [90m[39m
[35m[HTTP][39m [37m-->[39m [37mPOST[39m [37m/wd/hub/session/be03e5bd-e7ad-4e64-87aa-34fb7536a682/timeouts[39m
[35m[HTTP][39m [90m{"implicit":30000}[39m
[35m[HTTP][39m [37m<-- POST /wd/hub/session/be03e5bd-e7ad-4e64-87aa-34fb7536a682/timeouts [39m[32m200[39m [90m1 ms - 14[39m
[35m[HTTP][39m [90m[39m
[35m[HTTP][39m [37m-->[39m [37mPOST[39m [37m/wd/hub/session/be03e5bd-e7ad-4e64-87aa-34fb7536a682/timeouts[39m
[35m[HTTP][39m [90m{"implicit":50}[39m
[35m[HTTP][39m [37m<-- POST /wd/hub/session/be03e5bd-e7ad-4e64-87aa-34fb7536a682/timeouts [39m[32m200[39m [90m1 ms - 14[39m
[35m[HTTP][39m [90m[39m
[35m[HTTP][39m [37m-->[39m [37mGET[39m [37m/wd/hub/session/be03e5bd-e7ad-4e64-87aa-34fb7536a682/window/rect[39m
[35m[HTTP][39m [90m{}[39m
[35m[HTTP][39m [37m<-- GET /wd/hub/session/be03e5bd-e7ad-4e64-87aa-34fb7536a682/window/rect [39m[32m200[39m [90m17 ms - 49[39m
[35m[HTTP][39m [90m[39m
[35m[HTTP][39m [37m-->[39m [37mPOST[39m [37m/wd/hub/session/be03e5bd-e7ad-4e64-87aa-34fb7536a682/elements[39m
[35m[HTTP][39m [90m{"using":"xpath","value":"//*[@class = 'android.widget.TextView' and (@text = 'Beranda' or . = 'Beranda') and @resource-id = 'com.kfc.mobile.hkStaging:id/tvBottomHome']"}[39m
[35m[HTTP][39m [37m<-- POST /wd/hub/session/be03e5bd-e7ad-4e64-87aa-34fb7536a682/elements [39m[32m200[39m [90m305 ms - 139[39m
[35m[HTTP][39m [90m[39m
[35m[HTTP][39m [37m-->[39m [37mGET[39m [37m/wd/hub/session/be03e5bd-e7ad-4e64-87aa-34fb7536a682/element/00000000-0000-037b-7fff-ffff00000086/location[39m
[35m[HTTP][39m [90m{}[39m
[35m[W3C (be03e5bd)][39m Driver proxy active, passing request on via HTTP proxy
[35m[WD Proxy][39m Replacing sessionId 89670e47-237a-45f0-8c0b-9b18ed843a28 with be03e5bd-e7ad-4e64-87aa-34fb7536a682
[35m[HTTP][39m [37m<-- GET /wd/hub/session/be03e5bd-e7ad-4e64-87aa-34fb7536a682/element/00000000-0000-037b-7fff-ffff00000086/location [39m[32m200[39m [90m27 ms - 77[39m
[35m[HTTP][39m [90m[39m
[35m[HTTP][39m [37m-->[39m [37mPOST[39m [37m/wd/hub/session/be03e5bd-e7ad-4e64-87aa-34fb7536a682/timeouts[39m
[35m[HTTP][39m [90m{"implicit":30000}[39m
[35m[HTTP][39m [37m<-- POST /wd/hub/session/be03e5bd-e7ad-4e64-87aa-34fb7536a682/timeouts [39m[32m200[39m [90m1 ms - 14[39m
[35m[HTTP][39m [90m[39m
[35m[HTTP][39m [37m-->[39m [37mPOST[39m [37m/wd/hub/session/be03e5bd-e7ad-4e64-87aa-34fb7536a682/element/00000000-0000-037b-7fff-ffff00000086/click[39m
[35m[HTTP][39m [90m{"id":"00000000-0000-037b-7fff-ffff00000086"}[39m
[35m[HTTP][39m [37m<-- POST /wd/hub/session/be03e5bd-e7ad-4e64-87aa-34fb7536a682/element/00000000-0000-037b-7fff-ffff00000086/click [39m[32m200[39m [90m37 ms - 14[39m
[35m[HTTP][39m [90m[39m
[35m[HTTP][39m [37m-->[39m [37mGET[39m [37m/wd/hub/session/be03e5bd-e7ad-4e64-87aa-34fb7536a682/context[39m
[35m[HTTP][39m [90m{}[39m
[35m[HTTP][39m [37m<-- GET /wd/hub/session/be03e5bd-e7ad-4e64-87aa-34fb7536a682/context [39m[32m200[39m [90m1 ms - 22[39m
[35m[HTTP][39m [90m[39m
[35m[HTTP][39m [37m-->[39m [37mGET[39m [37m/wd/hub/session/be03e5bd-e7ad-4e64-87aa-34fb7536a682/contexts[39m
[35m[HTTP][39m [90m{}[39m
[35m[HTTP][39m [37m<-- GET /wd/hub/session/be03e5bd-e7ad-4e64-87aa-34fb7536a682/contexts [39m[32m200[39m [90m72 ms - 24[39m
[35m[HTTP][39m [90m[39m
[35m[HTTP][39m [37m-->[39m [37mPOST[39m [37m/wd/hub/session/be03e5bd-e7ad-4e64-87aa-34fb7536a682/context[39m
[35m[HTTP][39m [90m{"name":"NATIVE_APP"}[39m
[35m[HTTP][39m [37m<-- POST /wd/hub/session/be03e5bd-e7ad-4e64-87aa-34fb7536a682/context [39m[32m200[39m [90m1 ms - 14[39m
[35m[HTTP][39m [90m[39m
[35m[HTTP][39m [37m-->[39m [37mPOST[39m [37m/wd/hub/session/be03e5bd-e7ad-4e64-87aa-34fb7536a682/touch/perform[39m
[35m[HTTP][39m [90m{"actions":[{"action":"press","options":{"x":281,"y":500}},{"action":"wait","options":{"ms":500}},{"action":"moveTo","options":{"x":434,"y":161}},{"action":"release","options":{}}]}[39m
[35m[HTTP][39m [37m<-- POST /wd/hub/session/be03e5bd-e7ad-4e64-87aa-34fb7536a682/touch/perform [39m[32m200[39m [90m1008 ms - 14[39m
[35m[HTTP][39m [90m[39m
[35m[HTTP][39m [37m-->[39m [37mPOST[39m [37m/wd/hub/session/be03e5bd-e7ad-4e64-87aa-34fb7536a682/context[39m
[35m[HTTP][39m [90m{"name":"NATIVE_APP"}[39m
[35m[HTTP][39m [37m<-- POST /wd/hub/session/be03e5bd-e7ad-4e64-87aa-34fb7536a682/context [39m[32m200[39m [90m2 ms - 14[39m
[35m[HTTP][39m [90m[39m
[35m[HTTP][39m [37m-->[39m [37mPOST[39m [37m/wd/hub/session/be03e5bd-e7ad-4e64-87aa-34fb7536a682/timeouts[39m
[35m[HTTP][39m [90m{"implicit":50}[39m
[35m[HTTP][39m [37m<-- POST /wd/hub/session/be03e5bd-e7ad-4e64-87aa-34fb7536a682/timeouts [39m[32m200[39m [90m2 ms - 14[39m
[35m[HTTP][39m [90m[39m
[35m[HTTP][39m [37m-->[39m [37mGET[39m [37m/wd/hub/session/be03e5bd-e7ad-4e64-87aa-34fb7536a682/window/rect[39m
[35m[HTTP][39m [90m{}[39m
[35m[HTTP][39m [37m<-- GET /wd/hub/session/be03e5bd-e7ad-4e64-87aa-34fb7536a682/window/rect [39m[32m200[39m [90m18 ms - 49[39m
[35m[HTTP][39m [90m[39m
[35m[HTTP][39m [37m-->[39m [37mPOST[39m [37m/wd/hub/session/be03e5bd-e7ad-4e64-87aa-34fb7536a682/elements[39m
[35m[HTTP][39m [90m{"using":"xpath","value":"//*[@class = 'android.widget.TextView' and (@text = 'DINE-IN' or . = 'DINE-IN') and @resource-id = 'com.kfc.mobile.hkStaging:id/textViewOrderTypeName']"}[39m
[35m[HTTP][39m [37m<-- POST /wd/hub/session/be03e5bd-e7ad-4e64-87aa-34fb7536a682/elements [39m[32m200[39m [90m488 ms - 139[39m
[35m[HTTP][39m [90m[39m
[35m[HTTP][39m [37m-->[39m [37mGET[39m [37m/wd/hub/session/be03e5bd-e7ad-4e64-87aa-34fb7536a682/element/00000000-0000-037b-7fff-ffff00000074/location[39m
[35m[HTTP][39m [90m{}[39m
[35m[W3C (be03e5bd)][39m Driver proxy active, passing request on via HTTP proxy
[35m[WD Proxy][39m Replacing sessionId 89670e47-237a-45f0-8c0b-9b18ed843a28 with be03e5bd-e7ad-4e64-87aa-34fb7536a682
[35m[HTTP][39m [37m<-- GET /wd/hub/session/be03e5bd-e7ad-4e64-87aa-34fb7536a682/element/00000000-0000-037b-7fff-ffff00000074/location [39m[32m200[39m [90m765 ms - 78[39m
[35m[HTTP][39m [90m[39m
[35m[HTTP][39m [37m-->[39m [37mPOST[39m [37m/wd/hub/session/be03e5bd-e7ad-4e64-87aa-34fb7536a682/timeouts[39m
[35m[HTTP][39m [90m{"implicit":30000}[39m
[35m[HTTP][39m [37m<-- POST /wd/hub/session/be03e5bd-e7ad-4e64-87aa-34fb7536a682/timeouts [39m[32m200[39m [90m2 ms - 14[39m
[35m[HTTP][39m [90m[39m
[35m[HTTP][39m [37m-->[39m [37mPOST[39m [37m/wd/hub/session/be03e5bd-e7ad-4e64-87aa-34fb7536a682/element/00000000-0000-037b-7fff-ffff00000074/click[39m
[35m[HTTP][39m [90m{"id":"00000000-0000-037b-7fff-ffff00000074"}[39m
[35m[HTTP][39m [37m<-- POST /wd/hub/session/be03e5bd-e7ad-4e64-87aa-34fb7536a682/element/00000000-0000-037b-7fff-ffff00000074/click [39m[32m200[39m [90m29 ms - 14[39m
[35m[HTTP][39m [90m[39m
[35m[HTTP][39m [37m-->[39m [37mPOST[39m [37m/wd/hub/session/be03e5bd-e7ad-4e64-87aa-34fb7536a682/timeouts[39m
[35m[HTTP][39m [90m{"implicit":50}[39m
[35m[HTTP][39m [37m<-- POST /wd/hub/session/be03e5bd-e7ad-4e64-87aa-34fb7536a682/timeouts [39m[32m200[39m [90m2 ms - 14[39m
[35m[HTTP][39m [90m[39m
[35m[HTTP][39m [37m-->[39m [37mGET[39m [37m/wd/hub/session/be03e5bd-e7ad-4e64-87aa-34fb7536a682/window/rect[39m
[35m[HTTP][39m [90m{}[39m
[35m[HTTP][39m [37m<-- GET /wd/hub/session/be03e5bd-e7ad-4e64-87aa-34fb7536a682/window/rect [39m[32m200[39m [90m14 ms - 49[39m
[35m[HTTP][39m [90m[39m
[35m[HTTP][39m [37m-->[39m [37mPOST[39m [37m/wd/hub/session/be03e5bd-e7ad-4e64-87aa-34fb7536a682/elements[39m
[35m[HTTP][39m [90m{"using":"xpath","value":"//*[@class = 'android.widget.TextView' and (@text = 'Cari Gerai KFC' or . = 'Cari Gerai KFC') and @resource-id = 'com.kfc.mobile.hkStaging:id/text_view_label_input_outlet']"}[39m
[35m[HTTP][39m [37m<-- POST /wd/hub/session/be03e5bd-e7ad-4e64-87aa-34fb7536a682/elements [39m[32m200[39m [90m3081 ms - 139[39m
[35m[HTTP][39m [90m[39m
[35m[HTTP][39m [37m-->[39m [37mGET[39m [37m/wd/hub/session/be03e5bd-e7ad-4e64-87aa-34fb7536a682/element/00000000-0000-037c-7fff-ffff000000ad/location[39m
[35m[HTTP][39m [90m{}[39m
[35m[W3C (be03e5bd)][39m Driver proxy active, passing request on via HTTP proxy
[35m[WD Proxy][39m Replacing sessionId 89670e47-237a-45f0-8c0b-9b18ed843a28 with be03e5bd-e7ad-4e64-87aa-34fb7536a682
[35m[HTTP][39m [37m<-- GET /wd/hub/session/be03e5bd-e7ad-4e64-87aa-34fb7536a682/element/00000000-0000-037c-7fff-ffff000000ad/location [39m[32m200[39m [90m25 ms - 77[39m
[35m[HTTP][39m [90m[39m
[35m[HTTP][39m [37m-->[39m [37mPOST[39m [37m/wd/hub/session/be03e5bd-e7ad-4e64-87aa-34fb7536a682/timeouts[39m
[35m[HTTP][39m [90m{"implicit":30000}[39m
[35m[HTTP][39m [37m<-- POST /wd/hub/session/be03e5bd-e7ad-4e64-87aa-34fb7536a682/timeouts [39m[32m200[39m [90m1 ms - 14[39m
[35m[HTTP][39m [90m[39m
[35m[HTTP][39m [37m-->[39m [37mPOST[39m [37m/wd/hub/session/be03e5bd-e7ad-4e64-87aa-34fb7536a682/element/00000000-0000-037c-7fff-ffff000000ad/click[39m
[35m[HTTP][39m [90m{"id":"00000000-0000-037c-7fff-ffff000000ad"}[39m
[35m[HTTP][39m [37m<-- POST /wd/hub/session/be03e5bd-e7ad-4e64-87aa-34fb7536a682/element/00000000-0000-037c-7fff-ffff000000ad/click [39m[32m200[39m [90m33 ms - 14[39m
[35m[HTTP][39m [90m[39m
[35m[HTTP][39m [37m-->[39m [37mPOST[39m [37m/wd/hub/session/be03e5bd-e7ad-4e64-87aa-34fb7536a682/timeouts[39m
[35m[HTTP][39m [90m{"implicit":50}[39m
[35m[HTTP][39m [37m<-- POST /wd/hub/session/be03e5bd-e7ad-4e64-87aa-34fb7536a682/timeouts [39m[32m200[39m [90m3 ms - 14[39m
[35m[HTTP][39m [90m[39m
[35m[HTTP][39m [37m-->[39m [37mGET[39m [37m/wd/hub/session/be03e5bd-e7ad-4e64-87aa-34fb7536a682/window/rect[39m
[35m[HTTP][39m [90m{}[39m
[35m[HTTP][39m [37m<-- GET /wd/hub/session/be03e5bd-e7ad-4e64-87aa-34fb7536a682/window/rect [39m[32m200[39m [90m19 ms - 49[39m
[35m[HTTP][39m [90m[39m
[35m[HTTP][39m [37m-->[39m [37mPOST[39m [37m/wd/hub/session/be03e5bd-e7ad-4e64-87aa-34fb7536a682/elements[39m
[35m[HTTP][39m [90m{"using":"xpath","value":"//*[@class = 'android.widget.EditText' and (@text = 'Cari Gerai KFC' or . = 'Cari Gerai KFC') and @resource-id = 'com.kfc.mobile.hkStaging:id/edit_text_search_outlet']"}[39m
[35m[HTTP][39m [37m<-- POST /wd/hub/session/be03e5bd-e7ad-4e64-87aa-34fb7536a682/elements [39m[32m200[39m [90m1663 ms - 139[39m
[35m[HTTP][39m [90m[39m
[35m[HTTP][39m [37m-->[39m [37mGET[39m [37m/wd/hub/session/be03e5bd-e7ad-4e64-87aa-34fb7536a682/element/00000000-0000-037c-7fff-ffff000000d4/location[39m
[35m[HTTP][39m [90m{}[39m
[35m[W3C (be03e5bd)][39m Driver proxy active, passing request on via HTTP proxy
[35m[WD Proxy][39m Replacing sessionId 89670e47-237a-45f0-8c0b-9b18ed843a28 with be03e5bd-e7ad-4e64-87aa-34fb7536a682
[35m[HTTP][39m [37m<-- GET /wd/hub/session/be03e5bd-e7ad-4e64-87aa-34fb7536a682/element/00000000-0000-037c-7fff-ffff000000d4/location [39m[32m200[39m [90m989 ms - 78[39m
[35m[HTTP][39m [90m[39m
[35m[HTTP][39m [37m-->[39m [37mPOST[39m [37m/wd/hub/session/be03e5bd-e7ad-4e64-87aa-34fb7536a682/timeouts[39m
[35m[HTTP][39m [90m{"implicit":30000}[39m
[35m[HTTP][39m [37m<-- POST /wd/hub/session/be03e5bd-e7ad-4e64-87aa-34fb7536a682/timeouts [39m[32m200[39m [90m2 ms - 14[39m
[35m[HTTP][39m [90m[39m
[35m[HTTP][39m [37m-->[39m [37mPOST[39m [37m/wd/hub/session/be03e5bd-e7ad-4e64-87aa-34fb7536a682/element/00000000-0000-037c-7fff-ffff000000d4/clear[39m
[35m[HTTP][39m [90m{"id":"00000000-0000-037c-7fff-ffff000000d4"}[39m
[35m[HTTP][39m [37m<-- POST /wd/hub/session/be03e5bd-e7ad-4e64-87aa-34fb7536a682/element/00000000-0000-037c-7fff-ffff000000d4/clear [39m[32m200[39m [90m45 ms - 14[39m
[35m[HTTP][39m [90m[39m
[35m[HTTP][39m [37m-->[39m [37mPOST[39m [37m/wd/hub/session/be03e5bd-e7ad-4e64-87aa-34fb7536a682/element/00000000-0000-037c-7fff-ffff000000d4/value[39m
[35m[HTTP][39m [90m{"id":"00000000-0000-037c-7fff-ffff000000d4","text":"MT Haryono","value":["M","T"," ","H","a","r","y","o","n","o"]}[39m
[35m[HTTP][39m [37m<-- POST /wd/hub/session/be03e5bd-e7ad-4e64-87aa-34fb7536a682/element/00000000-0000-037c-7fff-ffff000000d4/value [39m[32m200[39m [90m1119 ms - 14[39m
[35m[HTTP][39m [90m[39m
[35m[HTTP][39m [37m-->[39m [37mGET[39m [37m/wd/hub/session/be03e5bd-e7ad-4e64-87aa-34fb7536a682/context[39m
[35m[HTTP][39m [90m{}[39m
[35m[HTTP][39m [37m<-- GET /wd/hub/session/be03e5bd-e7ad-4e64-87aa-34fb7536a682/context [39m[32m200[39m [90m1 ms - 22[39m
[35m[HTTP][39m [90m[39m
[35m[HTTP][39m [37m-->[39m [37mGET[39m [37m/wd/hub/session/be03e5bd-e7ad-4e64-87aa-34fb7536a682/contexts[39m
[35m[HTTP][39m [90m{}[39m
[35m[HTTP][39m [37m<-- GET /wd/hub/session/be03e5bd-e7ad-4e64-87aa-34fb7536a682/contexts [39m[32m200[39m [90m77 ms - 24[39m
[35m[HTTP][39m [90m[39m
[35m[HTTP][39m [37m-->[39m [37mPOST[39m [37m/wd/hub/session/be03e5bd-e7ad-4e64-87aa-34fb7536a682/context[39m
[35m[HTTP][39m [90m{"name":"NATIVE_APP"}[39m
[35m[HTTP][39m [37m<-- POST /wd/hub/session/be03e5bd-e7ad-4e64-87aa-34fb7536a682/context [39m[32m200[39m [90m2 ms - 14[39m
[35m[HTTP][39m [90m[39m
[35m[HTTP][39m [37m-->[39m [37mPOST[39m [37m/wd/hub/session/be03e5bd-e7ad-4e64-87aa-34fb7536a682/appium/device/hide_keyboard[39m
[35m[HTTP][39m [90m{}[39m
[35m[HTTP][39m [37m<-- POST /wd/hub/session/be03e5bd-e7ad-4e64-87aa-34fb7536a682/appium/device/hide_keyboard [39m[32m200[39m [90m2698 ms - 14[39m
[35m[HTTP][39m [90m[39m
[35m[HTTP][39m [37m-->[39m [37mPOST[39m [37m/wd/hub/session/be03e5bd-e7ad-4e64-87aa-34fb7536a682/context[39m
[35m[HTTP][39m [90m{"name":"NATIVE_APP"}[39m
[35m[HTTP][39m [37m<-- POST /wd/hub/session/be03e5bd-e7ad-4e64-87aa-34fb7536a682/context [39m[32m200[39m [90m1 ms - 14[39m
[35m[HTTP][39m [90m[39m
[35m[HTTP][39m [37m-->[39m [37mPOST[39m [37m/wd/hub/session/be03e5bd-e7ad-4e64-87aa-34fb7536a682/timeouts[39m
[35m[HTTP][39m [90m{"implicit":50}[39m
[35m[HTTP][39m [37m<-- POST /wd/hub/session/be03e5bd-e7ad-4e64-87aa-34fb7536a682/timeouts [39m[32m200[39m [90m1 ms - 14[39m
[35m[HTTP][39m [90m[39m
[35m[HTTP][39m [37m-->[39m [37mGET[39m [37m/wd/hub/session/be03e5bd-e7ad-4e64-87aa-34fb7536a682/window/rect[39m
[35m[HTTP][39m [90m{}[39m
[35m[HTTP][39m [37m<-- GET /wd/hub/session/be03e5bd-e7ad-4e64-87aa-34fb7536a682/window/rect [39m[32m200[39m [90m17 ms - 49[39m
[35m[HTTP][39m [90m[39m
[35m[HTTP][39m [37m-->[39m [37mPOST[39m [37m/wd/hub/session/be03e5bd-e7ad-4e64-87aa-34fb7536a682/elements[39m
[35m[HTTP][39m [90m{"using":"xpath","value":"//*[@class = 'android.widget.TextView' and (@text = 'MT HARYONO JAKARTA' or . = 'MT HARYONO JAKARTA') and @resource-id = 'com.kfc.mobile.hkStaging:id/tvPlace']"}[39m
[35m[HTTP][39m [37m<-- POST /wd/hub/session/be03e5bd-e7ad-4e64-87aa-34fb7536a682/elements [39m[32m200[39m [90m309 ms - 12[39m
[35m[HTTP][39m [90m[39m
[35m[HTTP][39m [37m-->[39m [37mPOST[39m [37m/wd/hub/session/be03e5bd-e7ad-4e64-87aa-34fb7536a682/elements[39m
[35m[HTTP][39m [90m{"using":"xpath","value":"//*[@class = 'android.widget.TextView' and (@text = 'MT HARYONO JAKARTA' or . = 'MT HARYONO JAKARTA') and @resource-id = 'com.kfc.mobile.hkStaging:id/tvPlace']"}[39m
[35m[HTTP][39m [37m<-- POST /wd/hub/session/be03e5bd-e7ad-4e64-87aa-34fb7536a682/elements [39m[32m200[39m [90m527 ms - 12[39m
[35m[HTTP][39m [90m[39m
[35m[HTTP][39m [37m-->[39m [37mPOST[39m [37m/wd/hub/session/be03e5bd-e7ad-4e64-87aa-34fb7536a682/elements[39m
[35m[HTTP][39m [90m{"using":"xpath","value":"//*[@class = 'android.widget.TextView' and (@text = 'MT HARYONO JAKARTA' or . = 'MT HARYONO JAKARTA') and @resource-id = 'com.kfc.mobile.hkStaging:id/tvPlace']"}[39m
[35m[HTTP][39m [37m<-- POST /wd/hub/session/be03e5bd-e7ad-4e64-87aa-34fb7536a682/elements [39m[32m200[39m [90m183 ms - 12[39m
[35m[HTTP][39m [90m[39m
[35m[HTTP][39m [37m-->[39m [37mPOST[39m [37m/wd/hub/session/be03e5bd-e7ad-4e64-87aa-34fb7536a682/elements[39m
[35m[HTTP][39m [90m{"using":"xpath","value":"//*[@class = 'android.widget.TextView' and (@text = 'MT HARYONO JAKARTA' or . = 'MT HARYONO JAKARTA') and @resource-id = 'com.kfc.mobile.hkStaging:id/tvPlace']"}[39m
[35m[HTTP][39m [37m<-- POST /wd/hub/session/be03e5bd-e7ad-4e64-87aa-34fb7536a682/elements [39m[32m200[39m [90m1011 ms - 12[39m
[35m[HTTP][39m [90m[39m
[35m[HTTP][39m [37m-->[39m [37mPOST[39m [37m/wd/hub/session/be03e5bd-e7ad-4e64-87aa-34fb7536a682/elements[39m
[35m[HTTP][39m [90m{"using":"xpath","value":"//*[@class = 'android.widget.TextView' and (@text = 'MT HARYONO JAKARTA' or . = 'MT HARYONO JAKARTA') and @resource-id = 'com.kfc.mobile.hkStaging:id/tvPlace']"}[39m
[35m[HTTP][39m [37m<-- POST /wd/hub/session/be03e5bd-e7ad-4e64-87aa-34fb7536a682/elements [39m[32m200[39m [90m165 ms - 12[39m
[35m[HTTP][39m [90m[39m
[35m[HTTP][39m [37m-->[39m [37mPOST[39m [37m/wd/hub/session/be03e5bd-e7ad-4e64-87aa-34fb7536a682/elements[39m
[35m[HTTP][39m [90m{"using":"xpath","value":"//*[@class = 'android.widget.TextView' and (@text = 'MT HARYONO JAKARTA' or . = 'MT HARYONO JAKARTA') and @resource-id = 'com.kfc.mobile.hkStaging:id/tvPlace']"}[39m
[35m[HTTP][39m [37m<-- POST /wd/hub/session/be03e5bd-e7ad-4e64-87aa-34fb7536a682/elements [39m[32m200[39m [90m543 ms - 12[39m
[35m[HTTP][39m [90m[39m
[35m[HTTP][39m [37m-->[39m [37mPOST[39m [37m/wd/hub/session/be03e5bd-e7ad-4e64-87aa-34fb7536a682/elements[39m
[35m[HTTP][39m [90m{"using":"xpath","value":"//*[@class = 'android.widget.TextView' and (@text = 'MT HARYONO JAKARTA' or . = 'MT HARYONO JAKARTA') and @resource-id = 'com.kfc.mobile.hkStaging:id/tvPlace']"}[39m
[35m[HTTP][39m [37m<-- POST /wd/hub/session/be03e5bd-e7ad-4e64-87aa-34fb7536a682/elements [39m[32m200[39m [90m149 ms - 12[39m
[35m[HTTP][39m [90m[39m
[35m[HTTP][39m [37m-->[39m [37mPOST[39m [37m/wd/hub/session/be03e5bd-e7ad-4e64-87aa-34fb7536a682/elements[39m
[35m[HTTP][39m [90m{"using":"xpath","value":"//*[@class = 'android.widget.TextView' and (@text = 'MT HARYONO JAKARTA' or . = 'MT HARYONO JAKARTA') and @resource-id = 'com.kfc.mobile.hkStaging:id/tvPlace']"}[39m
[35m[HTTP][39m [37m<-- POST /wd/hub/session/be03e5bd-e7ad-4e64-87aa-34fb7536a682/elements [39m[32m200[39m [90m156 ms - 12[39m
[35m[HTTP][39m [90m[39m
[35m[HTTP][39m [37m-->[39m [37mPOST[39m [37m/wd/hub/session/be03e5bd-e7ad-4e64-87aa-34fb7536a682/elements[39m
[35m[HTTP][39m [90m{"using":"xpath","value":"//*[@class = 'android.widget.TextView' and (@text = 'MT HARYONO JAKARTA' or . = 'MT HARYONO JAKARTA') and @resource-id = 'com.kfc.mobile.hkStaging:id/tvPlace']"}[39m
[35m[HTTP][39m [37m<-- POST /wd/hub/session/be03e5bd-e7ad-4e64-87aa-34fb7536a682/elements [39m[32m200[39m [90m151 ms - 12[39m
[35m[HTTP][39m [90m[39m
[35m[HTTP][39m [37m-->[39m [37mPOST[39m [37m/wd/hub/session/be03e5bd-e7ad-4e64-87aa-34fb7536a682/elements[39m
[35m[HTTP][39m [90m{"using":"xpath","value":"//*[@class = 'android.widget.TextView' and (@text = 'MT HARYONO JAKARTA' or . = 'MT HARYONO JAKARTA') and @resource-id = 'com.kfc.mobile.hkStaging:id/tvPlace']"}[39m
[35m[HTTP][39m [37m<-- POST /wd/hub/session/be03e5bd-e7ad-4e64-87aa-34fb7536a682/elements [39m[32m200[39m [90m144 ms - 12[39m
[35m[HTTP][39m [90m[39m
[35m[HTTP][39m [37m-->[39m [37mPOST[39m [37m/wd/hub/session/be03e5bd-e7ad-4e64-87aa-34fb7536a682/elements[39m
[35m[HTTP][39m [90m{"using":"xpath","value":"//*[@class = 'android.widget.TextView' and (@text = 'MT HARYONO JAKARTA' or . = 'MT HARYONO JAKARTA') and @resource-id = 'com.kfc.mobile.hkStaging:id/tvPlace']"}[39m
[35m[HTTP][39m [37m<-- POST /wd/hub/session/be03e5bd-e7ad-4e64-87aa-34fb7536a682/elements [39m[32m200[39m [90m153 ms - 12[39m
[35m[HTTP][39m [90m[39m
[35m[HTTP][39m [37m-->[39m [37mPOST[39m [37m/wd/hub/session/be03e5bd-e7ad-4e64-87aa-34fb7536a682/elements[39m
[35m[HTTP][39m [90m{"using":"xpath","value":"//*[@class = 'android.widget.TextView' and (@text = 'MT HARYONO JAKARTA' or . = 'MT HARYONO JAKARTA') and @resource-id = 'com.kfc.mobile.hkStaging:id/tvPlace']"}[39m
[35m[HTTP][39m [37m<-- POST /wd/hub/session/be03e5bd-e7ad-4e64-87aa-34fb7536a682/elements [39m[32m200[39m [90m149 ms - 12[39m
[35m[HTTP][39m [90m[39m
[35m[HTTP][39m [37m-->[39m [37mPOST[39m [37m/wd/hub/session/be03e5bd-e7ad-4e64-87aa-34fb7536a682/elements[39m
[35m[HTTP][39m [90m{"using":"xpath","value":"//*[@class = 'android.widget.TextView' and (@text = 'MT HARYONO JAKARTA' or . = 'MT HARYONO JAKARTA') and @resource-id = 'com.kfc.mobile.hkStaging:id/tvPlace']"}[39m
[35m[HTTP][39m [37m<-- POST /wd/hub/session/be03e5bd-e7ad-4e64-87aa-34fb7536a682/elements [39m[32m200[39m [90m152 ms - 12[39m
[35m[HTTP][39m [90m[39m
[35m[HTTP][39m [37m-->[39m [37mPOST[39m [37m/wd/hub/session/be03e5bd-e7ad-4e64-87aa-34fb7536a682/elements[39m
[35m[HTTP][39m [90m{"using":"xpath","value":"//*[@class = 'android.widget.TextView' and (@text = 'MT HARYONO JAKARTA' or . = 'MT HARYONO JAKARTA') and @resource-id = 'com.kfc.mobile.hkStaging:id/tvPlace']"}[39m
[35m[HTTP][39m [37m<-- POST /wd/hub/session/be03e5bd-e7ad-4e64-87aa-34fb7536a682/elements [39m[32m200[39m [90m158 ms - 12[39m
[35m[HTTP][39m [90m[39m
[35m[HTTP][39m [37m-->[39m [37mPOST[39m [37m/wd/hub/session/be03e5bd-e7ad-4e64-87aa-34fb7536a682/elements[39m
[35m[HTTP][39m [90m{"using":"xpath","value":"//*[@class = 'android.widget.TextView' and (@text = 'MT HARYONO JAKARTA' or . = 'MT HARYONO JAKARTA') and @resource-id = 'com.kfc.mobile.hkStaging:id/tvPlace']"}[39m
[35m[HTTP][39m [37m<-- POST /wd/hub/session/be03e5bd-e7ad-4e64-87aa-34fb7536a682/elements [39m[32m200[39m [90m969 ms - 12[39m
[35m[HTTP][39m [90m[39m
[35m[HTTP][39m [37m-->[39m [37mPOST[39m [37m/wd/hub/session/be03e5bd-e7ad-4e64-87aa-34fb7536a682/timeouts[39m
[35m[HTTP][39m [90m{"implicit":30000}[39m
[35m[HTTP][39m [37m<-- POST /wd/hub/session/be03e5bd-e7ad-4e64-87aa-34fb7536a682/timeouts [39m[32m200[39m [90m2 ms - 14[39m
[35m[HTTP][39m [90m[39m
[35m[HTTP][39m [37m-->[39m [37mPOST[39m [37m/wd/hub/session/be03e5bd-e7ad-4e64-87aa-34fb7536a682/timeouts[39m
[35m[HTTP][39m [90m{"implicit":50}[39m
[35m[HTTP][39m [37m<-- POST /wd/hub/session/be03e5bd-e7ad-4e64-87aa-34fb7536a682/timeouts [39m[32m200[39m [90m2 ms - 14[39m
[35m[HTTP][39m [90m[39m
[35m[HTTP][39m [37m-->[39m [37mGET[39m [37m/wd/hub/session/be03e5bd-e7ad-4e64-87aa-34fb7536a682/window/rect[39m
[35m[HTTP][39m [90m{}[39m
[35m[HTTP][39m [37m<-- GET /wd/hub/session/be03e5bd-e7ad-4e64-87aa-34fb7536a682/window/rect [39m[32m200[39m [90m15 ms - 49[39m
[35m[HTTP][39m [90m[39m
[35m[HTTP][39m [37m-->[39m [37mPOST[39m [37m/wd/hub/session/be03e5bd-e7ad-4e64-87aa-34fb7536a682/elements[39m
[35m[HTTP][39m [90m{"using":"xpath","value":"//*[@class = 'android.widget.Button' and (@text = 'Pilih Gerai' or . = 'Pilih Gerai') and @resource-id = 'com.kfc.mobile.hkStaging:id/button_select_outlet']"}[39m
[35m[HTTP][39m [37m<-- POST /wd/hub/session/be03e5bd-e7ad-4e64-87aa-34fb7536a682/elements [39m[32m200[39m [90m144 ms - 139[39m
[35m[HTTP][39m [90m[39m
[35m[HTTP][39m [37m-->[39m [37mGET[39m [37m/wd/hub/session/be03e5bd-e7ad-4e64-87aa-34fb7536a682/element/00000000-0000-037c-7fff-ffff00000116/location[39m
[35m[HTTP][39m [90m{}[39m
[35m[W3C (be03e5bd)][39m Driver proxy active, passing request on via HTTP proxy
[35m[WD Proxy][39m Replacing sessionId 89670e47-237a-45f0-8c0b-9b18ed843a28 with be03e5bd-e7ad-4e64-87aa-34fb7536a682
[35m[HTTP][39m [37m<-- GET /wd/hub/session/be03e5bd-e7ad-4e64-87aa-34fb7536a682/element/00000000-0000-037c-7fff-ffff00000116/location [39m[32m200[39m [90m21 ms - 78[39m
[35m[HTTP][39m [90m[39m
[35m[HTTP][39m [37m-->[39m [37mPOST[39m [37m/wd/hub/session/be03e5bd-e7ad-4e64-87aa-34fb7536a682/timeouts[39m
[35m[HTTP][39m [90m{"implicit":30000}[39m
[35m[HTTP][39m [37m<-- POST /wd/hub/session/be03e5bd-e7ad-4e64-87aa-34fb7536a682/timeouts [39m[32m200[39m [90m1 ms - 14[39m
[35m[HTTP][39m [90m[39m
[35m[HTTP][39m [37m-->[39m [37mPOST[39m [37m/wd/hub/session/be03e5bd-e7ad-4e64-87aa-34fb7536a682/element/00000000-0000-037c-7fff-ffff00000116/click[39m
[35m[HTTP][39m [90m{"id":"00000000-0000-037c-7fff-ffff00000116"}[39m
[35m[HTTP][39m [37m<-- POST /wd/hub/session/be03e5bd-e7ad-4e64-87aa-34fb7536a682/element/00000000-0000-037c-7fff-ffff00000116/click [39m[32m200[39m [90m34 ms - 14[39m
[35m[HTTP][39m [90m[39m
[35m[HTTP][39m [37m-->[39m [37mPOST[39m [37m/wd/hub/session/be03e5bd-e7ad-4e64-87aa-34fb7536a682/timeouts[39m
[35m[HTTP][39m [90m{"implicit":50}[39m
[35m[HTTP][39m [37m<-- POST /wd/hub/session/be03e5bd-e7ad-4e64-87aa-34fb7536a682/timeouts [39m[32m200[39m [90m1 ms - 14[39m
[35m[HTTP][39m [90m[39m
[35m[HTTP][39m [37m-->[39m [37mGET[39m [37m/wd/hub/session/be03e5bd-e7ad-4e64-87aa-34fb7536a682/window/rect[39m
[35m[HTTP][39m [90m{}[39m
[35m[HTTP][39m [37m<-- GET /wd/hub/session/be03e5bd-e7ad-4e64-87aa-34fb7536a682/window/rect [39m[32m200[39m [90m16 ms - 49[39m
[35m[HTTP][39m [90m[39m
[35m[HTTP][39m [37m-->[39m [37mPOST[39m [37m/wd/hub/session/be03e5bd-e7ad-4e64-87aa-34fb7536a682/elements[39m
[35m[HTTP][39m [90m{"using":"xpath","value":"//*[@class = 'android.widget.FrameLayout' and @resource-id = 'com.kfc.mobile.hkStaging:id/container_category' and (@text = '' or . = '')]"}[39m
[35m[HTTP][39m [37m<-- POST /wd/hub/session/be03e5bd-e7ad-4e64-87aa-34fb7536a682/elements [39m[32m200[39m [90m624 ms - 139[39m
[35m[HTTP][39m [90m[39m
[35m[HTTP][39m [37m-->[39m [37mGET[39m [37m/wd/hub/session/be03e5bd-e7ad-4e64-87aa-34fb7536a682/element/00000000-0000-037d-7fff-ffff00000132/location[39m
[35m[HTTP][39m [90m{}[39m
[35m[W3C (be03e5bd)][39m Driver proxy active, passing request on via HTTP proxy
[35m[WD Proxy][39m Replacing sessionId 89670e47-237a-45f0-8c0b-9b18ed843a28 with be03e5bd-e7ad-4e64-87aa-34fb7536a682
[35m[HTTP][39m [37m<-- GET /wd/hub/session/be03e5bd-e7ad-4e64-87aa-34fb7536a682/element/00000000-0000-037d-7fff-ffff00000132/location [39m[32m200[39m [90m22 ms - 77[39m
[35m[HTTP][39m [90m[39m
[35m[HTTP][39m [37m-->[39m [37mPOST[39m [37m/wd/hub/session/be03e5bd-e7ad-4e64-87aa-34fb7536a682/timeouts[39m
[35m[HTTP][39m [90m{"implicit":30000}[39m
[35m[HTTP][39m [37m<-- POST /wd/hub/session/be03e5bd-e7ad-4e64-87aa-34fb7536a682/timeouts [39m[32m200[39m [90m1 ms - 14[39m
[35m[HTTP][39m [90m[39m
[35m[HTTP][39m [37m-->[39m [37mPOST[39m [37m/wd/hub/session/be03e5bd-e7ad-4e64-87aa-34fb7536a682/element/00000000-0000-037d-7fff-ffff00000132/click[39m
[35m[HTTP][39m [90m{"id":"00000000-0000-037d-7fff-ffff00000132"}[39m
[35m[HTTP][39m [37m<-- POST /wd/hub/session/be03e5bd-e7ad-4e64-87aa-34fb7536a682/element/00000000-0000-037d-7fff-ffff00000132/click [39m[32m200[39m [90m32 ms - 14[39m
[35m[HTTP][39m [90m[39m
[35m[HTTP][39m [37m-->[39m [37mGET[39m [37m/wd/hub/session/be03e5bd-e7ad-4e64-87aa-34fb7536a682/context[39m
[35m[HTTP][39m [90m{}[39m
[35m[HTTP][39m [37m<-- GET /wd/hub/session/be03e5bd-e7ad-4e64-87aa-34fb7536a682/context [39m[32m200[39m [90m2 ms - 22[39m
[35m[HTTP][39m [90m[39m
[35m[HTTP][39m [37m-->[39m [37mGET[39m [37m/wd/hub/session/be03e5bd-e7ad-4e64-87aa-34fb7536a682/contexts[39m
[35m[HTTP][39m [90m{}[39m
[35m[HTTP][39m [37m<-- GET /wd/hub/session/be03e5bd-e7ad-4e64-87aa-34fb7536a682/contexts [39m[32m200[39m [90m74 ms - 24[39m
[35m[HTTP][39m [90m[39m
[35m[HTTP][39m [37m-->[39m [37mPOST[39m [37m/wd/hub/session/be03e5bd-e7ad-4e64-87aa-34fb7536a682/context[39m
[35m[HTTP][39m [90m{"name":"NATIVE_APP"}[39m
[35m[HTTP][39m [37m<-- POST /wd/hub/session/be03e5bd-e7ad-4e64-87aa-34fb7536a682/context [39m[32m200[39m [90m1 ms - 14[39m
[35m[HTTP][39m [90m[39m
[35m[HTTP][39m [37m-->[39m [37mPOST[39m [37m/wd/hub/session/be03e5bd-e7ad-4e64-87aa-34fb7536a682/appium/device/press_keycode[39m
[35m[HTTP][39m [90m{"keycode":4}[39m
[35m[HTTP][39m [37m<-- POST /wd/hub/session/be03e5bd-e7ad-4e64-87aa-34fb7536a682/appium/device/press_keycode [39m[32m200[39m [90m794 ms - 14[39m
[35m[HTTP][39m [90m[39m
[35m[HTTP][39m [37m-->[39m [37mPOST[39m [37m/wd/hub/session/be03e5bd-e7ad-4e64-87aa-34fb7536a682/context[39m
[35m[HTTP][39m [90m{"name":"NATIVE_APP"}[39m
[35m[HTTP][39m [37m<-- POST /wd/hub/session/be03e5bd-e7ad-4e64-87aa-34fb7536a682/context [39m[32m200[39m [90m1 ms - 14[39m
[35m[HTTP][39m [90m[39m
[35m[HTTP][39m [37m-->[39m [37mPOST[39m [37m/wd/hub/session/be03e5bd-e7ad-4e64-87aa-34fb7536a682/timeouts[39m
[35m[HTTP][39m [90m{"implicit":50}[39m
[35m[HTTP][39m [37m<-- POST /wd/hub/session/be03e5bd-e7ad-4e64-87aa-34fb7536a682/timeouts [39m[32m200[39m [90m1 ms - 14[39m
[35m[HTTP][39m [90m[39m
[35m[HTTP][39m [37m-->[39m [37mGET[39m [37m/wd/hub/session/be03e5bd-e7ad-4e64-87aa-34fb7536a682/window/rect[39m
[35m[HTTP][39m [90m{}[39m
[35m[HTTP][39m [37m<-- GET /wd/hub/session/be03e5bd-e7ad-4e64-87aa-34fb7536a682/window/rect [39m[32m200[39m [90m17 ms - 49[39m
[35m[HTTP][39m [90m[39m
[35m[HTTP][39m [37m-->[39m [37mPOST[39m [37m/wd/hub/session/be03e5bd-e7ad-4e64-87aa-34fb7536a682/elements[39m
[35m[HTTP][39m [90m{"using":"xpath","value":"//hierarchy/android.widget.FrameLayout[1]/android.widget.LinearLayout[1]/android.widget.FrameLayout[1]/android.widget.LinearLayout[1]/android.widget.FrameLayout[1]/android.view.ViewGroup[1]/android.view.ViewGroup[1]/android.view.ViewGroup[1]/android.widget.FrameLayout[1]/android.view.ViewGroup[1]/androidx.recyclerview.widget.RecyclerView[1]/android.view.ViewGroup[1]/android.widget.LinearLayout[1]/android.widget.Button[1]"}[39m
[35m[HTTP][39m [37m<-- POST /wd/hub/session/be03e5bd-e7ad-4e64-87aa-34fb7536a682/elements [39m[32m200[39m [90m512 ms - 139[39m
[35m[HTTP][39m [90m[39m
[35m[HTTP][39m [37m-->[39m [37mGET[39m [37m/wd/hub/session/be03e5bd-e7ad-4e64-87aa-34fb7536a682/element/00000000-0000-037d-7fff-ffff00000167/location[39m
[35m[HTTP][39m [90m{}[39m
[35m[W3C (be03e5bd)][39m Driver proxy active, passing request on via HTTP proxy
[35m[WD Proxy][39m Replacing sessionId 89670e47-237a-45f0-8c0b-9b18ed843a28 with be03e5bd-e7ad-4e64-87aa-34fb7536a682
[35m[HTTP][39m [37m<-- GET /wd/hub/session/be03e5bd-e7ad-4e64-87aa-34fb7536a682/element/00000000-0000-037d-7fff-ffff00000167/location [39m[32m200[39m [90m20 ms - 78[39m
[35m[HTTP][39m [90m[39m
[35m[HTTP][39m [37m-->[39m [37mPOST[39m [37m/wd/hub/session/be03e5bd-e7ad-4e64-87aa-34fb7536a682/timeouts[39m
[35m[HTTP][39m [90m{"implicit":30000}[39m
[35m[HTTP][39m [37m<-- POST /wd/hub/session/be03e5bd-e7ad-4e64-87aa-34fb7536a682/timeouts [39m[32m200[39m [90m1 ms - 14[39m
[35m[HTTP][39m [90m[39m
[35m[HTTP][39m [37m-->[39m [37mPOST[39m [37m/wd/hub/session/be03e5bd-e7ad-4e64-87aa-34fb7536a682/timeouts[39m
[35m[HTTP][39m [90m{"implicit":50}[39m
[35m[HTTP][39m [37m<-- POST /wd/hub/session/be03e5bd-e7ad-4e64-87aa-34fb7536a682/timeouts [39m[32m200[39m [90m2 ms - 14[39m
[35m[HTTP][39m [90m[39m
[35m[HTTP][39m [37m-->[39m [37mGET[39m [37m/wd/hub/session/be03e5bd-e7ad-4e64-87aa-34fb7536a682/window/rect[39m
[35m[HTTP][39m [90m{}[39m
[35m[HTTP][39m [37m<-- GET /wd/hub/session/be03e5bd-e7ad-4e64-87aa-34fb7536a682/window/rect [39m[32m200[39m [90m18 ms - 49[39m
[35m[HTTP][39m [90m[39m
[35m[HTTP][39m [37m-->[39m [37mPOST[39m [37m/wd/hub/session/be03e5bd-e7ad-4e64-87aa-34fb7536a682/elements[39m
[35m[HTTP][39m [90m{"using":"xpath","value":"//hierarchy/android.widget.FrameLayout[1]/android.widget.LinearLayout[1]/android.widget.FrameLayout[1]/android.widget.LinearLayout[1]/android.widget.FrameLayout[1]/android.view.ViewGroup[1]/android.view.ViewGroup[1]/android.view.ViewGroup[1]/android.widget.FrameLayout[1]/android.view.ViewGroup[1]/androidx.recyclerview.widget.RecyclerView[1]/android.view.ViewGroup[1]/android.widget.LinearLayout[1]/android.widget.Button[1]"}[39m
[35m[HTTP][39m [37m<-- POST /wd/hub/session/be03e5bd-e7ad-4e64-87aa-34fb7536a682/elements [39m[32m200[39m [90m116 ms - 139[39m
[35m[HTTP][39m [90m[39m
[35m[HTTP][39m [37m-->[39m [37mGET[39m [37m/wd/hub/session/be03e5bd-e7ad-4e64-87aa-34fb7536a682/element/00000000-0000-037d-7fff-ffff00000167/location[39m
[35m[HTTP][39m [90m{}[39m
[35m[W3C (be03e5bd)][39m Driver proxy active, passing request on via HTTP proxy
[35m[WD Proxy][39m Replacing sessionId 89670e47-237a-45f0-8c0b-9b18ed843a28 with be03e5bd-e7ad-4e64-87aa-34fb7536a682
[35m[HTTP][39m [37m<-- GET /wd/hub/session/be03e5bd-e7ad-4e64-87aa-34fb7536a682/element/00000000-0000-037d-7fff-ffff00000167/location [39m[32m200[39m [90m24 ms - 78[39m
[35m[HTTP][39m [90m[39m
[35m[HTTP][39m [37m-->[39m [37mPOST[39m [37m/wd/hub/session/be03e5bd-e7ad-4e64-87aa-34fb7536a682/timeouts[39m
[35m[HTTP][39m [90m{"implicit":30000}[39m
[35m[HTTP][39m [37m<-- POST /wd/hub/session/be03e5bd-e7ad-4e64-87aa-34fb7536a682/timeouts [39m[32m200[39m [90m1 ms - 14[39m
[35m[HTTP][39m [90m[39m
[35m[HTTP][39m [37m-->[39m [37mPOST[39m [37m/wd/hub/session/be03e5bd-e7ad-4e64-87aa-34fb7536a682/element/00000000-0000-037d-7fff-ffff00000167/click[39m
[35m[HTTP][39m [90m{"id":"00000000-0000-037d-7fff-ffff00000167"}[39m
[35m[HTTP][39m [37m<-- POST /wd/hub/session/be03e5bd-e7ad-4e64-87aa-34fb7536a682/element/00000000-0000-037d-7fff-ffff00000167/click [39m[32m200[39m [90m40 ms - 14[39m
[35m[HTTP][39m [90m[39m
[35m[HTTP][39m [37m-->[39m [37mPOST[39m [37m/wd/hub/session/be03e5bd-e7ad-4e64-87aa-34fb7536a682/timeouts[39m
[35m[HTTP][39m [90m{"implicit":50}[39m
[35m[HTTP][39m [37m<-- POST /wd/hub/session/be03e5bd-e7ad-4e64-87aa-34fb7536a682/timeouts [39m[32m200[39m [90m1 ms - 14[39m
[35m[HTTP][39m [90m[39m
[35m[HTTP][39m [37m-->[39m [37mGET[39m [37m/wd/hub/session/be03e5bd-e7ad-4e64-87aa-34fb7536a682/window/rect[39m
[35m[HTTP][39m [90m{}[39m
[35m[HTTP][39m [37m<-- GET /wd/hub/session/be03e5bd-e7ad-4e64-87aa-34fb7536a682/window/rect [39m[32m200[39m [90m15 ms - 49[39m
[35m[HTTP][39m [90m[39m
[35m[HTTP][39m [37m-->[39m [37mPOST[39m [37m/wd/hub/session/be03e5bd-e7ad-4e64-87aa-34fb7536a682/elements[39m
[35m[HTTP][39m [90m{"using":"xpath","value":"//*[@class = 'android.widget.Button' and (@text = 'Lanjut' or . = 'Lanjut') and @resource-id = 'com.kfc.mobile.hkStaging:id/button_continue']"}[39m
[35m[HTTP][39m [37m<-- POST /wd/hub/session/be03e5bd-e7ad-4e64-87aa-34fb7536a682/elements [39m[32m200[39m [90m146 ms - 139[39m
[35m[HTTP][39m [90m[39m
[35m[HTTP][39m [37m-->[39m [37mGET[39m [37m/wd/hub/session/be03e5bd-e7ad-4e64-87aa-34fb7536a682/element/00000000-0000-037f-7fff-ffff00000199/location[39m
[35m[HTTP][39m [90m{}[39m
[35m[W3C (be03e5bd)][39m Driver proxy active, passing request on via HTTP proxy
[35m[WD Proxy][39m Replacing sessionId 89670e47-237a-45f0-8c0b-9b18ed843a28 with be03e5bd-e7ad-4e64-87aa-34fb7536a682
[35m[HTTP][39m [37m<-- GET /wd/hub/session/be03e5bd-e7ad-4e64-87aa-34fb7536a682/element/00000000-0000-037f-7fff-ffff00000199/location [39m[32m200[39m [90m20 ms - 79[39m
[35m[HTTP][39m [90m[39m
[35m[HTTP][39m [37m-->[39m [37mPOST[39m [37m/wd/hub/session/be03e5bd-e7ad-4e64-87aa-34fb7536a682/timeouts[39m
[35m[HTTP][39m [90m{"implicit":30000}[39m
[35m[HTTP][39m [37m<-- POST /wd/hub/session/be03e5bd-e7ad-4e64-87aa-34fb7536a682/timeouts [39m[32m200[39m [90m2 ms - 14[39m
[35m[HTTP][39m [90m[39m
[35m[HTTP][39m [37m-->[39m [37mPOST[39m [37m/wd/hub/session/be03e5bd-e7ad-4e64-87aa-34fb7536a682/timeouts[39m
[35m[HTTP][39m [90m{"implicit":50}[39m
[35m[HTTP][39m [37m<-- POST /wd/hub/session/be03e5bd-e7ad-4e64-87aa-34fb7536a682/timeouts [39m[32m200[39m [90m2 ms - 14[39m
[35m[HTTP][39m [90m[39m
[35m[HTTP][39m [37m-->[39m [37mGET[39m [37m/wd/hub/session/be03e5bd-e7ad-4e64-87aa-34fb7536a682/window/rect[39m
[35m[HTTP][39m [90m{}[39m
[35m[HTTP][39m [37m<-- GET /wd/hub/session/be03e5bd-e7ad-4e64-87aa-34fb7536a682/window/rect [39m[32m200[39m [90m15 ms - 49[39m
[35m[HTTP][39m [90m[39m
[35m[HTTP][39m [37m-->[39m [37mPOST[39m [37m/wd/hub/session/be03e5bd-e7ad-4e64-87aa-34fb7536a682/elements[39m
[35m[HTTP][39m [90m{"using":"xpath","value":"//*[@class = 'android.widget.Button' and (@text = 'Lanjut' or . = 'Lanjut') and @resource-id = 'com.kfc.mobile.hkStaging:id/button_continue']"}[39m
[35m[HTTP][39m [37m<-- POST /wd/hub/session/be03e5bd-e7ad-4e64-87aa-34fb7536a682/elements [39m[32m200[39m [90m141 ms - 139[39m
[35m[HTTP][39m [90m[39m
[35m[HTTP][39m [37m-->[39m [37mGET[39m [37m/wd/hub/session/be03e5bd-e7ad-4e64-87aa-34fb7536a682/element/00000000-0000-037f-7fff-ffff00000199/location[39m
[35m[HTTP][39m [90m{}[39m
[35m[W3C (be03e5bd)][39m Driver proxy active, passing request on via HTTP proxy
[35m[WD Proxy][39m Replacing sessionId 89670e47-237a-45f0-8c0b-9b18ed843a28 with be03e5bd-e7ad-4e64-87aa-34fb7536a682
[35m[HTTP][39m [37m<-- GET /wd/hub/session/be03e5bd-e7ad-4e64-87aa-34fb7536a682/element/00000000-0000-037f-7fff-ffff00000199/location [39m[32m200[39m [90m22 ms - 79[39m
[35m[HTTP][39m [90m[39m
[35m[HTTP][39m [37m-->[39m [37mPOST[39m [37m/wd/hub/session/be03e5bd-e7ad-4e64-87aa-34fb7536a682/timeouts[39m
[35m[HTTP][39m [90m{"implicit":30000}[39m
[35m[HTTP][39m [37m<-- POST /wd/hub/session/be03e5bd-e7ad-4e64-87aa-34fb7536a682/timeouts [39m[32m200[39m [90m1 ms - 14[39m
[35m[HTTP][39m [90m[39m
[35m[HTTP][39m [37m-->[39m [37mPOST[39m [37m/wd/hub/session/be03e5bd-e7ad-4e64-87aa-34fb7536a682/element/00000000-0000-037f-7fff-ffff00000199/click[39m
[35m[HTTP][39m [90m{"id":"00000000-0000-037f-7fff-ffff00000199"}[39m
[35m[HTTP][39m [37m<-- POST /wd/hub/session/be03e5bd-e7ad-4e64-87aa-34fb7536a682/element/00000000-0000-037f-7fff-ffff00000199/click [39m[32m200[39m [90m31 ms - 14[39m
[35m[HTTP][39m [90m[39m
[35m[HTTP][39m [37m-->[39m [37mPOST[39m [37m/wd/hub/session/be03e5bd-e7ad-4e64-87aa-34fb7536a682/timeouts[39m
[35m[HTTP][39m [90m{"implicit":50}[39m
[35m[HTTP][39m [37m<-- POST /wd/hub/session/be03e5bd-e7ad-4e64-87aa-34fb7536a682/timeouts [39m[32m200[39m [90m1 ms - 14[39m
[35m[HTTP][39m [90m[39m
[35m[HTTP][39m [37m-->[39m [37mGET[39m [37m/wd/hub/session/be03e5bd-e7ad-4e64-87aa-34fb7536a682/window/rect[39m
[35m[HTTP][39m [90m{}[39m
[35m[HTTP][39m [37m<-- GET /wd/hub/session/be03e5bd-e7ad-4e64-87aa-34fb7536a682/window/rect [39m[32m200[39m [90m18 ms - 49[39m
[35m[HTTP][39m [90m[39m
[35m[HTTP][39m [37m-->[39m [37mPOST[39m [37m/wd/hub/session/be03e5bd-e7ad-4e64-87aa-34fb7536a682/elements[39m
[35m[HTTP][39m [90m{"using":"xpath","value":"//*[@class = 'android.widget.LinearLayout' and @resource-id = 'com.kfc.mobile.hkStaging:id/button_cart_summary' and (@text = '' or . = '')]"}[39m
[35m[HTTP][39m [37m<-- POST /wd/hub/session/be03e5bd-e7ad-4e64-87aa-34fb7536a682/elements [39m[32m200[39m [90m933 ms - 139[39m
[35m[HTTP][39m [90m[39m
[35m[HTTP][39m [37m-->[39m [37mGET[39m [37m/wd/hub/session/be03e5bd-e7ad-4e64-87aa-34fb7536a682/element/00000000-0000-037d-7fff-ffff00000207/location[39m
[35m[HTTP][39m [90m{}[39m
[35m[W3C (be03e5bd)][39m Driver proxy active, passing request on via HTTP proxy
[35m[WD Proxy][39m Replacing sessionId 89670e47-237a-45f0-8c0b-9b18ed843a28 with be03e5bd-e7ad-4e64-87aa-34fb7536a682
[35m[HTTP][39m [37m<-- GET /wd/hub/session/be03e5bd-e7ad-4e64-87aa-34fb7536a682/element/00000000-0000-037d-7fff-ffff00000207/location [39m[32m200[39m [90m27 ms - 78[39m
[35m[HTTP][39m [90m[39m
[35m[HTTP][39m [37m-->[39m [37mPOST[39m [37m/wd/hub/session/be03e5bd-e7ad-4e64-87aa-34fb7536a682/timeouts[39m
[35m[HTTP][39m [90m{"implicit":30000}[39m
[35m[HTTP][39m [37m<-- POST /wd/hub/session/be03e5bd-e7ad-4e64-87aa-34fb7536a682/timeouts [39m[32m200[39m [90m1 ms - 14[39m
[35m[HTTP][39m [90m[39m
[35m[HTTP][39m [37m-->[39m [37mPOST[39m [37m/wd/hub/session/be03e5bd-e7ad-4e64-87aa-34fb7536a682/timeouts[39m
[35m[HTTP][39m [90m{"implicit":50}[39m
[35m[HTTP][39m [37m<-- POST /wd/hub/session/be03e5bd-e7ad-4e64-87aa-34fb7536a682/timeouts [39m[32m200[39m [90m1 ms - 14[39m
[35m[HTTP][39m [90m[39m
[35m[HTTP][39m [37m-->[39m [37mGET[39m [37m/wd/hub/session/be03e5bd-e7ad-4e64-87aa-34fb7536a682/window/rect[39m
[35m[HTTP][39m [90m{}[39m
[35m[HTTP][39m [37m<-- GET /wd/hub/session/be03e5bd-e7ad-4e64-87aa-34fb7536a682/window/rect [39m[32m200[39m [90m14 ms - 49[39m
[35m[HTTP][39m [90m[39m
[35m[HTTP][39m [37m-->[39m [37mPOST[39m [37m/wd/hub/session/be03e5bd-e7ad-4e64-87aa-34fb7536a682/elements[39m
[35m[HTTP][39m [90m{"using":"xpath","value":"//*[@class = 'android.widget.LinearLayout' and @resource-id = 'com.kfc.mobile.hkStaging:id/button_cart_summary' and (@text = '' or . = '')]"}[39m
[35m[HTTP][39m [37m<-- POST /wd/hub/session/be03e5bd-e7ad-4e64-87aa-34fb7536a682/elements [39m[32m200[39m [90m164 ms - 139[39m
[35m[HTTP][39m [90m[39m
[35m[HTTP][39m [37m-->[39m [37mGET[39m [37m/wd/hub/session/be03e5bd-e7ad-4e64-87aa-34fb7536a682/element/00000000-0000-037d-7fff-ffff00000207/location[39m
[35m[HTTP][39m [90m{}[39m
[35m[W3C (be03e5bd)][39m Driver proxy active, passing request on via HTTP proxy
[35m[WD Proxy][39m Replacing sessionId 89670e47-237a-45f0-8c0b-9b18ed843a28 with be03e5bd-e7ad-4e64-87aa-34fb7536a682
[35m[HTTP][39m [37m<-- GET /wd/hub/session/be03e5bd-e7ad-4e64-87aa-34fb7536a682/element/00000000-0000-037d-7fff-ffff00000207/location [39m[32m200[39m [90m22 ms - 78[39m
[35m[HTTP][39m [90m[39m
[35m[HTTP][39m [37m-->[39m [37mPOST[39m [37m/wd/hub/session/be03e5bd-e7ad-4e64-87aa-34fb7536a682/timeouts[39m
[35m[HTTP][39m [90m{"implicit":30000}[39m
[35m[HTTP][39m [37m<-- POST /wd/hub/session/be03e5bd-e7ad-4e64-87aa-34fb7536a682/timeouts [39m[32m200[39m [90m1 ms - 14[39m
[35m[HTTP][39m [90m[39m
[35m[HTTP][39m [37m-->[39m [37mPOST[39m [37m/wd/hub/session/be03e5bd-e7ad-4e64-87aa-34fb7536a682/element/00000000-0000-037d-7fff-ffff00000207/click[39m
[35m[HTTP][39m [90m{"id":"00000000-0000-037d-7fff-ffff00000207"}[39m
[35m[HTTP][39m [37m<-- POST /wd/hub/session/be03e5bd-e7ad-4e64-87aa-34fb7536a682/element/00000000-0000-037d-7fff-ffff00000207/click [39m[32m200[39m [90m814 ms - 14[39m
[35m[HTTP][39m [90m[39m
[35m[HTTP][39m [37m-->[39m [37mPOST[39m [37m/wd/hub/session/be03e5bd-e7ad-4e64-87aa-34fb7536a682/timeouts[39m
[35m[HTTP][39m [90m{"implicit":50}[39m
[35m[HTTP][39m [37m<-- POST /wd/hub/session/be03e5bd-e7ad-4e64-87aa-34fb7536a682/timeouts [39m[32m200[39m [90m2 ms - 14[39m
[35m[HTTP][39m [90m[39m
[35m[HTTP][39m [37m-->[39m [37mGET[39m [37m/wd/hub/session/be03e5bd-e7ad-4e64-87aa-34fb7536a682/window/rect[39m
[35m[HTTP][39m [90m{}[39m
[35m[HTTP][39m [37m<-- GET /wd/hub/session/be03e5bd-e7ad-4e64-87aa-34fb7536a682/window/rect [39m[32m200[39m [90m17 ms - 49[39m
[35m[HTTP][39m [90m[39m
[35m[HTTP][39m [37m-->[39m [37mPOST[39m [37m/wd/hub/session/be03e5bd-e7ad-4e64-87aa-34fb7536a682/elements[39m
[35m[HTTP][39m [90m{"using":"xpath","value":"//*[@class = 'android.widget.TextView' and (@text = 'Pilih Menu Gratis' or . = 'Pilih Menu Gratis') and @resource-id = 'com.kfc.mobile.hkStaging:id/tvPositive']"}[39m
[35m[HTTP][39m [37m<-- POST /wd/hub/session/be03e5bd-e7ad-4e64-87aa-34fb7536a682/elements [39m[32m200[39m [90m61 ms - 139[39m
[35m[HTTP][39m [90m[39m
[35m[HTTP][39m [37m-->[39m [37mGET[39m [37m/wd/hub/session/be03e5bd-e7ad-4e64-87aa-34fb7536a682/element/00000000-0000-0380-7fff-ffff00000240/location[39m
[35m[HTTP][39m [90m{}[39m
[35m[W3C (be03e5bd)][39m Driver proxy active, passing request on via HTTP proxy
[35m[WD Proxy][39m Replacing sessionId 89670e47-237a-45f0-8c0b-9b18ed843a28 with be03e5bd-e7ad-4e64-87aa-34fb7536a682
[35m[HTTP][39m [37m<-- GET /wd/hub/session/be03e5bd-e7ad-4e64-87aa-34fb7536a682/element/00000000-0000-0380-7fff-ffff00000240/location [39m[32m200[39m [90m22 ms - 77[39m
[35m[HTTP][39m [90m[39m
[35m[HTTP][39m [37m-->[39m [37mPOST[39m [37m/wd/hub/session/be03e5bd-e7ad-4e64-87aa-34fb7536a682/timeouts[39m
[35m[HTTP][39m [90m{"implicit":30000}[39m
[35m[HTTP][39m [37m<-- POST /wd/hub/session/be03e5bd-e7ad-4e64-87aa-34fb7536a682/timeouts [39m[32m200[39m [90m1 ms - 14[39m
[35m[HTTP][39m [90m[39m
[35m[HTTP][39m [37m-->[39m [37mPOST[39m [37m/wd/hub/session/be03e5bd-e7ad-4e64-87aa-34fb7536a682/timeouts[39m
[35m[HTTP][39m [90m{"implicit":50}[39m
[35m[HTTP][39m [37m<-- POST /wd/hub/session/be03e5bd-e7ad-4e64-87aa-34fb7536a682/timeouts [39m[32m200[39m [90m2 ms - 14[39m
[35m[HTTP][39m [90m[39m
[35m[HTTP][39m [37m-->[39m [37mGET[39m [37m/wd/hub/session/be03e5bd-e7ad-4e64-87aa-34fb7536a682/window/rect[39m
[35m[HTTP][39m [90m{}[39m
[35m[HTTP][39m [37m<-- GET /wd/hub/session/be03e5bd-e7ad-4e64-87aa-34fb7536a682/window/rect [39m[32m200[39m [90m13 ms - 49[39m
[35m[HTTP][39m [90m[39m
[35m[HTTP][39m [37m-->[39m [37mPOST[39m [37m/wd/hub/session/be03e5bd-e7ad-4e64-87aa-34fb7536a682/elements[39m
[35m[HTTP][39m [90m{"using":"xpath","value":"//*[@class = 'android.widget.TextView' and (@text = 'Pilih Menu Gratis' or . = 'Pilih Menu Gratis') and @resource-id = 'com.kfc.mobile.hkStaging:id/tvPositive']"}[39m
[35m[HTTP][39m [37m<-- POST /wd/hub/session/be03e5bd-e7ad-4e64-87aa-34fb7536a682/elements [39m[32m200[39m [90m64 ms - 139[39m
[35m[HTTP][39m [90m[39m
[35m[HTTP][39m [37m-->[39m [37mGET[39m [37m/wd/hub/session/be03e5bd-e7ad-4e64-87aa-34fb7536a682/element/00000000-0000-0380-7fff-ffff00000240/location[39m
[35m[HTTP][39m [90m{}[39m
[35m[W3C (be03e5bd)][39m Driver proxy active, passing request on via HTTP proxy
[35m[WD Proxy][39m Replacing sessionId 89670e47-237a-45f0-8c0b-9b18ed843a28 with be03e5bd-e7ad-4e64-87aa-34fb7536a682
[35m[HTTP][39m [37m<-- GET /wd/hub/session/be03e5bd-e7ad-4e64-87aa-34fb7536a682/element/00000000-0000-0380-7fff-ffff00000240/location [39m[32m200[39m [90m21 ms - 77[39m
[35m[HTTP][39m [90m[39m
[35m[HTTP][39m [37m-->[39m [37mPOST[39m [37m/wd/hub/session/be03e5bd-e7ad-4e64-87aa-34fb7536a682/timeouts[39m
[35m[HTTP][39m [90m{"implicit":30000}[39m
[35m[HTTP][39m [37m<-- POST /wd/hub/session/be03e5bd-e7ad-4e64-87aa-34fb7536a682/timeouts [39m[32m200[39m [90m1 ms - 14[39m
[35m[HTTP][39m [90m[39m
[35m[HTTP][39m [37m-->[39m [37mPOST[39m [37m/wd/hub/session/be03e5bd-e7ad-4e64-87aa-34fb7536a682/element/00000000-0000-0380-7fff-ffff00000240/click[39m
[35m[HTTP][39m [90m{"id":"00000000-0000-0380-7fff-ffff00000240"}[39m
[35m[HTTP][39m [37m<-- POST /wd/hub/session/be03e5bd-e7ad-4e64-87aa-34fb7536a682/element/00000000-0000-0380-7fff-ffff00000240/click [39m[32m200[39m [90m32 ms - 14[39m
[35m[HTTP][39m [90m[39m
[35m[HTTP][39m [37m-->[39m [37mGET[39m [37m/wd/hub/session/be03e5bd-e7ad-4e64-87aa-34fb7536a682/context[39m
[35m[HTTP][39m [90m{}[39m
[35m[HTTP][39m [37m<-- GET /wd/hub/session/be03e5bd-e7ad-4e64-87aa-34fb7536a682/context [39m[32m200[39m [90m2 ms - 22[39m
[35m[HTTP][39m [90m[39m
[35m[HTTP][39m [37m-->[39m [37mGET[39m [37m/wd/hub/session/be03e5bd-e7ad-4e64-87aa-34fb7536a682/contexts[39m
[35m[HTTP][39m [90m{}[39m
[35m[HTTP][39m [37m<-- GET /wd/hub/session/be03e5bd-e7ad-4e64-87aa-34fb7536a682/contexts [39m[32m200[39m [90m73 ms - 24[39m
[35m[HTTP][39m [90m[39m
[35m[HTTP][39m [37m-->[39m [37mPOST[39m [37m/wd/hub/session/be03e5bd-e7ad-4e64-87aa-34fb7536a682/context[39m
[35m[HTTP][39m [90m{"name":"NATIVE_APP"}[39m
[35m[HTTP][39m [37m<-- POST /wd/hub/session/be03e5bd-e7ad-4e64-87aa-34fb7536a682/context [39m[32m200[39m [90m2 ms - 14[39m
[35m[HTTP][39m [90m[39m
[35m[HTTP][39m [37m-->[39m [37mPOST[39m [37m/wd/hub/session/be03e5bd-e7ad-4e64-87aa-34fb7536a682/touch/perform[39m
[35m[HTTP][39m [90m{"actions":[{"action":"press","options":{"x":281,"y":500}},{"action":"wait","options":{"ms":500}},{"action":"moveTo","options":{"x":434,"y":161}},{"action":"release","options":{}}]}[39m
[35m[HTTP][39m [37m<-- POST /wd/hub/session/be03e5bd-e7ad-4e64-87aa-34fb7536a682/touch/perform [39m[32m200[39m [90m1007 ms - 14[39m
[35m[HTTP][39m [90m[39m
[35m[HTTP][39m [37m-->[39m [37mPOST[39m [37m/wd/hub/session/be03e5bd-e7ad-4e64-87aa-34fb7536a682/context[39m
[35m[HTTP][39m [90m{"name":"NATIVE_APP"}[39m
[35m[HTTP][39m [37m<-- POST /wd/hub/session/be03e5bd-e7ad-4e64-87aa-34fb7536a682/context [39m[32m200[39m [90m1 ms - 14[39m
[35m[HTTP][39m [90m[39m
[35m[HTTP][39m [37m-->[39m [37mPOST[39m [37m/wd/hub/session/be03e5bd-e7ad-4e64-87aa-34fb7536a682/timeouts[39m
[35m[HTTP][39m [90m{"implicit":50}[39m
[35m[HTTP][39m [37m<-- POST /wd/hub/session/be03e5bd-e7ad-4e64-87aa-34fb7536a682/timeouts [39m[32m200[39m [90m1 ms - 14[39m
[35m[HTTP][39m [90m[39m
[35m[HTTP][39m [37m-->[39m [37mGET[39m [37m/wd/hub/session/be03e5bd-e7ad-4e64-87aa-34fb7536a682/window/rect[39m
[35m[HTTP][39m [90m{}[39m
[35m[HTTP][39m [37m<-- GET /wd/hub/session/be03e5bd-e7ad-4e64-87aa-34fb7536a682/window/rect [39m[32m200[39m [90m15 ms - 49[39m
[35m[HTTP][39m [90m[39m
[35m[HTTP][39m [37m-->[39m [37mPOST[39m [37m/wd/hub/session/be03e5bd-e7ad-4e64-87aa-34fb7536a682/elements[39m
[35m[HTTP][39m [90m{"using":"xpath","value":"//*[@class = 'android.widget.Button' and (@text = 'Pilih Sekarang!' or . = 'Pilih Sekarang!') and @resource-id = 'com.kfc.mobile.hkStaging:id/button_choose_instant_reward']"}[39m
[35m[HTTP][39m [37m<-- POST /wd/hub/session/be03e5bd-e7ad-4e64-87aa-34fb7536a682/elements [39m[32m200[39m [90m271 ms - 12[39m
[35m[HTTP][39m [90m[39m
[35m[HTTP][39m [37m-->[39m [37mPOST[39m [37m/wd/hub/session/be03e5bd-e7ad-4e64-87aa-34fb7536a682/elements[39m
[35m[HTTP][39m [90m{"using":"xpath","value":"//*[@class = 'android.widget.Button' and (@text = 'Pilih Sekarang!' or . = 'Pilih Sekarang!') and @resource-id = 'com.kfc.mobile.hkStaging:id/button_choose_instant_reward']"}[39m
[35m[HTTP][39m [37m<-- POST /wd/hub/session/be03e5bd-e7ad-4e64-87aa-34fb7536a682/elements [39m[32m200[39m [90m131 ms - 12[39m
[35m[HTTP][39m [90m[39m
[35m[HTTP][39m [37m-->[39m [37mPOST[39m [37m/wd/hub/session/be03e5bd-e7ad-4e64-87aa-34fb7536a682/elements[39m
[35m[HTTP][39m [90m{"using":"xpath","value":"//*[@class = 'android.widget.Button' and (@text = 'Pilih Sekarang!' or . = 'Pilih Sekarang!') and @resource-id = 'com.kfc.mobile.hkStaging:id/button_choose_instant_reward']"}[39m
[35m[HTTP][39m [37m<-- POST /wd/hub/session/be03e5bd-e7ad-4e64-87aa-34fb7536a682/elements [39m[32m200[39m [90m155 ms - 12[39m
[35m[HTTP][39m [90m[39m
[35m[HTTP][39m [37m-->[39m [37mPOST[39m [37m/wd/hub/session/be03e5bd-e7ad-4e64-87aa-34fb7536a682/elements[39m
[35m[HTTP][39m [90m{"using":"xpath","value":"//*[@class = 'android.widget.Button' and (@text = 'Pilih Sekarang!' or . = 'Pilih Sekarang!') and @resource-id = 'com.kfc.mobile.hkStaging:id/button_choose_instant_reward']"}[39m
[35m[HTTP][39m [37m<-- POST /wd/hub/session/be03e5bd-e7ad-4e64-87aa-34fb7536a682/elements [39m[32m200[39m [90m2634 ms - 12[39m
[35m[HTTP][39m [90m[39m
[35m[HTTP][39m [37m-->[39m [37mPOST[39m [37m/wd/hub/session/be03e5bd-e7ad-4e64-87aa-34fb7536a682/elements[39m
[35m[HTTP][39m [90m{"using":"xpath","value":"//*[@class = 'android.widget.Button' and (@text = 'Pilih Sekarang!' or . = 'Pilih Sekarang!') and @resource-id = 'com.kfc.mobile.hkStaging:id/button_choose_instant_reward']"}[39m
[35m[HTTP][39m [37m<-- POST /wd/hub/session/be03e5bd-e7ad-4e64-87aa-34fb7536a682/elements [39m[32m200[39m [90m121 ms - 12[39m
[35m[HTTP][39m [90m[39m
[35m[HTTP][39m [37m-->[39m [37mPOST[39m [37m/wd/hub/session/be03e5bd-e7ad-4e64-87aa-34fb7536a682/elements[39m
[35m[HTTP][39m [90m{"using":"xpath","value":"//*[@class = 'android.widget.Button' and (@text = 'Pilih Sekarang!' or . = 'Pilih Sekarang!') and @resource-id = 'com.kfc.mobile.hkStaging:id/button_choose_instant_reward']"}[39m
[35m[HTTP][39m [37m<-- POST /wd/hub/session/be03e5bd-e7ad-4e64-87aa-34fb7536a682/elements [39m[32m200[39m [90m111 ms - 12[39m
[35m[HTTP][39m [90m[39m
[35m[HTTP][39m [37m-->[39m [37mPOST[39m [37m/wd/hub/session/be03e5bd-e7ad-4e64-87aa-34fb7536a682/elements[39m
[35m[HTTP][39m [90m{"using":"xpath","value":"//*[@class = 'android.widget.Button' and (@text = 'Pilih Sekarang!' or . = 'Pilih Sekarang!') and @resource-id = 'com.kfc.mobile.hkStaging:id/button_choose_instant_reward']"}[39m
[35m[HTTP][39m [37m<-- POST /wd/hub/session/be03e5bd-e7ad-4e64-87aa-34fb7536a682/elements [39m[32m200[39m [90m117 ms - 12[39m
[35m[HTTP][39m [90m[39m
[35m[HTTP][39m [37m-->[39m [37mPOST[39m [37m/wd/hub/session/be03e5bd-e7ad-4e64-87aa-34fb7536a682/elements[39m
[35m[HTTP][39m [90m{"using":"xpath","value":"//*[@class = 'android.widget.Button' and (@text = 'Pilih Sekarang!' or . = 'Pilih Sekarang!') and @resource-id = 'com.kfc.mobile.hkStaging:id/button_choose_instant_reward']"}[39m
[35m[HTTP][39m [37m<-- POST /wd/hub/session/be03e5bd-e7ad-4e64-87aa-34fb7536a682/elements [39m[32m200[39m [90m557 ms - 12[39m
[35m[HTTP][39m [90m[39m
[35m[HTTP][39m [37m-->[39m [37mPOST[39m [37m/wd/hub/session/be03e5bd-e7ad-4e64-87aa-34fb7536a682/elements[39m
[35m[HTTP][39m [90m{"using":"xpath","value":"//*[@class = 'android.widget.Button' and (@text = 'Pilih Sekarang!' or . = 'Pilih Sekarang!') and @resource-id = 'com.kfc.mobile.hkStaging:id/button_choose_instant_reward']"}[39m
[35m[HTTP][39m [37m<-- POST /wd/hub/session/be03e5bd-e7ad-4e64-87aa-34fb7536a682/elements [39m[32m200[39m [90m110 ms - 12[39m
[35m[HTTP][39m [90m[39m
[35m[HTTP][39m [37m-->[39m [37mPOST[39m [37m/wd/hub/session/be03e5bd-e7ad-4e64-87aa-34fb7536a682/elements[39m
[35m[HTTP][39m [90m{"using":"xpath","value":"//*[@class = 'android.widget.Button' and (@text = 'Pilih Sekarang!' or . = 'Pilih Sekarang!') and @resource-id = 'com.kfc.mobile.hkStaging:id/button_choose_instant_reward']"}[39m
[35m[HTTP][39m [37m<-- POST /wd/hub/session/be03e5bd-e7ad-4e64-87aa-34fb7536a682/elements [39m[32m200[39m [90m113 ms - 12[39m
[35m[HTTP][39m [90m[39m
[35m[HTTP][39m [37m-->[39m [37mPOST[39m [37m/wd/hub/session/be03e5bd-e7ad-4e64-87aa-34fb7536a682/elements[39m
[35m[HTTP][39m [90m{"using":"xpath","value":"//*[@class = 'android.widget.Button' and (@text = 'Pilih Sekarang!' or . = 'Pilih Sekarang!') and @resource-id = 'com.kfc.mobile.hkStaging:id/button_choose_instant_reward']"}[39m
[35m[HTTP][39m [37m<-- POST /wd/hub/session/be03e5bd-e7ad-4e64-87aa-34fb7536a682/elements [39m[32m200[39m [90m120 ms - 12[39m
[35m[HTTP][39m [90m[39m
[35m[HTTP][39m [37m-->[39m [37mPOST[39m [37m/wd/hub/session/be03e5bd-e7ad-4e64-87aa-34fb7536a682/elements[39m
[35m[HTTP][39m [90m{"using":"xpath","value":"//*[@class = 'android.widget.Button' and (@text = 'Pilih Sekarang!' or . = 'Pilih Sekarang!') and @resource-id = 'com.kfc.mobile.hkStaging:id/button_choose_instant_reward']"}[39m
[35m[HTTP][39m [37m<-- POST /wd/hub/session/be03e5bd-e7ad-4e64-87aa-34fb7536a682/elements [39m[32m200[39m [90m117 ms - 12[39m
[35m[HTTP][39m [90m[39m
[35m[HTTP][39m [37m-->[39m [37mPOST[39m [37m/wd/hub/session/be03e5bd-e7ad-4e64-87aa-34fb7536a682/elements[39m
[35m[HTTP][39m [90m{"using":"xpath","value":"//*[@class = 'android.widget.Button' and (@text = 'Pilih Sekarang!' or . = 'Pilih Sekarang!') and @resource-id = 'com.kfc.mobile.hkStaging:id/button_choose_instant_reward']"}[39m
[35m[HTTP][39m [37m<-- POST /wd/hub/session/be03e5bd-e7ad-4e64-87aa-34fb7536a682/elements [39m[32m200[39m [90m481 ms - 12[39m
[35m[HTTP][39m [90m[39m
[35m[HTTP][39m [37m-->[39m [37mPOST[39m [37m/wd/hub/session/be03e5bd-e7ad-4e64-87aa-34fb7536a682/elements[39m
[35m[HTTP][39m [90m{"using":"xpath","value":"//*[@class = 'android.widget.Button' and (@text = 'Pilih Sekarang!' or . = 'Pilih Sekarang!') and @resource-id = 'com.kfc.mobile.hkStaging:id/button_choose_instant_reward']"}[39m
[35m[HTTP][39m [37m<-- POST /wd/hub/session/be03e5bd-e7ad-4e64-87aa-34fb7536a682/elements [39m[32m200[39m [90m109 ms - 12[39m
[35m[HTTP][39m [90m[39m
[35m[HTTP][39m [37m-->[39m [37mPOST[39m [37m/wd/hub/session/be03e5bd-e7ad-4e64-87aa-34fb7536a682/elements[39m
[35m[HTTP][39m [90m{"using":"xpath","value":"//*[@class = 'android.widget.Button' and (@text = 'Pilih Sekarang!' or . = 'Pilih Sekarang!') and @resource-id = 'com.kfc.mobile.hkStaging:id/button_choose_instant_reward']"}[39m
[35m[HTTP][39m [37m<-- POST /wd/hub/session/be03e5bd-e7ad-4e64-87aa-34fb7536a682/elements [39m[32m200[39m [90m980 ms - 12[39m
[35m[HTTP][39m [90m[39m
[35m[HTTP][39m [37m-->[39m [37mPOST[39m [37m/wd/hub/session/be03e5bd-e7ad-4e64-87aa-34fb7536a682/elements[39m
[35m[HTTP][39m [90m{"using":"xpath","value":"//*[@class = 'android.widget.Button' and (@text = 'Pilih Sekarang!' or . = 'Pilih Sekarang!') and @resource-id = 'com.kfc.mobile.hkStaging:id/button_choose_instant_reward']"}[39m
[35m[HTTP][39m [37m<-- POST /wd/hub/session/be03e5bd-e7ad-4e64-87aa-34fb7536a682/elements [39m[32m200[39m [90m115 ms - 12[39m
[35m[HTTP][39m [90m[39m
[35m[HTTP][39m [37m-->[39m [37mPOST[39m [37m/wd/hub/session/be03e5bd-e7ad-4e64-87aa-34fb7536a682/elements[39m
[35m[HTTP][39m [90m{"using":"xpath","value":"//*[@class = 'android.widget.Button' and (@text = 'Pilih Sekarang!' or . = 'Pilih Sekarang!') and @resource-id = 'com.kfc.mobile.hkStaging:id/button_choose_instant_reward']"}[39m
[35m[HTTP][39m [37m<-- POST /wd/hub/session/be03e5bd-e7ad-4e64-87aa-34fb7536a682/elements [39m[32m-[39m [90m- ms - -[39m
[35m[HTTP][39m [90m[39m
