[35m[Appium][39m Welcome to Appium v1.22.3
[35m[Appium][39m Non-default server args:
[35m[Appium][39m   port: 53324
[35m[Appium][39m   loglevel: info
[35m[Appium][39m   tmpDir: C:\Users\AHADIA~1\AppData\Local\Temp\\Katalon\Appium\Temp1680691012844
[35m[Appium][39m   chromedriverPort: 53325
[35m[Appium][39m Deprecated server args:
[35m[Appium][39m   [31m--chromedriver-port[39m => --default-capabilities
[35m[Appium][39m Default capabilities, which will be added to each request unless overridden by desired capabilities:
[35m[Appium][39m   chromedriverPort: 53325
[35m[Appium][39m Appium REST http interface listener started on 0.0.0.0:53324
[35m[HTTP][39m [37m-->[39m [37mGET[39m [37m/wd/hub/status[39m
[35m[HTTP][39m [90m{}[39m
[35m[HTTP][39m [37m<-- GET /wd/hub/status [39m[32m200[39m [90m5 ms - 68[39m
[35m[HTTP][39m [90m[39m
[35m[HTTP][39m [37m-->[39m [37mPOST[39m [37m/wd/hub/session[39m
[35m[HTTP][39m [90m{"desiredCapabilities":{"appPackage":"com.kfc.mobile.hkStaging","noReset":true,"deviceId":"","deviceName":"OPPO CPH1801 (Android 7.1.1)","platform":"ANDROID","appActivity":"com.kfc.mobile.presentation.splash.SplashActivity","newCommandTimeout":1800,"platformVersion":"7.1.1","automationName":"uiautomator2","autoGrantPermissions":true,"platformName":"Android","udid":"aa14e06a","systemPort":8266},"capabilities":{"firstMatch":[{"appium:appActivity":"com.kfc.mobile.presentation.splash.SplashActivity","appium:appPackage":"com.kfc.mobile.hkStaging","appium:autoGrantPermissions":true,"appium:automationName":"uiautomator2","deviceId":"","appium:deviceName":"OPPO CPH1801 (Android 7.1.1)","appium:newCommandTimeout":1800,"appium:noReset":true,"platform":"ANDROID","platformName":"android","appium:platformVersion":"7.1.1","appium:systemPort":8266,"appium:udid":"aa14e06a"}]}}[39m
[35m[BaseDriver][39m The following capabilities are not standard capabilities and should have an extension prefix:
[35m[BaseDriver][39m   deviceId
[35m[BaseDriver][39m   platform
[35m[BaseDriver][39m   chromedriverPort
[35m[Appium][39m Appium v1.22.3 creating new AndroidUiautomator2Driver (v1.70.1) session
[35m[BaseDriver][39m The following capabilities were provided, but are not recognized by Appium:
[35m[BaseDriver][39m   deviceId
[35m[BaseDriver][39m   platform
[35m[BaseDriver][39m Session created with session id: b7dc5bd2-0a26-4679-b096-c151efd0dc00
[35m[UiAutomator2][39m Starting 'com.kfc.mobile.hkStaging' directly on the device
[35m[ADB][39m Found 1 'build-tools' folders under 'C:\Users\Ahadian Rifky\.katalon\tools\android_sdk' (newest first):
[35m[ADB][39m     C:/Users/Ahadian Rifky/.katalon/tools/android_sdk/build-tools/29.0.3
[35m[ADB][39m Using 'adb.exe' from 'C:\Users\Ahadian Rifky\.katalon\tools\android_sdk\platform-tools\adb.exe'
[35m[AndroidDriver][39m Retrieving device list
[35m[AndroidDriver][39m Using device: aa14e06a
[35m[ADB][39m Using 'adb.exe' from 'C:\Users\Ahadian Rifky\.katalon\tools\android_sdk\platform-tools\adb.exe'
[35m[AndroidDriver][39m No app sent in, not parsing package/activity
[35m[ADB][39m Using 'apksigner.jar' from 'C:\Users\Ahadian Rifky\.katalon\tools\android_sdk\build-tools\29.0.3\lib\apksigner.jar'
[35m[ADB][39m 'C:\Users\Ahadian Rifky\AppData\Roaming\npm\node_modules\appium\node_modules\appium-uiautomator2-server\apks\appium-uiautomator2-server-v4.27.0.apk' is signed with the default certificate
[35m[ADB][39m 'C:\Users\Ahadian Rifky\AppData\Roaming\npm\node_modules\appium\node_modules\appium-uiautomator2-server\apks\appium-uiautomator2-server-debug-androidTest.apk' is signed with the default certificate
[35m[UiAutomator2][39m Server packages are not going to be (re)installed
[35m[ADB][39m Adding packages ["io.appium.settings","io.appium.uiautomator2.server","io.appium.uiautomator2.server.test"] to Doze whitelist
[35m[UiAutomator2][39m Starting UIAutomator2 server 4.27.0
[35m[UiAutomator2][39m Using UIAutomator2 server from 'C:\Users\Ahadian Rifky\AppData\Roaming\npm\node_modules\appium\node_modules\appium-uiautomator2-server\apks\appium-uiautomator2-server-v4.27.0.apk' and test from 'C:\Users\Ahadian Rifky\AppData\Roaming\npm\node_modules\appium\node_modules\appium-uiautomator2-server\apks\appium-uiautomator2-server-debug-androidTest.apk'
[35m[UiAutomator2][39m Waiting up to 30000ms for UiAutomator2 to be online...
[35m[WD Proxy][39m socket hang up
[35m[WD Proxy][39m socket hang up
[35m[WD Proxy][39m socket hang up
[35m[WD Proxy][39m Determined the downstream protocol as 'W3C'
[35m[AndroidDriver][39m Screen already unlocked, doing nothing
[35m[UiAutomator2][39m Starting 'com.kfc.mobile.hkStaging/com.kfc.mobile.presentation.splash.SplashActivity and waiting for 'com.kfc.mobile.hkStaging/com.kfc.mobile.presentation.splash.SplashActivity'
[35m[Appium][39m New AndroidUiautomator2Driver session created successfully, session b7dc5bd2-0a26-4679-b096-c151efd0dc00 added to master session list
[35m[HTTP][39m [37m<-- POST /wd/hub/session [39m[32m200[39m [90m13732 ms - 1287[39m
[35m[HTTP][39m [90m[39m
[35m[HTTP][39m [37m-->[39m [37mGET[39m [37m/wd/hub/session/b7dc5bd2-0a26-4679-b096-c151efd0dc00[39m
[35m[HTTP][39m [90m{}[39m
[35m[HTTP][39m [37m<-- GET /wd/hub/session/b7dc5bd2-0a26-4679-b096-c151efd0dc00 [39m[32m200[39m [90m18 ms - 1241[39m
[35m[HTTP][39m [90m[39m
[35m[HTTP][39m [37m-->[39m [37mGET[39m [37m/wd/hub/session/b7dc5bd2-0a26-4679-b096-c151efd0dc00[39m
[35m[HTTP][39m [90m{}[39m
[35m[HTTP][39m [37m<-- GET /wd/hub/session/b7dc5bd2-0a26-4679-b096-c151efd0dc00 [39m[32m200[39m [90m15 ms - 1241[39m
[35m[HTTP][39m [90m[39m
[35m[HTTP][39m [37m-->[39m [37mGET[39m [37m/wd/hub/status[39m
[35m[HTTP][39m [90m{}[39m
[35m[HTTP][39m [37m<-- GET /wd/hub/status [39m[32m200[39m [90m1 ms - 68[39m
[35m[HTTP][39m [90m[39m
[35m[HTTP][39m [37m-->[39m [37mPOST[39m [37m/wd/hub/session/b7dc5bd2-0a26-4679-b096-c151efd0dc00/timeouts[39m
[35m[HTTP][39m [90m{"implicit":30000}[39m
[35m[HTTP][39m [37m<-- POST /wd/hub/session/b7dc5bd2-0a26-4679-b096-c151efd0dc00/timeouts [39m[32m200[39m [90m5 ms - 14[39m
[35m[HTTP][39m [90m[39m
[35m[HTTP][39m [37m-->[39m [37mGET[39m [37m/wd/hub/session/b7dc5bd2-0a26-4679-b096-c151efd0dc00/screenshot[39m
[35m[HTTP][39m [90m{}[39m
[35m[HTTP][39m [37m<-- GET /wd/hub/session/b7dc5bd2-0a26-4679-b096-c151efd0dc00/screenshot [39m[32m200[39m [90m488 ms - 258514[39m
[35m[HTTP][39m [90m[39m
[35m[HTTP][39m [37m-->[39m [37mGET[39m [37m/wd/hub/session/b7dc5bd2-0a26-4679-b096-c151efd0dc00/window/rect[39m
[35m[HTTP][39m [90m{}[39m
[35m[HTTP][39m [37m<-- GET /wd/hub/session/b7dc5bd2-0a26-4679-b096-c151efd0dc00/window/rect [39m[32m200[39m [90m24 ms - 49[39m
[35m[HTTP][39m [90m[39m
[35m[HTTP][39m [37m-->[39m [37mGET[39m [37m/wd/hub/session/b7dc5bd2-0a26-4679-b096-c151efd0dc00/appium/device/system_bars[39m
[35m[HTTP][39m [90m{}[39m
[35m[HTTP][39m [37m<-- GET /wd/hub/session/b7dc5bd2-0a26-4679-b096-c151efd0dc00/appium/device/system_bars [39m[31m500[39m [90m140 ms - 663[39m
[35m[HTTP][39m [90m[39m
[35m[HTTP][39m [37m-->[39m [37mPOST[39m [37m/wd/hub/session/b7dc5bd2-0a26-4679-b096-c151efd0dc00/execute/sync[39m
[35m[HTTP][39m [90m{"script":"mobile:viewportRect","args":[]}[39m
[35m[AndroidDriver][39m Executing native command 'mobile:viewportRect'
[35m[HTTP][39m [37m<-- POST /wd/hub/session/b7dc5bd2-0a26-4679-b096-c151efd0dc00/execute/sync [39m[32m200[39m [90m20 ms - 55[39m
[35m[HTTP][39m [90m[39m
[35m[HTTP][39m [37m-->[39m [37mPOST[39m [37m/wd/hub/session/b7dc5bd2-0a26-4679-b096-c151efd0dc00/appium/device/activate_app[39m
[35m[HTTP][39m [90m{"bundleId":"com.kfc.mobile.hkStaging"}[39m
[35m[HTTP][39m [37m<-- POST /wd/hub/session/b7dc5bd2-0a26-4679-b096-c151efd0dc00/appium/device/activate_app [39m[32m200[39m [90m1110 ms - 14[39m
[35m[HTTP][39m [90m[39m
[35m[HTTP][39m [37m-->[39m [37mPOST[39m [37m/wd/hub/session/b7dc5bd2-0a26-4679-b096-c151efd0dc00/timeouts[39m
[35m[HTTP][39m [90m{"implicit":50}[39m
[35m[HTTP][39m [37m<-- POST /wd/hub/session/b7dc5bd2-0a26-4679-b096-c151efd0dc00/timeouts [39m[32m200[39m [90m2 ms - 14[39m
[35m[HTTP][39m [90m[39m
[35m[HTTP][39m [37m-->[39m [37mGET[39m [37m/wd/hub/session/b7dc5bd2-0a26-4679-b096-c151efd0dc00/window/rect[39m
[35m[HTTP][39m [90m{}[39m
[35m[HTTP][39m [37m<-- GET /wd/hub/session/b7dc5bd2-0a26-4679-b096-c151efd0dc00/window/rect [39m[32m200[39m [90m17 ms - 49[39m
[35m[HTTP][39m [90m[39m
[35m[HTTP][39m [37m-->[39m [37mPOST[39m [37m/wd/hub/session/b7dc5bd2-0a26-4679-b096-c151efd0dc00/elements[39m
[35m[HTTP][39m [90m{"using":"xpath","value":"//*[@class = 'android.widget.TextView' and (@text = 'Beranda' or . = 'Beranda') and @resource-id = 'com.kfc.mobile.hkStaging:id/tvBottomHome']"}[39m
[35m[HTTP][39m [37m<-- POST /wd/hub/session/b7dc5bd2-0a26-4679-b096-c151efd0dc00/elements [39m[32m200[39m [90m3053 ms - 139[39m
[35m[HTTP][39m [90m[39m
[35m[HTTP][39m [37m-->[39m [37mGET[39m [37m/wd/hub/session/b7dc5bd2-0a26-4679-b096-c151efd0dc00/element/00000000-0000-02e8-7fff-ffff00000031/location[39m
[35m[HTTP][39m [90m{}[39m
[35m[W3C (b7dc5bd2)][39m Driver proxy active, passing request on via HTTP proxy
[35m[WD Proxy][39m Replacing sessionId cd30fcf9-0431-4d77-b8e9-02dd884d83ec with b7dc5bd2-0a26-4679-b096-c151efd0dc00
[35m[HTTP][39m [37m<-- GET /wd/hub/session/b7dc5bd2-0a26-4679-b096-c151efd0dc00/element/00000000-0000-02e8-7fff-ffff00000031/location [39m[32m200[39m [90m26 ms - 77[39m
[35m[HTTP][39m [90m[39m
[35m[HTTP][39m [37m-->[39m [37mPOST[39m [37m/wd/hub/session/b7dc5bd2-0a26-4679-b096-c151efd0dc00/timeouts[39m
[35m[HTTP][39m [90m{"implicit":30000}[39m
[35m[HTTP][39m [37m<-- POST /wd/hub/session/b7dc5bd2-0a26-4679-b096-c151efd0dc00/timeouts [39m[32m200[39m [90m2 ms - 14[39m
[35m[HTTP][39m [90m[39m
[35m[HTTP][39m [37m-->[39m [37mPOST[39m [37m/wd/hub/session/b7dc5bd2-0a26-4679-b096-c151efd0dc00/timeouts[39m
[35m[HTTP][39m [90m{"implicit":50}[39m
[35m[HTTP][39m [37m<-- POST /wd/hub/session/b7dc5bd2-0a26-4679-b096-c151efd0dc00/timeouts [39m[32m200[39m [90m3 ms - 14[39m
[35m[HTTP][39m [90m[39m
[35m[HTTP][39m [37m-->[39m [37mGET[39m [37m/wd/hub/session/b7dc5bd2-0a26-4679-b096-c151efd0dc00/window/rect[39m
[35m[HTTP][39m [90m{}[39m
[35m[HTTP][39m [37m<-- GET /wd/hub/session/b7dc5bd2-0a26-4679-b096-c151efd0dc00/window/rect [39m[32m200[39m [90m15 ms - 49[39m
[35m[HTTP][39m [90m[39m
[35m[HTTP][39m [37m-->[39m [37mPOST[39m [37m/wd/hub/session/b7dc5bd2-0a26-4679-b096-c151efd0dc00/elements[39m
[35m[HTTP][39m [90m{"using":"xpath","value":"//*[@class = 'android.widget.TextView' and (@text = 'Beranda' or . = 'Beranda') and @resource-id = 'com.kfc.mobile.hkStaging:id/tvBottomHome']"}[39m
[35m[HTTP][39m [37m<-- POST /wd/hub/session/b7dc5bd2-0a26-4679-b096-c151efd0dc00/elements [39m[32m200[39m [90m305 ms - 139[39m
[35m[HTTP][39m [90m[39m
[35m[HTTP][39m [37m-->[39m [37mGET[39m [37m/wd/hub/session/b7dc5bd2-0a26-4679-b096-c151efd0dc00/element/00000000-0000-02e8-7fff-ffff00000031/location[39m
[35m[HTTP][39m [90m{}[39m
[35m[W3C (b7dc5bd2)][39m Driver proxy active, passing request on via HTTP proxy
[35m[WD Proxy][39m Replacing sessionId cd30fcf9-0431-4d77-b8e9-02dd884d83ec with b7dc5bd2-0a26-4679-b096-c151efd0dc00
[35m[HTTP][39m [37m<-- GET /wd/hub/session/b7dc5bd2-0a26-4679-b096-c151efd0dc00/element/00000000-0000-02e8-7fff-ffff00000031/location [39m[32m200[39m [90m22 ms - 77[39m
[35m[HTTP][39m [90m[39m
[35m[HTTP][39m [37m-->[39m [37mPOST[39m [37m/wd/hub/session/b7dc5bd2-0a26-4679-b096-c151efd0dc00/timeouts[39m
[35m[HTTP][39m [90m{"implicit":30000}[39m
[35m[HTTP][39m [37m<-- POST /wd/hub/session/b7dc5bd2-0a26-4679-b096-c151efd0dc00/timeouts [39m[32m200[39m [90m2 ms - 14[39m
[35m[HTTP][39m [90m[39m
[35m[HTTP][39m [37m-->[39m [37mPOST[39m [37m/wd/hub/session/b7dc5bd2-0a26-4679-b096-c151efd0dc00/element/00000000-0000-02e8-7fff-ffff00000031/click[39m
[35m[HTTP][39m [90m{"id":"00000000-0000-02e8-7fff-ffff00000031"}[39m
[35m[HTTP][39m [37m<-- POST /wd/hub/session/b7dc5bd2-0a26-4679-b096-c151efd0dc00/element/00000000-0000-02e8-7fff-ffff00000031/click [39m[32m200[39m [90m34 ms - 14[39m
[35m[HTTP][39m [90m[39m
[35m[HTTP][39m [37m-->[39m [37mGET[39m [37m/wd/hub/session/b7dc5bd2-0a26-4679-b096-c151efd0dc00/context[39m
[35m[HTTP][39m [90m{}[39m
[35m[HTTP][39m [37m<-- GET /wd/hub/session/b7dc5bd2-0a26-4679-b096-c151efd0dc00/context [39m[32m200[39m [90m1 ms - 22[39m
[35m[HTTP][39m [90m[39m
[35m[HTTP][39m [37m-->[39m [37mGET[39m [37m/wd/hub/session/b7dc5bd2-0a26-4679-b096-c151efd0dc00/contexts[39m
[35m[HTTP][39m [90m{}[39m
[35m[HTTP][39m [37m<-- GET /wd/hub/session/b7dc5bd2-0a26-4679-b096-c151efd0dc00/contexts [39m[32m200[39m [90m74 ms - 24[39m
[35m[HTTP][39m [90m[39m
[35m[HTTP][39m [37m-->[39m [37mPOST[39m [37m/wd/hub/session/b7dc5bd2-0a26-4679-b096-c151efd0dc00/context[39m
[35m[HTTP][39m [90m{"name":"NATIVE_APP"}[39m
[35m[HTTP][39m [37m<-- POST /wd/hub/session/b7dc5bd2-0a26-4679-b096-c151efd0dc00/context [39m[32m200[39m [90m1 ms - 14[39m
[35m[HTTP][39m [90m[39m
[35m[HTTP][39m [37m-->[39m [37mPOST[39m [37m/wd/hub/session/b7dc5bd2-0a26-4679-b096-c151efd0dc00/touch/perform[39m
[35m[HTTP][39m [90m{"actions":[{"action":"press","options":{"x":281,"y":500}},{"action":"wait","options":{"ms":500}},{"action":"moveTo","options":{"x":434,"y":161}},{"action":"release","options":{}}]}[39m
[35m[HTTP][39m [37m<-- POST /wd/hub/session/b7dc5bd2-0a26-4679-b096-c151efd0dc00/touch/perform [39m[32m200[39m [90m1022 ms - 14[39m
[35m[HTTP][39m [90m[39m
[35m[HTTP][39m [37m-->[39m [37mPOST[39m [37m/wd/hub/session/b7dc5bd2-0a26-4679-b096-c151efd0dc00/context[39m
[35m[HTTP][39m [90m{"name":"NATIVE_APP"}[39m
[35m[HTTP][39m [37m<-- POST /wd/hub/session/b7dc5bd2-0a26-4679-b096-c151efd0dc00/context [39m[32m200[39m [90m1 ms - 14[39m
[35m[HTTP][39m [90m[39m
[35m[HTTP][39m [37m-->[39m [37mPOST[39m [37m/wd/hub/session/b7dc5bd2-0a26-4679-b096-c151efd0dc00/timeouts[39m
[35m[HTTP][39m [90m{"implicit":50}[39m
[35m[HTTP][39m [37m<-- POST /wd/hub/session/b7dc5bd2-0a26-4679-b096-c151efd0dc00/timeouts [39m[32m200[39m [90m1 ms - 14[39m
[35m[HTTP][39m [90m[39m
[35m[HTTP][39m [37m-->[39m [37mGET[39m [37m/wd/hub/session/b7dc5bd2-0a26-4679-b096-c151efd0dc00/window/rect[39m
[35m[HTTP][39m [90m{}[39m
[35m[HTTP][39m [37m<-- GET /wd/hub/session/b7dc5bd2-0a26-4679-b096-c151efd0dc00/window/rect [39m[32m200[39m [90m14 ms - 49[39m
[35m[HTTP][39m [90m[39m
[35m[HTTP][39m [37m-->[39m [37mPOST[39m [37m/wd/hub/session/b7dc5bd2-0a26-4679-b096-c151efd0dc00/elements[39m
[35m[HTTP][39m [90m{"using":"xpath","value":"//*[@class = 'android.widget.TextView' and (@text = 'DINE-IN' or . = 'DINE-IN') and @resource-id = 'com.kfc.mobile.hkStaging:id/textViewOrderTypeName']"}[39m
[35m[HTTP][39m [37m<-- POST /wd/hub/session/b7dc5bd2-0a26-4679-b096-c151efd0dc00/elements [39m[32m200[39m [90m488 ms - 139[39m
[35m[HTTP][39m [90m[39m
[35m[HTTP][39m [37m-->[39m [37mGET[39m [37m/wd/hub/session/b7dc5bd2-0a26-4679-b096-c151efd0dc00/element/00000000-0000-02e8-7fff-ffff00000049/location[39m
[35m[HTTP][39m [90m{}[39m
[35m[W3C (b7dc5bd2)][39m Driver proxy active, passing request on via HTTP proxy
[35m[WD Proxy][39m Replacing sessionId cd30fcf9-0431-4d77-b8e9-02dd884d83ec with b7dc5bd2-0a26-4679-b096-c151efd0dc00
[35m[HTTP][39m [37m<-- GET /wd/hub/session/b7dc5bd2-0a26-4679-b096-c151efd0dc00/element/00000000-0000-02e8-7fff-ffff00000049/location [39m[32m200[39m [90m23 ms - 78[39m
[35m[HTTP][39m [90m[39m
[35m[HTTP][39m [37m-->[39m [37mPOST[39m [37m/wd/hub/session/b7dc5bd2-0a26-4679-b096-c151efd0dc00/timeouts[39m
[35m[HTTP][39m [90m{"implicit":30000}[39m
[35m[HTTP][39m [37m<-- POST /wd/hub/session/b7dc5bd2-0a26-4679-b096-c151efd0dc00/timeouts [39m[32m200[39m [90m2 ms - 14[39m
[35m[HTTP][39m [90m[39m
[35m[HTTP][39m [37m-->[39m [37mPOST[39m [37m/wd/hub/session/b7dc5bd2-0a26-4679-b096-c151efd0dc00/element/00000000-0000-02e8-7fff-ffff00000049/click[39m
[35m[HTTP][39m [90m{"id":"00000000-0000-02e8-7fff-ffff00000049"}[39m
[35m[HTTP][39m [37m<-- POST /wd/hub/session/b7dc5bd2-0a26-4679-b096-c151efd0dc00/element/00000000-0000-02e8-7fff-ffff00000049/click [39m[32m200[39m [90m31 ms - 14[39m
[35m[HTTP][39m [90m[39m
[35m[HTTP][39m [37m-->[39m [37mPOST[39m [37m/wd/hub/session/b7dc5bd2-0a26-4679-b096-c151efd0dc00/timeouts[39m
[35m[HTTP][39m [90m{"implicit":50}[39m
[35m[HTTP][39m [37m<-- POST /wd/hub/session/b7dc5bd2-0a26-4679-b096-c151efd0dc00/timeouts [39m[32m200[39m [90m2 ms - 14[39m
[35m[HTTP][39m [90m[39m
[35m[HTTP][39m [37m-->[39m [37mGET[39m [37m/wd/hub/session/b7dc5bd2-0a26-4679-b096-c151efd0dc00/window/rect[39m
[35m[HTTP][39m [90m{}[39m
[35m[HTTP][39m [37m<-- GET /wd/hub/session/b7dc5bd2-0a26-4679-b096-c151efd0dc00/window/rect [39m[32m200[39m [90m14 ms - 49[39m
[35m[HTTP][39m [90m[39m
[35m[HTTP][39m [37m-->[39m [37mPOST[39m [37m/wd/hub/session/b7dc5bd2-0a26-4679-b096-c151efd0dc00/elements[39m
[35m[HTTP][39m [90m{"using":"xpath","value":"//*[@class = 'android.widget.TextView' and (@text = 'Cari Gerai KFC' or . = 'Cari Gerai KFC') and @resource-id = 'com.kfc.mobile.hkStaging:id/text_view_label_input_outlet']"}[39m
[35m[HTTP][39m [37m<-- POST /wd/hub/session/b7dc5bd2-0a26-4679-b096-c151efd0dc00/elements [39m[32m200[39m [90m2724 ms - 139[39m
[35m[HTTP][39m [90m[39m
[35m[HTTP][39m [37m-->[39m [37mGET[39m [37m/wd/hub/session/b7dc5bd2-0a26-4679-b096-c151efd0dc00/element/00000000-0000-02e9-7fff-ffff000000d7/location[39m
[35m[HTTP][39m [90m{}[39m
[35m[W3C (b7dc5bd2)][39m Driver proxy active, passing request on via HTTP proxy
[35m[WD Proxy][39m Replacing sessionId cd30fcf9-0431-4d77-b8e9-02dd884d83ec with b7dc5bd2-0a26-4679-b096-c151efd0dc00
[35m[HTTP][39m [37m<-- GET /wd/hub/session/b7dc5bd2-0a26-4679-b096-c151efd0dc00/element/00000000-0000-02e9-7fff-ffff000000d7/location [39m[32m200[39m [90m18 ms - 77[39m
[35m[HTTP][39m [90m[39m
[35m[HTTP][39m [37m-->[39m [37mPOST[39m [37m/wd/hub/session/b7dc5bd2-0a26-4679-b096-c151efd0dc00/timeouts[39m
[35m[HTTP][39m [90m{"implicit":30000}[39m
[35m[HTTP][39m [37m<-- POST /wd/hub/session/b7dc5bd2-0a26-4679-b096-c151efd0dc00/timeouts [39m[32m200[39m [90m1 ms - 14[39m
[35m[HTTP][39m [90m[39m
[35m[HTTP][39m [37m-->[39m [37mPOST[39m [37m/wd/hub/session/b7dc5bd2-0a26-4679-b096-c151efd0dc00/element/00000000-0000-02e9-7fff-ffff000000d7/click[39m
[35m[HTTP][39m [90m{"id":"00000000-0000-02e9-7fff-ffff000000d7"}[39m
[35m[HTTP][39m [37m<-- POST /wd/hub/session/b7dc5bd2-0a26-4679-b096-c151efd0dc00/element/00000000-0000-02e9-7fff-ffff000000d7/click [39m[32m200[39m [90m28 ms - 14[39m
[35m[HTTP][39m [90m[39m
[35m[HTTP][39m [37m-->[39m [37mPOST[39m [37m/wd/hub/session/b7dc5bd2-0a26-4679-b096-c151efd0dc00/timeouts[39m
[35m[HTTP][39m [90m{"implicit":50}[39m
[35m[HTTP][39m [37m<-- POST /wd/hub/session/b7dc5bd2-0a26-4679-b096-c151efd0dc00/timeouts [39m[32m200[39m [90m1 ms - 14[39m
[35m[HTTP][39m [90m[39m
[35m[HTTP][39m [37m-->[39m [37mGET[39m [37m/wd/hub/session/b7dc5bd2-0a26-4679-b096-c151efd0dc00/window/rect[39m
[35m[HTTP][39m [90m{}[39m
[35m[HTTP][39m [37m<-- GET /wd/hub/session/b7dc5bd2-0a26-4679-b096-c151efd0dc00/window/rect [39m[32m200[39m [90m16 ms - 49[39m
[35m[HTTP][39m [90m[39m
[35m[HTTP][39m [37m-->[39m [37mPOST[39m [37m/wd/hub/session/b7dc5bd2-0a26-4679-b096-c151efd0dc00/elements[39m
[35m[HTTP][39m [90m{"using":"xpath","value":"//*[@class = 'android.widget.EditText' and (@text = 'Cari Gerai KFC' or . = 'Cari Gerai KFC') and @resource-id = 'com.kfc.mobile.hkStaging:id/edit_text_search_outlet']"}[39m
[35m[HTTP][39m [37m<-- POST /wd/hub/session/b7dc5bd2-0a26-4679-b096-c151efd0dc00/elements [39m[32m200[39m [90m948 ms - 139[39m
[35m[HTTP][39m [90m[39m
[35m[HTTP][39m [37m-->[39m [37mGET[39m [37m/wd/hub/session/b7dc5bd2-0a26-4679-b096-c151efd0dc00/element/00000000-0000-02e9-7fff-ffff000000d9/location[39m
[35m[HTTP][39m [90m{}[39m
[35m[W3C (b7dc5bd2)][39m Driver proxy active, passing request on via HTTP proxy
[35m[WD Proxy][39m Replacing sessionId cd30fcf9-0431-4d77-b8e9-02dd884d83ec with b7dc5bd2-0a26-4679-b096-c151efd0dc00
[35m[HTTP][39m [37m<-- GET /wd/hub/session/b7dc5bd2-0a26-4679-b096-c151efd0dc00/element/00000000-0000-02e9-7fff-ffff000000d9/location [39m[32m200[39m [90m1738 ms - 78[39m
[35m[HTTP][39m [90m[39m
[35m[HTTP][39m [37m-->[39m [37mPOST[39m [37m/wd/hub/session/b7dc5bd2-0a26-4679-b096-c151efd0dc00/timeouts[39m
[35m[HTTP][39m [90m{"implicit":30000}[39m
[35m[HTTP][39m [37m<-- POST /wd/hub/session/b7dc5bd2-0a26-4679-b096-c151efd0dc00/timeouts [39m[32m200[39m [90m2 ms - 14[39m
[35m[HTTP][39m [90m[39m
[35m[HTTP][39m [37m-->[39m [37mPOST[39m [37m/wd/hub/session/b7dc5bd2-0a26-4679-b096-c151efd0dc00/element/00000000-0000-02e9-7fff-ffff000000d9/clear[39m
[35m[HTTP][39m [90m{"id":"00000000-0000-02e9-7fff-ffff000000d9"}[39m
[35m[HTTP][39m [37m<-- POST /wd/hub/session/b7dc5bd2-0a26-4679-b096-c151efd0dc00/element/00000000-0000-02e9-7fff-ffff000000d9/clear [39m[32m200[39m [90m33 ms - 14[39m
[35m[HTTP][39m [90m[39m
[35m[HTTP][39m [37m-->[39m [37mPOST[39m [37m/wd/hub/session/b7dc5bd2-0a26-4679-b096-c151efd0dc00/element/00000000-0000-02e9-7fff-ffff000000d9/value[39m
[35m[HTTP][39m [90m{"id":"00000000-0000-02e9-7fff-ffff000000d9","text":"MT Haryono","value":["M","T"," ","H","a","r","y","o","n","o"]}[39m
[35m[HTTP][39m [37m<-- POST /wd/hub/session/b7dc5bd2-0a26-4679-b096-c151efd0dc00/element/00000000-0000-02e9-7fff-ffff000000d9/value [39m[32m200[39m [90m1113 ms - 14[39m
[35m[HTTP][39m [90m[39m
[35m[HTTP][39m [37m-->[39m [37mGET[39m [37m/wd/hub/session/b7dc5bd2-0a26-4679-b096-c151efd0dc00/context[39m
[35m[HTTP][39m [90m{}[39m
[35m[HTTP][39m [37m<-- GET /wd/hub/session/b7dc5bd2-0a26-4679-b096-c151efd0dc00/context [39m[32m200[39m [90m1 ms - 22[39m
[35m[HTTP][39m [90m[39m
[35m[HTTP][39m [37m-->[39m [37mGET[39m [37m/wd/hub/session/b7dc5bd2-0a26-4679-b096-c151efd0dc00/contexts[39m
[35m[HTTP][39m [90m{}[39m
[35m[HTTP][39m [37m<-- GET /wd/hub/session/b7dc5bd2-0a26-4679-b096-c151efd0dc00/contexts [39m[32m200[39m [90m100 ms - 24[39m
[35m[HTTP][39m [90m[39m
[35m[HTTP][39m [37m-->[39m [37mPOST[39m [37m/wd/hub/session/b7dc5bd2-0a26-4679-b096-c151efd0dc00/context[39m
[35m[HTTP][39m [90m{"name":"NATIVE_APP"}[39m
[35m[HTTP][39m [37m<-- POST /wd/hub/session/b7dc5bd2-0a26-4679-b096-c151efd0dc00/context [39m[32m200[39m [90m2 ms - 14[39m
[35m[HTTP][39m [90m[39m
[35m[HTTP][39m [37m-->[39m [37mPOST[39m [37m/wd/hub/session/b7dc5bd2-0a26-4679-b096-c151efd0dc00/appium/device/hide_keyboard[39m
[35m[HTTP][39m [90m{}[39m
[35m[HTTP][39m [37m<-- POST /wd/hub/session/b7dc5bd2-0a26-4679-b096-c151efd0dc00/appium/device/hide_keyboard [39m[32m200[39m [90m2713 ms - 14[39m
[35m[HTTP][39m [90m[39m
[35m[HTTP][39m [37m-->[39m [37mPOST[39m [37m/wd/hub/session/b7dc5bd2-0a26-4679-b096-c151efd0dc00/context[39m
[35m[HTTP][39m [90m{"name":"NATIVE_APP"}[39m
[35m[HTTP][39m [37m<-- POST /wd/hub/session/b7dc5bd2-0a26-4679-b096-c151efd0dc00/context [39m[32m200[39m [90m2 ms - 14[39m
[35m[HTTP][39m [90m[39m
[35m[HTTP][39m [37m-->[39m [37mPOST[39m [37m/wd/hub/session/b7dc5bd2-0a26-4679-b096-c151efd0dc00/timeouts[39m
[35m[HTTP][39m [90m{"implicit":50}[39m
[35m[HTTP][39m [37m<-- POST /wd/hub/session/b7dc5bd2-0a26-4679-b096-c151efd0dc00/timeouts [39m[32m200[39m [90m1 ms - 14[39m
[35m[HTTP][39m [90m[39m
[35m[HTTP][39m [37m-->[39m [37mGET[39m [37m/wd/hub/session/b7dc5bd2-0a26-4679-b096-c151efd0dc00/window/rect[39m
[35m[HTTP][39m [90m{}[39m
[35m[HTTP][39m [37m<-- GET /wd/hub/session/b7dc5bd2-0a26-4679-b096-c151efd0dc00/window/rect [39m[32m200[39m [90m14 ms - 49[39m
[35m[HTTP][39m [90m[39m
[35m[HTTP][39m [37m-->[39m [37mPOST[39m [37m/wd/hub/session/b7dc5bd2-0a26-4679-b096-c151efd0dc00/elements[39m
[35m[HTTP][39m [90m{"using":"xpath","value":"//*[@class = 'android.widget.TextView' and (@text = 'MT HARYONO JAKARTA' or . = 'MT HARYONO JAKARTA') and @resource-id = 'com.kfc.mobile.hkStaging:id/tvPlace']"}[39m
[35m[HTTP][39m [37m<-- POST /wd/hub/session/b7dc5bd2-0a26-4679-b096-c151efd0dc00/elements [39m[32m200[39m [90m149 ms - 12[39m
[35m[HTTP][39m [90m[39m
[35m[HTTP][39m [37m-->[39m [37mPOST[39m [37m/wd/hub/session/b7dc5bd2-0a26-4679-b096-c151efd0dc00/elements[39m
[35m[HTTP][39m [90m{"using":"xpath","value":"//*[@class = 'android.widget.TextView' and (@text = 'MT HARYONO JAKARTA' or . = 'MT HARYONO JAKARTA') and @resource-id = 'com.kfc.mobile.hkStaging:id/tvPlace']"}[39m
[35m[HTTP][39m [37m<-- POST /wd/hub/session/b7dc5bd2-0a26-4679-b096-c151efd0dc00/elements [39m[32m200[39m [90m548 ms - 12[39m
[35m[HTTP][39m [90m[39m
[35m[HTTP][39m [37m-->[39m [37mPOST[39m [37m/wd/hub/session/b7dc5bd2-0a26-4679-b096-c151efd0dc00/elements[39m
[35m[HTTP][39m [90m{"using":"xpath","value":"//*[@class = 'android.widget.TextView' and (@text = 'MT HARYONO JAKARTA' or . = 'MT HARYONO JAKARTA') and @resource-id = 'com.kfc.mobile.hkStaging:id/tvPlace']"}[39m
[35m[HTTP][39m [37m<-- POST /wd/hub/session/b7dc5bd2-0a26-4679-b096-c151efd0dc00/elements [39m[32m200[39m [90m143 ms - 12[39m
[35m[HTTP][39m [90m[39m
[35m[HTTP][39m [37m-->[39m [37mPOST[39m [37m/wd/hub/session/b7dc5bd2-0a26-4679-b096-c151efd0dc00/elements[39m
[35m[HTTP][39m [90m{"using":"xpath","value":"//*[@class = 'android.widget.TextView' and (@text = 'MT HARYONO JAKARTA' or . = 'MT HARYONO JAKARTA') and @resource-id = 'com.kfc.mobile.hkStaging:id/tvPlace']"}[39m
[35m[HTTP][39m [37m<-- POST /wd/hub/session/b7dc5bd2-0a26-4679-b096-c151efd0dc00/elements [39m[32m200[39m [90m128 ms - 12[39m
[35m[HTTP][39m [90m[39m
[35m[HTTP][39m [37m-->[39m [37mPOST[39m [37m/wd/hub/session/b7dc5bd2-0a26-4679-b096-c151efd0dc00/elements[39m
[35m[HTTP][39m [90m{"using":"xpath","value":"//*[@class = 'android.widget.TextView' and (@text = 'MT HARYONO JAKARTA' or . = 'MT HARYONO JAKARTA') and @resource-id = 'com.kfc.mobile.hkStaging:id/tvPlace']"}[39m
[35m[HTTP][39m [37m<-- POST /wd/hub/session/b7dc5bd2-0a26-4679-b096-c151efd0dc00/elements [39m[32m200[39m [90m2195 ms - 12[39m
[35m[HTTP][39m [90m[39m
[35m[HTTP][39m [37m-->[39m [37mPOST[39m [37m/wd/hub/session/b7dc5bd2-0a26-4679-b096-c151efd0dc00/elements[39m
[35m[HTTP][39m [90m{"using":"xpath","value":"//*[@class = 'android.widget.TextView' and (@text = 'MT HARYONO JAKARTA' or . = 'MT HARYONO JAKARTA') and @resource-id = 'com.kfc.mobile.hkStaging:id/tvPlace']"}[39m
[35m[HTTP][39m [37m<-- POST /wd/hub/session/b7dc5bd2-0a26-4679-b096-c151efd0dc00/elements [39m[32m200[39m [90m500 ms - 12[39m
[35m[HTTP][39m [90m[39m
[35m[HTTP][39m [37m-->[39m [37mPOST[39m [37m/wd/hub/session/b7dc5bd2-0a26-4679-b096-c151efd0dc00/elements[39m
[35m[HTTP][39m [90m{"using":"xpath","value":"//*[@class = 'android.widget.TextView' and (@text = 'MT HARYONO JAKARTA' or . = 'MT HARYONO JAKARTA') and @resource-id = 'com.kfc.mobile.hkStaging:id/tvPlace']"}[39m
[35m[HTTP][39m [37m<-- POST /wd/hub/session/b7dc5bd2-0a26-4679-b096-c151efd0dc00/elements [39m[32m200[39m [90m154 ms - 12[39m
[35m[HTTP][39m [90m[39m
[35m[HTTP][39m [37m-->[39m [37mPOST[39m [37m/wd/hub/session/b7dc5bd2-0a26-4679-b096-c151efd0dc00/elements[39m
[35m[HTTP][39m [90m{"using":"xpath","value":"//*[@class = 'android.widget.TextView' and (@text = 'MT HARYONO JAKARTA' or . = 'MT HARYONO JAKARTA') and @resource-id = 'com.kfc.mobile.hkStaging:id/tvPlace']"}[39m
[35m[HTTP][39m [37m<-- POST /wd/hub/session/b7dc5bd2-0a26-4679-b096-c151efd0dc00/elements [39m[32m200[39m [90m156 ms - 12[39m
[35m[HTTP][39m [90m[39m
[35m[HTTP][39m [37m-->[39m [37mPOST[39m [37m/wd/hub/session/b7dc5bd2-0a26-4679-b096-c151efd0dc00/elements[39m
[35m[HTTP][39m [90m{"using":"xpath","value":"//*[@class = 'android.widget.TextView' and (@text = 'MT HARYONO JAKARTA' or . = 'MT HARYONO JAKARTA') and @resource-id = 'com.kfc.mobile.hkStaging:id/tvPlace']"}[39m
[35m[HTTP][39m [37m<-- POST /wd/hub/session/b7dc5bd2-0a26-4679-b096-c151efd0dc00/elements [39m[32m200[39m [90m993 ms - 12[39m
[35m[HTTP][39m [90m[39m
[35m[HTTP][39m [37m-->[39m [37mPOST[39m [37m/wd/hub/session/b7dc5bd2-0a26-4679-b096-c151efd0dc00/timeouts[39m
[35m[HTTP][39m [90m{"implicit":30000}[39m
[35m[HTTP][39m [37m<-- POST /wd/hub/session/b7dc5bd2-0a26-4679-b096-c151efd0dc00/timeouts [39m[32m200[39m [90m1 ms - 14[39m
[35m[HTTP][39m [90m[39m
[35m[HTTP][39m [37m-->[39m [37mPOST[39m [37m/wd/hub/session/b7dc5bd2-0a26-4679-b096-c151efd0dc00/timeouts[39m
[35m[HTTP][39m [90m{"implicit":50}[39m
[35m[HTTP][39m [37m<-- POST /wd/hub/session/b7dc5bd2-0a26-4679-b096-c151efd0dc00/timeouts [39m[32m200[39m [90m2 ms - 14[39m
[35m[HTTP][39m [90m[39m
[35m[HTTP][39m [37m-->[39m [37mGET[39m [37m/wd/hub/session/b7dc5bd2-0a26-4679-b096-c151efd0dc00/window/rect[39m
[35m[HTTP][39m [90m{}[39m
[35m[HTTP][39m [37m<-- GET /wd/hub/session/b7dc5bd2-0a26-4679-b096-c151efd0dc00/window/rect [39m[32m200[39m [90m14 ms - 49[39m
[35m[HTTP][39m [90m[39m
[35m[HTTP][39m [37m-->[39m [37mPOST[39m [37m/wd/hub/session/b7dc5bd2-0a26-4679-b096-c151efd0dc00/elements[39m
[35m[HTTP][39m [90m{"using":"xpath","value":"//*[@class = 'android.widget.Button' and (@text = 'Pilih Gerai' or . = 'Pilih Gerai') and @resource-id = 'com.kfc.mobile.hkStaging:id/button_select_outlet']"}[39m
[35m[HTTP][39m [37m<-- POST /wd/hub/session/b7dc5bd2-0a26-4679-b096-c151efd0dc00/elements [39m[32m200[39m [90m145 ms - 139[39m
[35m[HTTP][39m [90m[39m
[35m[HTTP][39m [37m-->[39m [37mGET[39m [37m/wd/hub/session/b7dc5bd2-0a26-4679-b096-c151efd0dc00/element/00000000-0000-02e9-7fff-ffff00000119/location[39m
[35m[HTTP][39m [90m{}[39m
[35m[W3C (b7dc5bd2)][39m Driver proxy active, passing request on via HTTP proxy
[35m[WD Proxy][39m Replacing sessionId cd30fcf9-0431-4d77-b8e9-02dd884d83ec with b7dc5bd2-0a26-4679-b096-c151efd0dc00
[35m[HTTP][39m [37m<-- GET /wd/hub/session/b7dc5bd2-0a26-4679-b096-c151efd0dc00/element/00000000-0000-02e9-7fff-ffff00000119/location [39m[32m200[39m [90m21 ms - 78[39m
[35m[HTTP][39m [90m[39m
[35m[HTTP][39m [37m-->[39m [37mPOST[39m [37m/wd/hub/session/b7dc5bd2-0a26-4679-b096-c151efd0dc00/timeouts[39m
[35m[HTTP][39m [90m{"implicit":30000}[39m
[35m[HTTP][39m [37m<-- POST /wd/hub/session/b7dc5bd2-0a26-4679-b096-c151efd0dc00/timeouts [39m[32m200[39m [90m1 ms - 14[39m
[35m[HTTP][39m [90m[39m
[35m[HTTP][39m [37m-->[39m [37mPOST[39m [37m/wd/hub/session/b7dc5bd2-0a26-4679-b096-c151efd0dc00/element/00000000-0000-02e9-7fff-ffff00000119/click[39m
[35m[HTTP][39m [90m{"id":"00000000-0000-02e9-7fff-ffff00000119"}[39m
[35m[HTTP][39m [37m<-- POST /wd/hub/session/b7dc5bd2-0a26-4679-b096-c151efd0dc00/element/00000000-0000-02e9-7fff-ffff00000119/click [39m[32m200[39m [90m30 ms - 14[39m
[35m[HTTP][39m [90m[39m
[35m[HTTP][39m [37m-->[39m [37mPOST[39m [37m/wd/hub/session/b7dc5bd2-0a26-4679-b096-c151efd0dc00/timeouts[39m
[35m[HTTP][39m [90m{"implicit":50}[39m
[35m[HTTP][39m [37m<-- POST /wd/hub/session/b7dc5bd2-0a26-4679-b096-c151efd0dc00/timeouts [39m[32m200[39m [90m1 ms - 14[39m
[35m[HTTP][39m [90m[39m
[35m[HTTP][39m [37m-->[39m [37mGET[39m [37m/wd/hub/session/b7dc5bd2-0a26-4679-b096-c151efd0dc00/window/rect[39m
[35m[HTTP][39m [90m{}[39m
[35m[HTTP][39m [37m<-- GET /wd/hub/session/b7dc5bd2-0a26-4679-b096-c151efd0dc00/window/rect [39m[32m200[39m [90m14 ms - 49[39m
[35m[HTTP][39m [90m[39m
[35m[HTTP][39m [37m-->[39m [37mPOST[39m [37m/wd/hub/session/b7dc5bd2-0a26-4679-b096-c151efd0dc00/elements[39m
[35m[HTTP][39m [90m{"using":"xpath","value":"//*[@class = 'android.widget.FrameLayout' and @resource-id = 'com.kfc.mobile.hkStaging:id/container_category' and (@text = '' or . = '')]"}[39m
[35m[HTTP][39m [37m<-- POST /wd/hub/session/b7dc5bd2-0a26-4679-b096-c151efd0dc00/elements [39m[32m200[39m [90m625 ms - 139[39m
[35m[HTTP][39m [90m[39m
[35m[HTTP][39m [37m-->[39m [37mGET[39m [37m/wd/hub/session/b7dc5bd2-0a26-4679-b096-c151efd0dc00/element/00000000-0000-02ea-7fff-ffff00000128/location[39m
[35m[HTTP][39m [90m{}[39m
[35m[W3C (b7dc5bd2)][39m Driver proxy active, passing request on via HTTP proxy
[35m[WD Proxy][39m Replacing sessionId cd30fcf9-0431-4d77-b8e9-02dd884d83ec with b7dc5bd2-0a26-4679-b096-c151efd0dc00
[35m[HTTP][39m [37m<-- GET /wd/hub/session/b7dc5bd2-0a26-4679-b096-c151efd0dc00/element/00000000-0000-02ea-7fff-ffff00000128/location [39m[32m200[39m [90m19 ms - 77[39m
[35m[HTTP][39m [90m[39m
[35m[HTTP][39m [37m-->[39m [37mPOST[39m [37m/wd/hub/session/b7dc5bd2-0a26-4679-b096-c151efd0dc00/timeouts[39m
[35m[HTTP][39m [90m{"implicit":30000}[39m
[35m[HTTP][39m [37m<-- POST /wd/hub/session/b7dc5bd2-0a26-4679-b096-c151efd0dc00/timeouts [39m[32m200[39m [90m1 ms - 14[39m
[35m[HTTP][39m [90m[39m
[35m[HTTP][39m [37m-->[39m [37mPOST[39m [37m/wd/hub/session/b7dc5bd2-0a26-4679-b096-c151efd0dc00/element/00000000-0000-02ea-7fff-ffff00000128/click[39m
[35m[HTTP][39m [90m{"id":"00000000-0000-02ea-7fff-ffff00000128"}[39m
[35m[HTTP][39m [37m<-- POST /wd/hub/session/b7dc5bd2-0a26-4679-b096-c151efd0dc00/element/00000000-0000-02ea-7fff-ffff00000128/click [39m[32m200[39m [90m27 ms - 14[39m
[35m[HTTP][39m [90m[39m
[35m[HTTP][39m [37m-->[39m [37mGET[39m [37m/wd/hub/session/b7dc5bd2-0a26-4679-b096-c151efd0dc00/context[39m
[35m[HTTP][39m [90m{}[39m
[35m[HTTP][39m [37m<-- GET /wd/hub/session/b7dc5bd2-0a26-4679-b096-c151efd0dc00/context [39m[32m200[39m [90m2 ms - 22[39m
[35m[HTTP][39m [90m[39m
[35m[HTTP][39m [37m-->[39m [37mGET[39m [37m/wd/hub/session/b7dc5bd2-0a26-4679-b096-c151efd0dc00/contexts[39m
[35m[HTTP][39m [90m{}[39m
[35m[HTTP][39m [37m<-- GET /wd/hub/session/b7dc5bd2-0a26-4679-b096-c151efd0dc00/contexts [39m[32m200[39m [90m77 ms - 24[39m
[35m[HTTP][39m [90m[39m
[35m[HTTP][39m [37m-->[39m [37mPOST[39m [37m/wd/hub/session/b7dc5bd2-0a26-4679-b096-c151efd0dc00/context[39m
[35m[HTTP][39m [90m{"name":"NATIVE_APP"}[39m
[35m[HTTP][39m [37m<-- POST /wd/hub/session/b7dc5bd2-0a26-4679-b096-c151efd0dc00/context [39m[32m200[39m [90m2 ms - 14[39m
[35m[HTTP][39m [90m[39m
[35m[HTTP][39m [37m-->[39m [37mPOST[39m [37m/wd/hub/session/b7dc5bd2-0a26-4679-b096-c151efd0dc00/appium/device/press_keycode[39m
[35m[HTTP][39m [90m{"keycode":4}[39m
[35m[HTTP][39m [37m<-- POST /wd/hub/session/b7dc5bd2-0a26-4679-b096-c151efd0dc00/appium/device/press_keycode [39m[32m200[39m [90m794 ms - 14[39m
[35m[HTTP][39m [90m[39m
[35m[HTTP][39m [37m-->[39m [37mPOST[39m [37m/wd/hub/session/b7dc5bd2-0a26-4679-b096-c151efd0dc00/context[39m
[35m[HTTP][39m [90m{"name":"NATIVE_APP"}[39m
[35m[HTTP][39m [37m<-- POST /wd/hub/session/b7dc5bd2-0a26-4679-b096-c151efd0dc00/context [39m[32m200[39m [90m2 ms - 14[39m
[35m[HTTP][39m [90m[39m
[35m[HTTP][39m [37m-->[39m [37mPOST[39m [37m/wd/hub/session/b7dc5bd2-0a26-4679-b096-c151efd0dc00/timeouts[39m
[35m[HTTP][39m [90m{"implicit":50}[39m
[35m[HTTP][39m [37m<-- POST /wd/hub/session/b7dc5bd2-0a26-4679-b096-c151efd0dc00/timeouts [39m[32m200[39m [90m1 ms - 14[39m
[35m[HTTP][39m [90m[39m
[35m[HTTP][39m [37m-->[39m [37mGET[39m [37m/wd/hub/session/b7dc5bd2-0a26-4679-b096-c151efd0dc00/window/rect[39m
[35m[HTTP][39m [90m{}[39m
[35m[HTTP][39m [37m<-- GET /wd/hub/session/b7dc5bd2-0a26-4679-b096-c151efd0dc00/window/rect [39m[32m200[39m [90m12 ms - 49[39m
[35m[HTTP][39m [90m[39m
[35m[HTTP][39m [37m-->[39m [37mPOST[39m [37m/wd/hub/session/b7dc5bd2-0a26-4679-b096-c151efd0dc00/elements[39m
[35m[HTTP][39m [90m{"using":"xpath","value":"//hierarchy/android.widget.FrameLayout[1]/android.widget.LinearLayout[1]/android.widget.FrameLayout[1]/android.widget.LinearLayout[1]/android.widget.FrameLayout[1]/android.view.ViewGroup[1]/android.view.ViewGroup[1]/android.view.ViewGroup[1]/android.widget.FrameLayout[1]/android.view.ViewGroup[1]/androidx.recyclerview.widget.RecyclerView[1]/android.view.ViewGroup[1]/android.widget.LinearLayout[1]/android.widget.Button[1]"}[39m
[35m[HTTP][39m [37m<-- POST /wd/hub/session/b7dc5bd2-0a26-4679-b096-c151efd0dc00/elements [39m[32m200[39m [90m513 ms - 139[39m
[35m[HTTP][39m [90m[39m
[35m[HTTP][39m [37m-->[39m [37mGET[39m [37m/wd/hub/session/b7dc5bd2-0a26-4679-b096-c151efd0dc00/element/00000000-0000-02ea-7fff-ffff00000162/location[39m
[35m[HTTP][39m [90m{}[39m
[35m[W3C (b7dc5bd2)][39m Driver proxy active, passing request on via HTTP proxy
[35m[WD Proxy][39m Replacing sessionId cd30fcf9-0431-4d77-b8e9-02dd884d83ec with b7dc5bd2-0a26-4679-b096-c151efd0dc00
[35m[HTTP][39m [37m<-- GET /wd/hub/session/b7dc5bd2-0a26-4679-b096-c151efd0dc00/element/00000000-0000-02ea-7fff-ffff00000162/location [39m[32m200[39m [90m21 ms - 78[39m
[35m[HTTP][39m [90m[39m
[35m[HTTP][39m [37m-->[39m [37mPOST[39m [37m/wd/hub/session/b7dc5bd2-0a26-4679-b096-c151efd0dc00/timeouts[39m
[35m[HTTP][39m [90m{"implicit":30000}[39m
[35m[HTTP][39m [37m<-- POST /wd/hub/session/b7dc5bd2-0a26-4679-b096-c151efd0dc00/timeouts [39m[32m200[39m [90m1 ms - 14[39m
[35m[HTTP][39m [90m[39m
[35m[HTTP][39m [37m-->[39m [37mPOST[39m [37m/wd/hub/session/b7dc5bd2-0a26-4679-b096-c151efd0dc00/timeouts[39m
[35m[HTTP][39m [90m{"implicit":50}[39m
[35m[HTTP][39m [37m<-- POST /wd/hub/session/b7dc5bd2-0a26-4679-b096-c151efd0dc00/timeouts [39m[32m200[39m [90m2 ms - 14[39m
[35m[HTTP][39m [90m[39m
[35m[HTTP][39m [37m-->[39m [37mGET[39m [37m/wd/hub/session/b7dc5bd2-0a26-4679-b096-c151efd0dc00/window/rect[39m
[35m[HTTP][39m [90m{}[39m
[35m[HTTP][39m [37m<-- GET /wd/hub/session/b7dc5bd2-0a26-4679-b096-c151efd0dc00/window/rect [39m[32m200[39m [90m14 ms - 49[39m
[35m[HTTP][39m [90m[39m
[35m[HTTP][39m [37m-->[39m [37mPOST[39m [37m/wd/hub/session/b7dc5bd2-0a26-4679-b096-c151efd0dc00/elements[39m
[35m[HTTP][39m [90m{"using":"xpath","value":"//hierarchy/android.widget.FrameLayout[1]/android.widget.LinearLayout[1]/android.widget.FrameLayout[1]/android.widget.LinearLayout[1]/android.widget.FrameLayout[1]/android.view.ViewGroup[1]/android.view.ViewGroup[1]/android.view.ViewGroup[1]/android.widget.FrameLayout[1]/android.view.ViewGroup[1]/androidx.recyclerview.widget.RecyclerView[1]/android.view.ViewGroup[1]/android.widget.LinearLayout[1]/android.widget.Button[1]"}[39m
[35m[HTTP][39m [37m<-- POST /wd/hub/session/b7dc5bd2-0a26-4679-b096-c151efd0dc00/elements [39m[32m200[39m [90m125 ms - 139[39m
[35m[HTTP][39m [90m[39m
[35m[HTTP][39m [37m-->[39m [37mGET[39m [37m/wd/hub/session/b7dc5bd2-0a26-4679-b096-c151efd0dc00/element/00000000-0000-02ea-7fff-ffff00000162/location[39m
[35m[HTTP][39m [90m{}[39m
[35m[W3C (b7dc5bd2)][39m Driver proxy active, passing request on via HTTP proxy
[35m[WD Proxy][39m Replacing sessionId cd30fcf9-0431-4d77-b8e9-02dd884d83ec with b7dc5bd2-0a26-4679-b096-c151efd0dc00
[35m[HTTP][39m [37m<-- GET /wd/hub/session/b7dc5bd2-0a26-4679-b096-c151efd0dc00/element/00000000-0000-02ea-7fff-ffff00000162/location [39m[32m200[39m [90m515 ms - 78[39m
[35m[HTTP][39m [90m[39m
[35m[HTTP][39m [37m-->[39m [37mPOST[39m [37m/wd/hub/session/b7dc5bd2-0a26-4679-b096-c151efd0dc00/timeouts[39m
[35m[HTTP][39m [90m{"implicit":30000}[39m
[35m[HTTP][39m [37m<-- POST /wd/hub/session/b7dc5bd2-0a26-4679-b096-c151efd0dc00/timeouts [39m[32m200[39m [90m1 ms - 14[39m
[35m[HTTP][39m [90m[39m
[35m[HTTP][39m [37m-->[39m [37mPOST[39m [37m/wd/hub/session/b7dc5bd2-0a26-4679-b096-c151efd0dc00/element/00000000-0000-02ea-7fff-ffff00000162/click[39m
[35m[HTTP][39m [90m{"id":"00000000-0000-02ea-7fff-ffff00000162"}[39m
[35m[HTTP][39m [37m<-- POST /wd/hub/session/b7dc5bd2-0a26-4679-b096-c151efd0dc00/element/00000000-0000-02ea-7fff-ffff00000162/click [39m[32m200[39m [90m28 ms - 14[39m
[35m[HTTP][39m [90m[39m
[35m[HTTP][39m [37m-->[39m [37mPOST[39m [37m/wd/hub/session/b7dc5bd2-0a26-4679-b096-c151efd0dc00/timeouts[39m
[35m[HTTP][39m [90m{"implicit":50}[39m
[35m[HTTP][39m [37m<-- POST /wd/hub/session/b7dc5bd2-0a26-4679-b096-c151efd0dc00/timeouts [39m[32m200[39m [90m2 ms - 14[39m
[35m[HTTP][39m [90m[39m
[35m[HTTP][39m [37m-->[39m [37mGET[39m [37m/wd/hub/session/b7dc5bd2-0a26-4679-b096-c151efd0dc00/window/rect[39m
[35m[HTTP][39m [90m{}[39m
[35m[HTTP][39m [37m<-- GET /wd/hub/session/b7dc5bd2-0a26-4679-b096-c151efd0dc00/window/rect [39m[32m200[39m [90m15 ms - 49[39m
[35m[HTTP][39m [90m[39m
[35m[HTTP][39m [37m-->[39m [37mPOST[39m [37m/wd/hub/session/b7dc5bd2-0a26-4679-b096-c151efd0dc00/elements[39m
[35m[HTTP][39m [90m{"using":"xpath","value":"//*[@class = 'android.widget.Button' and (@text = 'Lanjut' or . = 'Lanjut') and @resource-id = 'com.kfc.mobile.hkStaging:id/button_continue']"}[39m
[35m[HTTP][39m [37m<-- POST /wd/hub/session/b7dc5bd2-0a26-4679-b096-c151efd0dc00/elements [39m[32m200[39m [90m151 ms - 139[39m
[35m[HTTP][39m [90m[39m
[35m[HTTP][39m [37m-->[39m [37mGET[39m [37m/wd/hub/session/b7dc5bd2-0a26-4679-b096-c151efd0dc00/element/00000000-0000-02ec-7fff-ffff000001a1/location[39m
[35m[HTTP][39m [90m{}[39m
[35m[W3C (b7dc5bd2)][39m Driver proxy active, passing request on via HTTP proxy
[35m[WD Proxy][39m Replacing sessionId cd30fcf9-0431-4d77-b8e9-02dd884d83ec with b7dc5bd2-0a26-4679-b096-c151efd0dc00
[35m[HTTP][39m [37m<-- GET /wd/hub/session/b7dc5bd2-0a26-4679-b096-c151efd0dc00/element/00000000-0000-02ec-7fff-ffff000001a1/location [39m[32m200[39m [90m21 ms - 79[39m
[35m[HTTP][39m [90m[39m
[35m[HTTP][39m [37m-->[39m [37mPOST[39m [37m/wd/hub/session/b7dc5bd2-0a26-4679-b096-c151efd0dc00/timeouts[39m
[35m[HTTP][39m [90m{"implicit":30000}[39m
[35m[HTTP][39m [37m<-- POST /wd/hub/session/b7dc5bd2-0a26-4679-b096-c151efd0dc00/timeouts [39m[32m200[39m [90m1 ms - 14[39m
[35m[HTTP][39m [90m[39m
[35m[HTTP][39m [37m-->[39m [37mPOST[39m [37m/wd/hub/session/b7dc5bd2-0a26-4679-b096-c151efd0dc00/timeouts[39m
[35m[HTTP][39m [90m{"implicit":50}[39m
[35m[HTTP][39m [37m<-- POST /wd/hub/session/b7dc5bd2-0a26-4679-b096-c151efd0dc00/timeouts [39m[32m200[39m [90m1 ms - 14[39m
[35m[HTTP][39m [90m[39m
[35m[HTTP][39m [37m-->[39m [37mGET[39m [37m/wd/hub/session/b7dc5bd2-0a26-4679-b096-c151efd0dc00/window/rect[39m
[35m[HTTP][39m [90m{}[39m
[35m[HTTP][39m [37m<-- GET /wd/hub/session/b7dc5bd2-0a26-4679-b096-c151efd0dc00/window/rect [39m[32m200[39m [90m13 ms - 49[39m
[35m[HTTP][39m [90m[39m
[35m[HTTP][39m [37m-->[39m [37mPOST[39m [37m/wd/hub/session/b7dc5bd2-0a26-4679-b096-c151efd0dc00/elements[39m
[35m[HTTP][39m [90m{"using":"xpath","value":"//*[@class = 'android.widget.Button' and (@text = 'Lanjut' or . = 'Lanjut') and @resource-id = 'com.kfc.mobile.hkStaging:id/button_continue']"}[39m
[35m[HTTP][39m [37m<-- POST /wd/hub/session/b7dc5bd2-0a26-4679-b096-c151efd0dc00/elements [39m[32m200[39m [90m141 ms - 139[39m
[35m[HTTP][39m [90m[39m
[35m[HTTP][39m [37m-->[39m [37mGET[39m [37m/wd/hub/session/b7dc5bd2-0a26-4679-b096-c151efd0dc00/element/00000000-0000-02ec-7fff-ffff000001a1/location[39m
[35m[HTTP][39m [90m{}[39m
[35m[W3C (b7dc5bd2)][39m Driver proxy active, passing request on via HTTP proxy
[35m[WD Proxy][39m Replacing sessionId cd30fcf9-0431-4d77-b8e9-02dd884d83ec with b7dc5bd2-0a26-4679-b096-c151efd0dc00
[35m[HTTP][39m [37m<-- GET /wd/hub/session/b7dc5bd2-0a26-4679-b096-c151efd0dc00/element/00000000-0000-02ec-7fff-ffff000001a1/location [39m[32m200[39m [90m24 ms - 79[39m
[35m[HTTP][39m [90m[39m
[35m[HTTP][39m [37m-->[39m [37mPOST[39m [37m/wd/hub/session/b7dc5bd2-0a26-4679-b096-c151efd0dc00/timeouts[39m
[35m[HTTP][39m [90m{"implicit":30000}[39m
[35m[HTTP][39m [37m<-- POST /wd/hub/session/b7dc5bd2-0a26-4679-b096-c151efd0dc00/timeouts [39m[32m200[39m [90m3 ms - 14[39m
[35m[HTTP][39m [90m[39m
[35m[HTTP][39m [37m-->[39m [37mPOST[39m [37m/wd/hub/session/b7dc5bd2-0a26-4679-b096-c151efd0dc00/element/00000000-0000-02ec-7fff-ffff000001a1/click[39m
[35m[HTTP][39m [90m{"id":"00000000-0000-02ec-7fff-ffff000001a1"}[39m
[35m[HTTP][39m [37m<-- POST /wd/hub/session/b7dc5bd2-0a26-4679-b096-c151efd0dc00/element/00000000-0000-02ec-7fff-ffff000001a1/click [39m[32m200[39m [90m29 ms - 14[39m
[35m[HTTP][39m [90m[39m
[35m[HTTP][39m [37m-->[39m [37mPOST[39m [37m/wd/hub/session/b7dc5bd2-0a26-4679-b096-c151efd0dc00/timeouts[39m
[35m[HTTP][39m [90m{"implicit":50}[39m
[35m[HTTP][39m [37m<-- POST /wd/hub/session/b7dc5bd2-0a26-4679-b096-c151efd0dc00/timeouts [39m[32m200[39m [90m1 ms - 14[39m
[35m[HTTP][39m [90m[39m
[35m[HTTP][39m [37m-->[39m [37mGET[39m [37m/wd/hub/session/b7dc5bd2-0a26-4679-b096-c151efd0dc00/window/rect[39m
[35m[HTTP][39m [90m{}[39m
[35m[HTTP][39m [37m<-- GET /wd/hub/session/b7dc5bd2-0a26-4679-b096-c151efd0dc00/window/rect [39m[32m200[39m [90m13 ms - 49[39m
[35m[HTTP][39m [90m[39m
[35m[HTTP][39m [37m-->[39m [37mPOST[39m [37m/wd/hub/session/b7dc5bd2-0a26-4679-b096-c151efd0dc00/elements[39m
[35m[HTTP][39m [90m{"using":"xpath","value":"//*[@class = 'android.widget.LinearLayout' and @resource-id = 'com.kfc.mobile.hkStaging:id/button_cart_summary' and (@text = '' or . = '')]"}[39m
[35m[HTTP][39m [37m<-- POST /wd/hub/session/b7dc5bd2-0a26-4679-b096-c151efd0dc00/elements [39m[32m200[39m [90m171 ms - 139[39m
[35m[HTTP][39m [90m[39m
[35m[HTTP][39m [37m-->[39m [37mGET[39m [37m/wd/hub/session/b7dc5bd2-0a26-4679-b096-c151efd0dc00/element/00000000-0000-02ea-7fff-ffff0000020f/location[39m
[35m[HTTP][39m [90m{}[39m
[35m[W3C (b7dc5bd2)][39m Driver proxy active, passing request on via HTTP proxy
[35m[WD Proxy][39m Replacing sessionId cd30fcf9-0431-4d77-b8e9-02dd884d83ec with b7dc5bd2-0a26-4679-b096-c151efd0dc00
[35m[HTTP][39m [37m<-- GET /wd/hub/session/b7dc5bd2-0a26-4679-b096-c151efd0dc00/element/00000000-0000-02ea-7fff-ffff0000020f/location [39m[32m200[39m [90m21 ms - 78[39m
[35m[HTTP][39m [90m[39m
[35m[HTTP][39m [37m-->[39m [37mPOST[39m [37m/wd/hub/session/b7dc5bd2-0a26-4679-b096-c151efd0dc00/timeouts[39m
[35m[HTTP][39m [90m{"implicit":30000}[39m
[35m[HTTP][39m [37m<-- POST /wd/hub/session/b7dc5bd2-0a26-4679-b096-c151efd0dc00/timeouts [39m[32m200[39m [90m1 ms - 14[39m
[35m[HTTP][39m [90m[39m
[35m[HTTP][39m [37m-->[39m [37mPOST[39m [37m/wd/hub/session/b7dc5bd2-0a26-4679-b096-c151efd0dc00/timeouts[39m
[35m[HTTP][39m [90m{"implicit":50}[39m
[35m[HTTP][39m [37m<-- POST /wd/hub/session/b7dc5bd2-0a26-4679-b096-c151efd0dc00/timeouts [39m[32m200[39m [90m1 ms - 14[39m
[35m[HTTP][39m [90m[39m
[35m[HTTP][39m [37m-->[39m [37mGET[39m [37m/wd/hub/session/b7dc5bd2-0a26-4679-b096-c151efd0dc00/window/rect[39m
[35m[HTTP][39m [90m{}[39m
[35m[HTTP][39m [37m<-- GET /wd/hub/session/b7dc5bd2-0a26-4679-b096-c151efd0dc00/window/rect [39m[32m200[39m [90m14 ms - 49[39m
[35m[HTTP][39m [90m[39m
[35m[HTTP][39m [37m-->[39m [37mPOST[39m [37m/wd/hub/session/b7dc5bd2-0a26-4679-b096-c151efd0dc00/elements[39m
[35m[HTTP][39m [90m{"using":"xpath","value":"//*[@class = 'android.widget.LinearLayout' and @resource-id = 'com.kfc.mobile.hkStaging:id/button_cart_summary' and (@text = '' or . = '')]"}[39m
[35m[HTTP][39m [37m<-- POST /wd/hub/session/b7dc5bd2-0a26-4679-b096-c151efd0dc00/elements [39m[32m200[39m [90m154 ms - 139[39m
[35m[HTTP][39m [90m[39m
[35m[HTTP][39m [37m-->[39m [37mGET[39m [37m/wd/hub/session/b7dc5bd2-0a26-4679-b096-c151efd0dc00/element/00000000-0000-02ea-7fff-ffff0000020f/location[39m
[35m[HTTP][39m [90m{}[39m
[35m[W3C (b7dc5bd2)][39m Driver proxy active, passing request on via HTTP proxy
[35m[WD Proxy][39m Replacing sessionId cd30fcf9-0431-4d77-b8e9-02dd884d83ec with b7dc5bd2-0a26-4679-b096-c151efd0dc00
[35m[HTTP][39m [37m<-- GET /wd/hub/session/b7dc5bd2-0a26-4679-b096-c151efd0dc00/element/00000000-0000-02ea-7fff-ffff0000020f/location [39m[32m200[39m [90m20 ms - 78[39m
[35m[HTTP][39m [90m[39m
[35m[HTTP][39m [37m-->[39m [37mPOST[39m [37m/wd/hub/session/b7dc5bd2-0a26-4679-b096-c151efd0dc00/timeouts[39m
[35m[HTTP][39m [90m{"implicit":30000}[39m
[35m[HTTP][39m [37m<-- POST /wd/hub/session/b7dc5bd2-0a26-4679-b096-c151efd0dc00/timeouts [39m[32m200[39m [90m2 ms - 14[39m
[35m[HTTP][39m [90m[39m
[35m[HTTP][39m [37m-->[39m [37mPOST[39m [37m/wd/hub/session/b7dc5bd2-0a26-4679-b096-c151efd0dc00/element/00000000-0000-02ea-7fff-ffff0000020f/click[39m
[35m[HTTP][39m [90m{"id":"00000000-0000-02ea-7fff-ffff0000020f"}[39m
[35m[HTTP][39m [37m<-- POST /wd/hub/session/b7dc5bd2-0a26-4679-b096-c151efd0dc00/element/00000000-0000-02ea-7fff-ffff0000020f/click [39m[32m200[39m [90m656 ms - 14[39m
[35m[HTTP][39m [90m[39m
[35m[HTTP][39m [37m-->[39m [37mPOST[39m [37m/wd/hub/session/b7dc5bd2-0a26-4679-b096-c151efd0dc00/timeouts[39m
[35m[HTTP][39m [90m{"implicit":50}[39m
[35m[HTTP][39m [37m<-- POST /wd/hub/session/b7dc5bd2-0a26-4679-b096-c151efd0dc00/timeouts [39m[32m200[39m [90m1 ms - 14[39m
[35m[HTTP][39m [90m[39m
[35m[HTTP][39m [37m-->[39m [37mGET[39m [37m/wd/hub/session/b7dc5bd2-0a26-4679-b096-c151efd0dc00/window/rect[39m
[35m[HTTP][39m [90m{}[39m
[35m[HTTP][39m [37m<-- GET /wd/hub/session/b7dc5bd2-0a26-4679-b096-c151efd0dc00/window/rect [39m[32m200[39m [90m12 ms - 49[39m
[35m[HTTP][39m [90m[39m
[35m[HTTP][39m [37m-->[39m [37mPOST[39m [37m/wd/hub/session/b7dc5bd2-0a26-4679-b096-c151efd0dc00/elements[39m
[35m[HTTP][39m [90m{"using":"xpath","value":"//*[@class = 'android.widget.TextView' and (@text = 'Pilih Menu Gratis' or . = 'Pilih Menu Gratis') and @resource-id = 'com.kfc.mobile.hkStaging:id/tvPositive']"}[39m
[35m[HTTP][39m [37m<-- POST /wd/hub/session/b7dc5bd2-0a26-4679-b096-c151efd0dc00/elements [39m[32m200[39m [90m63 ms - 139[39m
[35m[HTTP][39m [90m[39m
[35m[HTTP][39m [37m-->[39m [37mGET[39m [37m/wd/hub/session/b7dc5bd2-0a26-4679-b096-c151efd0dc00/element/00000000-0000-02ed-7fff-ffff00000236/location[39m
[35m[HTTP][39m [90m{}[39m
[35m[W3C (b7dc5bd2)][39m Driver proxy active, passing request on via HTTP proxy
[35m[WD Proxy][39m Replacing sessionId cd30fcf9-0431-4d77-b8e9-02dd884d83ec with b7dc5bd2-0a26-4679-b096-c151efd0dc00
[35m[HTTP][39m [37m<-- GET /wd/hub/session/b7dc5bd2-0a26-4679-b096-c151efd0dc00/element/00000000-0000-02ed-7fff-ffff00000236/location [39m[32m200[39m [90m23 ms - 77[39m
[35m[HTTP][39m [90m[39m
[35m[HTTP][39m [37m-->[39m [37mPOST[39m [37m/wd/hub/session/b7dc5bd2-0a26-4679-b096-c151efd0dc00/timeouts[39m
[35m[HTTP][39m [90m{"implicit":30000}[39m
[35m[HTTP][39m [37m<-- POST /wd/hub/session/b7dc5bd2-0a26-4679-b096-c151efd0dc00/timeouts [39m[32m200[39m [90m2 ms - 14[39m
[35m[HTTP][39m [90m[39m
[35m[HTTP][39m [37m-->[39m [37mPOST[39m [37m/wd/hub/session/b7dc5bd2-0a26-4679-b096-c151efd0dc00/timeouts[39m
[35m[HTTP][39m [90m{"implicit":50}[39m
[35m[HTTP][39m [37m<-- POST /wd/hub/session/b7dc5bd2-0a26-4679-b096-c151efd0dc00/timeouts [39m[32m200[39m [90m3 ms - 14[39m
[35m[HTTP][39m [90m[39m
[35m[HTTP][39m [37m-->[39m [37mGET[39m [37m/wd/hub/session/b7dc5bd2-0a26-4679-b096-c151efd0dc00/window/rect[39m
[35m[HTTP][39m [90m{}[39m
[35m[HTTP][39m [37m<-- GET /wd/hub/session/b7dc5bd2-0a26-4679-b096-c151efd0dc00/window/rect [39m[32m200[39m [90m14 ms - 49[39m
[35m[HTTP][39m [90m[39m
[35m[HTTP][39m [37m-->[39m [37mPOST[39m [37m/wd/hub/session/b7dc5bd2-0a26-4679-b096-c151efd0dc00/elements[39m
[35m[HTTP][39m [90m{"using":"xpath","value":"//*[@class = 'android.widget.TextView' and (@text = 'Pilih Menu Gratis' or . = 'Pilih Menu Gratis') and @resource-id = 'com.kfc.mobile.hkStaging:id/tvPositive']"}[39m
[35m[HTTP][39m [37m<-- POST /wd/hub/session/b7dc5bd2-0a26-4679-b096-c151efd0dc00/elements [39m[32m200[39m [90m60 ms - 139[39m
[35m[HTTP][39m [90m[39m
[35m[HTTP][39m [37m-->[39m [37mGET[39m [37m/wd/hub/session/b7dc5bd2-0a26-4679-b096-c151efd0dc00/element/00000000-0000-02ed-7fff-ffff00000236/location[39m
[35m[HTTP][39m [90m{}[39m
[35m[W3C (b7dc5bd2)][39m Driver proxy active, passing request on via HTTP proxy
[35m[WD Proxy][39m Replacing sessionId cd30fcf9-0431-4d77-b8e9-02dd884d83ec with b7dc5bd2-0a26-4679-b096-c151efd0dc00
[35m[HTTP][39m [37m<-- GET /wd/hub/session/b7dc5bd2-0a26-4679-b096-c151efd0dc00/element/00000000-0000-02ed-7fff-ffff00000236/location [39m[32m200[39m [90m18 ms - 77[39m
[35m[HTTP][39m [90m[39m
[35m[HTTP][39m [37m-->[39m [37mPOST[39m [37m/wd/hub/session/b7dc5bd2-0a26-4679-b096-c151efd0dc00/timeouts[39m
[35m[HTTP][39m [90m{"implicit":30000}[39m
[35m[HTTP][39m [37m<-- POST /wd/hub/session/b7dc5bd2-0a26-4679-b096-c151efd0dc00/timeouts [39m[32m200[39m [90m1 ms - 14[39m
[35m[HTTP][39m [90m[39m
[35m[HTTP][39m [37m-->[39m [37mPOST[39m [37m/wd/hub/session/b7dc5bd2-0a26-4679-b096-c151efd0dc00/element/00000000-0000-02ed-7fff-ffff00000236/click[39m
[35m[HTTP][39m [90m{"id":"00000000-0000-02ed-7fff-ffff00000236"}[39m
[35m[HTTP][39m [37m<-- POST /wd/hub/session/b7dc5bd2-0a26-4679-b096-c151efd0dc00/element/00000000-0000-02ed-7fff-ffff00000236/click [39m[32m200[39m [90m26 ms - 14[39m
[35m[HTTP][39m [90m[39m
[35m[HTTP][39m [37m-->[39m [37mGET[39m [37m/wd/hub/session/b7dc5bd2-0a26-4679-b096-c151efd0dc00/context[39m
[35m[HTTP][39m [90m{}[39m
[35m[HTTP][39m [37m<-- GET /wd/hub/session/b7dc5bd2-0a26-4679-b096-c151efd0dc00/context [39m[32m200[39m [90m2 ms - 22[39m
[35m[HTTP][39m [90m[39m
[35m[HTTP][39m [37m-->[39m [37mGET[39m [37m/wd/hub/session/b7dc5bd2-0a26-4679-b096-c151efd0dc00/contexts[39m
[35m[HTTP][39m [90m{}[39m
[35m[HTTP][39m [37m<-- GET /wd/hub/session/b7dc5bd2-0a26-4679-b096-c151efd0dc00/contexts [39m[32m200[39m [90m83 ms - 24[39m
[35m[HTTP][39m [90m[39m
[35m[HTTP][39m [37m-->[39m [37mPOST[39m [37m/wd/hub/session/b7dc5bd2-0a26-4679-b096-c151efd0dc00/context[39m
[35m[HTTP][39m [90m{"name":"NATIVE_APP"}[39m
[35m[HTTP][39m [37m<-- POST /wd/hub/session/b7dc5bd2-0a26-4679-b096-c151efd0dc00/context [39m[32m200[39m [90m1 ms - 14[39m
[35m[HTTP][39m [90m[39m
[35m[HTTP][39m [37m-->[39m [37mPOST[39m [37m/wd/hub/session/b7dc5bd2-0a26-4679-b096-c151efd0dc00/touch/perform[39m
[35m[HTTP][39m [90m{"actions":[{"action":"press","options":{"x":281,"y":500}},{"action":"wait","options":{"ms":500}},{"action":"moveTo","options":{"x":434,"y":161}},{"action":"release","options":{}}]}[39m
[35m[HTTP][39m [37m<-- POST /wd/hub/session/b7dc5bd2-0a26-4679-b096-c151efd0dc00/touch/perform [39m[32m200[39m [90m983 ms - 14[39m
[35m[HTTP][39m [90m[39m
[35m[HTTP][39m [37m-->[39m [37mPOST[39m [37m/wd/hub/session/b7dc5bd2-0a26-4679-b096-c151efd0dc00/context[39m
[35m[HTTP][39m [90m{"name":"NATIVE_APP"}[39m
[35m[HTTP][39m [37m<-- POST /wd/hub/session/b7dc5bd2-0a26-4679-b096-c151efd0dc00/context [39m[32m200[39m [90m1 ms - 14[39m
[35m[HTTP][39m [90m[39m
[35m[HTTP][39m [37m-->[39m [37mPOST[39m [37m/wd/hub/session/b7dc5bd2-0a26-4679-b096-c151efd0dc00/timeouts[39m
[35m[HTTP][39m [90m{"implicit":50}[39m
[35m[HTTP][39m [37m<-- POST /wd/hub/session/b7dc5bd2-0a26-4679-b096-c151efd0dc00/timeouts [39m[32m200[39m [90m1 ms - 14[39m
[35m[HTTP][39m [90m[39m
[35m[HTTP][39m [37m-->[39m [37mGET[39m [37m/wd/hub/session/b7dc5bd2-0a26-4679-b096-c151efd0dc00/window/rect[39m
[35m[HTTP][39m [90m{}[39m
[35m[HTTP][39m [37m<-- GET /wd/hub/session/b7dc5bd2-0a26-4679-b096-c151efd0dc00/window/rect [39m[32m200[39m [90m16 ms - 49[39m
[35m[HTTP][39m [90m[39m
[35m[HTTP][39m [37m-->[39m [37mPOST[39m [37m/wd/hub/session/b7dc5bd2-0a26-4679-b096-c151efd0dc00/elements[39m
[35m[HTTP][39m [90m{"using":"xpath","value":"//*[@class = 'android.widget.Button' and (@text = 'Pilih Sekarang!' or . = 'Pilih Sekarang!') and @resource-id = 'com.kfc.mobile.hkStaging:id/button_choose_instant_reward']"}[39m
[35m[HTTP][39m [37m<-- POST /wd/hub/session/b7dc5bd2-0a26-4679-b096-c151efd0dc00/elements [39m[32m200[39m [90m535 ms - 139[39m
[35m[HTTP][39m [90m[39m
[35m[HTTP][39m [37m-->[39m [37mGET[39m [37m/wd/hub/session/b7dc5bd2-0a26-4679-b096-c151efd0dc00/element/00000000-0000-02ee-7fff-ffff00000257/location[39m
[35m[HTTP][39m [90m{}[39m
[35m[W3C (b7dc5bd2)][39m Driver proxy active, passing request on via HTTP proxy
[35m[WD Proxy][39m Replacing sessionId cd30fcf9-0431-4d77-b8e9-02dd884d83ec with b7dc5bd2-0a26-4679-b096-c151efd0dc00
[35m[HTTP][39m [37m<-- GET /wd/hub/session/b7dc5bd2-0a26-4679-b096-c151efd0dc00/element/00000000-0000-02ee-7fff-ffff00000257/location [39m[32m200[39m [90m21 ms - 77[39m
[35m[HTTP][39m [90m[39m
[35m[HTTP][39m [37m-->[39m [37mPOST[39m [37m/wd/hub/session/b7dc5bd2-0a26-4679-b096-c151efd0dc00/timeouts[39m
[35m[HTTP][39m [90m{"implicit":30000}[39m
[35m[HTTP][39m [37m<-- POST /wd/hub/session/b7dc5bd2-0a26-4679-b096-c151efd0dc00/timeouts [39m[32m200[39m [90m1 ms - 14[39m
[35m[HTTP][39m [90m[39m
[35m[HTTP][39m [37m-->[39m [37mPOST[39m [37m/wd/hub/session/b7dc5bd2-0a26-4679-b096-c151efd0dc00/timeouts[39m
[35m[HTTP][39m [90m{"implicit":50}[39m
[35m[HTTP][39m [37m<-- POST /wd/hub/session/b7dc5bd2-0a26-4679-b096-c151efd0dc00/timeouts [39m[32m200[39m [90m1 ms - 14[39m
[35m[HTTP][39m [90m[39m
[35m[HTTP][39m [37m-->[39m [37mGET[39m [37m/wd/hub/session/b7dc5bd2-0a26-4679-b096-c151efd0dc00/window/rect[39m
[35m[HTTP][39m [90m{}[39m
[35m[HTTP][39m [37m<-- GET /wd/hub/session/b7dc5bd2-0a26-4679-b096-c151efd0dc00/window/rect [39m[32m200[39m [90m13 ms - 49[39m
[35m[HTTP][39m [90m[39m
[35m[HTTP][39m [37m-->[39m [37mPOST[39m [37m/wd/hub/session/b7dc5bd2-0a26-4679-b096-c151efd0dc00/elements[39m
[35m[HTTP][39m [90m{"using":"xpath","value":"//*[@class = 'android.widget.Button' and (@text = 'Pilih Sekarang!' or . = 'Pilih Sekarang!') and @resource-id = 'com.kfc.mobile.hkStaging:id/button_choose_instant_reward']"}[39m
[35m[HTTP][39m [37m<-- POST /wd/hub/session/b7dc5bd2-0a26-4679-b096-c151efd0dc00/elements [39m[32m200[39m [90m137 ms - 139[39m
[35m[HTTP][39m [90m[39m
[35m[HTTP][39m [37m-->[39m [37mGET[39m [37m/wd/hub/session/b7dc5bd2-0a26-4679-b096-c151efd0dc00/element/00000000-0000-02ee-7fff-ffff00000257/location[39m
[35m[HTTP][39m [90m{}[39m
[35m[W3C (b7dc5bd2)][39m Driver proxy active, passing request on via HTTP proxy
[35m[WD Proxy][39m Replacing sessionId cd30fcf9-0431-4d77-b8e9-02dd884d83ec with b7dc5bd2-0a26-4679-b096-c151efd0dc00
[35m[HTTP][39m [37m<-- GET /wd/hub/session/b7dc5bd2-0a26-4679-b096-c151efd0dc00/element/00000000-0000-02ee-7fff-ffff00000257/location [39m[32m200[39m [90m20 ms - 77[39m
[35m[HTTP][39m [90m[39m
[35m[HTTP][39m [37m-->[39m [37mPOST[39m [37m/wd/hub/session/b7dc5bd2-0a26-4679-b096-c151efd0dc00/timeouts[39m
[35m[HTTP][39m [90m{"implicit":30000}[39m
[35m[HTTP][39m [37m<-- POST /wd/hub/session/b7dc5bd2-0a26-4679-b096-c151efd0dc00/timeouts [39m[32m200[39m [90m1 ms - 14[39m
[35m[HTTP][39m [90m[39m
[35m[HTTP][39m [37m-->[39m [37mPOST[39m [37m/wd/hub/session/b7dc5bd2-0a26-4679-b096-c151efd0dc00/element/00000000-0000-02ee-7fff-ffff00000257/click[39m
[35m[HTTP][39m [90m{"id":"00000000-0000-02ee-7fff-ffff00000257"}[39m
[35m[HTTP][39m [37m<-- POST /wd/hub/session/b7dc5bd2-0a26-4679-b096-c151efd0dc00/element/00000000-0000-02ee-7fff-ffff00000257/click [39m[32m200[39m [90m27 ms - 14[39m
[35m[HTTP][39m [90m[39m
[35m[HTTP][39m [37m-->[39m [37mPOST[39m [37m/wd/hub/session/b7dc5bd2-0a26-4679-b096-c151efd0dc00/timeouts[39m
[35m[HTTP][39m [90m{"implicit":50}[39m
[35m[HTTP][39m [37m<-- POST /wd/hub/session/b7dc5bd2-0a26-4679-b096-c151efd0dc00/timeouts [39m[32m200[39m [90m1 ms - 14[39m
[35m[HTTP][39m [90m[39m
[35m[HTTP][39m [37m-->[39m [37mGET[39m [37m/wd/hub/session/b7dc5bd2-0a26-4679-b096-c151efd0dc00/window/rect[39m
[35m[HTTP][39m [90m{}[39m
[35m[HTTP][39m [37m<-- GET /wd/hub/session/b7dc5bd2-0a26-4679-b096-c151efd0dc00/window/rect [39m[32m200[39m [90m13 ms - 49[39m
[35m[HTTP][39m [90m[39m
[35m[HTTP][39m [37m-->[39m [37mPOST[39m [37m/wd/hub/session/b7dc5bd2-0a26-4679-b096-c151efd0dc00/elements[39m
[35m[HTTP][39m [90m{"using":"xpath","value":"//hierarchy/android.widget.FrameLayout[1]/android.widget.LinearLayout[1]/android.widget.FrameLayout[1]/android.widget.FrameLayout[1]/android.widget.FrameLayout[1]/android.widget.FrameLayout[1]/android.view.ViewGroup[1]/android.widget.FrameLayout[1]/android.view.ViewGroup[1]/androidx.recyclerview.widget.RecyclerView[1]/android.view.ViewGroup[1]/android.view.ViewGroup[1]/android.widget.Button[1]"}[39m
[35m[HTTP][39m [37m<-- POST /wd/hub/session/b7dc5bd2-0a26-4679-b096-c151efd0dc00/elements [39m[32m200[39m [90m571 ms - 139[39m
[35m[HTTP][39m [90m[39m
[35m[HTTP][39m [37m-->[39m [37mGET[39m [37m/wd/hub/session/b7dc5bd2-0a26-4679-b096-c151efd0dc00/element/00000000-0000-02f0-7fff-ffff00000316/location[39m
[35m[HTTP][39m [90m{}[39m
[35m[W3C (b7dc5bd2)][39m Driver proxy active, passing request on via HTTP proxy
[35m[WD Proxy][39m Replacing sessionId cd30fcf9-0431-4d77-b8e9-02dd884d83ec with b7dc5bd2-0a26-4679-b096-c151efd0dc00
[35m[HTTP][39m [37m<-- GET /wd/hub/session/b7dc5bd2-0a26-4679-b096-c151efd0dc00/element/00000000-0000-02f0-7fff-ffff00000316/location [39m[32m200[39m [90m21 ms - 78[39m
[35m[HTTP][39m [90m[39m
[35m[HTTP][39m [37m-->[39m [37mPOST[39m [37m/wd/hub/session/b7dc5bd2-0a26-4679-b096-c151efd0dc00/timeouts[39m
[35m[HTTP][39m [90m{"implicit":30000}[39m
[35m[HTTP][39m [37m<-- POST /wd/hub/session/b7dc5bd2-0a26-4679-b096-c151efd0dc00/timeouts [39m[32m200[39m [90m2 ms - 14[39m
[35m[HTTP][39m [90m[39m
[35m[HTTP][39m [37m-->[39m [37mPOST[39m [37m/wd/hub/session/b7dc5bd2-0a26-4679-b096-c151efd0dc00/timeouts[39m
[35m[HTTP][39m [90m{"implicit":50}[39m
[35m[HTTP][39m [37m<-- POST /wd/hub/session/b7dc5bd2-0a26-4679-b096-c151efd0dc00/timeouts [39m[32m200[39m [90m1 ms - 14[39m
[35m[HTTP][39m [90m[39m
[35m[HTTP][39m [37m-->[39m [37mGET[39m [37m/wd/hub/session/b7dc5bd2-0a26-4679-b096-c151efd0dc00/window/rect[39m
[35m[HTTP][39m [90m{}[39m
[35m[HTTP][39m [37m<-- GET /wd/hub/session/b7dc5bd2-0a26-4679-b096-c151efd0dc00/window/rect [39m[32m200[39m [90m12 ms - 49[39m
[35m[HTTP][39m [90m[39m
[35m[HTTP][39m [37m-->[39m [37mPOST[39m [37m/wd/hub/session/b7dc5bd2-0a26-4679-b096-c151efd0dc00/elements[39m
[35m[HTTP][39m [90m{"using":"xpath","value":"//hierarchy/android.widget.FrameLayout[1]/android.widget.LinearLayout[1]/android.widget.FrameLayout[1]/android.widget.FrameLayout[1]/android.widget.FrameLayout[1]/android.widget.FrameLayout[1]/android.view.ViewGroup[1]/android.widget.FrameLayout[1]/android.view.ViewGroup[1]/androidx.recyclerview.widget.RecyclerView[1]/android.view.ViewGroup[1]/android.view.ViewGroup[1]/android.widget.Button[1]"}[39m
[35m[HTTP][39m [37m<-- POST /wd/hub/session/b7dc5bd2-0a26-4679-b096-c151efd0dc00/elements [39m[32m200[39m [90m100 ms - 139[39m
[35m[HTTP][39m [90m[39m
[35m[HTTP][39m [37m-->[39m [37mGET[39m [37m/wd/hub/session/b7dc5bd2-0a26-4679-b096-c151efd0dc00/element/00000000-0000-02f0-7fff-ffff00000316/location[39m
[35m[HTTP][39m [90m{}[39m
[35m[W3C (b7dc5bd2)][39m Driver proxy active, passing request on via HTTP proxy
[35m[WD Proxy][39m Replacing sessionId cd30fcf9-0431-4d77-b8e9-02dd884d83ec with b7dc5bd2-0a26-4679-b096-c151efd0dc00
[35m[HTTP][39m [37m<-- GET /wd/hub/session/b7dc5bd2-0a26-4679-b096-c151efd0dc00/element/00000000-0000-02f0-7fff-ffff00000316/location [39m[32m200[39m [90m19 ms - 78[39m
[35m[HTTP][39m [90m[39m
[35m[HTTP][39m [37m-->[39m [37mPOST[39m [37m/wd/hub/session/b7dc5bd2-0a26-4679-b096-c151efd0dc00/timeouts[39m
[35m[HTTP][39m [90m{"implicit":30000}[39m
[35m[HTTP][39m [37m<-- POST /wd/hub/session/b7dc5bd2-0a26-4679-b096-c151efd0dc00/timeouts [39m[32m200[39m [90m1 ms - 14[39m
[35m[HTTP][39m [90m[39m
[35m[HTTP][39m [37m-->[39m [37mPOST[39m [37m/wd/hub/session/b7dc5bd2-0a26-4679-b096-c151efd0dc00/element/00000000-0000-02f0-7fff-ffff00000316/click[39m
[35m[HTTP][39m [90m{"id":"00000000-0000-02f0-7fff-ffff00000316"}[39m
[35m[HTTP][39m [37m<-- POST /wd/hub/session/b7dc5bd2-0a26-4679-b096-c151efd0dc00/element/00000000-0000-02f0-7fff-ffff00000316/click [39m[32m200[39m [90m33 ms - 14[39m
[35m[HTTP][39m [90m[39m
[35m[HTTP][39m [37m-->[39m [37mPOST[39m [37m/wd/hub/session/b7dc5bd2-0a26-4679-b096-c151efd0dc00/timeouts[39m
[35m[HTTP][39m [90m{"implicit":50}[39m
[35m[HTTP][39m [37m<-- POST /wd/hub/session/b7dc5bd2-0a26-4679-b096-c151efd0dc00/timeouts [39m[32m200[39m [90m1 ms - 14[39m
[35m[HTTP][39m [90m[39m
[35m[HTTP][39m [37m-->[39m [37mGET[39m [37m/wd/hub/session/b7dc5bd2-0a26-4679-b096-c151efd0dc00/window/rect[39m
[35m[HTTP][39m [90m{}[39m
[35m[HTTP][39m [37m<-- GET /wd/hub/session/b7dc5bd2-0a26-4679-b096-c151efd0dc00/window/rect [39m[32m200[39m [90m13 ms - 49[39m
[35m[HTTP][39m [90m[39m
[35m[HTTP][39m [37m-->[39m [37mPOST[39m [37m/wd/hub/session/b7dc5bd2-0a26-4679-b096-c151efd0dc00/elements[39m
[35m[HTTP][39m [90m{"using":"xpath","value":"//*[@class = 'android.widget.Button' and (@text = 'Lanjutkan' or . = 'Lanjutkan') and @resource-id = 'com.kfc.mobile.hkStaging:id/button_confirm']"}[39m
[35m[HTTP][39m [37m<-- POST /wd/hub/session/b7dc5bd2-0a26-4679-b096-c151efd0dc00/elements [39m[32m200[39m [90m703 ms - 139[39m
[35m[HTTP][39m [90m[39m
[35m[HTTP][39m [37m-->[39m [37mGET[39m [37m/wd/hub/session/b7dc5bd2-0a26-4679-b096-c151efd0dc00/element/00000000-0000-02f0-7fff-ffff000002f8/location[39m
[35m[HTTP][39m [90m{}[39m
[35m[W3C (b7dc5bd2)][39m Driver proxy active, passing request on via HTTP proxy
[35m[WD Proxy][39m Replacing sessionId cd30fcf9-0431-4d77-b8e9-02dd884d83ec with b7dc5bd2-0a26-4679-b096-c151efd0dc00
[35m[HTTP][39m [37m<-- GET /wd/hub/session/b7dc5bd2-0a26-4679-b096-c151efd0dc00/element/00000000-0000-02f0-7fff-ffff000002f8/location [39m[32m200[39m [90m19 ms - 78[39m
[35m[HTTP][39m [90m[39m
[35m[HTTP][39m [37m-->[39m [37mPOST[39m [37m/wd/hub/session/b7dc5bd2-0a26-4679-b096-c151efd0dc00/timeouts[39m
[35m[HTTP][39m [90m{"implicit":30000}[39m
[35m[HTTP][39m [37m<-- POST /wd/hub/session/b7dc5bd2-0a26-4679-b096-c151efd0dc00/timeouts [39m[32m200[39m [90m1 ms - 14[39m
[35m[HTTP][39m [90m[39m
[35m[HTTP][39m [37m-->[39m [37mPOST[39m [37m/wd/hub/session/b7dc5bd2-0a26-4679-b096-c151efd0dc00/element/00000000-0000-02f0-7fff-ffff000002f8/click[39m
[35m[HTTP][39m [90m{"id":"00000000-0000-02f0-7fff-ffff000002f8"}[39m
[35m[HTTP][39m [37m<-- POST /wd/hub/session/b7dc5bd2-0a26-4679-b096-c151efd0dc00/element/00000000-0000-02f0-7fff-ffff000002f8/click [39m[32m200[39m [90m29 ms - 14[39m
[35m[HTTP][39m [90m[39m
[35m[HTTP][39m [37m-->[39m [37mGET[39m [37m/wd/hub/session/b7dc5bd2-0a26-4679-b096-c151efd0dc00/context[39m
[35m[HTTP][39m [90m{}[39m
[35m[HTTP][39m [37m<-- GET /wd/hub/session/b7dc5bd2-0a26-4679-b096-c151efd0dc00/context [39m[32m200[39m [90m2 ms - 22[39m
[35m[HTTP][39m [90m[39m
[35m[HTTP][39m [37m-->[39m [37mGET[39m [37m/wd/hub/session/b7dc5bd2-0a26-4679-b096-c151efd0dc00/contexts[39m
[35m[HTTP][39m [90m{}[39m
[35m[HTTP][39m [37m<-- GET /wd/hub/session/b7dc5bd2-0a26-4679-b096-c151efd0dc00/contexts [39m[32m200[39m [90m91 ms - 24[39m
[35m[HTTP][39m [90m[39m
[35m[HTTP][39m [37m-->[39m [37mPOST[39m [37m/wd/hub/session/b7dc5bd2-0a26-4679-b096-c151efd0dc00/context[39m
[35m[HTTP][39m [90m{"name":"NATIVE_APP"}[39m
[35m[HTTP][39m [37m<-- POST /wd/hub/session/b7dc5bd2-0a26-4679-b096-c151efd0dc00/context [39m[32m200[39m [90m1 ms - 14[39m
[35m[HTTP][39m [90m[39m
[35m[HTTP][39m [37m-->[39m [37mPOST[39m [37m/wd/hub/session/b7dc5bd2-0a26-4679-b096-c151efd0dc00/element[39m
[35m[HTTP][39m [90m{"using":"-android uiautomator","value":"new UiScrollable(new UiSelector().scrollable(true).instance(0)).scrollIntoView(new UiSelector().textContains(\"TOTAL\"))"}[39m
[35m[HTTP][39m [37m<-- POST /wd/hub/session/b7dc5bd2-0a26-4679-b096-c151efd0dc00/element [39m[32m200[39m [90m5046 ms - 137[39m
[35m[HTTP][39m [90m[39m
[35m[HTTP][39m [37m-->[39m [37mPOST[39m [37m/wd/hub/session/b7dc5bd2-0a26-4679-b096-c151efd0dc00/context[39m
[35m[HTTP][39m [90m{"name":"NATIVE_APP"}[39m
[35m[HTTP][39m [37m<-- POST /wd/hub/session/b7dc5bd2-0a26-4679-b096-c151efd0dc00/context [39m[32m200[39m [90m2 ms - 14[39m
[35m[HTTP][39m [90m[39m
[35m[HTTP][39m [37m-->[39m [37mPOST[39m [37m/wd/hub/session/b7dc5bd2-0a26-4679-b096-c151efd0dc00/timeouts[39m
[35m[HTTP][39m [90m{"implicit":50}[39m
[35m[HTTP][39m [37m<-- POST /wd/hub/session/b7dc5bd2-0a26-4679-b096-c151efd0dc00/timeouts [39m[32m200[39m [90m2 ms - 14[39m
[35m[HTTP][39m [90m[39m
[35m[HTTP][39m [37m-->[39m [37mGET[39m [37m/wd/hub/session/b7dc5bd2-0a26-4679-b096-c151efd0dc00/window/rect[39m
[35m[HTTP][39m [90m{}[39m
[35m[HTTP][39m [37m<-- GET /wd/hub/session/b7dc5bd2-0a26-4679-b096-c151efd0dc00/window/rect [39m[32m200[39m [90m12 ms - 49[39m
[35m[HTTP][39m [90m[39m
[35m[HTTP][39m [37m-->[39m [37mPOST[39m [37m/wd/hub/session/b7dc5bd2-0a26-4679-b096-c151efd0dc00/elements[39m
[35m[HTTP][39m [90m{"using":"xpath","value":"//*[@class = 'android.widget.LinearLayout' and @resource-id = 'com.kfc.mobile.hkStaging:id/container_select_payment_method' and (@text = '' or . = '')]"}[39m
[35m[HTTP][39m [37m<-- POST /wd/hub/session/b7dc5bd2-0a26-4679-b096-c151efd0dc00/elements [39m[32m200[39m [90m143 ms - 139[39m
[35m[HTTP][39m [90m[39m
[35m[HTTP][39m [37m-->[39m [37mGET[39m [37m/wd/hub/session/b7dc5bd2-0a26-4679-b096-c151efd0dc00/element/00000000-0000-02ee-7fff-ffff0000025f/location[39m
[35m[HTTP][39m [90m{}[39m
[35m[W3C (b7dc5bd2)][39m Driver proxy active, passing request on via HTTP proxy
[35m[WD Proxy][39m Replacing sessionId cd30fcf9-0431-4d77-b8e9-02dd884d83ec with b7dc5bd2-0a26-4679-b096-c151efd0dc00
[35m[HTTP][39m [37m<-- GET /wd/hub/session/b7dc5bd2-0a26-4679-b096-c151efd0dc00/element/00000000-0000-02ee-7fff-ffff0000025f/location [39m[32m200[39m [90m19 ms - 77[39m
[35m[HTTP][39m [90m[39m
[35m[HTTP][39m [37m-->[39m [37mPOST[39m [37m/wd/hub/session/b7dc5bd2-0a26-4679-b096-c151efd0dc00/timeouts[39m
[35m[HTTP][39m [90m{"implicit":30000}[39m
[35m[HTTP][39m [37m<-- POST /wd/hub/session/b7dc5bd2-0a26-4679-b096-c151efd0dc00/timeouts [39m[32m200[39m [90m1 ms - 14[39m
[35m[HTTP][39m [90m[39m
[35m[HTTP][39m [37m-->[39m [37mPOST[39m [37m/wd/hub/session/b7dc5bd2-0a26-4679-b096-c151efd0dc00/element/00000000-0000-02ee-7fff-ffff0000025f/click[39m
[35m[HTTP][39m [90m{"id":"00000000-0000-02ee-7fff-ffff0000025f"}[39m
[35m[HTTP][39m [37m<-- POST /wd/hub/session/b7dc5bd2-0a26-4679-b096-c151efd0dc00/element/00000000-0000-02ee-7fff-ffff0000025f/click [39m[32m200[39m [90m27 ms - 14[39m
[35m[HTTP][39m [90m[39m
[35m[HTTP][39m [37m-->[39m [37mPOST[39m [37m/wd/hub/session/b7dc5bd2-0a26-4679-b096-c151efd0dc00/timeouts[39m
[35m[HTTP][39m [90m{"implicit":50}[39m
[35m[HTTP][39m [37m<-- POST /wd/hub/session/b7dc5bd2-0a26-4679-b096-c151efd0dc00/timeouts [39m[32m200[39m [90m2 ms - 14[39m
[35m[HTTP][39m [90m[39m
[35m[HTTP][39m [37m-->[39m [37mGET[39m [37m/wd/hub/session/b7dc5bd2-0a26-4679-b096-c151efd0dc00/window/rect[39m
[35m[HTTP][39m [90m{}[39m
[35m[HTTP][39m [37m<-- GET /wd/hub/session/b7dc5bd2-0a26-4679-b096-c151efd0dc00/window/rect [39m[32m200[39m [90m13 ms - 49[39m
[35m[HTTP][39m [90m[39m
[35m[HTTP][39m [37m-->[39m [37mPOST[39m [37m/wd/hub/session/b7dc5bd2-0a26-4679-b096-c151efd0dc00/elements[39m
[35m[HTTP][39m [90m{"using":"xpath","value":"//hierarchy/android.widget.FrameLayout[1]/android.widget.LinearLayout[1]/android.widget.FrameLayout[1]/android.widget.FrameLayout[1]/android.widget.FrameLayout[1]/android.widget.FrameLayout[1]/android.view.ViewGroup[1]/android.widget.FrameLayout[1]/android.view.ViewGroup[1]/androidx.recyclerview.widget.RecyclerView[1]/android.widget.LinearLayout[7]/android.view.ViewGroup[1]"}[39m
[35m[HTTP][39m [37m<-- POST /wd/hub/session/b7dc5bd2-0a26-4679-b096-c151efd0dc00/elements [39m[32m200[39m [90m128 ms - 139[39m
[35m[HTTP][39m [90m[39m
[35m[HTTP][39m [37m-->[39m [37mGET[39m [37m/wd/hub/session/b7dc5bd2-0a26-4679-b096-c151efd0dc00/element/00000000-0000-02f1-7fff-ffff00000378/location[39m
[35m[HTTP][39m [90m{}[39m
[35m[W3C (b7dc5bd2)][39m Driver proxy active, passing request on via HTTP proxy
[35m[WD Proxy][39m Replacing sessionId cd30fcf9-0431-4d77-b8e9-02dd884d83ec with b7dc5bd2-0a26-4679-b096-c151efd0dc00
[35m[HTTP][39m [37m<-- GET /wd/hub/session/b7dc5bd2-0a26-4679-b096-c151efd0dc00/element/00000000-0000-02f1-7fff-ffff00000378/location [39m[32m200[39m [90m1418 ms - 76[39m
[35m[HTTP][39m [90m[39m
[35m[HTTP][39m [37m-->[39m [37mPOST[39m [37m/wd/hub/session/b7dc5bd2-0a26-4679-b096-c151efd0dc00/timeouts[39m
[35m[HTTP][39m [90m{"implicit":30000}[39m
[35m[HTTP][39m [37m<-- POST /wd/hub/session/b7dc5bd2-0a26-4679-b096-c151efd0dc00/timeouts [39m[32m200[39m [90m1 ms - 14[39m
[35m[HTTP][39m [90m[39m
[35m[HTTP][39m [37m-->[39m [37mPOST[39m [37m/wd/hub/session/b7dc5bd2-0a26-4679-b096-c151efd0dc00/element/00000000-0000-02f1-7fff-ffff00000378/click[39m
[35m[HTTP][39m [90m{"id":"00000000-0000-02f1-7fff-ffff00000378"}[39m
[35m[HTTP][39m [37m<-- POST /wd/hub/session/b7dc5bd2-0a26-4679-b096-c151efd0dc00/element/00000000-0000-02f1-7fff-ffff00000378/click [39m[32m200[39m [90m27 ms - 14[39m
[35m[HTTP][39m [90m[39m
[35m[HTTP][39m [37m-->[39m [37mPOST[39m [37m/wd/hub/session/b7dc5bd2-0a26-4679-b096-c151efd0dc00/timeouts[39m
[35m[HTTP][39m [90m{"implicit":50}[39m
[35m[HTTP][39m [37m<-- POST /wd/hub/session/b7dc5bd2-0a26-4679-b096-c151efd0dc00/timeouts [39m[32m200[39m [90m2 ms - 14[39m
[35m[HTTP][39m [90m[39m
[35m[HTTP][39m [37m-->[39m [37mGET[39m [37m/wd/hub/session/b7dc5bd2-0a26-4679-b096-c151efd0dc00/window/rect[39m
[35m[HTTP][39m [90m{}[39m
[35m[HTTP][39m [37m<-- GET /wd/hub/session/b7dc5bd2-0a26-4679-b096-c151efd0dc00/window/rect [39m[32m200[39m [90m13 ms - 49[39m
[35m[HTTP][39m [90m[39m
[35m[HTTP][39m [37m-->[39m [37mPOST[39m [37m/wd/hub/session/b7dc5bd2-0a26-4679-b096-c151efd0dc00/elements[39m
[35m[HTTP][39m [90m{"using":"xpath","value":"//*[@class = 'android.widget.Button' and (@text = 'Simpan' or . = 'Simpan') and @resource-id = 'com.kfc.mobile.hkStaging:id/button_save']"}[39m
[35m[HTTP][39m [37m<-- POST /wd/hub/session/b7dc5bd2-0a26-4679-b096-c151efd0dc00/elements [39m[32m200[39m [90m641 ms - 139[39m
[35m[HTTP][39m [90m[39m
[35m[HTTP][39m [37m-->[39m [37mGET[39m [37m/wd/hub/session/b7dc5bd2-0a26-4679-b096-c151efd0dc00/element/00000000-0000-02f1-7fff-ffff0000035d/location[39m
[35m[HTTP][39m [90m{}[39m
[35m[W3C (b7dc5bd2)][39m Driver proxy active, passing request on via HTTP proxy
[35m[WD Proxy][39m Replacing sessionId cd30fcf9-0431-4d77-b8e9-02dd884d83ec with b7dc5bd2-0a26-4679-b096-c151efd0dc00
[35m[HTTP][39m [37m<-- GET /wd/hub/session/b7dc5bd2-0a26-4679-b096-c151efd0dc00/element/00000000-0000-02f1-7fff-ffff0000035d/location [39m[32m200[39m [90m18 ms - 79[39m
[35m[HTTP][39m [90m[39m
[35m[HTTP][39m [37m-->[39m [37mPOST[39m [37m/wd/hub/session/b7dc5bd2-0a26-4679-b096-c151efd0dc00/timeouts[39m
[35m[HTTP][39m [90m{"implicit":30000}[39m
[35m[HTTP][39m [37m<-- POST /wd/hub/session/b7dc5bd2-0a26-4679-b096-c151efd0dc00/timeouts [39m[32m200[39m [90m1 ms - 14[39m
[35m[HTTP][39m [90m[39m
[35m[HTTP][39m [37m-->[39m [37mPOST[39m [37m/wd/hub/session/b7dc5bd2-0a26-4679-b096-c151efd0dc00/element/00000000-0000-02f1-7fff-ffff0000035d/click[39m
[35m[HTTP][39m [90m{"id":"00000000-0000-02f1-7fff-ffff0000035d"}[39m
[35m[HTTP][39m [37m<-- POST /wd/hub/session/b7dc5bd2-0a26-4679-b096-c151efd0dc00/element/00000000-0000-02f1-7fff-ffff0000035d/click [39m[32m200[39m [90m26 ms - 14[39m
[35m[HTTP][39m [90m[39m
[35m[HTTP][39m [37m-->[39m [37mPOST[39m [37m/wd/hub/session/b7dc5bd2-0a26-4679-b096-c151efd0dc00/timeouts[39m
[35m[HTTP][39m [90m{"implicit":50}[39m
[35m[HTTP][39m [37m<-- POST /wd/hub/session/b7dc5bd2-0a26-4679-b096-c151efd0dc00/timeouts [39m[32m200[39m [90m2 ms - 14[39m
[35m[HTTP][39m [90m[39m
[35m[HTTP][39m [37m-->[39m [37mGET[39m [37m/wd/hub/session/b7dc5bd2-0a26-4679-b096-c151efd0dc00/window/rect[39m
[35m[HTTP][39m [90m{}[39m
[35m[HTTP][39m [37m<-- GET /wd/hub/session/b7dc5bd2-0a26-4679-b096-c151efd0dc00/window/rect [39m[32m200[39m [90m12 ms - 49[39m
[35m[HTTP][39m [90m[39m
[35m[HTTP][39m [37m-->[39m [37mPOST[39m [37m/wd/hub/session/b7dc5bd2-0a26-4679-b096-c151efd0dc00/elements[39m
[35m[HTTP][39m [90m{"using":"xpath","value":"//*[@class = 'android.widget.Button' and (@text = 'Pesan Sekarang!' or . = 'Pesan Sekarang!') and @resource-id = 'com.kfc.mobile.hkStaging:id/button_order_now']"}[39m
[35m[HTTP][39m [37m<-- POST /wd/hub/session/b7dc5bd2-0a26-4679-b096-c151efd0dc00/elements [39m[32m200[39m [90m915 ms - 139[39m
[35m[HTTP][39m [90m[39m
[35m[HTTP][39m [37m-->[39m [37mGET[39m [37m/wd/hub/session/b7dc5bd2-0a26-4679-b096-c151efd0dc00/element/00000000-0000-02ee-7fff-ffff0000025c/location[39m
[35m[HTTP][39m [90m{}[39m
[35m[W3C (b7dc5bd2)][39m Driver proxy active, passing request on via HTTP proxy
[35m[WD Proxy][39m Replacing sessionId cd30fcf9-0431-4d77-b8e9-02dd884d83ec with b7dc5bd2-0a26-4679-b096-c151efd0dc00
[35m[HTTP][39m [37m<-- GET /wd/hub/session/b7dc5bd2-0a26-4679-b096-c151efd0dc00/element/00000000-0000-02ee-7fff-ffff0000025c/location [39m[32m200[39m [90m19 ms - 78[39m
[35m[HTTP][39m [90m[39m
[35m[HTTP][39m [37m-->[39m [37mPOST[39m [37m/wd/hub/session/b7dc5bd2-0a26-4679-b096-c151efd0dc00/timeouts[39m
[35m[HTTP][39m [90m{"implicit":30000}[39m
[35m[HTTP][39m [37m<-- POST /wd/hub/session/b7dc5bd2-0a26-4679-b096-c151efd0dc00/timeouts [39m[32m200[39m [90m2 ms - 14[39m
[35m[HTTP][39m [90m[39m
[35m[HTTP][39m [37m-->[39m [37mPOST[39m [37m/wd/hub/session/b7dc5bd2-0a26-4679-b096-c151efd0dc00/element/00000000-0000-02ee-7fff-ffff0000025c/click[39m
[35m[HTTP][39m [90m{"id":"00000000-0000-02ee-7fff-ffff0000025c"}[39m
[35m[HTTP][39m [37m<-- POST /wd/hub/session/b7dc5bd2-0a26-4679-b096-c151efd0dc00/element/00000000-0000-02ee-7fff-ffff0000025c/click [39m[32m200[39m [90m27 ms - 14[39m
[35m[HTTP][39m [90m[39m
[35m[HTTP][39m [37m-->[39m [37mGET[39m [37m/wd/hub/status[39m
[35m[HTTP][39m [90m{}[39m
[35m[HTTP][39m [37m<-- GET /wd/hub/status [39m[32m200[39m [90m1 ms - 68[39m
[35m[HTTP][39m [90m[39m
[35m[HTTP][39m [37m-->[39m [37mPOST[39m [37m/wd/hub/session[39m
[35m[HTTP][39m [90m{"desiredCapabilities":{"appPackage":"com.kfc.mobile.hkStaging","noReset":true,"deviceId":"","deviceName":"OPPO CPH1801 (Android 7.1.1)","platform":"ANDROID","appActivity":"com.kfc.mobile.presentation.splash.SplashActivity","newCommandTimeout":1800,"platformVersion":"7.1.1","automationName":"uiautomator2","autoGrantPermissions":true,"platformName":"Android","udid":"aa14e06a","systemPort":8238},"capabilities":{"firstMatch":[{"appium:appActivity":"com.kfc.mobile.presentation.splash.SplashActivity","appium:appPackage":"com.kfc.mobile.hkStaging","appium:autoGrantPermissions":true,"appium:automationName":"uiautomator2","deviceId":"","appium:deviceName":"OPPO CPH1801 (Android 7.1.1)","appium:newCommandTimeout":1800,"appium:noReset":true,"platform":"ANDROID","platformName":"android","appium:platformVersion":"7.1.1","appium:systemPort":8238,"appium:udid":"aa14e06a"}]}}[39m
[35m[BaseDriver][39m The following capabilities are not standard capabilities and should have an extension prefix:
[35m[BaseDriver][39m   deviceId
[35m[BaseDriver][39m   platform
[35m[BaseDriver][39m   chromedriverPort
[35m[Appium][39m Appium v1.22.3 creating new AndroidUiautomator2Driver (v1.70.1) session
[35m[BaseDriver][39m The following capabilities were provided, but are not recognized by Appium:
[35m[BaseDriver][39m   deviceId
[35m[BaseDriver][39m   platform
[35m[BaseDriver][39m Session created with session id: 09ba2931-feef-4ebc-b4e9-633b1d644741
[35m[UiAutomator2][39m Starting 'com.kfc.mobile.hkStaging' directly on the device
[35m[ADB][39m Using 'adb.exe' from 'C:\Users\Ahadian Rifky\.katalon\tools\android_sdk\platform-tools\adb.exe'
[35m[AndroidDriver][39m Retrieving device list
[35m[AndroidDriver][39m Using device: aa14e06a
[35m[ADB][39m Using 'adb.exe' from 'C:\Users\Ahadian Rifky\.katalon\tools\android_sdk\platform-tools\adb.exe'
[35m[AndroidDriver][39m No app sent in, not parsing package/activity
[35m[UiAutomator2][39m Server packages are not going to be (re)installed
[35m[ADB][39m Adding packages ["io.appium.settings","io.appium.uiautomator2.server","io.appium.uiautomator2.server.test"] to Doze whitelist
[35m[UiAutomator2][39m Starting UIAutomator2 server 4.27.0
[35m[UiAutomator2][39m Using UIAutomator2 server from 'C:\Users\Ahadian Rifky\AppData\Roaming\npm\node_modules\appium\node_modules\appium-uiautomator2-server\apks\appium-uiautomator2-server-v4.27.0.apk' and test from 'C:\Users\Ahadian Rifky\AppData\Roaming\npm\node_modules\appium\node_modules\appium-uiautomator2-server\apks\appium-uiautomator2-server-debug-androidTest.apk'
[35m[UiAutomator2][39m Waiting up to 30000ms for UiAutomator2 to be online...
[35m[WD Proxy][39m socket hang up
[35m[WD Proxy][39m socket hang up
[35m[WD Proxy][39m socket hang up
[35m[WD Proxy][39m Determined the downstream protocol as 'W3C'
[35m[AndroidDriver][39m Screen already unlocked, doing nothing
[35m[UiAutomator2][39m Starting 'com.kfc.mobile.hkStaging/com.kfc.mobile.presentation.splash.SplashActivity and waiting for 'com.kfc.mobile.hkStaging/com.kfc.mobile.presentation.splash.SplashActivity'
[35m[Appium][39m New AndroidUiautomator2Driver session created successfully, session 09ba2931-feef-4ebc-b4e9-633b1d644741 added to master session list
[35m[HTTP][39m [37m<-- POST /wd/hub/session [39m[32m200[39m [90m12684 ms - 1287[39m
[35m[HTTP][39m [90m[39m
[35m[HTTP][39m [37m-->[39m [37mGET[39m [37m/wd/hub/session/09ba2931-feef-4ebc-b4e9-633b1d644741[39m
[35m[HTTP][39m [90m{}[39m
[35m[HTTP][39m [37m<-- GET /wd/hub/session/09ba2931-feef-4ebc-b4e9-633b1d644741 [39m[32m200[39m [90m17 ms - 1241[39m
[35m[HTTP][39m [90m[39m
[35m[HTTP][39m [37m-->[39m [37mGET[39m [37m/wd/hub/session/09ba2931-feef-4ebc-b4e9-633b1d644741[39m
[35m[HTTP][39m [90m{}[39m
[35m[HTTP][39m [37m<-- GET /wd/hub/session/09ba2931-feef-4ebc-b4e9-633b1d644741 [39m[32m200[39m [90m14 ms - 1241[39m
[35m[HTTP][39m [90m[39m
[35m[HTTP][39m [37m-->[39m [37mGET[39m [37m/wd/hub/status[39m
[35m[HTTP][39m [90m{}[39m
[35m[HTTP][39m [37m<-- GET /wd/hub/status [39m[32m200[39m [90m1 ms - 68[39m
[35m[HTTP][39m [90m[39m
[35m[HTTP][39m [37m-->[39m [37mPOST[39m [37m/wd/hub/session/09ba2931-feef-4ebc-b4e9-633b1d644741/timeouts[39m
[35m[HTTP][39m [90m{"implicit":30000}[39m
[35m[HTTP][39m [37m<-- POST /wd/hub/session/09ba2931-feef-4ebc-b4e9-633b1d644741/timeouts [39m[32m200[39m [90m1 ms - 14[39m
[35m[HTTP][39m [90m[39m
[35m[HTTP][39m [37m-->[39m [37mGET[39m [37m/wd/hub/session/09ba2931-feef-4ebc-b4e9-633b1d644741/screenshot[39m
[35m[HTTP][39m [90m{}[39m
[35m[HTTP][39m [37m<-- GET /wd/hub/session/09ba2931-feef-4ebc-b4e9-633b1d644741/screenshot [39m[32m200[39m [90m486 ms - 261630[39m
[35m[HTTP][39m [90m[39m
[35m[HTTP][39m [37m-->[39m [37mGET[39m [37m/wd/hub/session/09ba2931-feef-4ebc-b4e9-633b1d644741/window/rect[39m
[35m[HTTP][39m [90m{}[39m
[35m[HTTP][39m [37m<-- GET /wd/hub/session/09ba2931-feef-4ebc-b4e9-633b1d644741/window/rect [39m[32m200[39m [90m16 ms - 49[39m
[35m[HTTP][39m [90m[39m
[35m[HTTP][39m [37m-->[39m [37mGET[39m [37m/wd/hub/session/09ba2931-feef-4ebc-b4e9-633b1d644741/appium/device/system_bars[39m
[35m[HTTP][39m [90m{}[39m
[35m[HTTP][39m [37m<-- GET /wd/hub/session/09ba2931-feef-4ebc-b4e9-633b1d644741/appium/device/system_bars [39m[31m500[39m [90m108 ms - 663[39m
[35m[HTTP][39m [90m[39m
[35m[HTTP][39m [37m-->[39m [37mPOST[39m [37m/wd/hub/session/09ba2931-feef-4ebc-b4e9-633b1d644741/execute/sync[39m
[35m[HTTP][39m [90m{"script":"mobile:viewportRect","args":[]}[39m
[35m[AndroidDriver][39m Executing native command 'mobile:viewportRect'
[35m[HTTP][39m [37m<-- POST /wd/hub/session/09ba2931-feef-4ebc-b4e9-633b1d644741/execute/sync [39m[32m200[39m [90m17 ms - 55[39m
[35m[HTTP][39m [90m[39m
[35m[HTTP][39m [37m-->[39m [37mPOST[39m [37m/wd/hub/session/09ba2931-feef-4ebc-b4e9-633b1d644741/appium/device/activate_app[39m
[35m[HTTP][39m [90m{"bundleId":"com.kfc.mobile.hkStaging"}[39m
[35m[HTTP][39m [37m<-- POST /wd/hub/session/09ba2931-feef-4ebc-b4e9-633b1d644741/appium/device/activate_app [39m[32m-[39m [90m- ms - -[39m
[35m[HTTP][39m [90m[39m
