[35m[Appium][39m Welcome to Appium v1.22.3
[35m[Appium][39m Non-default server args:
[35m[Appium][39m   port: 49984
[35m[Appium][39m   loglevel: info
[35m[Appium][39m   tmpDir: C:\Users\AHADIA~1\AppData\Local\Temp\\Katalon\Appium\Temp1689061733771
[35m[Appium][39m   chromedriverPort: 49986
[35m[Appium][39m Deprecated server args:
[35m[Appium][39m   [31m--chromedriver-port[39m => --default-capabilities
[35m[Appium][39m Default capabilities, which will be added to each request unless overridden by desired capabilities:
[35m[Appium][39m   chromedriverPort: 49986
[35m[Appium][39m Appium REST http interface listener started on 0.0.0.0:49984
[35m[HTTP][39m [37m-->[39m [37mGET[39m [37m/wd/hub/status[39m
[35m[HTTP][39m [90m{}[39m
[35m[HTTP][39m [37m<-- GET /wd/hub/status [39m[32m200[39m [90m6 ms - 68[39m
[35m[HTTP][39m [90m[39m
[35m[HTTP][39m [37m-->[39m [37mPOST[39m [37m/wd/hub/session[39m
[35m[HTTP][39m [90m{"desiredCapabilities":{"appPackage":"com.kfc.mobile","noReset":true,"deviceId":"","deviceName":"OPPO CPH1803 (Android 8.1.0)","platform":"ANDROID","appActivity":"com.kfc.mobile.presentation.splash.SplashActivity","newCommandTimeout":1800,"platformVersion":"8.1.0","automationName":"uiautomator2","autoGrantPermissions":true,"platformName":"Android","udid":"cefdc881","systemPort":8287},"capabilities":{"firstMatch":[{"appium:appActivity":"com.kfc.mobile.presentation.splash.SplashActivity","appium:appPackage":"com.kfc.mobile","appium:autoGrantPermissions":true,"appium:automationName":"uiautomator2","deviceId":"","appium:deviceName":"OPPO CPH1803 (Android 8.1.0)","appium:newCommandTimeout":1800,"appium:noReset":true,"platform":"ANDROID","platformName":"android","appium:platformVersion":"8.1.0","appium:systemPort":8287,"appium:udid":"cefdc881"}]}}[39m
[35m[BaseDriver][39m The following capabilities are not standard capabilities and should have an extension prefix:
[35m[BaseDriver][39m   deviceId
[35m[BaseDriver][39m   platform
[35m[BaseDriver][39m   chromedriverPort
[35m[Appium][39m Appium v1.22.3 creating new AndroidUiautomator2Driver (v1.70.1) session
[35m[BaseDriver][39m The following capabilities were provided, but are not recognized by Appium:
[35m[BaseDriver][39m   deviceId
[35m[BaseDriver][39m   platform
[35m[BaseDriver][39m Session created with session id: c7479f8c-267e-4c6a-8c2c-5cf9a1faa7bf
[35m[UiAutomator2][39m Starting 'com.kfc.mobile' directly on the device
[35m[ADB][39m Found 1 'build-tools' folders under 'C:\Users\Ahadian Rifky\.katalon\tools\android_sdk' (newest first):
[35m[ADB][39m     C:/Users/Ahadian Rifky/.katalon/tools/android_sdk/build-tools/29.0.3
[35m[ADB][39m Using 'adb.exe' from 'C:\Users\Ahadian Rifky\.katalon\tools\android_sdk\platform-tools\adb.exe'
[35m[AndroidDriver][39m Retrieving device list
[35m[AndroidDriver][39m Using device: cefdc881
[35m[ADB][39m Using 'adb.exe' from 'C:\Users\Ahadian Rifky\.katalon\tools\android_sdk\platform-tools\adb.exe'
[35m[AndroidDriver][39m No app sent in, not parsing package/activity
[35m[AndroidDriver][39m Unable to set mock location for app 'io.appium.settings': Error executing adbExec. Original error: 'Command ''C:\\Users\\Ahadian Rifky\\.katalon\\tools\\android_sdk\\platform-tools\\adb.exe' -P 5037 -s cefdc881 shell appops set io.appium.settings android\:mock_location allow' exited with code 255'; Command output: Security exception: uid 2000 does not have android.permission.UPDATE_APP_OPS_STATS.
[35m[AndroidDriver][39m 
[35m[AndroidDriver][39m java.lang.SecurityException: uid 2000 does not have android.permission.UPDATE_APP_OPS_STATS.
[35m[AndroidDriver][39m 	at android.app.ContextImpl.enforce(ContextImpl.java:1831)
[35m[AndroidDriver][39m 	at android.app.ContextImpl.enforcePermission(ContextImpl.java:1844)
[35m[AndroidDriver][39m 	at com.android.server.AppOpsService.setMode(AppOpsService.java:674)
[35m[AndroidDriver][39m 	at com.android.server.AppOpsService.onShellCommand(AppOpsService.java:2026)
[35m[AndroidDriver][39m 	at com.android.server.AppOpsService$Shell.onCommand(AppOpsService.java:1800)
[35m[AndroidDriver][39m 	at android.os.ShellCommand.exec(ShellCommand.java:96)
[35m[AndroidDriver][39m 	at com.android.server.AppOpsService.onShellCommand(AppOpsService.java:1974)
[35m[AndroidDriver][39m 	at android.os.Binder.shellCommand(Binder.java:594)
[35m[AndroidDriver][39m 	at android.os.Binder.onTransact(Binder.java:492)
[35m[AndroidDriver][39m 	at com.android.internal.app.IAppOpsService$Stub.onTransact(IAppOpsService.java:341)
[35m[AndroidDriver][39m 	at android.os.Binder.execTransact(Binder.java:697)
[35m[AndroidDriver][39m 
[35m[ADB][39m Using 'apksigner.jar' from 'C:\Users\Ahadian Rifky\.katalon\tools\android_sdk\build-tools\29.0.3\lib\apksigner.jar'
[35m[ADB][39m 'C:\Users\Ahadian Rifky\AppData\Roaming\npm\node_modules\appium\node_modules\appium-uiautomator2-server\apks\appium-uiautomator2-server-v4.27.0.apk' is signed with the default certificate
[35m[ADB][39m 'C:\Users\Ahadian Rifky\AppData\Roaming\npm\node_modules\appium\node_modules\appium-uiautomator2-server\apks\appium-uiautomator2-server-debug-androidTest.apk' is signed with the default certificate
[35m[UiAutomator2][39m Server packages are not going to be (re)installed
[35m[ADB][39m Adding packages ["io.appium.settings","io.appium.uiautomator2.server","io.appium.uiautomator2.server.test"] to Doze whitelist
[35m[UiAutomator2][39m Starting UIAutomator2 server 4.27.0
[35m[UiAutomator2][39m Using UIAutomator2 server from 'C:\Users\Ahadian Rifky\AppData\Roaming\npm\node_modules\appium\node_modules\appium-uiautomator2-server\apks\appium-uiautomator2-server-v4.27.0.apk' and test from 'C:\Users\Ahadian Rifky\AppData\Roaming\npm\node_modules\appium\node_modules\appium-uiautomator2-server\apks\appium-uiautomator2-server-debug-androidTest.apk'
[35m[UiAutomator2][39m Waiting up to 30000ms for UiAutomator2 to be online...
[35m[WD Proxy][39m Determined the downstream protocol as 'W3C'
[35m[AndroidDriver][39m Screen already unlocked, doing nothing
[35m[UiAutomator2][39m Starting 'com.kfc.mobile/com.kfc.mobile.presentation.splash.SplashActivity and waiting for 'com.kfc.mobile/com.kfc.mobile.presentation.splash.SplashActivity'
[35m[WD Proxy][39m socket hang up
[35m[WD Proxy][39m socket hang up
[35m[UiAutomator2][39m Did not get confirmation UiAutomator2 deleteSession worked; Error was: UnknownError: An unknown server-side error occurred while processing the command. Original error: Could not proxy command to the remote server. Original error: socket hang up
[35m[HTTP][39m [37m<-- POST /wd/hub/session [39m[31m500[39m [90m9046 ms - 1355[39m
[35m[HTTP][39m [90m[39m
[35m[HTTP][39m [37m-->[39m [37mGET[39m [37m/wd/hub/status[39m
[35m[HTTP][39m [90m{}[39m
[35m[HTTP][39m [37m<-- GET /wd/hub/status [39m[32m200[39m [90m1 ms - 68[39m
[35m[HTTP][39m [90m[39m
[35m[HTTP][39m [37m-->[39m [37mPOST[39m [37m/wd/hub/session[39m
[35m[HTTP][39m [90m{"desiredCapabilities":{"appPackage":"com.kfc.mobile","noReset":true,"deviceId":"","deviceName":"OPPO CPH1803 (Android 8.1.0)","platform":"ANDROID","appActivity":"com.kfc.mobile.presentation.splash.SplashActivity","newCommandTimeout":1800,"platformVersion":"8.1.0","automationName":"uiautomator2","autoGrantPermissions":true,"platformName":"Android","udid":"cefdc881","systemPort":8246},"capabilities":{"firstMatch":[{"appium:appActivity":"com.kfc.mobile.presentation.splash.SplashActivity","appium:appPackage":"com.kfc.mobile","appium:autoGrantPermissions":true,"appium:automationName":"uiautomator2","deviceId":"","appium:deviceName":"OPPO CPH1803 (Android 8.1.0)","appium:newCommandTimeout":1800,"appium:noReset":true,"platform":"ANDROID","platformName":"android","appium:platformVersion":"8.1.0","appium:systemPort":8246,"appium:udid":"cefdc881"}]}}[39m
[35m[BaseDriver][39m The following capabilities are not standard capabilities and should have an extension prefix:
[35m[BaseDriver][39m   deviceId
[35m[BaseDriver][39m   platform
[35m[BaseDriver][39m   chromedriverPort
[35m[Appium][39m Appium v1.22.3 creating new AndroidUiautomator2Driver (v1.70.1) session
[35m[BaseDriver][39m The following capabilities were provided, but are not recognized by Appium:
[35m[BaseDriver][39m   deviceId
[35m[BaseDriver][39m   platform
[35m[BaseDriver][39m Session created with session id: 69e9881e-0f4d-4897-aeaf-3ffa0e4a6460
[35m[UiAutomator2][39m Starting 'com.kfc.mobile' directly on the device
[35m[ADB][39m Using 'adb.exe' from 'C:\Users\Ahadian Rifky\.katalon\tools\android_sdk\platform-tools\adb.exe'
[35m[AndroidDriver][39m Retrieving device list
[35m[AndroidDriver][39m Using device: cefdc881
[35m[ADB][39m Using 'adb.exe' from 'C:\Users\Ahadian Rifky\.katalon\tools\android_sdk\platform-tools\adb.exe'
[35m[AndroidDriver][39m No app sent in, not parsing package/activity
[35m[AndroidDriver][39m Unable to set mock location for app 'io.appium.settings': Error executing adbExec. Original error: 'Command ''C:\\Users\\Ahadian Rifky\\.katalon\\tools\\android_sdk\\platform-tools\\adb.exe' -P 5037 -s cefdc881 shell appops set io.appium.settings android\:mock_location allow' exited with code 255'; Command output: Security exception: uid 2000 does not have android.permission.UPDATE_APP_OPS_STATS.
[35m[AndroidDriver][39m 
[35m[AndroidDriver][39m java.lang.SecurityException: uid 2000 does not have android.permission.UPDATE_APP_OPS_STATS.
[35m[AndroidDriver][39m 	at android.app.ContextImpl.enforce(ContextImpl.java:1831)
[35m[AndroidDriver][39m 	at android.app.ContextImpl.enforcePermission(ContextImpl.java:1844)
[35m[AndroidDriver][39m 	at com.android.server.AppOpsService.setMode(AppOpsService.java:674)
[35m[AndroidDriver][39m 	at com.android.server.AppOpsService.onShellCommand(AppOpsService.java:2026)
[35m[AndroidDriver][39m 	at com.android.server.AppOpsService$Shell.onCommand(AppOpsService.java:1800)
[35m[AndroidDriver][39m 	at android.os.ShellCommand.exec(ShellCommand.java:96)
[35m[AndroidDriver][39m 	at com.android.server.AppOpsService.onShellCommand(AppOpsService.java:1974)
[35m[AndroidDriver][39m 	at android.os.Binder.shellCommand(Binder.java:594)
[35m[AndroidDriver][39m 	at android.os.Binder.onTransact(Binder.java:492)
[35m[AndroidDriver][39m 	at com.android.internal.app.IAppOpsService$Stub.onTransact(IAppOpsService.java:341)
[35m[AndroidDriver][39m 	at android.os.Binder.execTransact(Binder.java:697)
[35m[AndroidDriver][39m 
[35m[UiAutomator2][39m Server packages are not going to be (re)installed
[35m[ADB][39m Adding packages ["io.appium.settings","io.appium.uiautomator2.server","io.appium.uiautomator2.server.test"] to Doze whitelist
[35m[UiAutomator2][39m Starting UIAutomator2 server 4.27.0
[35m[UiAutomator2][39m Using UIAutomator2 server from 'C:\Users\Ahadian Rifky\AppData\Roaming\npm\node_modules\appium\node_modules\appium-uiautomator2-server\apks\appium-uiautomator2-server-v4.27.0.apk' and test from 'C:\Users\Ahadian Rifky\AppData\Roaming\npm\node_modules\appium\node_modules\appium-uiautomator2-server\apks\appium-uiautomator2-server-debug-androidTest.apk'
[35m[UiAutomator2][39m Waiting up to 30000ms for UiAutomator2 to be online...
[35m[WD Proxy][39m Determined the downstream protocol as 'W3C'
[35m[AndroidDriver][39m Screen already unlocked, doing nothing
[35m[UiAutomator2][39m Starting 'com.kfc.mobile/com.kfc.mobile.presentation.splash.SplashActivity and waiting for 'com.kfc.mobile/com.kfc.mobile.presentation.splash.SplashActivity'
[35m[WD Proxy][39m socket hang up
[35m[WD Proxy][39m socket hang up
[35m[UiAutomator2][39m Did not get confirmation UiAutomator2 deleteSession worked; Error was: UnknownError: An unknown server-side error occurred while processing the command. Original error: Could not proxy command to the remote server. Original error: socket hang up
[35m[HTTP][39m [37m<-- POST /wd/hub/session [39m[31m500[39m [90m7525 ms - 1355[39m
[35m[HTTP][39m [90m[39m
[35m[HTTP][39m [37m-->[39m [37mGET[39m [37m/wd/hub/status[39m
[35m[HTTP][39m [90m{}[39m
[35m[HTTP][39m [37m<-- GET /wd/hub/status [39m[32m200[39m [90m1 ms - 68[39m
[35m[HTTP][39m [90m[39m
[35m[HTTP][39m [37m-->[39m [37mPOST[39m [37m/wd/hub/session[39m
[35m[HTTP][39m [90m{"desiredCapabilities":{"appPackage":"com.kfc.mobile","noReset":true,"deviceId":"","deviceName":"OPPO CPH1803 (Android 8.1.0)","platform":"ANDROID","appActivity":"com.kfc.mobile.presentation.splash.SplashActivity","newCommandTimeout":1800,"platformVersion":"8.1.0","automationName":"uiautomator2","autoGrantPermissions":true,"platformName":"Android","udid":"cefdc881","systemPort":8285},"capabilities":{"firstMatch":[{"appium:appActivity":"com.kfc.mobile.presentation.splash.SplashActivity","appium:appPackage":"com.kfc.mobile","appium:autoGrantPermissions":true,"appium:automationName":"uiautomator2","deviceId":"","appium:deviceName":"OPPO CPH1803 (Android 8.1.0)","appium:newCommandTimeout":1800,"appium:noReset":true,"platform":"ANDROID","platformName":"android","appium:platformVersion":"8.1.0","appium:systemPort":8285,"appium:udid":"cefdc881"}]}}[39m
[35m[BaseDriver][39m The following capabilities are not standard capabilities and should have an extension prefix:
[35m[BaseDriver][39m   deviceId
[35m[BaseDriver][39m   platform
[35m[BaseDriver][39m   chromedriverPort
[35m[Appium][39m Appium v1.22.3 creating new AndroidUiautomator2Driver (v1.70.1) session
[35m[BaseDriver][39m The following capabilities were provided, but are not recognized by Appium:
[35m[BaseDriver][39m   deviceId
[35m[BaseDriver][39m   platform
[35m[BaseDriver][39m Session created with session id: 0127df84-a310-42fa-a655-2cf9764dd4e9
[35m[UiAutomator2][39m Starting 'com.kfc.mobile' directly on the device
[35m[ADB][39m Using 'adb.exe' from 'C:\Users\Ahadian Rifky\.katalon\tools\android_sdk\platform-tools\adb.exe'
[35m[AndroidDriver][39m Retrieving device list
[35m[AndroidDriver][39m Using device: cefdc881
[35m[ADB][39m Using 'adb.exe' from 'C:\Users\Ahadian Rifky\.katalon\tools\android_sdk\platform-tools\adb.exe'
[35m[AndroidDriver][39m No app sent in, not parsing package/activity
[35m[AndroidDriver][39m Unable to set mock location for app 'io.appium.settings': Error executing adbExec. Original error: 'Command ''C:\\Users\\Ahadian Rifky\\.katalon\\tools\\android_sdk\\platform-tools\\adb.exe' -P 5037 -s cefdc881 shell appops set io.appium.settings android\:mock_location allow' exited with code 255'; Command output: Security exception: uid 2000 does not have android.permission.UPDATE_APP_OPS_STATS.
[35m[AndroidDriver][39m 
[35m[AndroidDriver][39m java.lang.SecurityException: uid 2000 does not have android.permission.UPDATE_APP_OPS_STATS.
[35m[AndroidDriver][39m 	at android.app.ContextImpl.enforce(ContextImpl.java:1831)
[35m[AndroidDriver][39m 	at android.app.ContextImpl.enforcePermission(ContextImpl.java:1844)
[35m[AndroidDriver][39m 	at com.android.server.AppOpsService.setMode(AppOpsService.java:674)
[35m[AndroidDriver][39m 	at com.android.server.AppOpsService.onShellCommand(AppOpsService.java:2026)
[35m[AndroidDriver][39m 	at com.android.server.AppOpsService$Shell.onCommand(AppOpsService.java:1800)
[35m[AndroidDriver][39m 	at android.os.ShellCommand.exec(ShellCommand.java:96)
[35m[AndroidDriver][39m 	at com.android.server.AppOpsService.onShellCommand(AppOpsService.java:1974)
[35m[AndroidDriver][39m 	at android.os.Binder.shellCommand(Binder.java:594)
[35m[AndroidDriver][39m 	at android.os.Binder.onTransact(Binder.java:492)
[35m[AndroidDriver][39m 	at com.android.internal.app.IAppOpsService$Stub.onTransact(IAppOpsService.java:341)
[35m[AndroidDriver][39m 	at android.os.Binder.execTransact(Binder.java:697)
[35m[AndroidDriver][39m 
[35m[UiAutomator2][39m Server packages are not going to be (re)installed
[35m[ADB][39m Adding packages ["io.appium.settings","io.appium.uiautomator2.server","io.appium.uiautomator2.server.test"] to Doze whitelist
[35m[UiAutomator2][39m Starting UIAutomator2 server 4.27.0
[35m[UiAutomator2][39m Using UIAutomator2 server from 'C:\Users\Ahadian Rifky\AppData\Roaming\npm\node_modules\appium\node_modules\appium-uiautomator2-server\apks\appium-uiautomator2-server-v4.27.0.apk' and test from 'C:\Users\Ahadian Rifky\AppData\Roaming\npm\node_modules\appium\node_modules\appium-uiautomator2-server\apks\appium-uiautomator2-server-debug-androidTest.apk'
[35m[UiAutomator2][39m Waiting up to 30000ms for UiAutomator2 to be online...
[35m[WD Proxy][39m Determined the downstream protocol as 'W3C'
[35m[AndroidDriver][39m Screen already unlocked, doing nothing
[35m[UiAutomator2][39m Starting 'com.kfc.mobile/com.kfc.mobile.presentation.splash.SplashActivity and waiting for 'com.kfc.mobile/com.kfc.mobile.presentation.splash.SplashActivity'
[35m[WD Proxy][39m socket hang up
[35m[WD Proxy][39m socket hang up
[35m[UiAutomator2][39m Did not get confirmation UiAutomator2 deleteSession worked; Error was: UnknownError: An unknown server-side error occurred while processing the command. Original error: Could not proxy command to the remote server. Original error: socket hang up
[35m[HTTP][39m [37m<-- POST /wd/hub/session [39m[31m500[39m [90m7310 ms - 1355[39m
[35m[HTTP][39m [90m[39m
[35m[HTTP][39m [37m-->[39m [37mGET[39m [37m/wd/hub/status[39m
[35m[HTTP][39m [90m{}[39m
[35m[HTTP][39m [37m<-- GET /wd/hub/status [39m[32m200[39m [90m1 ms - 68[39m
[35m[HTTP][39m [90m[39m
[35m[HTTP][39m [37m-->[39m [37mPOST[39m [37m/wd/hub/session[39m
[35m[HTTP][39m [90m{"desiredCapabilities":{"appPackage":"com.kfc.mobile","noReset":true,"deviceId":"","deviceName":"OPPO CPH1803 (Android 8.1.0)","platform":"ANDROID","appActivity":"com.kfc.mobile.presentation.splash.SplashActivity","newCommandTimeout":1800,"platformVersion":"8.1.0","automationName":"uiautomator2","autoGrantPermissions":true,"platformName":"Android","udid":"cefdc881","systemPort":8257},"capabilities":{"firstMatch":[{"appium:appActivity":"com.kfc.mobile.presentation.splash.SplashActivity","appium:appPackage":"com.kfc.mobile","appium:autoGrantPermissions":true,"appium:automationName":"uiautomator2","deviceId":"","appium:deviceName":"OPPO CPH1803 (Android 8.1.0)","appium:newCommandTimeout":1800,"appium:noReset":true,"platform":"ANDROID","platformName":"android","appium:platformVersion":"8.1.0","appium:systemPort":8257,"appium:udid":"cefdc881"}]}}[39m
[35m[BaseDriver][39m The following capabilities are not standard capabilities and should have an extension prefix:
[35m[BaseDriver][39m   deviceId
[35m[BaseDriver][39m   platform
[35m[BaseDriver][39m   chromedriverPort
[35m[Appium][39m Appium v1.22.3 creating new AndroidUiautomator2Driver (v1.70.1) session
[35m[BaseDriver][39m The following capabilities were provided, but are not recognized by Appium:
[35m[BaseDriver][39m   deviceId
[35m[BaseDriver][39m   platform
[35m[BaseDriver][39m Session created with session id: 9239c450-4559-438d-9e3f-9d2dedfa593c
[35m[UiAutomator2][39m Starting 'com.kfc.mobile' directly on the device
[35m[ADB][39m Using 'adb.exe' from 'C:\Users\Ahadian Rifky\.katalon\tools\android_sdk\platform-tools\adb.exe'
[35m[AndroidDriver][39m Retrieving device list
[35m[AndroidDriver][39m Using device: cefdc881
[35m[ADB][39m Using 'adb.exe' from 'C:\Users\Ahadian Rifky\.katalon\tools\android_sdk\platform-tools\adb.exe'
[35m[AndroidDriver][39m No app sent in, not parsing package/activity
[35m[AndroidDriver][39m Unable to set mock location for app 'io.appium.settings': Error executing adbExec. Original error: 'Command ''C:\\Users\\Ahadian Rifky\\.katalon\\tools\\android_sdk\\platform-tools\\adb.exe' -P 5037 -s cefdc881 shell appops set io.appium.settings android\:mock_location allow' exited with code 255'; Command output: Security exception: uid 2000 does not have android.permission.UPDATE_APP_OPS_STATS.
[35m[AndroidDriver][39m 
[35m[AndroidDriver][39m java.lang.SecurityException: uid 2000 does not have android.permission.UPDATE_APP_OPS_STATS.
[35m[AndroidDriver][39m 	at android.app.ContextImpl.enforce(ContextImpl.java:1831)
[35m[AndroidDriver][39m 	at android.app.ContextImpl.enforcePermission(ContextImpl.java:1844)
[35m[AndroidDriver][39m 	at com.android.server.AppOpsService.setMode(AppOpsService.java:674)
[35m[AndroidDriver][39m 	at com.android.server.AppOpsService.onShellCommand(AppOpsService.java:2026)
[35m[AndroidDriver][39m 	at com.android.server.AppOpsService$Shell.onCommand(AppOpsService.java:1800)
[35m[AndroidDriver][39m 	at android.os.ShellCommand.exec(ShellCommand.java:96)
[35m[AndroidDriver][39m 	at com.android.server.AppOpsService.onShellCommand(AppOpsService.java:1974)
[35m[AndroidDriver][39m 	at android.os.Binder.shellCommand(Binder.java:594)
[35m[AndroidDriver][39m 	at android.os.Binder.onTransact(Binder.java:492)
[35m[AndroidDriver][39m 	at com.android.internal.app.IAppOpsService$Stub.onTransact(IAppOpsService.java:341)
[35m[AndroidDriver][39m 	at android.os.Binder.execTransact(Binder.java:697)
[35m[AndroidDriver][39m 
[35m[UiAutomator2][39m Server packages are not going to be (re)installed
[35m[ADB][39m Adding packages ["io.appium.settings","io.appium.uiautomator2.server","io.appium.uiautomator2.server.test"] to Doze whitelist
[35m[UiAutomator2][39m Starting UIAutomator2 server 4.27.0
[35m[UiAutomator2][39m Using UIAutomator2 server from 'C:\Users\Ahadian Rifky\AppData\Roaming\npm\node_modules\appium\node_modules\appium-uiautomator2-server\apks\appium-uiautomator2-server-v4.27.0.apk' and test from 'C:\Users\Ahadian Rifky\AppData\Roaming\npm\node_modules\appium\node_modules\appium-uiautomator2-server\apks\appium-uiautomator2-server-debug-androidTest.apk'
[35m[UiAutomator2][39m Waiting up to 30000ms for UiAutomator2 to be online...
[35m[WD Proxy][39m Determined the downstream protocol as 'W3C'
[35m[AndroidDriver][39m Screen already unlocked, doing nothing
[35m[UiAutomator2][39m Starting 'com.kfc.mobile/com.kfc.mobile.presentation.splash.SplashActivity and waiting for 'com.kfc.mobile/com.kfc.mobile.presentation.splash.SplashActivity'
[35m[WD Proxy][39m socket hang up
[35m[WD Proxy][39m socket hang up
[35m[UiAutomator2][39m Did not get confirmation UiAutomator2 deleteSession worked; Error was: UnknownError: An unknown server-side error occurred while processing the command. Original error: Could not proxy command to the remote server. Original error: socket hang up
[35m[HTTP][39m [37m<-- POST /wd/hub/session [39m[31m500[39m [90m7422 ms - 1355[39m
[35m[HTTP][39m [90m[39m
[35m[HTTP][39m [37m-->[39m [37mGET[39m [37m/wd/hub/status[39m
[35m[HTTP][39m [90m{}[39m
[35m[HTTP][39m [37m<-- GET /wd/hub/status [39m[32m200[39m [90m1 ms - 68[39m
[35m[HTTP][39m [90m[39m
[35m[HTTP][39m [37m-->[39m [37mPOST[39m [37m/wd/hub/session[39m
[35m[HTTP][39m [90m{"desiredCapabilities":{"appPackage":"com.kfc.mobile","noReset":true,"deviceId":"","deviceName":"OPPO CPH1803 (Android 8.1.0)","platform":"ANDROID","appActivity":"com.kfc.mobile.presentation.splash.SplashActivity","newCommandTimeout":1800,"platformVersion":"8.1.0","automationName":"uiautomator2","autoGrantPermissions":true,"platformName":"Android","udid":"cefdc881","systemPort":8250},"capabilities":{"firstMatch":[{"appium:appActivity":"com.kfc.mobile.presentation.splash.SplashActivity","appium:appPackage":"com.kfc.mobile","appium:autoGrantPermissions":true,"appium:automationName":"uiautomator2","deviceId":"","appium:deviceName":"OPPO CPH1803 (Android 8.1.0)","appium:newCommandTimeout":1800,"appium:noReset":true,"platform":"ANDROID","platformName":"android","appium:platformVersion":"8.1.0","appium:systemPort":8250,"appium:udid":"cefdc881"}]}}[39m
[35m[BaseDriver][39m The following capabilities are not standard capabilities and should have an extension prefix:
[35m[BaseDriver][39m   deviceId
[35m[BaseDriver][39m   platform
[35m[BaseDriver][39m   chromedriverPort
[35m[Appium][39m Appium v1.22.3 creating new AndroidUiautomator2Driver (v1.70.1) session
[35m[BaseDriver][39m The following capabilities were provided, but are not recognized by Appium:
[35m[BaseDriver][39m   deviceId
[35m[BaseDriver][39m   platform
[35m[BaseDriver][39m Session created with session id: 5f1798a9-3a53-4e7f-a35b-9108f7ff9eb8
[35m[UiAutomator2][39m Starting 'com.kfc.mobile' directly on the device
[35m[ADB][39m Using 'adb.exe' from 'C:\Users\Ahadian Rifky\.katalon\tools\android_sdk\platform-tools\adb.exe'
[35m[AndroidDriver][39m Retrieving device list
[35m[AndroidDriver][39m Using device: cefdc881
[35m[ADB][39m Using 'adb.exe' from 'C:\Users\Ahadian Rifky\.katalon\tools\android_sdk\platform-tools\adb.exe'
[35m[AndroidDriver][39m No app sent in, not parsing package/activity
[35m[AndroidDriver][39m Unable to set mock location for app 'io.appium.settings': Error executing adbExec. Original error: 'Command ''C:\\Users\\Ahadian Rifky\\.katalon\\tools\\android_sdk\\platform-tools\\adb.exe' -P 5037 -s cefdc881 shell appops set io.appium.settings android\:mock_location allow' exited with code 255'; Command output: Security exception: uid 2000 does not have android.permission.UPDATE_APP_OPS_STATS.
[35m[AndroidDriver][39m 
[35m[AndroidDriver][39m java.lang.SecurityException: uid 2000 does not have android.permission.UPDATE_APP_OPS_STATS.
[35m[AndroidDriver][39m 	at android.app.ContextImpl.enforce(ContextImpl.java:1831)
[35m[AndroidDriver][39m 	at android.app.ContextImpl.enforcePermission(ContextImpl.java:1844)
[35m[AndroidDriver][39m 	at com.android.server.AppOpsService.setMode(AppOpsService.java:674)
[35m[AndroidDriver][39m 	at com.android.server.AppOpsService.onShellCommand(AppOpsService.java:2026)
[35m[AndroidDriver][39m 	at com.android.server.AppOpsService$Shell.onCommand(AppOpsService.java:1800)
[35m[AndroidDriver][39m 	at android.os.ShellCommand.exec(ShellCommand.java:96)
[35m[AndroidDriver][39m 	at com.android.server.AppOpsService.onShellCommand(AppOpsService.java:1974)
[35m[AndroidDriver][39m 	at android.os.Binder.shellCommand(Binder.java:594)
[35m[AndroidDriver][39m 	at android.os.Binder.onTransact(Binder.java:492)
[35m[AndroidDriver][39m 	at com.android.internal.app.IAppOpsService$Stub.onTransact(IAppOpsService.java:341)
[35m[AndroidDriver][39m 	at android.os.Binder.execTransact(Binder.java:697)
[35m[AndroidDriver][39m 
[35m[UiAutomator2][39m Server packages are not going to be (re)installed
[35m[ADB][39m Adding packages ["io.appium.settings","io.appium.uiautomator2.server","io.appium.uiautomator2.server.test"] to Doze whitelist
[35m[UiAutomator2][39m Starting UIAutomator2 server 4.27.0
[35m[UiAutomator2][39m Using UIAutomator2 server from 'C:\Users\Ahadian Rifky\AppData\Roaming\npm\node_modules\appium\node_modules\appium-uiautomator2-server\apks\appium-uiautomator2-server-v4.27.0.apk' and test from 'C:\Users\Ahadian Rifky\AppData\Roaming\npm\node_modules\appium\node_modules\appium-uiautomator2-server\apks\appium-uiautomator2-server-debug-androidTest.apk'
[35m[UiAutomator2][39m Waiting up to 30000ms for UiAutomator2 to be online...
[35m[WD Proxy][39m Determined the downstream protocol as 'W3C'
[35m[AndroidDriver][39m Screen already unlocked, doing nothing
[35m[UiAutomator2][39m Starting 'com.kfc.mobile/com.kfc.mobile.presentation.splash.SplashActivity and waiting for 'com.kfc.mobile/com.kfc.mobile.presentation.splash.SplashActivity'
[35m[WD Proxy][39m socket hang up
[35m[WD Proxy][39m socket hang up
[35m[UiAutomator2][39m Did not get confirmation UiAutomator2 deleteSession worked; Error was: UnknownError: An unknown server-side error occurred while processing the command. Original error: Could not proxy command to the remote server. Original error: socket hang up
[35m[HTTP][39m [37m<-- POST /wd/hub/session [39m[31m500[39m [90m7337 ms - 1355[39m
[35m[HTTP][39m [90m[39m
[35m[HTTP][39m [37m-->[39m [37mGET[39m [37m/wd/hub/status[39m
[35m[HTTP][39m [90m{}[39m
[35m[HTTP][39m [37m<-- GET /wd/hub/status [39m[32m200[39m [90m1 ms - 68[39m
[35m[HTTP][39m [90m[39m
[35m[HTTP][39m [37m-->[39m [37mPOST[39m [37m/wd/hub/session[39m
[35m[HTTP][39m [90m{"desiredCapabilities":{"appPackage":"com.kfc.mobile","noReset":true,"deviceId":"","deviceName":"OPPO CPH1803 (Android 8.1.0)","platform":"ANDROID","appActivity":"com.kfc.mobile.presentation.splash.SplashActivity","newCommandTimeout":1800,"platformVersion":"8.1.0","automationName":"uiautomator2","autoGrantPermissions":true,"platformName":"Android","udid":"cefdc881","systemPort":8263},"capabilities":{"firstMatch":[{"appium:appActivity":"com.kfc.mobile.presentation.splash.SplashActivity","appium:appPackage":"com.kfc.mobile","appium:autoGrantPermissions":true,"appium:automationName":"uiautomator2","deviceId":"","appium:deviceName":"OPPO CPH1803 (Android 8.1.0)","appium:newCommandTimeout":1800,"appium:noReset":true,"platform":"ANDROID","platformName":"android","appium:platformVersion":"8.1.0","appium:systemPort":8263,"appium:udid":"cefdc881"}]}}[39m
[35m[BaseDriver][39m The following capabilities are not standard capabilities and should have an extension prefix:
[35m[BaseDriver][39m   deviceId
[35m[BaseDriver][39m   platform
[35m[BaseDriver][39m   chromedriverPort
[35m[Appium][39m Appium v1.22.3 creating new AndroidUiautomator2Driver (v1.70.1) session
[35m[BaseDriver][39m The following capabilities were provided, but are not recognized by Appium:
[35m[BaseDriver][39m   deviceId
[35m[BaseDriver][39m   platform
[35m[BaseDriver][39m Session created with session id: 85a3655a-3035-44fa-a60a-e919d65a7bb1
[35m[UiAutomator2][39m Starting 'com.kfc.mobile' directly on the device
[35m[ADB][39m Using 'adb.exe' from 'C:\Users\Ahadian Rifky\.katalon\tools\android_sdk\platform-tools\adb.exe'
[35m[AndroidDriver][39m Retrieving device list
[35m[AndroidDriver][39m Using device: cefdc881
[35m[ADB][39m Using 'adb.exe' from 'C:\Users\Ahadian Rifky\.katalon\tools\android_sdk\platform-tools\adb.exe'
[35m[AndroidDriver][39m No app sent in, not parsing package/activity
[35m[AndroidDriver][39m Unable to set mock location for app 'io.appium.settings': Error executing adbExec. Original error: 'Command ''C:\\Users\\Ahadian Rifky\\.katalon\\tools\\android_sdk\\platform-tools\\adb.exe' -P 5037 -s cefdc881 shell appops set io.appium.settings android\:mock_location allow' exited with code 255'; Command output: Security exception: uid 2000 does not have android.permission.UPDATE_APP_OPS_STATS.
[35m[AndroidDriver][39m 
[35m[AndroidDriver][39m java.lang.SecurityException: uid 2000 does not have android.permission.UPDATE_APP_OPS_STATS.
[35m[AndroidDriver][39m 	at android.app.ContextImpl.enforce(ContextImpl.java:1831)
[35m[AndroidDriver][39m 	at android.app.ContextImpl.enforcePermission(ContextImpl.java:1844)
[35m[AndroidDriver][39m 	at com.android.server.AppOpsService.setMode(AppOpsService.java:674)
[35m[AndroidDriver][39m 	at com.android.server.AppOpsService.onShellCommand(AppOpsService.java:2026)
[35m[AndroidDriver][39m 	at com.android.server.AppOpsService$Shell.onCommand(AppOpsService.java:1800)
[35m[AndroidDriver][39m 	at android.os.ShellCommand.exec(ShellCommand.java:96)
[35m[AndroidDriver][39m 	at com.android.server.AppOpsService.onShellCommand(AppOpsService.java:1974)
[35m[AndroidDriver][39m 	at android.os.Binder.shellCommand(Binder.java:594)
[35m[AndroidDriver][39m 	at android.os.Binder.onTransact(Binder.java:492)
[35m[AndroidDriver][39m 	at com.android.internal.app.IAppOpsService$Stub.onTransact(IAppOpsService.java:341)
[35m[AndroidDriver][39m 	at android.os.Binder.execTransact(Binder.java:697)
[35m[AndroidDriver][39m 
[35m[UiAutomator2][39m Server packages are not going to be (re)installed
[35m[ADB][39m Adding packages ["io.appium.settings","io.appium.uiautomator2.server","io.appium.uiautomator2.server.test"] to Doze whitelist
[35m[UiAutomator2][39m Starting UIAutomator2 server 4.27.0
[35m[UiAutomator2][39m Using UIAutomator2 server from 'C:\Users\Ahadian Rifky\AppData\Roaming\npm\node_modules\appium\node_modules\appium-uiautomator2-server\apks\appium-uiautomator2-server-v4.27.0.apk' and test from 'C:\Users\Ahadian Rifky\AppData\Roaming\npm\node_modules\appium\node_modules\appium-uiautomator2-server\apks\appium-uiautomator2-server-debug-androidTest.apk'
[35m[UiAutomator2][39m Waiting up to 30000ms for UiAutomator2 to be online...
[35m[WD Proxy][39m Determined the downstream protocol as 'W3C'
[35m[AndroidDriver][39m Screen already unlocked, doing nothing
[35m[UiAutomator2][39m Starting 'com.kfc.mobile/com.kfc.mobile.presentation.splash.SplashActivity and waiting for 'com.kfc.mobile/com.kfc.mobile.presentation.splash.SplashActivity'
[35m[WD Proxy][39m socket hang up
[35m[WD Proxy][39m socket hang up
[35m[UiAutomator2][39m Did not get confirmation UiAutomator2 deleteSession worked; Error was: UnknownError: An unknown server-side error occurred while processing the command. Original error: Could not proxy command to the remote server. Original error: socket hang up
[35m[HTTP][39m [37m<-- POST /wd/hub/session [39m[31m500[39m [90m7399 ms - 1355[39m
[35m[HTTP][39m [90m[39m
[35m[HTTP][39m [37m-->[39m [37mGET[39m [37m/wd/hub/status[39m
[35m[HTTP][39m [90m{}[39m
[35m[HTTP][39m [37m<-- GET /wd/hub/status [39m[32m200[39m [90m1 ms - 68[39m
[35m[HTTP][39m [90m[39m
[35m[HTTP][39m [37m-->[39m [37mPOST[39m [37m/wd/hub/session[39m
[35m[HTTP][39m [90m{"desiredCapabilities":{"appPackage":"com.kfc.mobile","noReset":true,"deviceId":"","deviceName":"OPPO CPH1803 (Android 8.1.0)","platform":"ANDROID","appActivity":"com.kfc.mobile.presentation.splash.SplashActivity","newCommandTimeout":1800,"platformVersion":"8.1.0","automationName":"uiautomator2","autoGrantPermissions":true,"platformName":"Android","udid":"cefdc881","systemPort":8245},"capabilities":{"firstMatch":[{"appium:appActivity":"com.kfc.mobile.presentation.splash.SplashActivity","appium:appPackage":"com.kfc.mobile","appium:autoGrantPermissions":true,"appium:automationName":"uiautomator2","deviceId":"","appium:deviceName":"OPPO CPH1803 (Android 8.1.0)","appium:newCommandTimeout":1800,"appium:noReset":true,"platform":"ANDROID","platformName":"android","appium:platformVersion":"8.1.0","appium:systemPort":8245,"appium:udid":"cefdc881"}]}}[39m
[35m[BaseDriver][39m The following capabilities are not standard capabilities and should have an extension prefix:
[35m[BaseDriver][39m   deviceId
[35m[BaseDriver][39m   platform
[35m[BaseDriver][39m   chromedriverPort
[35m[Appium][39m Appium v1.22.3 creating new AndroidUiautomator2Driver (v1.70.1) session
[35m[BaseDriver][39m The following capabilities were provided, but are not recognized by Appium:
[35m[BaseDriver][39m   deviceId
[35m[BaseDriver][39m   platform
[35m[BaseDriver][39m Session created with session id: 326652db-dbf0-47c3-b4d4-87c70c1b9633
[35m[UiAutomator2][39m Starting 'com.kfc.mobile' directly on the device
[35m[ADB][39m Using 'adb.exe' from 'C:\Users\Ahadian Rifky\.katalon\tools\android_sdk\platform-tools\adb.exe'
[35m[AndroidDriver][39m Retrieving device list
[35m[AndroidDriver][39m Using device: cefdc881
[35m[ADB][39m Using 'adb.exe' from 'C:\Users\Ahadian Rifky\.katalon\tools\android_sdk\platform-tools\adb.exe'
[35m[AndroidDriver][39m No app sent in, not parsing package/activity
[35m[AndroidDriver][39m Unable to set mock location for app 'io.appium.settings': Error executing adbExec. Original error: 'Command ''C:\\Users\\Ahadian Rifky\\.katalon\\tools\\android_sdk\\platform-tools\\adb.exe' -P 5037 -s cefdc881 shell appops set io.appium.settings android\:mock_location allow' exited with code 255'; Command output: Security exception: uid 2000 does not have android.permission.UPDATE_APP_OPS_STATS.
[35m[AndroidDriver][39m 
[35m[AndroidDriver][39m java.lang.SecurityException: uid 2000 does not have android.permission.UPDATE_APP_OPS_STATS.
[35m[AndroidDriver][39m 	at android.app.ContextImpl.enforce(ContextImpl.java:1831)
[35m[AndroidDriver][39m 	at android.app.ContextImpl.enforcePermission(ContextImpl.java:1844)
[35m[AndroidDriver][39m 	at com.android.server.AppOpsService.setMode(AppOpsService.java:674)
[35m[AndroidDriver][39m 	at com.android.server.AppOpsService.onShellCommand(AppOpsService.java:2026)
[35m[AndroidDriver][39m 	at com.android.server.AppOpsService$Shell.onCommand(AppOpsService.java:1800)
[35m[AndroidDriver][39m 	at android.os.ShellCommand.exec(ShellCommand.java:96)
[35m[AndroidDriver][39m 	at com.android.server.AppOpsService.onShellCommand(AppOpsService.java:1974)
[35m[AndroidDriver][39m 	at android.os.Binder.shellCommand(Binder.java:594)
[35m[AndroidDriver][39m 	at android.os.Binder.onTransact(Binder.java:492)
[35m[AndroidDriver][39m 	at com.android.internal.app.IAppOpsService$Stub.onTransact(IAppOpsService.java:341)
[35m[AndroidDriver][39m 	at android.os.Binder.execTransact(Binder.java:697)
[35m[AndroidDriver][39m 
[35m[UiAutomator2][39m Server packages are not going to be (re)installed
[35m[ADB][39m Adding packages ["io.appium.settings","io.appium.uiautomator2.server","io.appium.uiautomator2.server.test"] to Doze whitelist
[35m[UiAutomator2][39m Starting UIAutomator2 server 4.27.0
[35m[UiAutomator2][39m Using UIAutomator2 server from 'C:\Users\Ahadian Rifky\AppData\Roaming\npm\node_modules\appium\node_modules\appium-uiautomator2-server\apks\appium-uiautomator2-server-v4.27.0.apk' and test from 'C:\Users\Ahadian Rifky\AppData\Roaming\npm\node_modules\appium\node_modules\appium-uiautomator2-server\apks\appium-uiautomator2-server-debug-androidTest.apk'
[35m[UiAutomator2][39m Waiting up to 30000ms for UiAutomator2 to be online...
[35m[WD Proxy][39m Determined the downstream protocol as 'W3C'
[35m[AndroidDriver][39m Screen already unlocked, doing nothing
[35m[UiAutomator2][39m Starting 'com.kfc.mobile/com.kfc.mobile.presentation.splash.SplashActivity and waiting for 'com.kfc.mobile/com.kfc.mobile.presentation.splash.SplashActivity'
[35m[WD Proxy][39m socket hang up
[35m[WD Proxy][39m socket hang up
[35m[UiAutomator2][39m Did not get confirmation UiAutomator2 deleteSession worked; Error was: UnknownError: An unknown server-side error occurred while processing the command. Original error: Could not proxy command to the remote server. Original error: socket hang up
[35m[HTTP][39m [37m<-- POST /wd/hub/session [39m[31m500[39m [90m7441 ms - 1355[39m
[35m[HTTP][39m [90m[39m
[35m[HTTP][39m [37m-->[39m [37mGET[39m [37m/wd/hub/status[39m
[35m[HTTP][39m [90m{}[39m
[35m[HTTP][39m [37m<-- GET /wd/hub/status [39m[32m200[39m [90m2 ms - 68[39m
[35m[HTTP][39m [90m[39m
[35m[HTTP][39m [37m-->[39m [37mPOST[39m [37m/wd/hub/session[39m
[35m[HTTP][39m [90m{"desiredCapabilities":{"appPackage":"com.kfc.mobile","noReset":true,"deviceId":"","deviceName":"OPPO CPH1803 (Android 8.1.0)","platform":"ANDROID","appActivity":"com.kfc.mobile.presentation.splash.SplashActivity","newCommandTimeout":1800,"platformVersion":"8.1.0","automationName":"uiautomator2","autoGrantPermissions":true,"platformName":"Android","udid":"cefdc881","systemPort":8245},"capabilities":{"firstMatch":[{"appium:appActivity":"com.kfc.mobile.presentation.splash.SplashActivity","appium:appPackage":"com.kfc.mobile","appium:autoGrantPermissions":true,"appium:automationName":"uiautomator2","deviceId":"","appium:deviceName":"OPPO CPH1803 (Android 8.1.0)","appium:newCommandTimeout":1800,"appium:noReset":true,"platform":"ANDROID","platformName":"android","appium:platformVersion":"8.1.0","appium:systemPort":8245,"appium:udid":"cefdc881"}]}}[39m
[35m[BaseDriver][39m The following capabilities are not standard capabilities and should have an extension prefix:
[35m[BaseDriver][39m   deviceId
[35m[BaseDriver][39m   platform
[35m[BaseDriver][39m   chromedriverPort
[35m[Appium][39m Appium v1.22.3 creating new AndroidUiautomator2Driver (v1.70.1) session
[35m[BaseDriver][39m The following capabilities were provided, but are not recognized by Appium:
[35m[BaseDriver][39m   deviceId
[35m[BaseDriver][39m   platform
[35m[BaseDriver][39m Session created with session id: d192fbc1-f8f4-449b-8576-8adae3d6356e
[35m[UiAutomator2][39m Starting 'com.kfc.mobile' directly on the device
[35m[ADB][39m Using 'adb.exe' from 'C:\Users\Ahadian Rifky\.katalon\tools\android_sdk\platform-tools\adb.exe'
[35m[AndroidDriver][39m Retrieving device list
[35m[AndroidDriver][39m Using device: cefdc881
[35m[ADB][39m Using 'adb.exe' from 'C:\Users\Ahadian Rifky\.katalon\tools\android_sdk\platform-tools\adb.exe'
[35m[AndroidDriver][39m No app sent in, not parsing package/activity
[35m[AndroidDriver][39m Unable to set mock location for app 'io.appium.settings': Error executing adbExec. Original error: 'Command ''C:\\Users\\Ahadian Rifky\\.katalon\\tools\\android_sdk\\platform-tools\\adb.exe' -P 5037 -s cefdc881 shell appops set io.appium.settings android\:mock_location allow' exited with code 255'; Command output: Security exception: uid 2000 does not have android.permission.UPDATE_APP_OPS_STATS.
[35m[AndroidDriver][39m 
[35m[AndroidDriver][39m java.lang.SecurityException: uid 2000 does not have android.permission.UPDATE_APP_OPS_STATS.
[35m[AndroidDriver][39m 	at android.app.ContextImpl.enforce(ContextImpl.java:1831)
[35m[AndroidDriver][39m 	at android.app.ContextImpl.enforcePermission(ContextImpl.java:1844)
[35m[AndroidDriver][39m 	at com.android.server.AppOpsService.setMode(AppOpsService.java:674)
[35m[AndroidDriver][39m 	at com.android.server.AppOpsService.onShellCommand(AppOpsService.java:2026)
[35m[AndroidDriver][39m 	at com.android.server.AppOpsService$Shell.onCommand(AppOpsService.java:1800)
[35m[AndroidDriver][39m 	at android.os.ShellCommand.exec(ShellCommand.java:96)
[35m[AndroidDriver][39m 	at com.android.server.AppOpsService.onShellCommand(AppOpsService.java:1974)
[35m[AndroidDriver][39m 	at android.os.Binder.shellCommand(Binder.java:594)
[35m[AndroidDriver][39m 	at android.os.Binder.onTransact(Binder.java:492)
[35m[AndroidDriver][39m 	at com.android.internal.app.IAppOpsService$Stub.onTransact(IAppOpsService.java:341)
[35m[AndroidDriver][39m 	at android.os.Binder.execTransact(Binder.java:697)
[35m[AndroidDriver][39m 
[35m[UiAutomator2][39m Server packages are not going to be (re)installed
[35m[ADB][39m Adding packages ["io.appium.settings","io.appium.uiautomator2.server","io.appium.uiautomator2.server.test"] to Doze whitelist
[35m[UiAutomator2][39m Starting UIAutomator2 server 4.27.0
[35m[UiAutomator2][39m Using UIAutomator2 server from 'C:\Users\Ahadian Rifky\AppData\Roaming\npm\node_modules\appium\node_modules\appium-uiautomator2-server\apks\appium-uiautomator2-server-v4.27.0.apk' and test from 'C:\Users\Ahadian Rifky\AppData\Roaming\npm\node_modules\appium\node_modules\appium-uiautomator2-server\apks\appium-uiautomator2-server-debug-androidTest.apk'
[35m[UiAutomator2][39m Waiting up to 30000ms for UiAutomator2 to be online...
[35m[WD Proxy][39m Determined the downstream protocol as 'W3C'
[35m[AndroidDriver][39m Screen already unlocked, doing nothing
[35m[UiAutomator2][39m Starting 'com.kfc.mobile/com.kfc.mobile.presentation.splash.SplashActivity and waiting for 'com.kfc.mobile/com.kfc.mobile.presentation.splash.SplashActivity'
[35m[WD Proxy][39m socket hang up
[35m[WD Proxy][39m socket hang up
[35m[UiAutomator2][39m Did not get confirmation UiAutomator2 deleteSession worked; Error was: UnknownError: An unknown server-side error occurred while processing the command. Original error: Could not proxy command to the remote server. Original error: socket hang up
[35m[HTTP][39m [37m<-- POST /wd/hub/session [39m[31m500[39m [90m7310 ms - 1355[39m
[35m[HTTP][39m [90m[39m
[35m[HTTP][39m [37m-->[39m [37mGET[39m [37m/wd/hub/status[39m
[35m[HTTP][39m [90m{}[39m
[35m[HTTP][39m [37m<-- GET /wd/hub/status [39m[32m200[39m [90m1 ms - 68[39m
[35m[HTTP][39m [90m[39m
[35m[HTTP][39m [37m-->[39m [37mPOST[39m [37m/wd/hub/session[39m
[35m[HTTP][39m [90m{"desiredCapabilities":{"appPackage":"com.kfc.mobile","noReset":true,"deviceId":"","deviceName":"OPPO CPH1803 (Android 8.1.0)","platform":"ANDROID","appActivity":"com.kfc.mobile.presentation.splash.SplashActivity","newCommandTimeout":1800,"platformVersion":"8.1.0","automationName":"uiautomator2","autoGrantPermissions":true,"platformName":"Android","udid":"cefdc881","systemPort":8279},"capabilities":{"firstMatch":[{"appium:appActivity":"com.kfc.mobile.presentation.splash.SplashActivity","appium:appPackage":"com.kfc.mobile","appium:autoGrantPermissions":true,"appium:automationName":"uiautomator2","deviceId":"","appium:deviceName":"OPPO CPH1803 (Android 8.1.0)","appium:newCommandTimeout":1800,"appium:noReset":true,"platform":"ANDROID","platformName":"android","appium:platformVersion":"8.1.0","appium:systemPort":8279,"appium:udid":"cefdc881"}]}}[39m
[35m[BaseDriver][39m The following capabilities are not standard capabilities and should have an extension prefix:
[35m[BaseDriver][39m   deviceId
[35m[BaseDriver][39m   platform
[35m[BaseDriver][39m   chromedriverPort
[35m[Appium][39m Appium v1.22.3 creating new AndroidUiautomator2Driver (v1.70.1) session
[35m[BaseDriver][39m The following capabilities were provided, but are not recognized by Appium:
[35m[BaseDriver][39m   deviceId
[35m[BaseDriver][39m   platform
[35m[BaseDriver][39m Session created with session id: f23075af-61b4-467d-81ac-8b5e9df68c10
[35m[UiAutomator2][39m Starting 'com.kfc.mobile' directly on the device
[35m[ADB][39m Using 'adb.exe' from 'C:\Users\Ahadian Rifky\.katalon\tools\android_sdk\platform-tools\adb.exe'
[35m[AndroidDriver][39m Retrieving device list
[35m[AndroidDriver][39m Using device: cefdc881
[35m[ADB][39m Using 'adb.exe' from 'C:\Users\Ahadian Rifky\.katalon\tools\android_sdk\platform-tools\adb.exe'
[35m[AndroidDriver][39m No app sent in, not parsing package/activity
[35m[AndroidDriver][39m Unable to set mock location for app 'io.appium.settings': Error executing adbExec. Original error: 'Command ''C:\\Users\\Ahadian Rifky\\.katalon\\tools\\android_sdk\\platform-tools\\adb.exe' -P 5037 -s cefdc881 shell appops set io.appium.settings android\:mock_location allow' exited with code 255'; Command output: Security exception: uid 2000 does not have android.permission.UPDATE_APP_OPS_STATS.
[35m[AndroidDriver][39m 
[35m[AndroidDriver][39m java.lang.SecurityException: uid 2000 does not have android.permission.UPDATE_APP_OPS_STATS.
[35m[AndroidDriver][39m 	at android.app.ContextImpl.enforce(ContextImpl.java:1831)
[35m[AndroidDriver][39m 	at android.app.ContextImpl.enforcePermission(ContextImpl.java:1844)
[35m[AndroidDriver][39m 	at com.android.server.AppOpsService.setMode(AppOpsService.java:674)
[35m[AndroidDriver][39m 	at com.android.server.AppOpsService.onShellCommand(AppOpsService.java:2026)
[35m[AndroidDriver][39m 	at com.android.server.AppOpsService$Shell.onCommand(AppOpsService.java:1800)
[35m[AndroidDriver][39m 	at android.os.ShellCommand.exec(ShellCommand.java:96)
[35m[AndroidDriver][39m 	at com.android.server.AppOpsService.onShellCommand(AppOpsService.java:1974)
[35m[AndroidDriver][39m 	at android.os.Binder.shellCommand(Binder.java:594)
[35m[AndroidDriver][39m 	at android.os.Binder.onTransact(Binder.java:492)
[35m[AndroidDriver][39m 	at com.android.internal.app.IAppOpsService$Stub.onTransact(IAppOpsService.java:341)
[35m[AndroidDriver][39m 	at android.os.Binder.execTransact(Binder.java:697)
[35m[AndroidDriver][39m 
[35m[UiAutomator2][39m Server packages are not going to be (re)installed
[35m[ADB][39m Adding packages ["io.appium.settings","io.appium.uiautomator2.server","io.appium.uiautomator2.server.test"] to Doze whitelist
[35m[UiAutomator2][39m Starting UIAutomator2 server 4.27.0
[35m[UiAutomator2][39m Using UIAutomator2 server from 'C:\Users\Ahadian Rifky\AppData\Roaming\npm\node_modules\appium\node_modules\appium-uiautomator2-server\apks\appium-uiautomator2-server-v4.27.0.apk' and test from 'C:\Users\Ahadian Rifky\AppData\Roaming\npm\node_modules\appium\node_modules\appium-uiautomator2-server\apks\appium-uiautomator2-server-debug-androidTest.apk'
[35m[UiAutomator2][39m Waiting up to 30000ms for UiAutomator2 to be online...
[35m[WD Proxy][39m Determined the downstream protocol as 'W3C'
[35m[AndroidDriver][39m Screen already unlocked, doing nothing
[35m[UiAutomator2][39m Starting 'com.kfc.mobile/com.kfc.mobile.presentation.splash.SplashActivity and waiting for 'com.kfc.mobile/com.kfc.mobile.presentation.splash.SplashActivity'
[35m[WD Proxy][39m socket hang up
[35m[WD Proxy][39m socket hang up
[35m[UiAutomator2][39m Did not get confirmation UiAutomator2 deleteSession worked; Error was: UnknownError: An unknown server-side error occurred while processing the command. Original error: Could not proxy command to the remote server. Original error: socket hang up
[35m[HTTP][39m [37m<-- POST /wd/hub/session [39m[31m500[39m [90m7163 ms - 1355[39m
[35m[HTTP][39m [90m[39m
[35m[HTTP][39m [37m-->[39m [37mGET[39m [37m/wd/hub/status[39m
[35m[HTTP][39m [90m{}[39m
[35m[HTTP][39m [37m<-- GET /wd/hub/status [39m[32m200[39m [90m1 ms - 68[39m
[35m[HTTP][39m [90m[39m
[35m[HTTP][39m [37m-->[39m [37mPOST[39m [37m/wd/hub/session[39m
[35m[HTTP][39m [90m{"desiredCapabilities":{"appPackage":"com.kfc.mobile","noReset":true,"deviceId":"","deviceName":"OPPO CPH1803 (Android 8.1.0)","platform":"ANDROID","appActivity":"com.kfc.mobile.presentation.splash.SplashActivity","newCommandTimeout":1800,"platformVersion":"8.1.0","automationName":"uiautomator2","autoGrantPermissions":true,"platformName":"Android","udid":"cefdc881","systemPort":8244},"capabilities":{"firstMatch":[{"appium:appActivity":"com.kfc.mobile.presentation.splash.SplashActivity","appium:appPackage":"com.kfc.mobile","appium:autoGrantPermissions":true,"appium:automationName":"uiautomator2","deviceId":"","appium:deviceName":"OPPO CPH1803 (Android 8.1.0)","appium:newCommandTimeout":1800,"appium:noReset":true,"platform":"ANDROID","platformName":"android","appium:platformVersion":"8.1.0","appium:systemPort":8244,"appium:udid":"cefdc881"}]}}[39m
[35m[BaseDriver][39m The following capabilities are not standard capabilities and should have an extension prefix:
[35m[BaseDriver][39m   deviceId
[35m[BaseDriver][39m   platform
[35m[BaseDriver][39m   chromedriverPort
[35m[Appium][39m Appium v1.22.3 creating new AndroidUiautomator2Driver (v1.70.1) session
[35m[BaseDriver][39m The following capabilities were provided, but are not recognized by Appium:
[35m[BaseDriver][39m   deviceId
[35m[BaseDriver][39m   platform
[35m[BaseDriver][39m Session created with session id: 9a2bc458-fe43-440e-8a8d-893739bda4d2
[35m[UiAutomator2][39m Starting 'com.kfc.mobile' directly on the device
[35m[ADB][39m Using 'adb.exe' from 'C:\Users\Ahadian Rifky\.katalon\tools\android_sdk\platform-tools\adb.exe'
[35m[AndroidDriver][39m Retrieving device list
[35m[AndroidDriver][39m Using device: cefdc881
[35m[ADB][39m Using 'adb.exe' from 'C:\Users\Ahadian Rifky\.katalon\tools\android_sdk\platform-tools\adb.exe'
[35m[AndroidDriver][39m No app sent in, not parsing package/activity
[35m[AndroidDriver][39m Unable to set mock location for app 'io.appium.settings': Error executing adbExec. Original error: 'Command ''C:\\Users\\Ahadian Rifky\\.katalon\\tools\\android_sdk\\platform-tools\\adb.exe' -P 5037 -s cefdc881 shell appops set io.appium.settings android\:mock_location allow' exited with code 255'; Command output: Security exception: uid 2000 does not have android.permission.UPDATE_APP_OPS_STATS.
[35m[AndroidDriver][39m 
[35m[AndroidDriver][39m java.lang.SecurityException: uid 2000 does not have android.permission.UPDATE_APP_OPS_STATS.
[35m[AndroidDriver][39m 	at android.app.ContextImpl.enforce(ContextImpl.java:1831)
[35m[AndroidDriver][39m 	at android.app.ContextImpl.enforcePermission(ContextImpl.java:1844)
[35m[AndroidDriver][39m 	at com.android.server.AppOpsService.setMode(AppOpsService.java:674)
[35m[AndroidDriver][39m 	at com.android.server.AppOpsService.onShellCommand(AppOpsService.java:2026)
[35m[AndroidDriver][39m 	at com.android.server.AppOpsService$Shell.onCommand(AppOpsService.java:1800)
[35m[AndroidDriver][39m 	at android.os.ShellCommand.exec(ShellCommand.java:96)
[35m[AndroidDriver][39m 	at com.android.server.AppOpsService.onShellCommand(AppOpsService.java:1974)
[35m[AndroidDriver][39m 	at android.os.Binder.shellCommand(Binder.java:594)
[35m[AndroidDriver][39m 	at android.os.Binder.onTransact(Binder.java:492)
[35m[AndroidDriver][39m 	at com.android.internal.app.IAppOpsService$Stub.onTransact(IAppOpsService.java:341)
[35m[AndroidDriver][39m 	at android.os.Binder.execTransact(Binder.java:697)
[35m[AndroidDriver][39m 
[35m[UiAutomator2][39m Server packages are not going to be (re)installed
[35m[ADB][39m Adding packages ["io.appium.settings","io.appium.uiautomator2.server","io.appium.uiautomator2.server.test"] to Doze whitelist
[35m[UiAutomator2][39m Starting UIAutomator2 server 4.27.0
[35m[UiAutomator2][39m Using UIAutomator2 server from 'C:\Users\Ahadian Rifky\AppData\Roaming\npm\node_modules\appium\node_modules\appium-uiautomator2-server\apks\appium-uiautomator2-server-v4.27.0.apk' and test from 'C:\Users\Ahadian Rifky\AppData\Roaming\npm\node_modules\appium\node_modules\appium-uiautomator2-server\apks\appium-uiautomator2-server-debug-androidTest.apk'
[35m[UiAutomator2][39m Waiting up to 30000ms for UiAutomator2 to be online...
[35m[WD Proxy][39m Determined the downstream protocol as 'W3C'
[35m[AndroidDriver][39m Screen already unlocked, doing nothing
[35m[UiAutomator2][39m Starting 'com.kfc.mobile/com.kfc.mobile.presentation.splash.SplashActivity and waiting for 'com.kfc.mobile/com.kfc.mobile.presentation.splash.SplashActivity'
[35m[WD Proxy][39m socket hang up
[35m[WD Proxy][39m socket hang up
[35m[UiAutomator2][39m Did not get confirmation UiAutomator2 deleteSession worked; Error was: UnknownError: An unknown server-side error occurred while processing the command. Original error: Could not proxy command to the remote server. Original error: socket hang up
[35m[HTTP][39m [37m<-- POST /wd/hub/session [39m[31m500[39m [90m7361 ms - 1355[39m
[35m[HTTP][39m [90m[39m
[35m[HTTP][39m [37m-->[39m [37mGET[39m [37m/wd/hub/status[39m
[35m[HTTP][39m [90m{}[39m
[35m[HTTP][39m [37m<-- GET /wd/hub/status [39m[32m200[39m [90m1 ms - 68[39m
[35m[HTTP][39m [90m[39m
[35m[HTTP][39m [37m-->[39m [37mPOST[39m [37m/wd/hub/session[39m
[35m[HTTP][39m [90m{"desiredCapabilities":{"appPackage":"com.kfc.mobile","noReset":true,"deviceId":"","deviceName":"OPPO CPH1803 (Android 8.1.0)","platform":"ANDROID","appActivity":"com.kfc.mobile.presentation.splash.SplashActivity","newCommandTimeout":1800,"platformVersion":"8.1.0","automationName":"uiautomator2","autoGrantPermissions":true,"platformName":"Android","udid":"cefdc881","systemPort":8279},"capabilities":{"firstMatch":[{"appium:appActivity":"com.kfc.mobile.presentation.splash.SplashActivity","appium:appPackage":"com.kfc.mobile","appium:autoGrantPermissions":true,"appium:automationName":"uiautomator2","deviceId":"","appium:deviceName":"OPPO CPH1803 (Android 8.1.0)","appium:newCommandTimeout":1800,"appium:noReset":true,"platform":"ANDROID","platformName":"android","appium:platformVersion":"8.1.0","appium:systemPort":8279,"appium:udid":"cefdc881"}]}}[39m
[35m[BaseDriver][39m The following capabilities are not standard capabilities and should have an extension prefix:
[35m[BaseDriver][39m   deviceId
[35m[BaseDriver][39m   platform
[35m[BaseDriver][39m   chromedriverPort
[35m[Appium][39m Appium v1.22.3 creating new AndroidUiautomator2Driver (v1.70.1) session
[35m[BaseDriver][39m The following capabilities were provided, but are not recognized by Appium:
[35m[BaseDriver][39m   deviceId
[35m[BaseDriver][39m   platform
[35m[BaseDriver][39m Session created with session id: 832ca769-e6fd-48e2-baaf-eae81f7ce465
[35m[UiAutomator2][39m Starting 'com.kfc.mobile' directly on the device
[35m[ADB][39m Using 'adb.exe' from 'C:\Users\Ahadian Rifky\.katalon\tools\android_sdk\platform-tools\adb.exe'
[35m[AndroidDriver][39m Retrieving device list
[35m[AndroidDriver][39m Using device: cefdc881
[35m[ADB][39m Using 'adb.exe' from 'C:\Users\Ahadian Rifky\.katalon\tools\android_sdk\platform-tools\adb.exe'
[35m[AndroidDriver][39m No app sent in, not parsing package/activity
[35m[AndroidDriver][39m Unable to set mock location for app 'io.appium.settings': Error executing adbExec. Original error: 'Command ''C:\\Users\\Ahadian Rifky\\.katalon\\tools\\android_sdk\\platform-tools\\adb.exe' -P 5037 -s cefdc881 shell appops set io.appium.settings android\:mock_location allow' exited with code 255'; Command output: Security exception: uid 2000 does not have android.permission.UPDATE_APP_OPS_STATS.
[35m[AndroidDriver][39m 
[35m[AndroidDriver][39m java.lang.SecurityException: uid 2000 does not have android.permission.UPDATE_APP_OPS_STATS.
[35m[AndroidDriver][39m 	at android.app.ContextImpl.enforce(ContextImpl.java:1831)
[35m[AndroidDriver][39m 	at android.app.ContextImpl.enforcePermission(ContextImpl.java:1844)
[35m[AndroidDriver][39m 	at com.android.server.AppOpsService.setMode(AppOpsService.java:674)
[35m[AndroidDriver][39m 	at com.android.server.AppOpsService.onShellCommand(AppOpsService.java:2026)
[35m[AndroidDriver][39m 	at com.android.server.AppOpsService$Shell.onCommand(AppOpsService.java:1800)
[35m[AndroidDriver][39m 	at android.os.ShellCommand.exec(ShellCommand.java:96)
[35m[AndroidDriver][39m 	at com.android.server.AppOpsService.onShellCommand(AppOpsService.java:1974)
[35m[AndroidDriver][39m 	at android.os.Binder.shellCommand(Binder.java:594)
[35m[AndroidDriver][39m 	at android.os.Binder.onTransact(Binder.java:492)
[35m[AndroidDriver][39m 	at com.android.internal.app.IAppOpsService$Stub.onTransact(IAppOpsService.java:341)
[35m[AndroidDriver][39m 	at android.os.Binder.execTransact(Binder.java:697)
[35m[AndroidDriver][39m 
[35m[UiAutomator2][39m Server packages are not going to be (re)installed
[35m[ADB][39m Adding packages ["io.appium.settings","io.appium.uiautomator2.server","io.appium.uiautomator2.server.test"] to Doze whitelist
[35m[UiAutomator2][39m Starting UIAutomator2 server 4.27.0
[35m[UiAutomator2][39m Using UIAutomator2 server from 'C:\Users\Ahadian Rifky\AppData\Roaming\npm\node_modules\appium\node_modules\appium-uiautomator2-server\apks\appium-uiautomator2-server-v4.27.0.apk' and test from 'C:\Users\Ahadian Rifky\AppData\Roaming\npm\node_modules\appium\node_modules\appium-uiautomator2-server\apks\appium-uiautomator2-server-debug-androidTest.apk'
[35m[UiAutomator2][39m Waiting up to 30000ms for UiAutomator2 to be online...
[35m[WD Proxy][39m Determined the downstream protocol as 'W3C'
[35m[AndroidDriver][39m Screen already unlocked, doing nothing
[35m[UiAutomator2][39m Starting 'com.kfc.mobile/com.kfc.mobile.presentation.splash.SplashActivity and waiting for 'com.kfc.mobile/com.kfc.mobile.presentation.splash.SplashActivity'
[35m[WD Proxy][39m socket hang up
[35m[WD Proxy][39m socket hang up
[35m[UiAutomator2][39m Did not get confirmation UiAutomator2 deleteSession worked; Error was: UnknownError: An unknown server-side error occurred while processing the command. Original error: Could not proxy command to the remote server. Original error: socket hang up
[35m[HTTP][39m [37m<-- POST /wd/hub/session [39m[31m500[39m [90m7294 ms - 1355[39m
[35m[HTTP][39m [90m[39m
[35m[HTTP][39m [37m-->[39m [37mGET[39m [37m/wd/hub/status[39m
[35m[HTTP][39m [90m{}[39m
[35m[HTTP][39m [37m<-- GET /wd/hub/status [39m[32m200[39m [90m1 ms - 68[39m
[35m[HTTP][39m [90m[39m
[35m[HTTP][39m [37m-->[39m [37mPOST[39m [37m/wd/hub/session[39m
[35m[HTTP][39m [90m{"desiredCapabilities":{"appPackage":"com.kfc.mobile","noReset":true,"deviceId":"","deviceName":"OPPO CPH1803 (Android 8.1.0)","platform":"ANDROID","appActivity":"com.kfc.mobile.presentation.splash.SplashActivity","newCommandTimeout":1800,"platformVersion":"8.1.0","automationName":"uiautomator2","autoGrantPermissions":true,"platformName":"Android","udid":"cefdc881","systemPort":8221},"capabilities":{"firstMatch":[{"appium:appActivity":"com.kfc.mobile.presentation.splash.SplashActivity","appium:appPackage":"com.kfc.mobile","appium:autoGrantPermissions":true,"appium:automationName":"uiautomator2","deviceId":"","appium:deviceName":"OPPO CPH1803 (Android 8.1.0)","appium:newCommandTimeout":1800,"appium:noReset":true,"platform":"ANDROID","platformName":"android","appium:platformVersion":"8.1.0","appium:systemPort":8221,"appium:udid":"cefdc881"}]}}[39m
[35m[BaseDriver][39m The following capabilities are not standard capabilities and should have an extension prefix:
[35m[BaseDriver][39m   deviceId
[35m[BaseDriver][39m   platform
[35m[BaseDriver][39m   chromedriverPort
[35m[Appium][39m Appium v1.22.3 creating new AndroidUiautomator2Driver (v1.70.1) session
[35m[BaseDriver][39m The following capabilities were provided, but are not recognized by Appium:
[35m[BaseDriver][39m   deviceId
[35m[BaseDriver][39m   platform
[35m[BaseDriver][39m Session created with session id: 81f666e3-5dd5-4c7c-a069-316dd3ce6745
[35m[UiAutomator2][39m Starting 'com.kfc.mobile' directly on the device
[35m[ADB][39m Using 'adb.exe' from 'C:\Users\Ahadian Rifky\.katalon\tools\android_sdk\platform-tools\adb.exe'
[35m[AndroidDriver][39m Retrieving device list
[35m[AndroidDriver][39m Using device: cefdc881
[35m[ADB][39m Using 'adb.exe' from 'C:\Users\Ahadian Rifky\.katalon\tools\android_sdk\platform-tools\adb.exe'
[35m[AndroidDriver][39m No app sent in, not parsing package/activity
[35m[AndroidDriver][39m Unable to set mock location for app 'io.appium.settings': Error executing adbExec. Original error: 'Command ''C:\\Users\\Ahadian Rifky\\.katalon\\tools\\android_sdk\\platform-tools\\adb.exe' -P 5037 -s cefdc881 shell appops set io.appium.settings android\:mock_location allow' exited with code 255'; Command output: Security exception: uid 2000 does not have android.permission.UPDATE_APP_OPS_STATS.
[35m[AndroidDriver][39m 
[35m[AndroidDriver][39m java.lang.SecurityException: uid 2000 does not have android.permission.UPDATE_APP_OPS_STATS.
[35m[AndroidDriver][39m 	at android.app.ContextImpl.enforce(ContextImpl.java:1831)
[35m[AndroidDriver][39m 	at android.app.ContextImpl.enforcePermission(ContextImpl.java:1844)
[35m[AndroidDriver][39m 	at com.android.server.AppOpsService.setMode(AppOpsService.java:674)
[35m[AndroidDriver][39m 	at com.android.server.AppOpsService.onShellCommand(AppOpsService.java:2026)
[35m[AndroidDriver][39m 	at com.android.server.AppOpsService$Shell.onCommand(AppOpsService.java:1800)
[35m[AndroidDriver][39m 	at android.os.ShellCommand.exec(ShellCommand.java:96)
[35m[AndroidDriver][39m 	at com.android.server.AppOpsService.onShellCommand(AppOpsService.java:1974)
[35m[AndroidDriver][39m 	at android.os.Binder.shellCommand(Binder.java:594)
[35m[AndroidDriver][39m 	at android.os.Binder.onTransact(Binder.java:492)
[35m[AndroidDriver][39m 	at com.android.internal.app.IAppOpsService$Stub.onTransact(IAppOpsService.java:341)
[35m[AndroidDriver][39m 	at android.os.Binder.execTransact(Binder.java:697)
[35m[AndroidDriver][39m 
[35m[UiAutomator2][39m Server packages are not going to be (re)installed
[35m[ADB][39m Adding packages ["io.appium.settings","io.appium.uiautomator2.server","io.appium.uiautomator2.server.test"] to Doze whitelist
[35m[UiAutomator2][39m Starting UIAutomator2 server 4.27.0
[35m[UiAutomator2][39m Using UIAutomator2 server from 'C:\Users\Ahadian Rifky\AppData\Roaming\npm\node_modules\appium\node_modules\appium-uiautomator2-server\apks\appium-uiautomator2-server-v4.27.0.apk' and test from 'C:\Users\Ahadian Rifky\AppData\Roaming\npm\node_modules\appium\node_modules\appium-uiautomator2-server\apks\appium-uiautomator2-server-debug-androidTest.apk'
[35m[UiAutomator2][39m Waiting up to 30000ms for UiAutomator2 to be online...
[35m[WD Proxy][39m Determined the downstream protocol as 'W3C'
[35m[AndroidDriver][39m Screen already unlocked, doing nothing
[35m[UiAutomator2][39m Starting 'com.kfc.mobile/com.kfc.mobile.presentation.splash.SplashActivity and waiting for 'com.kfc.mobile/com.kfc.mobile.presentation.splash.SplashActivity'
[35m[WD Proxy][39m socket hang up
[35m[WD Proxy][39m socket hang up
[35m[UiAutomator2][39m Did not get confirmation UiAutomator2 deleteSession worked; Error was: UnknownError: An unknown server-side error occurred while processing the command. Original error: Could not proxy command to the remote server. Original error: socket hang up
[35m[HTTP][39m [37m<-- POST /wd/hub/session [39m[31m500[39m [90m7558 ms - 1355[39m
[35m[HTTP][39m [90m[39m
[35m[HTTP][39m [37m-->[39m [37mGET[39m [37m/wd/hub/status[39m
[35m[HTTP][39m [90m{}[39m
[35m[HTTP][39m [37m<-- GET /wd/hub/status [39m[32m200[39m [90m1 ms - 68[39m
[35m[HTTP][39m [90m[39m
[35m[HTTP][39m [37m-->[39m [37mPOST[39m [37m/wd/hub/session[39m
[35m[HTTP][39m [90m{"desiredCapabilities":{"appPackage":"com.kfc.mobile","noReset":true,"deviceId":"","deviceName":"OPPO CPH1803 (Android 8.1.0)","platform":"ANDROID","appActivity":"com.kfc.mobile.presentation.splash.SplashActivity","newCommandTimeout":1800,"platformVersion":"8.1.0","automationName":"uiautomator2","autoGrantPermissions":true,"platformName":"Android","udid":"cefdc881","systemPort":8285},"capabilities":{"firstMatch":[{"appium:appActivity":"com.kfc.mobile.presentation.splash.SplashActivity","appium:appPackage":"com.kfc.mobile","appium:autoGrantPermissions":true,"appium:automationName":"uiautomator2","deviceId":"","appium:deviceName":"OPPO CPH1803 (Android 8.1.0)","appium:newCommandTimeout":1800,"appium:noReset":true,"platform":"ANDROID","platformName":"android","appium:platformVersion":"8.1.0","appium:systemPort":8285,"appium:udid":"cefdc881"}]}}[39m
[35m[BaseDriver][39m The following capabilities are not standard capabilities and should have an extension prefix:
[35m[BaseDriver][39m   deviceId
[35m[BaseDriver][39m   platform
[35m[BaseDriver][39m   chromedriverPort
[35m[Appium][39m Appium v1.22.3 creating new AndroidUiautomator2Driver (v1.70.1) session
[35m[BaseDriver][39m The following capabilities were provided, but are not recognized by Appium:
[35m[BaseDriver][39m   deviceId
[35m[BaseDriver][39m   platform
[35m[BaseDriver][39m Session created with session id: 3c98486d-f10a-4f0d-9511-f81a9b7c0e95
[35m[UiAutomator2][39m Starting 'com.kfc.mobile' directly on the device
[35m[ADB][39m Using 'adb.exe' from 'C:\Users\Ahadian Rifky\.katalon\tools\android_sdk\platform-tools\adb.exe'
[35m[AndroidDriver][39m Retrieving device list
[35m[AndroidDriver][39m Using device: cefdc881
[35m[ADB][39m Using 'adb.exe' from 'C:\Users\Ahadian Rifky\.katalon\tools\android_sdk\platform-tools\adb.exe'
[35m[AndroidDriver][39m No app sent in, not parsing package/activity
[35m[AndroidDriver][39m Unable to set mock location for app 'io.appium.settings': Error executing adbExec. Original error: 'Command ''C:\\Users\\Ahadian Rifky\\.katalon\\tools\\android_sdk\\platform-tools\\adb.exe' -P 5037 -s cefdc881 shell appops set io.appium.settings android\:mock_location allow' exited with code 255'; Command output: Security exception: uid 2000 does not have android.permission.UPDATE_APP_OPS_STATS.
[35m[AndroidDriver][39m 
[35m[AndroidDriver][39m java.lang.SecurityException: uid 2000 does not have android.permission.UPDATE_APP_OPS_STATS.
[35m[AndroidDriver][39m 	at android.app.ContextImpl.enforce(ContextImpl.java:1831)
[35m[AndroidDriver][39m 	at android.app.ContextImpl.enforcePermission(ContextImpl.java:1844)
[35m[AndroidDriver][39m 	at com.android.server.AppOpsService.setMode(AppOpsService.java:674)
[35m[AndroidDriver][39m 	at com.android.server.AppOpsService.onShellCommand(AppOpsService.java:2026)
[35m[AndroidDriver][39m 	at com.android.server.AppOpsService$Shell.onCommand(AppOpsService.java:1800)
[35m[AndroidDriver][39m 	at android.os.ShellCommand.exec(ShellCommand.java:96)
[35m[AndroidDriver][39m 	at com.android.server.AppOpsService.onShellCommand(AppOpsService.java:1974)
[35m[AndroidDriver][39m 	at android.os.Binder.shellCommand(Binder.java:594)
[35m[AndroidDriver][39m 	at android.os.Binder.onTransact(Binder.java:492)
[35m[AndroidDriver][39m 	at com.android.internal.app.IAppOpsService$Stub.onTransact(IAppOpsService.java:341)
[35m[AndroidDriver][39m 	at android.os.Binder.execTransact(Binder.java:697)
[35m[AndroidDriver][39m 
[35m[UiAutomator2][39m Server packages are not going to be (re)installed
[35m[ADB][39m Adding packages ["io.appium.settings","io.appium.uiautomator2.server","io.appium.uiautomator2.server.test"] to Doze whitelist
[35m[UiAutomator2][39m Starting UIAutomator2 server 4.27.0
[35m[UiAutomator2][39m Using UIAutomator2 server from 'C:\Users\Ahadian Rifky\AppData\Roaming\npm\node_modules\appium\node_modules\appium-uiautomator2-server\apks\appium-uiautomator2-server-v4.27.0.apk' and test from 'C:\Users\Ahadian Rifky\AppData\Roaming\npm\node_modules\appium\node_modules\appium-uiautomator2-server\apks\appium-uiautomator2-server-debug-androidTest.apk'
[35m[UiAutomator2][39m Waiting up to 30000ms for UiAutomator2 to be online...
[35m[WD Proxy][39m Determined the downstream protocol as 'W3C'
[35m[AndroidDriver][39m Screen already unlocked, doing nothing
[35m[UiAutomator2][39m Starting 'com.kfc.mobile/com.kfc.mobile.presentation.splash.SplashActivity and waiting for 'com.kfc.mobile/com.kfc.mobile.presentation.splash.SplashActivity'
[35m[WD Proxy][39m socket hang up
[35m[WD Proxy][39m socket hang up
[35m[UiAutomator2][39m Did not get confirmation UiAutomator2 deleteSession worked; Error was: UnknownError: An unknown server-side error occurred while processing the command. Original error: Could not proxy command to the remote server. Original error: socket hang up
[35m[HTTP][39m [37m<-- POST /wd/hub/session [39m[31m500[39m [90m7781 ms - 1355[39m
[35m[HTTP][39m [90m[39m
[35m[HTTP][39m [37m-->[39m [37mGET[39m [37m/wd/hub/status[39m
[35m[HTTP][39m [90m{}[39m
[35m[HTTP][39m [37m<-- GET /wd/hub/status [39m[32m200[39m [90m1 ms - 68[39m
[35m[HTTP][39m [90m[39m
[35m[HTTP][39m [37m-->[39m [37mPOST[39m [37m/wd/hub/session[39m
[35m[HTTP][39m [90m{"desiredCapabilities":{"appPackage":"com.kfc.mobile","noReset":true,"deviceId":"","deviceName":"OPPO CPH1803 (Android 8.1.0)","platform":"ANDROID","appActivity":"com.kfc.mobile.presentation.splash.SplashActivity","newCommandTimeout":1800,"platformVersion":"8.1.0","automationName":"uiautomator2","autoGrantPermissions":true,"platformName":"Android","udid":"cefdc881","systemPort":8256},"capabilities":{"firstMatch":[{"appium:appActivity":"com.kfc.mobile.presentation.splash.SplashActivity","appium:appPackage":"com.kfc.mobile","appium:autoGrantPermissions":true,"appium:automationName":"uiautomator2","deviceId":"","appium:deviceName":"OPPO CPH1803 (Android 8.1.0)","appium:newCommandTimeout":1800,"appium:noReset":true,"platform":"ANDROID","platformName":"android","appium:platformVersion":"8.1.0","appium:systemPort":8256,"appium:udid":"cefdc881"}]}}[39m
[35m[BaseDriver][39m The following capabilities are not standard capabilities and should have an extension prefix:
[35m[BaseDriver][39m   deviceId
[35m[BaseDriver][39m   platform
[35m[BaseDriver][39m   chromedriverPort
[35m[Appium][39m Appium v1.22.3 creating new AndroidUiautomator2Driver (v1.70.1) session
[35m[BaseDriver][39m The following capabilities were provided, but are not recognized by Appium:
[35m[BaseDriver][39m   deviceId
[35m[BaseDriver][39m   platform
[35m[BaseDriver][39m Session created with session id: dc001659-c7bc-4209-b8f4-b05f14243e62
[35m[UiAutomator2][39m Starting 'com.kfc.mobile' directly on the device
[35m[ADB][39m Using 'adb.exe' from 'C:\Users\Ahadian Rifky\.katalon\tools\android_sdk\platform-tools\adb.exe'
[35m[AndroidDriver][39m Retrieving device list
[35m[AndroidDriver][39m Using device: cefdc881
[35m[ADB][39m Using 'adb.exe' from 'C:\Users\Ahadian Rifky\.katalon\tools\android_sdk\platform-tools\adb.exe'
[35m[AndroidDriver][39m No app sent in, not parsing package/activity
[35m[AndroidDriver][39m Unable to set mock location for app 'io.appium.settings': Error executing adbExec. Original error: 'Command ''C:\\Users\\Ahadian Rifky\\.katalon\\tools\\android_sdk\\platform-tools\\adb.exe' -P 5037 -s cefdc881 shell appops set io.appium.settings android\:mock_location allow' exited with code 255'; Command output: Security exception: uid 2000 does not have android.permission.UPDATE_APP_OPS_STATS.
[35m[AndroidDriver][39m 
[35m[AndroidDriver][39m java.lang.SecurityException: uid 2000 does not have android.permission.UPDATE_APP_OPS_STATS.
[35m[AndroidDriver][39m 	at android.app.ContextImpl.enforce(ContextImpl.java:1831)
[35m[AndroidDriver][39m 	at android.app.ContextImpl.enforcePermission(ContextImpl.java:1844)
[35m[AndroidDriver][39m 	at com.android.server.AppOpsService.setMode(AppOpsService.java:674)
[35m[AndroidDriver][39m 	at com.android.server.AppOpsService.onShellCommand(AppOpsService.java:2026)
[35m[AndroidDriver][39m 	at com.android.server.AppOpsService$Shell.onCommand(AppOpsService.java:1800)
[35m[AndroidDriver][39m 	at android.os.ShellCommand.exec(ShellCommand.java:96)
[35m[AndroidDriver][39m 	at com.android.server.AppOpsService.onShellCommand(AppOpsService.java:1974)
[35m[AndroidDriver][39m 	at android.os.Binder.shellCommand(Binder.java:594)
[35m[AndroidDriver][39m 	at android.os.Binder.onTransact(Binder.java:492)
[35m[AndroidDriver][39m 	at com.android.internal.app.IAppOpsService$Stub.onTransact(IAppOpsService.java:341)
[35m[AndroidDriver][39m 	at android.os.Binder.execTransact(Binder.java:697)
[35m[AndroidDriver][39m 
[35m[UiAutomator2][39m Server packages are not going to be (re)installed
[35m[HTTP][39m [37m<-- POST /wd/hub/session [39m[32m-[39m [90m- ms - -[39m
[35m[HTTP][39m [90m[39m
[35m[ADB][39m Adding packages ["io.appium.settings","io.appium.uiautomator2.server","io.appium.uiautomator2.server.test"] to Doze whitelist
[35m[UiAutomator2][39m Starting UIAutomator2 server 4.27.0
[35m[UiAutomator2][39m Using UIAutomator2 server from 'C:\Users\Ahadian Rifky\AppData\Roaming\npm\node_modules\appium\node_modules\appium-uiautomator2-server\apks\appium-uiautomator2-server-v4.27.0.apk' and test from 'C:\Users\Ahadian Rifky\AppData\Roaming\npm\node_modules\appium\node_modules\appium-uiautomator2-server\apks\appium-uiautomator2-server-debug-androidTest.apk'
[35m[UiAutomator2][39m Waiting up to 30000ms for UiAutomator2 to be online...
[35m[WD Proxy][39m Determined the downstream protocol as 'W3C'
[35m[AndroidDriver][39m Screen already unlocked, doing nothing
[35m[UiAutomator2][39m Starting 'com.kfc.mobile/com.kfc.mobile.presentation.splash.SplashActivity and waiting for 'com.kfc.mobile/com.kfc.mobile.presentation.splash.SplashActivity'
[35m[WD Proxy][39m socket hang up
[35m[WD Proxy][39m socket hang up
[35m[UiAutomator2][39m Did not get confirmation UiAutomator2 deleteSession worked; Error was: UnknownError: An unknown server-side error occurred while processing the command. Original error: Could not proxy command to the remote server. Original error: socket hang up
