[35m[Appium][39m Welcome to Appium v1.22.3
[35m[Appium][39m Non-default server args:
[35m[Appium][39m   port: 55424
[35m[Appium][39m   loglevel: info
[35m[Appium][39m   tmpDir: C:\Users\AHADIA~1\AppData\Local\Temp\\Katalon\Appium\Temp1680691678615
[35m[Appium][39m   chromedriverPort: 55425
[35m[Appium][39m Deprecated server args:
[35m[Appium][39m   [31m--chromedriver-port[39m => --default-capabilities
[35m[Appium][39m Default capabilities, which will be added to each request unless overridden by desired capabilities:
[35m[Appium][39m   chromedriverPort: 55425
[35m[Appium][39m Appium REST http interface listener started on 0.0.0.0:55424
[35m[HTTP][39m [37m-->[39m [37mGET[39m [37m/wd/hub/status[39m
[35m[HTTP][39m [90m{}[39m
[35m[HTTP][39m [37m<-- GET /wd/hub/status [39m[32m200[39m [90m5 ms - 68[39m
[35m[HTTP][39m [90m[39m
[35m[HTTP][39m [37m-->[39m [37mPOST[39m [37m/wd/hub/session[39m
[35m[HTTP][39m [90m{"desiredCapabilities":{"appPackage":"com.kfc.mobile.hkStaging","noReset":true,"deviceId":"","deviceName":"OPPO CPH1801 (Android 7.1.1)","platform":"ANDROID","appActivity":"com.kfc.mobile.presentation.splash.SplashActivity","newCommandTimeout":1800,"platformVersion":"7.1.1","automationName":"uiautomator2","autoGrantPermissions":true,"platformName":"Android","udid":"aa14e06a","systemPort":8273},"capabilities":{"firstMatch":[{"appium:appActivity":"com.kfc.mobile.presentation.splash.SplashActivity","appium:appPackage":"com.kfc.mobile.hkStaging","appium:autoGrantPermissions":true,"appium:automationName":"uiautomator2","deviceId":"","appium:deviceName":"OPPO CPH1801 (Android 7.1.1)","appium:newCommandTimeout":1800,"appium:noReset":true,"platform":"ANDROID","platformName":"android","appium:platformVersion":"7.1.1","appium:systemPort":8273,"appium:udid":"aa14e06a"}]}}[39m
[35m[BaseDriver][39m The following capabilities are not standard capabilities and should have an extension prefix:
[35m[BaseDriver][39m   deviceId
[35m[BaseDriver][39m   platform
[35m[BaseDriver][39m   chromedriverPort
[35m[Appium][39m Appium v1.22.3 creating new AndroidUiautomator2Driver (v1.70.1) session
[35m[BaseDriver][39m The following capabilities were provided, but are not recognized by Appium:
[35m[BaseDriver][39m   deviceId
[35m[BaseDriver][39m   platform
[35m[BaseDriver][39m Session created with session id: 07eb85f4-140e-4160-857c-0ff5d5f93f74
[35m[UiAutomator2][39m Starting 'com.kfc.mobile.hkStaging' directly on the device
[35m[ADB][39m Found 1 'build-tools' folders under 'C:\Users\Ahadian Rifky\.katalon\tools\android_sdk' (newest first):
[35m[ADB][39m     C:/Users/Ahadian Rifky/.katalon/tools/android_sdk/build-tools/29.0.3
[35m[ADB][39m Using 'adb.exe' from 'C:\Users\Ahadian Rifky\.katalon\tools\android_sdk\platform-tools\adb.exe'
[35m[AndroidDriver][39m Retrieving device list
[35m[AndroidDriver][39m Using device: aa14e06a
[35m[ADB][39m Using 'adb.exe' from 'C:\Users\Ahadian Rifky\.katalon\tools\android_sdk\platform-tools\adb.exe'
[35m[AndroidDriver][39m No app sent in, not parsing package/activity
[35m[ADB][39m Using 'apksigner.jar' from 'C:\Users\Ahadian Rifky\.katalon\tools\android_sdk\build-tools\29.0.3\lib\apksigner.jar'
[35m[ADB][39m 'C:\Users\Ahadian Rifky\AppData\Roaming\npm\node_modules\appium\node_modules\appium-uiautomator2-server\apks\appium-uiautomator2-server-v4.27.0.apk' is signed with the default certificate
[35m[ADB][39m 'C:\Users\Ahadian Rifky\AppData\Roaming\npm\node_modules\appium\node_modules\appium-uiautomator2-server\apks\appium-uiautomator2-server-debug-androidTest.apk' is signed with the default certificate
[35m[UiAutomator2][39m Server packages are not going to be (re)installed
[35m[ADB][39m Adding packages ["io.appium.settings","io.appium.uiautomator2.server","io.appium.uiautomator2.server.test"] to Doze whitelist
[35m[UiAutomator2][39m Starting UIAutomator2 server 4.27.0
[35m[UiAutomator2][39m Using UIAutomator2 server from 'C:\Users\Ahadian Rifky\AppData\Roaming\npm\node_modules\appium\node_modules\appium-uiautomator2-server\apks\appium-uiautomator2-server-v4.27.0.apk' and test from 'C:\Users\Ahadian Rifky\AppData\Roaming\npm\node_modules\appium\node_modules\appium-uiautomator2-server\apks\appium-uiautomator2-server-debug-androidTest.apk'
[35m[UiAutomator2][39m Waiting up to 30000ms for UiAutomator2 to be online...
[35m[WD Proxy][39m socket hang up
[35m[WD Proxy][39m socket hang up
[35m[WD Proxy][39m socket hang up
[35m[WD Proxy][39m Determined the downstream protocol as 'W3C'
[35m[AndroidDriver][39m Screen already unlocked, doing nothing
[35m[UiAutomator2][39m Starting 'com.kfc.mobile.hkStaging/com.kfc.mobile.presentation.splash.SplashActivity and waiting for 'com.kfc.mobile.hkStaging/com.kfc.mobile.presentation.splash.SplashActivity'
[35m[Appium][39m New AndroidUiautomator2Driver session created successfully, session 07eb85f4-140e-4160-857c-0ff5d5f93f74 added to master session list
[35m[HTTP][39m [37m<-- POST /wd/hub/session [39m[32m200[39m [90m14881 ms - 1287[39m
[35m[HTTP][39m [90m[39m
[35m[HTTP][39m [37m-->[39m [37mGET[39m [37m/wd/hub/session/07eb85f4-140e-4160-857c-0ff5d5f93f74[39m
[35m[HTTP][39m [90m{}[39m
[35m[HTTP][39m [37m<-- GET /wd/hub/session/07eb85f4-140e-4160-857c-0ff5d5f93f74 [39m[32m200[39m [90m22 ms - 1241[39m
[35m[HTTP][39m [90m[39m
[35m[HTTP][39m [37m-->[39m [37mGET[39m [37m/wd/hub/session/07eb85f4-140e-4160-857c-0ff5d5f93f74[39m
[35m[HTTP][39m [90m{}[39m
[35m[HTTP][39m [37m<-- GET /wd/hub/session/07eb85f4-140e-4160-857c-0ff5d5f93f74 [39m[32m200[39m [90m16 ms - 1241[39m
[35m[HTTP][39m [90m[39m
[35m[HTTP][39m [37m-->[39m [37mGET[39m [37m/wd/hub/status[39m
[35m[HTTP][39m [90m{}[39m
[35m[HTTP][39m [37m<-- GET /wd/hub/status [39m[32m200[39m [90m1 ms - 68[39m
[35m[HTTP][39m [90m[39m
[35m[HTTP][39m [37m-->[39m [37mPOST[39m [37m/wd/hub/session/07eb85f4-140e-4160-857c-0ff5d5f93f74/timeouts[39m
[35m[HTTP][39m [90m{"implicit":30000}[39m
[35m[HTTP][39m [37m<-- POST /wd/hub/session/07eb85f4-140e-4160-857c-0ff5d5f93f74/timeouts [39m[32m200[39m [90m3 ms - 14[39m
[35m[HTTP][39m [90m[39m
[35m[HTTP][39m [37m-->[39m [37mGET[39m [37m/wd/hub/session/07eb85f4-140e-4160-857c-0ff5d5f93f74/screenshot[39m
[35m[HTTP][39m [90m{}[39m
[35m[HTTP][39m [37m<-- GET /wd/hub/session/07eb85f4-140e-4160-857c-0ff5d5f93f74/screenshot [39m[32m200[39m [90m480 ms - 261596[39m
[35m[HTTP][39m [90m[39m
[35m[HTTP][39m [37m-->[39m [37mGET[39m [37m/wd/hub/session/07eb85f4-140e-4160-857c-0ff5d5f93f74/window/rect[39m
[35m[HTTP][39m [90m{}[39m
[35m[HTTP][39m [37m<-- GET /wd/hub/session/07eb85f4-140e-4160-857c-0ff5d5f93f74/window/rect [39m[32m200[39m [90m26 ms - 49[39m
[35m[HTTP][39m [90m[39m
[35m[HTTP][39m [37m-->[39m [37mGET[39m [37m/wd/hub/session/07eb85f4-140e-4160-857c-0ff5d5f93f74/appium/device/system_bars[39m
[35m[HTTP][39m [90m{}[39m
[35m[HTTP][39m [37m<-- GET /wd/hub/session/07eb85f4-140e-4160-857c-0ff5d5f93f74/appium/device/system_bars [39m[31m500[39m [90m173 ms - 663[39m
[35m[HTTP][39m [90m[39m
[35m[HTTP][39m [37m-->[39m [37mPOST[39m [37m/wd/hub/session/07eb85f4-140e-4160-857c-0ff5d5f93f74/execute/sync[39m
[35m[HTTP][39m [90m{"script":"mobile:viewportRect","args":[]}[39m
[35m[AndroidDriver][39m Executing native command 'mobile:viewportRect'
[35m[HTTP][39m [37m<-- POST /wd/hub/session/07eb85f4-140e-4160-857c-0ff5d5f93f74/execute/sync [39m[32m200[39m [90m20 ms - 55[39m
[35m[HTTP][39m [90m[39m
[35m[HTTP][39m [37m-->[39m [37mPOST[39m [37m/wd/hub/session/07eb85f4-140e-4160-857c-0ff5d5f93f74/appium/device/activate_app[39m
[35m[HTTP][39m [90m{"bundleId":"com.kfc.mobile.hkStaging"}[39m
[35m[HTTP][39m [37m<-- POST /wd/hub/session/07eb85f4-140e-4160-857c-0ff5d5f93f74/appium/device/activate_app [39m[32m200[39m [90m1178 ms - 14[39m
[35m[HTTP][39m [90m[39m
[35m[HTTP][39m [37m-->[39m [37mPOST[39m [37m/wd/hub/session/07eb85f4-140e-4160-857c-0ff5d5f93f74/timeouts[39m
[35m[HTTP][39m [90m{"implicit":50}[39m
[35m[HTTP][39m [37m<-- POST /wd/hub/session/07eb85f4-140e-4160-857c-0ff5d5f93f74/timeouts [39m[32m200[39m [90m2 ms - 14[39m
[35m[HTTP][39m [90m[39m
[35m[HTTP][39m [37m-->[39m [37mGET[39m [37m/wd/hub/session/07eb85f4-140e-4160-857c-0ff5d5f93f74/window/rect[39m
[35m[HTTP][39m [90m{}[39m
[35m[HTTP][39m [37m<-- GET /wd/hub/session/07eb85f4-140e-4160-857c-0ff5d5f93f74/window/rect [39m[32m200[39m [90m17 ms - 49[39m
[35m[HTTP][39m [90m[39m
[35m[HTTP][39m [37m-->[39m [37mPOST[39m [37m/wd/hub/session/07eb85f4-140e-4160-857c-0ff5d5f93f74/elements[39m
[35m[HTTP][39m [90m{"using":"xpath","value":"//*[@class = 'android.widget.TextView' and (@text = 'Beranda' or . = 'Beranda') and @resource-id = 'com.kfc.mobile.hkStaging:id/tvBottomHome']"}[39m
[35m[HTTP][39m [37m<-- POST /wd/hub/session/07eb85f4-140e-4160-857c-0ff5d5f93f74/elements [39m[32m200[39m [90m2318 ms - 139[39m
[35m[HTTP][39m [90m[39m
[35m[HTTP][39m [37m-->[39m [37mGET[39m [37m/wd/hub/session/07eb85f4-140e-4160-857c-0ff5d5f93f74/element/00000000-0000-03a5-7fff-ffff00000086/location[39m
[35m[HTTP][39m [90m{}[39m
[35m[W3C (07eb85f4)][39m Driver proxy active, passing request on via HTTP proxy
[35m[WD Proxy][39m Replacing sessionId acb98033-800a-4ed1-98ef-1447eeee7539 with 07eb85f4-140e-4160-857c-0ff5d5f93f74
[35m[HTTP][39m [37m<-- GET /wd/hub/session/07eb85f4-140e-4160-857c-0ff5d5f93f74/element/00000000-0000-03a5-7fff-ffff00000086/location [39m[32m200[39m [90m31 ms - 77[39m
[35m[HTTP][39m [90m[39m
[35m[HTTP][39m [37m-->[39m [37mPOST[39m [37m/wd/hub/session/07eb85f4-140e-4160-857c-0ff5d5f93f74/timeouts[39m
[35m[HTTP][39m [90m{"implicit":30000}[39m
[35m[HTTP][39m [37m<-- POST /wd/hub/session/07eb85f4-140e-4160-857c-0ff5d5f93f74/timeouts [39m[32m200[39m [90m1 ms - 14[39m
[35m[HTTP][39m [90m[39m
[35m[HTTP][39m [37m-->[39m [37mPOST[39m [37m/wd/hub/session/07eb85f4-140e-4160-857c-0ff5d5f93f74/timeouts[39m
[35m[HTTP][39m [90m{"implicit":50}[39m
[35m[HTTP][39m [37m<-- POST /wd/hub/session/07eb85f4-140e-4160-857c-0ff5d5f93f74/timeouts [39m[32m200[39m [90m1 ms - 14[39m
[35m[HTTP][39m [90m[39m
[35m[HTTP][39m [37m-->[39m [37mGET[39m [37m/wd/hub/session/07eb85f4-140e-4160-857c-0ff5d5f93f74/window/rect[39m
[35m[HTTP][39m [90m{}[39m
[35m[HTTP][39m [37m<-- GET /wd/hub/session/07eb85f4-140e-4160-857c-0ff5d5f93f74/window/rect [39m[32m200[39m [90m18 ms - 49[39m
[35m[HTTP][39m [90m[39m
[35m[HTTP][39m [37m-->[39m [37mPOST[39m [37m/wd/hub/session/07eb85f4-140e-4160-857c-0ff5d5f93f74/elements[39m
[35m[HTTP][39m [90m{"using":"xpath","value":"//*[@class = 'android.widget.TextView' and (@text = 'Beranda' or . = 'Beranda') and @resource-id = 'com.kfc.mobile.hkStaging:id/tvBottomHome']"}[39m
[35m[HTTP][39m [37m<-- POST /wd/hub/session/07eb85f4-140e-4160-857c-0ff5d5f93f74/elements [39m[32m200[39m [90m1864 ms - 139[39m
[35m[HTTP][39m [90m[39m
[35m[HTTP][39m [37m-->[39m [37mGET[39m [37m/wd/hub/session/07eb85f4-140e-4160-857c-0ff5d5f93f74/element/00000000-0000-03a5-7fff-ffff00000086/location[39m
[35m[HTTP][39m [90m{}[39m
[35m[W3C (07eb85f4)][39m Driver proxy active, passing request on via HTTP proxy
[35m[WD Proxy][39m Replacing sessionId acb98033-800a-4ed1-98ef-1447eeee7539 with 07eb85f4-140e-4160-857c-0ff5d5f93f74
[35m[HTTP][39m [37m<-- GET /wd/hub/session/07eb85f4-140e-4160-857c-0ff5d5f93f74/element/00000000-0000-03a5-7fff-ffff00000086/location [39m[32m200[39m [90m24 ms - 77[39m
[35m[HTTP][39m [90m[39m
[35m[HTTP][39m [37m-->[39m [37mPOST[39m [37m/wd/hub/session/07eb85f4-140e-4160-857c-0ff5d5f93f74/timeouts[39m
[35m[HTTP][39m [90m{"implicit":30000}[39m
[35m[HTTP][39m [37m<-- POST /wd/hub/session/07eb85f4-140e-4160-857c-0ff5d5f93f74/timeouts [39m[32m200[39m [90m1 ms - 14[39m
[35m[HTTP][39m [90m[39m
[35m[HTTP][39m [37m-->[39m [37mPOST[39m [37m/wd/hub/session/07eb85f4-140e-4160-857c-0ff5d5f93f74/element/00000000-0000-03a5-7fff-ffff00000086/click[39m
[35m[HTTP][39m [90m{"id":"00000000-0000-03a5-7fff-ffff00000086"}[39m
[35m[HTTP][39m [37m<-- POST /wd/hub/session/07eb85f4-140e-4160-857c-0ff5d5f93f74/element/00000000-0000-03a5-7fff-ffff00000086/click [39m[32m200[39m [90m39 ms - 14[39m
[35m[HTTP][39m [90m[39m
[35m[HTTP][39m [37m-->[39m [37mGET[39m [37m/wd/hub/session/07eb85f4-140e-4160-857c-0ff5d5f93f74/context[39m
[35m[HTTP][39m [90m{}[39m
[35m[HTTP][39m [37m<-- GET /wd/hub/session/07eb85f4-140e-4160-857c-0ff5d5f93f74/context [39m[32m200[39m [90m2 ms - 22[39m
[35m[HTTP][39m [90m[39m
[35m[HTTP][39m [37m-->[39m [37mGET[39m [37m/wd/hub/session/07eb85f4-140e-4160-857c-0ff5d5f93f74/contexts[39m
[35m[HTTP][39m [90m{}[39m
[35m[HTTP][39m [37m<-- GET /wd/hub/session/07eb85f4-140e-4160-857c-0ff5d5f93f74/contexts [39m[32m200[39m [90m86 ms - 24[39m
[35m[HTTP][39m [90m[39m
[35m[HTTP][39m [37m-->[39m [37mPOST[39m [37m/wd/hub/session/07eb85f4-140e-4160-857c-0ff5d5f93f74/context[39m
[35m[HTTP][39m [90m{"name":"NATIVE_APP"}[39m
[35m[HTTP][39m [37m<-- POST /wd/hub/session/07eb85f4-140e-4160-857c-0ff5d5f93f74/context [39m[32m200[39m [90m1 ms - 14[39m
[35m[HTTP][39m [90m[39m
[35m[HTTP][39m [37m-->[39m [37mPOST[39m [37m/wd/hub/session/07eb85f4-140e-4160-857c-0ff5d5f93f74/touch/perform[39m
[35m[HTTP][39m [90m{"actions":[{"action":"press","options":{"x":281,"y":500}},{"action":"wait","options":{"ms":500}},{"action":"moveTo","options":{"x":434,"y":161}},{"action":"release","options":{}}]}[39m
[35m[HTTP][39m [37m<-- POST /wd/hub/session/07eb85f4-140e-4160-857c-0ff5d5f93f74/touch/perform [39m[32m200[39m [90m1007 ms - 14[39m
[35m[HTTP][39m [90m[39m
[35m[HTTP][39m [37m-->[39m [37mPOST[39m [37m/wd/hub/session/07eb85f4-140e-4160-857c-0ff5d5f93f74/context[39m
[35m[HTTP][39m [90m{"name":"NATIVE_APP"}[39m
[35m[HTTP][39m [37m<-- POST /wd/hub/session/07eb85f4-140e-4160-857c-0ff5d5f93f74/context [39m[32m200[39m [90m2 ms - 14[39m
[35m[HTTP][39m [90m[39m
[35m[HTTP][39m [37m-->[39m [37mPOST[39m [37m/wd/hub/session/07eb85f4-140e-4160-857c-0ff5d5f93f74/timeouts[39m
[35m[HTTP][39m [90m{"implicit":50}[39m
[35m[HTTP][39m [37m<-- POST /wd/hub/session/07eb85f4-140e-4160-857c-0ff5d5f93f74/timeouts [39m[32m200[39m [90m2 ms - 14[39m
[35m[HTTP][39m [90m[39m
[35m[HTTP][39m [37m-->[39m [37mGET[39m [37m/wd/hub/session/07eb85f4-140e-4160-857c-0ff5d5f93f74/window/rect[39m
[35m[HTTP][39m [90m{}[39m
[35m[HTTP][39m [37m<-- GET /wd/hub/session/07eb85f4-140e-4160-857c-0ff5d5f93f74/window/rect [39m[32m200[39m [90m16 ms - 49[39m
[35m[HTTP][39m [90m[39m
[35m[HTTP][39m [37m-->[39m [37mPOST[39m [37m/wd/hub/session/07eb85f4-140e-4160-857c-0ff5d5f93f74/elements[39m
[35m[HTTP][39m [90m{"using":"xpath","value":"//*[@class = 'android.widget.TextView' and (@text = 'DINE-IN' or . = 'DINE-IN') and @resource-id = 'com.kfc.mobile.hkStaging:id/textViewOrderTypeName']"}[39m
[35m[HTTP][39m [37m<-- POST /wd/hub/session/07eb85f4-140e-4160-857c-0ff5d5f93f74/elements [39m[32m200[39m [90m1067 ms - 139[39m
[35m[HTTP][39m [90m[39m
[35m[HTTP][39m [37m-->[39m [37mGET[39m [37m/wd/hub/session/07eb85f4-140e-4160-857c-0ff5d5f93f74/element/00000000-0000-03a5-7fff-ffff00000074/location[39m
[35m[HTTP][39m [90m{}[39m
[35m[W3C (07eb85f4)][39m Driver proxy active, passing request on via HTTP proxy
[35m[WD Proxy][39m Replacing sessionId acb98033-800a-4ed1-98ef-1447eeee7539 with 07eb85f4-140e-4160-857c-0ff5d5f93f74
[35m[HTTP][39m [37m<-- GET /wd/hub/session/07eb85f4-140e-4160-857c-0ff5d5f93f74/element/00000000-0000-03a5-7fff-ffff00000074/location [39m[32m200[39m [90m22 ms - 78[39m
[35m[HTTP][39m [90m[39m
[35m[HTTP][39m [37m-->[39m [37mPOST[39m [37m/wd/hub/session/07eb85f4-140e-4160-857c-0ff5d5f93f74/timeouts[39m
[35m[HTTP][39m [90m{"implicit":30000}[39m
[35m[HTTP][39m [37m<-- POST /wd/hub/session/07eb85f4-140e-4160-857c-0ff5d5f93f74/timeouts [39m[32m200[39m [90m1 ms - 14[39m
[35m[HTTP][39m [90m[39m
[35m[HTTP][39m [37m-->[39m [37mPOST[39m [37m/wd/hub/session/07eb85f4-140e-4160-857c-0ff5d5f93f74/element/00000000-0000-03a5-7fff-ffff00000074/click[39m
[35m[HTTP][39m [90m{"id":"00000000-0000-03a5-7fff-ffff00000074"}[39m
[35m[HTTP][39m [37m<-- POST /wd/hub/session/07eb85f4-140e-4160-857c-0ff5d5f93f74/element/00000000-0000-03a5-7fff-ffff00000074/click [39m[32m200[39m [90m29 ms - 14[39m
[35m[HTTP][39m [90m[39m
[35m[HTTP][39m [37m-->[39m [37mPOST[39m [37m/wd/hub/session/07eb85f4-140e-4160-857c-0ff5d5f93f74/timeouts[39m
[35m[HTTP][39m [90m{"implicit":50}[39m
[35m[HTTP][39m [37m<-- POST /wd/hub/session/07eb85f4-140e-4160-857c-0ff5d5f93f74/timeouts [39m[32m200[39m [90m2 ms - 14[39m
[35m[HTTP][39m [90m[39m
[35m[HTTP][39m [37m-->[39m [37mGET[39m [37m/wd/hub/session/07eb85f4-140e-4160-857c-0ff5d5f93f74/window/rect[39m
[35m[HTTP][39m [90m{}[39m
[35m[HTTP][39m [37m<-- GET /wd/hub/session/07eb85f4-140e-4160-857c-0ff5d5f93f74/window/rect [39m[32m200[39m [90m16 ms - 49[39m
[35m[HTTP][39m [90m[39m
[35m[HTTP][39m [37m-->[39m [37mPOST[39m [37m/wd/hub/session/07eb85f4-140e-4160-857c-0ff5d5f93f74/elements[39m
[35m[HTTP][39m [90m{"using":"xpath","value":"//*[@class = 'android.widget.TextView' and (@text = 'Cari Gerai KFC' or . = 'Cari Gerai KFC') and @resource-id = 'com.kfc.mobile.hkStaging:id/text_view_label_input_outlet']"}[39m
[35m[HTTP][39m [37m<-- POST /wd/hub/session/07eb85f4-140e-4160-857c-0ff5d5f93f74/elements [39m[32m200[39m [90m2848 ms - 139[39m
[35m[HTTP][39m [90m[39m
[35m[HTTP][39m [37m-->[39m [37mGET[39m [37m/wd/hub/session/07eb85f4-140e-4160-857c-0ff5d5f93f74/element/00000000-0000-03a6-7fff-ffff000000db/location[39m
[35m[HTTP][39m [90m{}[39m
[35m[W3C (07eb85f4)][39m Driver proxy active, passing request on via HTTP proxy
[35m[WD Proxy][39m Replacing sessionId acb98033-800a-4ed1-98ef-1447eeee7539 with 07eb85f4-140e-4160-857c-0ff5d5f93f74
[35m[HTTP][39m [37m<-- GET /wd/hub/session/07eb85f4-140e-4160-857c-0ff5d5f93f74/element/00000000-0000-03a6-7fff-ffff000000db/location [39m[32m200[39m [90m25 ms - 77[39m
[35m[HTTP][39m [90m[39m
[35m[HTTP][39m [37m-->[39m [37mPOST[39m [37m/wd/hub/session/07eb85f4-140e-4160-857c-0ff5d5f93f74/timeouts[39m
[35m[HTTP][39m [90m{"implicit":30000}[39m
[35m[HTTP][39m [37m<-- POST /wd/hub/session/07eb85f4-140e-4160-857c-0ff5d5f93f74/timeouts [39m[32m200[39m [90m1 ms - 14[39m
[35m[HTTP][39m [90m[39m
[35m[HTTP][39m [37m-->[39m [37mPOST[39m [37m/wd/hub/session/07eb85f4-140e-4160-857c-0ff5d5f93f74/element/00000000-0000-03a6-7fff-ffff000000db/click[39m
[35m[HTTP][39m [90m{"id":"00000000-0000-03a6-7fff-ffff000000db"}[39m
[35m[HTTP][39m [37m<-- POST /wd/hub/session/07eb85f4-140e-4160-857c-0ff5d5f93f74/element/00000000-0000-03a6-7fff-ffff000000db/click [39m[32m200[39m [90m852 ms - 14[39m
[35m[HTTP][39m [90m[39m
[35m[HTTP][39m [37m-->[39m [37mPOST[39m [37m/wd/hub/session/07eb85f4-140e-4160-857c-0ff5d5f93f74/timeouts[39m
[35m[HTTP][39m [90m{"implicit":50}[39m
[35m[HTTP][39m [37m<-- POST /wd/hub/session/07eb85f4-140e-4160-857c-0ff5d5f93f74/timeouts [39m[32m200[39m [90m2 ms - 14[39m
[35m[HTTP][39m [90m[39m
[35m[HTTP][39m [37m-->[39m [37mGET[39m [37m/wd/hub/session/07eb85f4-140e-4160-857c-0ff5d5f93f74/window/rect[39m
[35m[HTTP][39m [90m{}[39m
[35m[HTTP][39m [37m<-- GET /wd/hub/session/07eb85f4-140e-4160-857c-0ff5d5f93f74/window/rect [39m[32m200[39m [90m16 ms - 49[39m
[35m[HTTP][39m [90m[39m
[35m[HTTP][39m [37m-->[39m [37mPOST[39m [37m/wd/hub/session/07eb85f4-140e-4160-857c-0ff5d5f93f74/elements[39m
[35m[HTTP][39m [90m{"using":"xpath","value":"//*[@class = 'android.widget.EditText' and (@text = 'Cari Gerai KFC' or . = 'Cari Gerai KFC') and @resource-id = 'com.kfc.mobile.hkStaging:id/edit_text_search_outlet']"}[39m
[35m[HTTP][39m [37m<-- POST /wd/hub/session/07eb85f4-140e-4160-857c-0ff5d5f93f74/elements [39m[32m200[39m [90m344 ms - 139[39m
[35m[HTTP][39m [90m[39m
[35m[HTTP][39m [37m-->[39m [37mGET[39m [37m/wd/hub/session/07eb85f4-140e-4160-857c-0ff5d5f93f74/element/00000000-0000-03a6-7fff-ffff000000dd/location[39m
[35m[HTTP][39m [90m{}[39m
[35m[W3C (07eb85f4)][39m Driver proxy active, passing request on via HTTP proxy
[35m[WD Proxy][39m Replacing sessionId acb98033-800a-4ed1-98ef-1447eeee7539 with 07eb85f4-140e-4160-857c-0ff5d5f93f74
[35m[HTTP][39m [37m<-- GET /wd/hub/session/07eb85f4-140e-4160-857c-0ff5d5f93f74/element/00000000-0000-03a6-7fff-ffff000000dd/location [39m[32m200[39m [90m1407 ms - 78[39m
[35m[HTTP][39m [90m[39m
[35m[HTTP][39m [37m-->[39m [37mPOST[39m [37m/wd/hub/session/07eb85f4-140e-4160-857c-0ff5d5f93f74/timeouts[39m
[35m[HTTP][39m [90m{"implicit":30000}[39m
[35m[HTTP][39m [37m<-- POST /wd/hub/session/07eb85f4-140e-4160-857c-0ff5d5f93f74/timeouts [39m[32m200[39m [90m2 ms - 14[39m
[35m[HTTP][39m [90m[39m
[35m[HTTP][39m [37m-->[39m [37mPOST[39m [37m/wd/hub/session/07eb85f4-140e-4160-857c-0ff5d5f93f74/element/00000000-0000-03a6-7fff-ffff000000dd/clear[39m
[35m[HTTP][39m [90m{"id":"00000000-0000-03a6-7fff-ffff000000dd"}[39m
[35m[HTTP][39m [37m<-- POST /wd/hub/session/07eb85f4-140e-4160-857c-0ff5d5f93f74/element/00000000-0000-03a6-7fff-ffff000000dd/clear [39m[32m200[39m [90m53 ms - 14[39m
[35m[HTTP][39m [90m[39m
[35m[HTTP][39m [37m-->[39m [37mPOST[39m [37m/wd/hub/session/07eb85f4-140e-4160-857c-0ff5d5f93f74/element/00000000-0000-03a6-7fff-ffff000000dd/value[39m
[35m[HTTP][39m [90m{"id":"00000000-0000-03a6-7fff-ffff000000dd","text":"MT Haryono","value":["M","T"," ","H","a","r","y","o","n","o"]}[39m
[35m[HTTP][39m [37m<-- POST /wd/hub/session/07eb85f4-140e-4160-857c-0ff5d5f93f74/element/00000000-0000-03a6-7fff-ffff000000dd/value [39m[32m200[39m [90m1127 ms - 14[39m
[35m[HTTP][39m [90m[39m
[35m[HTTP][39m [37m-->[39m [37mGET[39m [37m/wd/hub/session/07eb85f4-140e-4160-857c-0ff5d5f93f74/context[39m
[35m[HTTP][39m [90m{}[39m
[35m[HTTP][39m [37m<-- GET /wd/hub/session/07eb85f4-140e-4160-857c-0ff5d5f93f74/context [39m[32m200[39m [90m2 ms - 22[39m
[35m[HTTP][39m [90m[39m
[35m[HTTP][39m [37m-->[39m [37mGET[39m [37m/wd/hub/session/07eb85f4-140e-4160-857c-0ff5d5f93f74/contexts[39m
[35m[HTTP][39m [90m{}[39m
[35m[HTTP][39m [37m<-- GET /wd/hub/session/07eb85f4-140e-4160-857c-0ff5d5f93f74/contexts [39m[32m200[39m [90m95 ms - 24[39m
[35m[HTTP][39m [90m[39m
[35m[HTTP][39m [37m-->[39m [37mPOST[39m [37m/wd/hub/session/07eb85f4-140e-4160-857c-0ff5d5f93f74/context[39m
[35m[HTTP][39m [90m{"name":"NATIVE_APP"}[39m
[35m[HTTP][39m [37m<-- POST /wd/hub/session/07eb85f4-140e-4160-857c-0ff5d5f93f74/context [39m[32m200[39m [90m1 ms - 14[39m
[35m[HTTP][39m [90m[39m
[35m[HTTP][39m [37m-->[39m [37mPOST[39m [37m/wd/hub/session/07eb85f4-140e-4160-857c-0ff5d5f93f74/appium/device/hide_keyboard[39m
[35m[HTTP][39m [90m{}[39m
[35m[HTTP][39m [37m<-- POST /wd/hub/session/07eb85f4-140e-4160-857c-0ff5d5f93f74/appium/device/hide_keyboard [39m[32m200[39m [90m2790 ms - 14[39m
[35m[HTTP][39m [90m[39m
[35m[HTTP][39m [37m-->[39m [37mPOST[39m [37m/wd/hub/session/07eb85f4-140e-4160-857c-0ff5d5f93f74/context[39m
[35m[HTTP][39m [90m{"name":"NATIVE_APP"}[39m
[35m[HTTP][39m [37m<-- POST /wd/hub/session/07eb85f4-140e-4160-857c-0ff5d5f93f74/context [39m[32m200[39m [90m1 ms - 14[39m
[35m[HTTP][39m [90m[39m
[35m[HTTP][39m [37m-->[39m [37mPOST[39m [37m/wd/hub/session/07eb85f4-140e-4160-857c-0ff5d5f93f74/timeouts[39m
[35m[HTTP][39m [90m{"implicit":50}[39m
[35m[HTTP][39m [37m<-- POST /wd/hub/session/07eb85f4-140e-4160-857c-0ff5d5f93f74/timeouts [39m[32m200[39m [90m1 ms - 14[39m
[35m[HTTP][39m [90m[39m
[35m[HTTP][39m [37m-->[39m [37mGET[39m [37m/wd/hub/session/07eb85f4-140e-4160-857c-0ff5d5f93f74/window/rect[39m
[35m[HTTP][39m [90m{}[39m
[35m[HTTP][39m [37m<-- GET /wd/hub/session/07eb85f4-140e-4160-857c-0ff5d5f93f74/window/rect [39m[32m200[39m [90m17 ms - 49[39m
[35m[HTTP][39m [90m[39m
[35m[HTTP][39m [37m-->[39m [37mPOST[39m [37m/wd/hub/session/07eb85f4-140e-4160-857c-0ff5d5f93f74/elements[39m
[35m[HTTP][39m [90m{"using":"xpath","value":"//*[@class = 'android.widget.TextView' and (@text = 'MT HARYONO JAKARTA' or . = 'MT HARYONO JAKARTA') and @resource-id = 'com.kfc.mobile.hkStaging:id/tvPlace']"}[39m
[35m[HTTP][39m [37m<-- POST /wd/hub/session/07eb85f4-140e-4160-857c-0ff5d5f93f74/elements [39m[32m200[39m [90m708 ms - 12[39m
[35m[HTTP][39m [90m[39m
[35m[HTTP][39m [37m-->[39m [37mPOST[39m [37m/wd/hub/session/07eb85f4-140e-4160-857c-0ff5d5f93f74/elements[39m
[35m[HTTP][39m [90m{"using":"xpath","value":"//*[@class = 'android.widget.TextView' and (@text = 'MT HARYONO JAKARTA' or . = 'MT HARYONO JAKARTA') and @resource-id = 'com.kfc.mobile.hkStaging:id/tvPlace']"}[39m
[35m[HTTP][39m [37m<-- POST /wd/hub/session/07eb85f4-140e-4160-857c-0ff5d5f93f74/elements [39m[32m200[39m [90m196 ms - 12[39m
[35m[HTTP][39m [90m[39m
[35m[HTTP][39m [37m-->[39m [37mPOST[39m [37m/wd/hub/session/07eb85f4-140e-4160-857c-0ff5d5f93f74/elements[39m
[35m[HTTP][39m [90m{"using":"xpath","value":"//*[@class = 'android.widget.TextView' and (@text = 'MT HARYONO JAKARTA' or . = 'MT HARYONO JAKARTA') and @resource-id = 'com.kfc.mobile.hkStaging:id/tvPlace']"}[39m
[35m[HTTP][39m [37m<-- POST /wd/hub/session/07eb85f4-140e-4160-857c-0ff5d5f93f74/elements [39m[32m200[39m [90m1022 ms - 12[39m
[35m[HTTP][39m [90m[39m
[35m[HTTP][39m [37m-->[39m [37mPOST[39m [37m/wd/hub/session/07eb85f4-140e-4160-857c-0ff5d5f93f74/elements[39m
[35m[HTTP][39m [90m{"using":"xpath","value":"//*[@class = 'android.widget.TextView' and (@text = 'MT HARYONO JAKARTA' or . = 'MT HARYONO JAKARTA') and @resource-id = 'com.kfc.mobile.hkStaging:id/tvPlace']"}[39m
[35m[HTTP][39m [37m<-- POST /wd/hub/session/07eb85f4-140e-4160-857c-0ff5d5f93f74/elements [39m[32m200[39m [90m170 ms - 12[39m
[35m[HTTP][39m [90m[39m
[35m[HTTP][39m [37m-->[39m [37mPOST[39m [37m/wd/hub/session/07eb85f4-140e-4160-857c-0ff5d5f93f74/elements[39m
[35m[HTTP][39m [90m{"using":"xpath","value":"//*[@class = 'android.widget.TextView' and (@text = 'MT HARYONO JAKARTA' or . = 'MT HARYONO JAKARTA') and @resource-id = 'com.kfc.mobile.hkStaging:id/tvPlace']"}[39m
[35m[HTTP][39m [37m<-- POST /wd/hub/session/07eb85f4-140e-4160-857c-0ff5d5f93f74/elements [39m[32m200[39m [90m488 ms - 12[39m
[35m[HTTP][39m [90m[39m
[35m[HTTP][39m [37m-->[39m [37mPOST[39m [37m/wd/hub/session/07eb85f4-140e-4160-857c-0ff5d5f93f74/elements[39m
[35m[HTTP][39m [90m{"using":"xpath","value":"//*[@class = 'android.widget.TextView' and (@text = 'MT HARYONO JAKARTA' or . = 'MT HARYONO JAKARTA') and @resource-id = 'com.kfc.mobile.hkStaging:id/tvPlace']"}[39m
[35m[HTTP][39m [37m<-- POST /wd/hub/session/07eb85f4-140e-4160-857c-0ff5d5f93f74/elements [39m[32m200[39m [90m147 ms - 12[39m
[35m[HTTP][39m [90m[39m
[35m[HTTP][39m [37m-->[39m [37mPOST[39m [37m/wd/hub/session/07eb85f4-140e-4160-857c-0ff5d5f93f74/elements[39m
[35m[HTTP][39m [90m{"using":"xpath","value":"//*[@class = 'android.widget.TextView' and (@text = 'MT HARYONO JAKARTA' or . = 'MT HARYONO JAKARTA') and @resource-id = 'com.kfc.mobile.hkStaging:id/tvPlace']"}[39m
[35m[HTTP][39m [37m<-- POST /wd/hub/session/07eb85f4-140e-4160-857c-0ff5d5f93f74/elements [39m[32m200[39m [90m144 ms - 12[39m
[35m[HTTP][39m [90m[39m
[35m[HTTP][39m [37m-->[39m [37mPOST[39m [37m/wd/hub/session/07eb85f4-140e-4160-857c-0ff5d5f93f74/elements[39m
[35m[HTTP][39m [90m{"using":"xpath","value":"//*[@class = 'android.widget.TextView' and (@text = 'MT HARYONO JAKARTA' or . = 'MT HARYONO JAKARTA') and @resource-id = 'com.kfc.mobile.hkStaging:id/tvPlace']"}[39m
[35m[HTTP][39m [37m<-- POST /wd/hub/session/07eb85f4-140e-4160-857c-0ff5d5f93f74/elements [39m[32m200[39m [90m152 ms - 12[39m
[35m[HTTP][39m [90m[39m
[35m[HTTP][39m [37m-->[39m [37mPOST[39m [37m/wd/hub/session/07eb85f4-140e-4160-857c-0ff5d5f93f74/elements[39m
[35m[HTTP][39m [90m{"using":"xpath","value":"//*[@class = 'android.widget.TextView' and (@text = 'MT HARYONO JAKARTA' or . = 'MT HARYONO JAKARTA') and @resource-id = 'com.kfc.mobile.hkStaging:id/tvPlace']"}[39m
[35m[HTTP][39m [37m<-- POST /wd/hub/session/07eb85f4-140e-4160-857c-0ff5d5f93f74/elements [39m[32m200[39m [90m521 ms - 12[39m
[35m[HTTP][39m [90m[39m
[35m[HTTP][39m [37m-->[39m [37mPOST[39m [37m/wd/hub/session/07eb85f4-140e-4160-857c-0ff5d5f93f74/elements[39m
[35m[HTTP][39m [90m{"using":"xpath","value":"//*[@class = 'android.widget.TextView' and (@text = 'MT HARYONO JAKARTA' or . = 'MT HARYONO JAKARTA') and @resource-id = 'com.kfc.mobile.hkStaging:id/tvPlace']"}[39m
[35m[HTTP][39m [37m<-- POST /wd/hub/session/07eb85f4-140e-4160-857c-0ff5d5f93f74/elements [39m[32m200[39m [90m145 ms - 12[39m
[35m[HTTP][39m [90m[39m
[35m[HTTP][39m [37m-->[39m [37mPOST[39m [37m/wd/hub/session/07eb85f4-140e-4160-857c-0ff5d5f93f74/elements[39m
[35m[HTTP][39m [90m{"using":"xpath","value":"//*[@class = 'android.widget.TextView' and (@text = 'MT HARYONO JAKARTA' or . = 'MT HARYONO JAKARTA') and @resource-id = 'com.kfc.mobile.hkStaging:id/tvPlace']"}[39m
[35m[HTTP][39m [37m<-- POST /wd/hub/session/07eb85f4-140e-4160-857c-0ff5d5f93f74/elements [39m[32m200[39m [90m145 ms - 12[39m
[35m[HTTP][39m [90m[39m
[35m[HTTP][39m [37m-->[39m [37mPOST[39m [37m/wd/hub/session/07eb85f4-140e-4160-857c-0ff5d5f93f74/elements[39m
[35m[HTTP][39m [90m{"using":"xpath","value":"//*[@class = 'android.widget.TextView' and (@text = 'MT HARYONO JAKARTA' or . = 'MT HARYONO JAKARTA') and @resource-id = 'com.kfc.mobile.hkStaging:id/tvPlace']"}[39m
[35m[HTTP][39m [37m<-- POST /wd/hub/session/07eb85f4-140e-4160-857c-0ff5d5f93f74/elements [39m[32m200[39m [90m1020 ms - 12[39m
[35m[HTTP][39m [90m[39m
[35m[HTTP][39m [37m-->[39m [37mPOST[39m [37m/wd/hub/session/07eb85f4-140e-4160-857c-0ff5d5f93f74/timeouts[39m
[35m[HTTP][39m [90m{"implicit":30000}[39m
[35m[HTTP][39m [37m<-- POST /wd/hub/session/07eb85f4-140e-4160-857c-0ff5d5f93f74/timeouts [39m[32m200[39m [90m1 ms - 14[39m
[35m[HTTP][39m [90m[39m
[35m[HTTP][39m [37m-->[39m [37mPOST[39m [37m/wd/hub/session/07eb85f4-140e-4160-857c-0ff5d5f93f74/timeouts[39m
[35m[HTTP][39m [90m{"implicit":50}[39m
[35m[HTTP][39m [37m<-- POST /wd/hub/session/07eb85f4-140e-4160-857c-0ff5d5f93f74/timeouts [39m[32m200[39m [90m2 ms - 14[39m
[35m[HTTP][39m [90m[39m
[35m[HTTP][39m [37m-->[39m [37mGET[39m [37m/wd/hub/session/07eb85f4-140e-4160-857c-0ff5d5f93f74/window/rect[39m
[35m[HTTP][39m [90m{}[39m
[35m[HTTP][39m [37m<-- GET /wd/hub/session/07eb85f4-140e-4160-857c-0ff5d5f93f74/window/rect [39m[32m200[39m [90m14 ms - 49[39m
[35m[HTTP][39m [90m[39m
[35m[HTTP][39m [37m-->[39m [37mPOST[39m [37m/wd/hub/session/07eb85f4-140e-4160-857c-0ff5d5f93f74/elements[39m
[35m[HTTP][39m [90m{"using":"xpath","value":"//*[@class = 'android.widget.Button' and (@text = 'Pilih Gerai' or . = 'Pilih Gerai') and @resource-id = 'com.kfc.mobile.hkStaging:id/button_select_outlet']"}[39m
[35m[HTTP][39m [37m<-- POST /wd/hub/session/07eb85f4-140e-4160-857c-0ff5d5f93f74/elements [39m[32m200[39m [90m144 ms - 139[39m
[35m[HTTP][39m [90m[39m
[35m[HTTP][39m [37m-->[39m [37mGET[39m [37m/wd/hub/session/07eb85f4-140e-4160-857c-0ff5d5f93f74/element/00000000-0000-03a6-7fff-ffff0000012f/location[39m
[35m[HTTP][39m [90m{}[39m
[35m[W3C (07eb85f4)][39m Driver proxy active, passing request on via HTTP proxy
[35m[WD Proxy][39m Replacing sessionId acb98033-800a-4ed1-98ef-1447eeee7539 with 07eb85f4-140e-4160-857c-0ff5d5f93f74
[35m[HTTP][39m [37m<-- GET /wd/hub/session/07eb85f4-140e-4160-857c-0ff5d5f93f74/element/00000000-0000-03a6-7fff-ffff0000012f/location [39m[32m200[39m [90m23 ms - 78[39m
[35m[HTTP][39m [90m[39m
[35m[HTTP][39m [37m-->[39m [37mPOST[39m [37m/wd/hub/session/07eb85f4-140e-4160-857c-0ff5d5f93f74/timeouts[39m
[35m[HTTP][39m [90m{"implicit":30000}[39m
[35m[HTTP][39m [37m<-- POST /wd/hub/session/07eb85f4-140e-4160-857c-0ff5d5f93f74/timeouts [39m[32m200[39m [90m1 ms - 14[39m
[35m[HTTP][39m [90m[39m
[35m[HTTP][39m [37m-->[39m [37mPOST[39m [37m/wd/hub/session/07eb85f4-140e-4160-857c-0ff5d5f93f74/element/00000000-0000-03a6-7fff-ffff0000012f/click[39m
[35m[HTTP][39m [90m{"id":"00000000-0000-03a6-7fff-ffff0000012f"}[39m
[35m[HTTP][39m [37m<-- POST /wd/hub/session/07eb85f4-140e-4160-857c-0ff5d5f93f74/element/00000000-0000-03a6-7fff-ffff0000012f/click [39m[32m200[39m [90m31 ms - 14[39m
[35m[HTTP][39m [90m[39m
[35m[HTTP][39m [37m-->[39m [37mPOST[39m [37m/wd/hub/session/07eb85f4-140e-4160-857c-0ff5d5f93f74/timeouts[39m
[35m[HTTP][39m [90m{"implicit":50}[39m
[35m[HTTP][39m [37m<-- POST /wd/hub/session/07eb85f4-140e-4160-857c-0ff5d5f93f74/timeouts [39m[32m200[39m [90m1 ms - 14[39m
[35m[HTTP][39m [90m[39m
[35m[HTTP][39m [37m-->[39m [37mGET[39m [37m/wd/hub/session/07eb85f4-140e-4160-857c-0ff5d5f93f74/window/rect[39m
[35m[HTTP][39m [90m{}[39m
[35m[HTTP][39m [37m<-- GET /wd/hub/session/07eb85f4-140e-4160-857c-0ff5d5f93f74/window/rect [39m[32m200[39m [90m13 ms - 49[39m
[35m[HTTP][39m [90m[39m
[35m[HTTP][39m [37m-->[39m [37mPOST[39m [37m/wd/hub/session/07eb85f4-140e-4160-857c-0ff5d5f93f74/elements[39m
[35m[HTTP][39m [90m{"using":"xpath","value":"//*[@class = 'android.widget.FrameLayout' and @resource-id = 'com.kfc.mobile.hkStaging:id/container_category' and (@text = '' or . = '')]"}[39m
[35m[HTTP][39m [37m<-- POST /wd/hub/session/07eb85f4-140e-4160-857c-0ff5d5f93f74/elements [39m[32m200[39m [90m634 ms - 139[39m
[35m[HTTP][39m [90m[39m
[35m[HTTP][39m [37m-->[39m [37mGET[39m [37m/wd/hub/session/07eb85f4-140e-4160-857c-0ff5d5f93f74/element/00000000-0000-03a7-7fff-ffff00000148/location[39m
[35m[HTTP][39m [90m{}[39m
[35m[W3C (07eb85f4)][39m Driver proxy active, passing request on via HTTP proxy
[35m[WD Proxy][39m Replacing sessionId acb98033-800a-4ed1-98ef-1447eeee7539 with 07eb85f4-140e-4160-857c-0ff5d5f93f74
[35m[HTTP][39m [37m<-- GET /wd/hub/session/07eb85f4-140e-4160-857c-0ff5d5f93f74/element/00000000-0000-03a7-7fff-ffff00000148/location [39m[32m200[39m [90m24 ms - 77[39m
[35m[HTTP][39m [90m[39m
[35m[HTTP][39m [37m-->[39m [37mPOST[39m [37m/wd/hub/session/07eb85f4-140e-4160-857c-0ff5d5f93f74/timeouts[39m
[35m[HTTP][39m [90m{"implicit":30000}[39m
[35m[HTTP][39m [37m<-- POST /wd/hub/session/07eb85f4-140e-4160-857c-0ff5d5f93f74/timeouts [39m[32m200[39m [90m1 ms - 14[39m
[35m[HTTP][39m [90m[39m
[35m[HTTP][39m [37m-->[39m [37mPOST[39m [37m/wd/hub/session/07eb85f4-140e-4160-857c-0ff5d5f93f74/element/00000000-0000-03a7-7fff-ffff00000148/click[39m
[35m[HTTP][39m [90m{"id":"00000000-0000-03a7-7fff-ffff00000148"}[39m
[35m[HTTP][39m [37m<-- POST /wd/hub/session/07eb85f4-140e-4160-857c-0ff5d5f93f74/element/00000000-0000-03a7-7fff-ffff00000148/click [39m[32m200[39m [90m31 ms - 14[39m
[35m[HTTP][39m [90m[39m
[35m[HTTP][39m [37m-->[39m [37mGET[39m [37m/wd/hub/session/07eb85f4-140e-4160-857c-0ff5d5f93f74/context[39m
[35m[HTTP][39m [90m{}[39m
[35m[HTTP][39m [37m<-- GET /wd/hub/session/07eb85f4-140e-4160-857c-0ff5d5f93f74/context [39m[32m200[39m [90m2 ms - 22[39m
[35m[HTTP][39m [90m[39m
[35m[HTTP][39m [37m-->[39m [37mGET[39m [37m/wd/hub/session/07eb85f4-140e-4160-857c-0ff5d5f93f74/contexts[39m
[35m[HTTP][39m [90m{}[39m
[35m[HTTP][39m [37m<-- GET /wd/hub/session/07eb85f4-140e-4160-857c-0ff5d5f93f74/contexts [39m[32m200[39m [90m79 ms - 24[39m
[35m[HTTP][39m [90m[39m
[35m[HTTP][39m [37m-->[39m [37mPOST[39m [37m/wd/hub/session/07eb85f4-140e-4160-857c-0ff5d5f93f74/context[39m
[35m[HTTP][39m [90m{"name":"NATIVE_APP"}[39m
[35m[HTTP][39m [37m<-- POST /wd/hub/session/07eb85f4-140e-4160-857c-0ff5d5f93f74/context [39m[32m200[39m [90m1 ms - 14[39m
[35m[HTTP][39m [90m[39m
[35m[HTTP][39m [37m-->[39m [37mPOST[39m [37m/wd/hub/session/07eb85f4-140e-4160-857c-0ff5d5f93f74/appium/device/press_keycode[39m
[35m[HTTP][39m [90m{"keycode":4}[39m
[35m[HTTP][39m [37m<-- POST /wd/hub/session/07eb85f4-140e-4160-857c-0ff5d5f93f74/appium/device/press_keycode [39m[32m200[39m [90m780 ms - 14[39m
[35m[HTTP][39m [90m[39m
[35m[HTTP][39m [37m-->[39m [37mPOST[39m [37m/wd/hub/session/07eb85f4-140e-4160-857c-0ff5d5f93f74/context[39m
[35m[HTTP][39m [90m{"name":"NATIVE_APP"}[39m
[35m[HTTP][39m [37m<-- POST /wd/hub/session/07eb85f4-140e-4160-857c-0ff5d5f93f74/context [39m[32m200[39m [90m2 ms - 14[39m
[35m[HTTP][39m [90m[39m
[35m[HTTP][39m [37m-->[39m [37mPOST[39m [37m/wd/hub/session/07eb85f4-140e-4160-857c-0ff5d5f93f74/timeouts[39m
[35m[HTTP][39m [90m{"implicit":50}[39m
[35m[HTTP][39m [37m<-- POST /wd/hub/session/07eb85f4-140e-4160-857c-0ff5d5f93f74/timeouts [39m[32m200[39m [90m1 ms - 14[39m
[35m[HTTP][39m [90m[39m
[35m[HTTP][39m [37m-->[39m [37mGET[39m [37m/wd/hub/session/07eb85f4-140e-4160-857c-0ff5d5f93f74/window/rect[39m
[35m[HTTP][39m [90m{}[39m
[35m[HTTP][39m [37m<-- GET /wd/hub/session/07eb85f4-140e-4160-857c-0ff5d5f93f74/window/rect [39m[32m200[39m [90m14 ms - 49[39m
[35m[HTTP][39m [90m[39m
[35m[HTTP][39m [37m-->[39m [37mPOST[39m [37m/wd/hub/session/07eb85f4-140e-4160-857c-0ff5d5f93f74/elements[39m
[35m[HTTP][39m [90m{"using":"xpath","value":"//hierarchy/android.widget.FrameLayout[1]/android.widget.LinearLayout[1]/android.widget.FrameLayout[1]/android.widget.LinearLayout[1]/android.widget.FrameLayout[1]/android.view.ViewGroup[1]/android.view.ViewGroup[1]/android.view.ViewGroup[1]/android.widget.FrameLayout[1]/android.view.ViewGroup[1]/androidx.recyclerview.widget.RecyclerView[1]/android.view.ViewGroup[1]/android.widget.LinearLayout[1]/android.widget.Button[1]"}[39m
[35m[HTTP][39m [37m<-- POST /wd/hub/session/07eb85f4-140e-4160-857c-0ff5d5f93f74/elements [39m[32m200[39m [90m509 ms - 139[39m
[35m[HTTP][39m [90m[39m
[35m[HTTP][39m [37m-->[39m [37mGET[39m [37m/wd/hub/session/07eb85f4-140e-4160-857c-0ff5d5f93f74/element/00000000-0000-03a7-7fff-ffff0000017f/location[39m
[35m[HTTP][39m [90m{}[39m
[35m[W3C (07eb85f4)][39m Driver proxy active, passing request on via HTTP proxy
[35m[WD Proxy][39m Replacing sessionId acb98033-800a-4ed1-98ef-1447eeee7539 with 07eb85f4-140e-4160-857c-0ff5d5f93f74
[35m[HTTP][39m [37m<-- GET /wd/hub/session/07eb85f4-140e-4160-857c-0ff5d5f93f74/element/00000000-0000-03a7-7fff-ffff0000017f/location [39m[32m200[39m [90m24 ms - 78[39m
[35m[HTTP][39m [90m[39m
[35m[HTTP][39m [37m-->[39m [37mPOST[39m [37m/wd/hub/session/07eb85f4-140e-4160-857c-0ff5d5f93f74/timeouts[39m
[35m[HTTP][39m [90m{"implicit":30000}[39m
[35m[HTTP][39m [37m<-- POST /wd/hub/session/07eb85f4-140e-4160-857c-0ff5d5f93f74/timeouts [39m[32m200[39m [90m1 ms - 14[39m
[35m[HTTP][39m [90m[39m
[35m[HTTP][39m [37m-->[39m [37mPOST[39m [37m/wd/hub/session/07eb85f4-140e-4160-857c-0ff5d5f93f74/timeouts[39m
[35m[HTTP][39m [90m{"implicit":50}[39m
[35m[HTTP][39m [37m<-- POST /wd/hub/session/07eb85f4-140e-4160-857c-0ff5d5f93f74/timeouts [39m[32m200[39m [90m1 ms - 14[39m
[35m[HTTP][39m [90m[39m
[35m[HTTP][39m [37m-->[39m [37mGET[39m [37m/wd/hub/session/07eb85f4-140e-4160-857c-0ff5d5f93f74/window/rect[39m
[35m[HTTP][39m [90m{}[39m
[35m[HTTP][39m [37m<-- GET /wd/hub/session/07eb85f4-140e-4160-857c-0ff5d5f93f74/window/rect [39m[32m200[39m [90m12 ms - 49[39m
[35m[HTTP][39m [90m[39m
[35m[HTTP][39m [37m-->[39m [37mPOST[39m [37m/wd/hub/session/07eb85f4-140e-4160-857c-0ff5d5f93f74/elements[39m
[35m[HTTP][39m [90m{"using":"xpath","value":"//hierarchy/android.widget.FrameLayout[1]/android.widget.LinearLayout[1]/android.widget.FrameLayout[1]/android.widget.LinearLayout[1]/android.widget.FrameLayout[1]/android.view.ViewGroup[1]/android.view.ViewGroup[1]/android.view.ViewGroup[1]/android.widget.FrameLayout[1]/android.view.ViewGroup[1]/androidx.recyclerview.widget.RecyclerView[1]/android.view.ViewGroup[1]/android.widget.LinearLayout[1]/android.widget.Button[1]"}[39m
[35m[HTTP][39m [37m<-- POST /wd/hub/session/07eb85f4-140e-4160-857c-0ff5d5f93f74/elements [39m[32m200[39m [90m127 ms - 139[39m
[35m[HTTP][39m [90m[39m
[35m[HTTP][39m [37m-->[39m [37mGET[39m [37m/wd/hub/session/07eb85f4-140e-4160-857c-0ff5d5f93f74/element/00000000-0000-03a7-7fff-ffff0000017f/location[39m
[35m[HTTP][39m [90m{}[39m
[35m[W3C (07eb85f4)][39m Driver proxy active, passing request on via HTTP proxy
[35m[WD Proxy][39m Replacing sessionId acb98033-800a-4ed1-98ef-1447eeee7539 with 07eb85f4-140e-4160-857c-0ff5d5f93f74
[35m[HTTP][39m [37m<-- GET /wd/hub/session/07eb85f4-140e-4160-857c-0ff5d5f93f74/element/00000000-0000-03a7-7fff-ffff0000017f/location [39m[32m200[39m [90m22 ms - 78[39m
[35m[HTTP][39m [90m[39m
[35m[HTTP][39m [37m-->[39m [37mPOST[39m [37m/wd/hub/session/07eb85f4-140e-4160-857c-0ff5d5f93f74/timeouts[39m
[35m[HTTP][39m [90m{"implicit":30000}[39m
[35m[HTTP][39m [37m<-- POST /wd/hub/session/07eb85f4-140e-4160-857c-0ff5d5f93f74/timeouts [39m[32m200[39m [90m1 ms - 14[39m
[35m[HTTP][39m [90m[39m
[35m[HTTP][39m [37m-->[39m [37mPOST[39m [37m/wd/hub/session/07eb85f4-140e-4160-857c-0ff5d5f93f74/element/00000000-0000-03a7-7fff-ffff0000017f/click[39m
[35m[HTTP][39m [90m{"id":"00000000-0000-03a7-7fff-ffff0000017f"}[39m
[35m[HTTP][39m [37m<-- POST /wd/hub/session/07eb85f4-140e-4160-857c-0ff5d5f93f74/element/00000000-0000-03a7-7fff-ffff0000017f/click [39m[32m200[39m [90m31 ms - 14[39m
[35m[HTTP][39m [90m[39m
[35m[HTTP][39m [37m-->[39m [37mPOST[39m [37m/wd/hub/session/07eb85f4-140e-4160-857c-0ff5d5f93f74/timeouts[39m
[35m[HTTP][39m [90m{"implicit":50}[39m
[35m[HTTP][39m [37m<-- POST /wd/hub/session/07eb85f4-140e-4160-857c-0ff5d5f93f74/timeouts [39m[32m200[39m [90m1 ms - 14[39m
[35m[HTTP][39m [90m[39m
[35m[HTTP][39m [37m-->[39m [37mGET[39m [37m/wd/hub/session/07eb85f4-140e-4160-857c-0ff5d5f93f74/window/rect[39m
[35m[HTTP][39m [90m{}[39m
[35m[HTTP][39m [37m<-- GET /wd/hub/session/07eb85f4-140e-4160-857c-0ff5d5f93f74/window/rect [39m[32m200[39m [90m17 ms - 49[39m
[35m[HTTP][39m [90m[39m
[35m[HTTP][39m [37m-->[39m [37mPOST[39m [37m/wd/hub/session/07eb85f4-140e-4160-857c-0ff5d5f93f74/elements[39m
[35m[HTTP][39m [90m{"using":"xpath","value":"//*[@class = 'android.widget.Button' and (@text = 'Lanjut' or . = 'Lanjut') and @resource-id = 'com.kfc.mobile.hkStaging:id/button_continue']"}[39m
[35m[HTTP][39m [37m<-- POST /wd/hub/session/07eb85f4-140e-4160-857c-0ff5d5f93f74/elements [39m[32m200[39m [90m154 ms - 139[39m
[35m[HTTP][39m [90m[39m
[35m[HTTP][39m [37m-->[39m [37mGET[39m [37m/wd/hub/session/07eb85f4-140e-4160-857c-0ff5d5f93f74/element/00000000-0000-03a9-7fff-ffff000001af/location[39m
[35m[HTTP][39m [90m{}[39m
[35m[W3C (07eb85f4)][39m Driver proxy active, passing request on via HTTP proxy
[35m[WD Proxy][39m Replacing sessionId acb98033-800a-4ed1-98ef-1447eeee7539 with 07eb85f4-140e-4160-857c-0ff5d5f93f74
[35m[HTTP][39m [37m<-- GET /wd/hub/session/07eb85f4-140e-4160-857c-0ff5d5f93f74/element/00000000-0000-03a9-7fff-ffff000001af/location [39m[32m200[39m [90m21 ms - 79[39m
[35m[HTTP][39m [90m[39m
[35m[HTTP][39m [37m-->[39m [37mPOST[39m [37m/wd/hub/session/07eb85f4-140e-4160-857c-0ff5d5f93f74/timeouts[39m
[35m[HTTP][39m [90m{"implicit":30000}[39m
[35m[HTTP][39m [37m<-- POST /wd/hub/session/07eb85f4-140e-4160-857c-0ff5d5f93f74/timeouts [39m[32m200[39m [90m1 ms - 14[39m
[35m[HTTP][39m [90m[39m
[35m[HTTP][39m [37m-->[39m [37mPOST[39m [37m/wd/hub/session/07eb85f4-140e-4160-857c-0ff5d5f93f74/timeouts[39m
[35m[HTTP][39m [90m{"implicit":50}[39m
[35m[HTTP][39m [37m<-- POST /wd/hub/session/07eb85f4-140e-4160-857c-0ff5d5f93f74/timeouts [39m[32m200[39m [90m1 ms - 14[39m
[35m[HTTP][39m [90m[39m
[35m[HTTP][39m [37m-->[39m [37mGET[39m [37m/wd/hub/session/07eb85f4-140e-4160-857c-0ff5d5f93f74/window/rect[39m
[35m[HTTP][39m [90m{}[39m
[35m[HTTP][39m [37m<-- GET /wd/hub/session/07eb85f4-140e-4160-857c-0ff5d5f93f74/window/rect [39m[32m200[39m [90m14 ms - 49[39m
[35m[HTTP][39m [90m[39m
[35m[HTTP][39m [37m-->[39m [37mPOST[39m [37m/wd/hub/session/07eb85f4-140e-4160-857c-0ff5d5f93f74/elements[39m
[35m[HTTP][39m [90m{"using":"xpath","value":"//*[@class = 'android.widget.Button' and (@text = 'Lanjut' or . = 'Lanjut') and @resource-id = 'com.kfc.mobile.hkStaging:id/button_continue']"}[39m
[35m[HTTP][39m [37m<-- POST /wd/hub/session/07eb85f4-140e-4160-857c-0ff5d5f93f74/elements [39m[32m200[39m [90m149 ms - 139[39m
[35m[HTTP][39m [90m[39m
[35m[HTTP][39m [37m-->[39m [37mGET[39m [37m/wd/hub/session/07eb85f4-140e-4160-857c-0ff5d5f93f74/element/00000000-0000-03a9-7fff-ffff000001af/location[39m
[35m[HTTP][39m [90m{}[39m
[35m[W3C (07eb85f4)][39m Driver proxy active, passing request on via HTTP proxy
[35m[WD Proxy][39m Replacing sessionId acb98033-800a-4ed1-98ef-1447eeee7539 with 07eb85f4-140e-4160-857c-0ff5d5f93f74
[35m[HTTP][39m [37m<-- GET /wd/hub/session/07eb85f4-140e-4160-857c-0ff5d5f93f74/element/00000000-0000-03a9-7fff-ffff000001af/location [39m[32m200[39m [90m21 ms - 79[39m
[35m[HTTP][39m [90m[39m
[35m[HTTP][39m [37m-->[39m [37mPOST[39m [37m/wd/hub/session/07eb85f4-140e-4160-857c-0ff5d5f93f74/timeouts[39m
[35m[HTTP][39m [90m{"implicit":30000}[39m
[35m[HTTP][39m [37m<-- POST /wd/hub/session/07eb85f4-140e-4160-857c-0ff5d5f93f74/timeouts [39m[32m200[39m [90m1 ms - 14[39m
[35m[HTTP][39m [90m[39m
[35m[HTTP][39m [37m-->[39m [37mPOST[39m [37m/wd/hub/session/07eb85f4-140e-4160-857c-0ff5d5f93f74/element/00000000-0000-03a9-7fff-ffff000001af/click[39m
[35m[HTTP][39m [90m{"id":"00000000-0000-03a9-7fff-ffff000001af"}[39m
[35m[HTTP][39m [37m<-- POST /wd/hub/session/07eb85f4-140e-4160-857c-0ff5d5f93f74/element/00000000-0000-03a9-7fff-ffff000001af/click [39m[32m200[39m [90m33 ms - 14[39m
[35m[HTTP][39m [90m[39m
[35m[HTTP][39m [37m-->[39m [37mPOST[39m [37m/wd/hub/session/07eb85f4-140e-4160-857c-0ff5d5f93f74/timeouts[39m
[35m[HTTP][39m [90m{"implicit":50}[39m
[35m[HTTP][39m [37m<-- POST /wd/hub/session/07eb85f4-140e-4160-857c-0ff5d5f93f74/timeouts [39m[32m200[39m [90m1 ms - 14[39m
[35m[HTTP][39m [90m[39m
[35m[HTTP][39m [37m-->[39m [37mGET[39m [37m/wd/hub/session/07eb85f4-140e-4160-857c-0ff5d5f93f74/window/rect[39m
[35m[HTTP][39m [90m{}[39m
[35m[HTTP][39m [37m<-- GET /wd/hub/session/07eb85f4-140e-4160-857c-0ff5d5f93f74/window/rect [39m[32m200[39m [90m13 ms - 49[39m
[35m[HTTP][39m [90m[39m
[35m[HTTP][39m [37m-->[39m [37mPOST[39m [37m/wd/hub/session/07eb85f4-140e-4160-857c-0ff5d5f93f74/elements[39m
[35m[HTTP][39m [90m{"using":"xpath","value":"//*[@class = 'android.widget.LinearLayout' and @resource-id = 'com.kfc.mobile.hkStaging:id/button_cart_summary' and (@text = '' or . = '')]"}[39m
[35m[HTTP][39m [37m<-- POST /wd/hub/session/07eb85f4-140e-4160-857c-0ff5d5f93f74/elements [39m[32m200[39m [90m851 ms - 139[39m
[35m[HTTP][39m [90m[39m
[35m[HTTP][39m [37m-->[39m [37mGET[39m [37m/wd/hub/session/07eb85f4-140e-4160-857c-0ff5d5f93f74/element/00000000-0000-03a7-7fff-ffff0000021d/location[39m
[35m[HTTP][39m [90m{}[39m
[35m[W3C (07eb85f4)][39m Driver proxy active, passing request on via HTTP proxy
[35m[WD Proxy][39m Replacing sessionId acb98033-800a-4ed1-98ef-1447eeee7539 with 07eb85f4-140e-4160-857c-0ff5d5f93f74
[35m[HTTP][39m [37m<-- GET /wd/hub/session/07eb85f4-140e-4160-857c-0ff5d5f93f74/element/00000000-0000-03a7-7fff-ffff0000021d/location [39m[32m200[39m [90m23 ms - 78[39m
[35m[HTTP][39m [90m[39m
[35m[HTTP][39m [37m-->[39m [37mPOST[39m [37m/wd/hub/session/07eb85f4-140e-4160-857c-0ff5d5f93f74/timeouts[39m
[35m[HTTP][39m [90m{"implicit":30000}[39m
[35m[HTTP][39m [37m<-- POST /wd/hub/session/07eb85f4-140e-4160-857c-0ff5d5f93f74/timeouts [39m[32m200[39m [90m1 ms - 14[39m
[35m[HTTP][39m [90m[39m
[35m[HTTP][39m [37m-->[39m [37mPOST[39m [37m/wd/hub/session/07eb85f4-140e-4160-857c-0ff5d5f93f74/timeouts[39m
[35m[HTTP][39m [90m{"implicit":50}[39m
[35m[HTTP][39m [37m<-- POST /wd/hub/session/07eb85f4-140e-4160-857c-0ff5d5f93f74/timeouts [39m[32m200[39m [90m1 ms - 14[39m
[35m[HTTP][39m [90m[39m
[35m[HTTP][39m [37m-->[39m [37mGET[39m [37m/wd/hub/session/07eb85f4-140e-4160-857c-0ff5d5f93f74/window/rect[39m
[35m[HTTP][39m [90m{}[39m
[35m[HTTP][39m [37m<-- GET /wd/hub/session/07eb85f4-140e-4160-857c-0ff5d5f93f74/window/rect [39m[32m200[39m [90m14 ms - 49[39m
[35m[HTTP][39m [90m[39m
[35m[HTTP][39m [37m-->[39m [37mPOST[39m [37m/wd/hub/session/07eb85f4-140e-4160-857c-0ff5d5f93f74/elements[39m
[35m[HTTP][39m [90m{"using":"xpath","value":"//*[@class = 'android.widget.LinearLayout' and @resource-id = 'com.kfc.mobile.hkStaging:id/button_cart_summary' and (@text = '' or . = '')]"}[39m
[35m[HTTP][39m [37m<-- POST /wd/hub/session/07eb85f4-140e-4160-857c-0ff5d5f93f74/elements [39m[32m200[39m [90m144 ms - 139[39m
[35m[HTTP][39m [90m[39m
[35m[HTTP][39m [37m-->[39m [37mGET[39m [37m/wd/hub/session/07eb85f4-140e-4160-857c-0ff5d5f93f74/element/00000000-0000-03a7-7fff-ffff0000021d/location[39m
[35m[HTTP][39m [90m{}[39m
[35m[W3C (07eb85f4)][39m Driver proxy active, passing request on via HTTP proxy
[35m[WD Proxy][39m Replacing sessionId acb98033-800a-4ed1-98ef-1447eeee7539 with 07eb85f4-140e-4160-857c-0ff5d5f93f74
[35m[HTTP][39m [37m<-- GET /wd/hub/session/07eb85f4-140e-4160-857c-0ff5d5f93f74/element/00000000-0000-03a7-7fff-ffff0000021d/location [39m[32m200[39m [90m27 ms - 78[39m
[35m[HTTP][39m [90m[39m
[35m[HTTP][39m [37m-->[39m [37mPOST[39m [37m/wd/hub/session/07eb85f4-140e-4160-857c-0ff5d5f93f74/timeouts[39m
[35m[HTTP][39m [90m{"implicit":30000}[39m
[35m[HTTP][39m [37m<-- POST /wd/hub/session/07eb85f4-140e-4160-857c-0ff5d5f93f74/timeouts [39m[32m200[39m [90m1 ms - 14[39m
[35m[HTTP][39m [90m[39m
[35m[HTTP][39m [37m-->[39m [37mPOST[39m [37m/wd/hub/session/07eb85f4-140e-4160-857c-0ff5d5f93f74/element/00000000-0000-03a7-7fff-ffff0000021d/click[39m
[35m[HTTP][39m [90m{"id":"00000000-0000-03a7-7fff-ffff0000021d"}[39m
[35m[HTTP][39m [37m<-- POST /wd/hub/session/07eb85f4-140e-4160-857c-0ff5d5f93f74/element/00000000-0000-03a7-7fff-ffff0000021d/click [39m[32m200[39m [90m33 ms - 14[39m
[35m[HTTP][39m [90m[39m
[35m[HTTP][39m [37m-->[39m [37mPOST[39m [37m/wd/hub/session/07eb85f4-140e-4160-857c-0ff5d5f93f74/timeouts[39m
[35m[HTTP][39m [90m{"implicit":50}[39m
[35m[HTTP][39m [37m<-- POST /wd/hub/session/07eb85f4-140e-4160-857c-0ff5d5f93f74/timeouts [39m[32m200[39m [90m2 ms - 14[39m
[35m[HTTP][39m [90m[39m
[35m[HTTP][39m [37m-->[39m [37mGET[39m [37m/wd/hub/session/07eb85f4-140e-4160-857c-0ff5d5f93f74/window/rect[39m
[35m[HTTP][39m [90m{}[39m
[35m[HTTP][39m [37m<-- GET /wd/hub/session/07eb85f4-140e-4160-857c-0ff5d5f93f74/window/rect [39m[32m200[39m [90m13 ms - 49[39m
[35m[HTTP][39m [90m[39m
[35m[HTTP][39m [37m-->[39m [37mPOST[39m [37m/wd/hub/session/07eb85f4-140e-4160-857c-0ff5d5f93f74/elements[39m
[35m[HTTP][39m [90m{"using":"xpath","value":"//*[@class = 'android.widget.TextView' and (@text = 'Pilih Menu Gratis' or . = 'Pilih Menu Gratis') and @resource-id = 'com.kfc.mobile.hkStaging:id/tvPositive']"}[39m
[35m[HTTP][39m [37m<-- POST /wd/hub/session/07eb85f4-140e-4160-857c-0ff5d5f93f74/elements [39m[32m200[39m [90m255 ms - 139[39m
[35m[HTTP][39m [90m[39m
[35m[HTTP][39m [37m-->[39m [37mGET[39m [37m/wd/hub/session/07eb85f4-140e-4160-857c-0ff5d5f93f74/element/00000000-0000-03aa-7fff-ffff00000256/location[39m
[35m[HTTP][39m [90m{}[39m
[35m[W3C (07eb85f4)][39m Driver proxy active, passing request on via HTTP proxy
[35m[WD Proxy][39m Replacing sessionId acb98033-800a-4ed1-98ef-1447eeee7539 with 07eb85f4-140e-4160-857c-0ff5d5f93f74
[35m[HTTP][39m [37m<-- GET /wd/hub/session/07eb85f4-140e-4160-857c-0ff5d5f93f74/element/00000000-0000-03aa-7fff-ffff00000256/location [39m[32m200[39m [90m20 ms - 77[39m
[35m[HTTP][39m [90m[39m
[35m[HTTP][39m [37m-->[39m [37mPOST[39m [37m/wd/hub/session/07eb85f4-140e-4160-857c-0ff5d5f93f74/timeouts[39m
[35m[HTTP][39m [90m{"implicit":30000}[39m
[35m[HTTP][39m [37m<-- POST /wd/hub/session/07eb85f4-140e-4160-857c-0ff5d5f93f74/timeouts [39m[32m200[39m [90m1 ms - 14[39m
[35m[HTTP][39m [90m[39m
[35m[HTTP][39m [37m-->[39m [37mPOST[39m [37m/wd/hub/session/07eb85f4-140e-4160-857c-0ff5d5f93f74/timeouts[39m
[35m[HTTP][39m [90m{"implicit":50}[39m
[35m[HTTP][39m [37m<-- POST /wd/hub/session/07eb85f4-140e-4160-857c-0ff5d5f93f74/timeouts [39m[32m200[39m [90m1 ms - 14[39m
[35m[HTTP][39m [90m[39m
[35m[HTTP][39m [37m-->[39m [37mGET[39m [37m/wd/hub/session/07eb85f4-140e-4160-857c-0ff5d5f93f74/window/rect[39m
[35m[HTTP][39m [90m{}[39m
[35m[HTTP][39m [37m<-- GET /wd/hub/session/07eb85f4-140e-4160-857c-0ff5d5f93f74/window/rect [39m[32m200[39m [90m17 ms - 49[39m
[35m[HTTP][39m [90m[39m
[35m[HTTP][39m [37m-->[39m [37mPOST[39m [37m/wd/hub/session/07eb85f4-140e-4160-857c-0ff5d5f93f74/elements[39m
[35m[HTTP][39m [90m{"using":"xpath","value":"//*[@class = 'android.widget.TextView' and (@text = 'Pilih Menu Gratis' or . = 'Pilih Menu Gratis') and @resource-id = 'com.kfc.mobile.hkStaging:id/tvPositive']"}[39m
[35m[HTTP][39m [37m<-- POST /wd/hub/session/07eb85f4-140e-4160-857c-0ff5d5f93f74/elements [39m[32m200[39m [90m58 ms - 139[39m
[35m[HTTP][39m [90m[39m
[35m[HTTP][39m [37m-->[39m [37mGET[39m [37m/wd/hub/session/07eb85f4-140e-4160-857c-0ff5d5f93f74/element/00000000-0000-03aa-7fff-ffff00000256/location[39m
[35m[HTTP][39m [90m{}[39m
[35m[W3C (07eb85f4)][39m Driver proxy active, passing request on via HTTP proxy
[35m[WD Proxy][39m Replacing sessionId acb98033-800a-4ed1-98ef-1447eeee7539 with 07eb85f4-140e-4160-857c-0ff5d5f93f74
[35m[HTTP][39m [37m<-- GET /wd/hub/session/07eb85f4-140e-4160-857c-0ff5d5f93f74/element/00000000-0000-03aa-7fff-ffff00000256/location [39m[32m200[39m [90m20 ms - 77[39m
[35m[HTTP][39m [90m[39m
[35m[HTTP][39m [37m-->[39m [37mPOST[39m [37m/wd/hub/session/07eb85f4-140e-4160-857c-0ff5d5f93f74/timeouts[39m
[35m[HTTP][39m [90m{"implicit":30000}[39m
[35m[HTTP][39m [37m<-- POST /wd/hub/session/07eb85f4-140e-4160-857c-0ff5d5f93f74/timeouts [39m[32m200[39m [90m1 ms - 14[39m
[35m[HTTP][39m [90m[39m
[35m[HTTP][39m [37m-->[39m [37mPOST[39m [37m/wd/hub/session/07eb85f4-140e-4160-857c-0ff5d5f93f74/element/00000000-0000-03aa-7fff-ffff00000256/click[39m
[35m[HTTP][39m [90m{"id":"00000000-0000-03aa-7fff-ffff00000256"}[39m
[35m[HTTP][39m [37m<-- POST /wd/hub/session/07eb85f4-140e-4160-857c-0ff5d5f93f74/element/00000000-0000-03aa-7fff-ffff00000256/click [39m[32m200[39m [90m30 ms - 14[39m
[35m[HTTP][39m [90m[39m
[35m[HTTP][39m [37m-->[39m [37mGET[39m [37m/wd/hub/session/07eb85f4-140e-4160-857c-0ff5d5f93f74/context[39m
[35m[HTTP][39m [90m{}[39m
[35m[HTTP][39m [37m<-- GET /wd/hub/session/07eb85f4-140e-4160-857c-0ff5d5f93f74/context [39m[32m200[39m [90m2 ms - 22[39m
[35m[HTTP][39m [90m[39m
[35m[HTTP][39m [37m-->[39m [37mGET[39m [37m/wd/hub/session/07eb85f4-140e-4160-857c-0ff5d5f93f74/contexts[39m
[35m[HTTP][39m [90m{}[39m
[35m[HTTP][39m [37m<-- GET /wd/hub/session/07eb85f4-140e-4160-857c-0ff5d5f93f74/contexts [39m[32m200[39m [90m93 ms - 24[39m
[35m[HTTP][39m [90m[39m
[35m[HTTP][39m [37m-->[39m [37mPOST[39m [37m/wd/hub/session/07eb85f4-140e-4160-857c-0ff5d5f93f74/context[39m
[35m[HTTP][39m [90m{"name":"NATIVE_APP"}[39m
[35m[HTTP][39m [37m<-- POST /wd/hub/session/07eb85f4-140e-4160-857c-0ff5d5f93f74/context [39m[32m200[39m [90m2 ms - 14[39m
[35m[HTTP][39m [90m[39m
[35m[HTTP][39m [37m-->[39m [37mPOST[39m [37m/wd/hub/session/07eb85f4-140e-4160-857c-0ff5d5f93f74/touch/perform[39m
[35m[HTTP][39m [90m{"actions":[{"action":"press","options":{"x":281,"y":500}},{"action":"wait","options":{"ms":500}},{"action":"moveTo","options":{"x":434,"y":161}},{"action":"release","options":{}}]}[39m
[35m[HTTP][39m [37m<-- POST /wd/hub/session/07eb85f4-140e-4160-857c-0ff5d5f93f74/touch/perform [39m[32m200[39m [90m1009 ms - 14[39m
[35m[HTTP][39m [90m[39m
[35m[HTTP][39m [37m-->[39m [37mPOST[39m [37m/wd/hub/session/07eb85f4-140e-4160-857c-0ff5d5f93f74/context[39m
[35m[HTTP][39m [90m{"name":"NATIVE_APP"}[39m
[35m[HTTP][39m [37m<-- POST /wd/hub/session/07eb85f4-140e-4160-857c-0ff5d5f93f74/context [39m[32m200[39m [90m1 ms - 14[39m
[35m[HTTP][39m [90m[39m
[35m[HTTP][39m [37m-->[39m [37mPOST[39m [37m/wd/hub/session/07eb85f4-140e-4160-857c-0ff5d5f93f74/timeouts[39m
[35m[HTTP][39m [90m{"implicit":50}[39m
[35m[HTTP][39m [37m<-- POST /wd/hub/session/07eb85f4-140e-4160-857c-0ff5d5f93f74/timeouts [39m[32m200[39m [90m1 ms - 14[39m
[35m[HTTP][39m [90m[39m
[35m[HTTP][39m [37m-->[39m [37mGET[39m [37m/wd/hub/session/07eb85f4-140e-4160-857c-0ff5d5f93f74/window/rect[39m
[35m[HTTP][39m [90m{}[39m
[35m[HTTP][39m [37m<-- GET /wd/hub/session/07eb85f4-140e-4160-857c-0ff5d5f93f74/window/rect [39m[32m200[39m [90m12 ms - 49[39m
[35m[HTTP][39m [90m[39m
[35m[HTTP][39m [37m-->[39m [37mPOST[39m [37m/wd/hub/session/07eb85f4-140e-4160-857c-0ff5d5f93f74/elements[39m
[35m[HTTP][39m [90m{"using":"xpath","value":"//*[@class = 'android.widget.Button' and (@text = 'Pilih Sekarang!' or . = 'Pilih Sekarang!') and @resource-id = 'com.kfc.mobile.hkStaging:id/button_choose_instant_reward']"}[39m
[35m[HTTP][39m [37m<-- POST /wd/hub/session/07eb85f4-140e-4160-857c-0ff5d5f93f74/elements [39m[32m200[39m [90m4812 ms - 12[39m
[35m[HTTP][39m [90m[39m
[35m[HTTP][39m [37m-->[39m [37mPOST[39m [37m/wd/hub/session/07eb85f4-140e-4160-857c-0ff5d5f93f74/elements[39m
[35m[HTTP][39m [90m{"using":"xpath","value":"//*[@class = 'android.widget.Button' and (@text = 'Pilih Sekarang!' or . = 'Pilih Sekarang!') and @resource-id = 'com.kfc.mobile.hkStaging:id/button_choose_instant_reward']"}[39m
[35m[HTTP][39m [37m<-- POST /wd/hub/session/07eb85f4-140e-4160-857c-0ff5d5f93f74/elements [39m[32m200[39m [90m86 ms - 12[39m
[35m[HTTP][39m [90m[39m
[35m[HTTP][39m [37m-->[39m [37mPOST[39m [37m/wd/hub/session/07eb85f4-140e-4160-857c-0ff5d5f93f74/elements[39m
[35m[HTTP][39m [90m{"using":"xpath","value":"//*[@class = 'android.widget.Button' and (@text = 'Pilih Sekarang!' or . = 'Pilih Sekarang!') and @resource-id = 'com.kfc.mobile.hkStaging:id/button_choose_instant_reward']"}[39m
[35m[HTTP][39m [37m<-- POST /wd/hub/session/07eb85f4-140e-4160-857c-0ff5d5f93f74/elements [39m[32m200[39m [90m528 ms - 12[39m
[35m[HTTP][39m [90m[39m
[35m[HTTP][39m [37m-->[39m [37mPOST[39m [37m/wd/hub/session/07eb85f4-140e-4160-857c-0ff5d5f93f74/elements[39m
[35m[HTTP][39m [90m{"using":"xpath","value":"//*[@class = 'android.widget.Button' and (@text = 'Pilih Sekarang!' or . = 'Pilih Sekarang!') and @resource-id = 'com.kfc.mobile.hkStaging:id/button_choose_instant_reward']"}[39m
[35m[HTTP][39m [37m<-- POST /wd/hub/session/07eb85f4-140e-4160-857c-0ff5d5f93f74/elements [39m[32m200[39m [90m118 ms - 12[39m
[35m[HTTP][39m [90m[39m
[35m[HTTP][39m [37m-->[39m [37mPOST[39m [37m/wd/hub/session/07eb85f4-140e-4160-857c-0ff5d5f93f74/elements[39m
[35m[HTTP][39m [90m{"using":"xpath","value":"//*[@class = 'android.widget.Button' and (@text = 'Pilih Sekarang!' or . = 'Pilih Sekarang!') and @resource-id = 'com.kfc.mobile.hkStaging:id/button_choose_instant_reward']"}[39m
[35m[HTTP][39m [37m<-- POST /wd/hub/session/07eb85f4-140e-4160-857c-0ff5d5f93f74/elements [39m[32m200[39m [90m99 ms - 12[39m
[35m[HTTP][39m [90m[39m
[35m[HTTP][39m [37m-->[39m [37mPOST[39m [37m/wd/hub/session/07eb85f4-140e-4160-857c-0ff5d5f93f74/elements[39m
[35m[HTTP][39m [90m{"using":"xpath","value":"//*[@class = 'android.widget.Button' and (@text = 'Pilih Sekarang!' or . = 'Pilih Sekarang!') and @resource-id = 'com.kfc.mobile.hkStaging:id/button_choose_instant_reward']"}[39m
[35m[HTTP][39m [37m<-- POST /wd/hub/session/07eb85f4-140e-4160-857c-0ff5d5f93f74/elements [39m[32m200[39m [90m1128 ms - 12[39m
[35m[HTTP][39m [90m[39m
[35m[HTTP][39m [37m-->[39m [37mPOST[39m [37m/wd/hub/session/07eb85f4-140e-4160-857c-0ff5d5f93f74/elements[39m
[35m[HTTP][39m [90m{"using":"xpath","value":"//*[@class = 'android.widget.Button' and (@text = 'Pilih Sekarang!' or . = 'Pilih Sekarang!') and @resource-id = 'com.kfc.mobile.hkStaging:id/button_choose_instant_reward']"}[39m
[35m[HTTP][39m [37m<-- POST /wd/hub/session/07eb85f4-140e-4160-857c-0ff5d5f93f74/elements [39m[32m200[39m [90m1176 ms - 12[39m
[35m[HTTP][39m [90m[39m
[35m[HTTP][39m [37m-->[39m [37mPOST[39m [37m/wd/hub/session/07eb85f4-140e-4160-857c-0ff5d5f93f74/elements[39m
[35m[HTTP][39m [90m{"using":"xpath","value":"//*[@class = 'android.widget.Button' and (@text = 'Pilih Sekarang!' or . = 'Pilih Sekarang!') and @resource-id = 'com.kfc.mobile.hkStaging:id/button_choose_instant_reward']"}[39m
[35m[HTTP][39m [37m<-- POST /wd/hub/session/07eb85f4-140e-4160-857c-0ff5d5f93f74/elements [39m[32m200[39m [90m90 ms - 12[39m
[35m[HTTP][39m [90m[39m
[35m[HTTP][39m [37m-->[39m [37mPOST[39m [37m/wd/hub/session/07eb85f4-140e-4160-857c-0ff5d5f93f74/elements[39m
[35m[HTTP][39m [90m{"using":"xpath","value":"//*[@class = 'android.widget.Button' and (@text = 'Pilih Sekarang!' or . = 'Pilih Sekarang!') and @resource-id = 'com.kfc.mobile.hkStaging:id/button_choose_instant_reward']"}[39m
[35m[HTTP][39m [37m<-- POST /wd/hub/session/07eb85f4-140e-4160-857c-0ff5d5f93f74/elements [39m[32m200[39m [90m109 ms - 12[39m
[35m[HTTP][39m [90m[39m
[35m[HTTP][39m [37m-->[39m [37mPOST[39m [37m/wd/hub/session/07eb85f4-140e-4160-857c-0ff5d5f93f74/elements[39m
[35m[HTTP][39m [90m{"using":"xpath","value":"//*[@class = 'android.widget.Button' and (@text = 'Pilih Sekarang!' or . = 'Pilih Sekarang!') and @resource-id = 'com.kfc.mobile.hkStaging:id/button_choose_instant_reward']"}[39m
[35m[HTTP][39m [37m<-- POST /wd/hub/session/07eb85f4-140e-4160-857c-0ff5d5f93f74/elements [39m[32m200[39m [90m93 ms - 12[39m
[35m[HTTP][39m [90m[39m
[35m[HTTP][39m [37m-->[39m [37mPOST[39m [37m/wd/hub/session/07eb85f4-140e-4160-857c-0ff5d5f93f74/elements[39m
[35m[HTTP][39m [90m{"using":"xpath","value":"//*[@class = 'android.widget.Button' and (@text = 'Pilih Sekarang!' or . = 'Pilih Sekarang!') and @resource-id = 'com.kfc.mobile.hkStaging:id/button_choose_instant_reward']"}[39m
[35m[HTTP][39m [37m<-- POST /wd/hub/session/07eb85f4-140e-4160-857c-0ff5d5f93f74/elements [39m[32m200[39m [90m107 ms - 12[39m
[35m[HTTP][39m [90m[39m
[35m[HTTP][39m [37m-->[39m [37mPOST[39m [37m/wd/hub/session/07eb85f4-140e-4160-857c-0ff5d5f93f74/elements[39m
[35m[HTTP][39m [90m{"using":"xpath","value":"//*[@class = 'android.widget.Button' and (@text = 'Pilih Sekarang!' or . = 'Pilih Sekarang!') and @resource-id = 'com.kfc.mobile.hkStaging:id/button_choose_instant_reward']"}[39m
[35m[HTTP][39m [37m<-- POST /wd/hub/session/07eb85f4-140e-4160-857c-0ff5d5f93f74/elements [39m[32m200[39m [90m120 ms - 12[39m
[35m[HTTP][39m [90m[39m
[35m[HTTP][39m [37m-->[39m [37mPOST[39m [37m/wd/hub/session/07eb85f4-140e-4160-857c-0ff5d5f93f74/elements[39m
[35m[HTTP][39m [90m{"using":"xpath","value":"//*[@class = 'android.widget.Button' and (@text = 'Pilih Sekarang!' or . = 'Pilih Sekarang!') and @resource-id = 'com.kfc.mobile.hkStaging:id/button_choose_instant_reward']"}[39m
[35m[HTTP][39m [37m<-- POST /wd/hub/session/07eb85f4-140e-4160-857c-0ff5d5f93f74/elements [39m[32m200[39m [90m1284 ms - 12[39m
[35m[HTTP][39m [90m[39m
[35m[HTTP][39m [37m-->[39m [37mPOST[39m [37m/wd/hub/session/07eb85f4-140e-4160-857c-0ff5d5f93f74/elements[39m
[35m[HTTP][39m [90m{"using":"xpath","value":"//*[@class = 'android.widget.Button' and (@text = 'Pilih Sekarang!' or . = 'Pilih Sekarang!') and @resource-id = 'com.kfc.mobile.hkStaging:id/button_choose_instant_reward']"}[39m
[35m[HTTP][39m [37m<-- POST /wd/hub/session/07eb85f4-140e-4160-857c-0ff5d5f93f74/elements [39m[32m200[39m [90m101 ms - 12[39m
[35m[HTTP][39m [90m[39m
[35m[HTTP][39m [37m-->[39m [37mPOST[39m [37m/wd/hub/session/07eb85f4-140e-4160-857c-0ff5d5f93f74/timeouts[39m
[35m[HTTP][39m [90m{"implicit":30000}[39m
[35m[HTTP][39m [37m<-- POST /wd/hub/session/07eb85f4-140e-4160-857c-0ff5d5f93f74/timeouts [39m[32m200[39m [90m1 ms - 14[39m
[35m[HTTP][39m [90m[39m
[35m[HTTP][39m [37m-->[39m [37mPOST[39m [37m/wd/hub/session/07eb85f4-140e-4160-857c-0ff5d5f93f74/timeouts[39m
[35m[HTTP][39m [90m{"implicit":50}[39m
[35m[HTTP][39m [37m<-- POST /wd/hub/session/07eb85f4-140e-4160-857c-0ff5d5f93f74/timeouts [39m[32m200[39m [90m3 ms - 14[39m
[35m[HTTP][39m [90m[39m
[35m[HTTP][39m [37m-->[39m [37mGET[39m [37m/wd/hub/session/07eb85f4-140e-4160-857c-0ff5d5f93f74/window/rect[39m
[35m[HTTP][39m [90m{}[39m
[35m[HTTP][39m [37m<-- GET /wd/hub/session/07eb85f4-140e-4160-857c-0ff5d5f93f74/window/rect [39m[32m200[39m [90m15 ms - 49[39m
[35m[HTTP][39m [90m[39m
[35m[HTTP][39m [37m-->[39m [37mPOST[39m [37m/wd/hub/session/07eb85f4-140e-4160-857c-0ff5d5f93f74/elements[39m
[35m[HTTP][39m [90m{"using":"xpath","value":"//*[@class = 'android.widget.Button' and (@text = 'Pilih Sekarang!' or . = 'Pilih Sekarang!') and @resource-id = 'com.kfc.mobile.hkStaging:id/button_choose_instant_reward']"}[39m
[35m[HTTP][39m [37m<-- POST /wd/hub/session/07eb85f4-140e-4160-857c-0ff5d5f93f74/elements [39m[32m200[39m [90m85 ms - 12[39m
[35m[HTTP][39m [90m[39m
[35m[HTTP][39m [37m-->[39m [37mPOST[39m [37m/wd/hub/session/07eb85f4-140e-4160-857c-0ff5d5f93f74/elements[39m
[35m[HTTP][39m [90m{"using":"xpath","value":"//*[@class = 'android.widget.Button' and (@text = 'Pilih Sekarang!' or . = 'Pilih Sekarang!') and @resource-id = 'com.kfc.mobile.hkStaging:id/button_choose_instant_reward']"}[39m
[35m[HTTP][39m [37m<-- POST /wd/hub/session/07eb85f4-140e-4160-857c-0ff5d5f93f74/elements [39m[32m200[39m [90m82 ms - 12[39m
[35m[HTTP][39m [90m[39m
[35m[HTTP][39m [37m-->[39m [37mPOST[39m [37m/wd/hub/session/07eb85f4-140e-4160-857c-0ff5d5f93f74/elements[39m
[35m[HTTP][39m [90m{"using":"xpath","value":"//*[@class = 'android.widget.Button' and (@text = 'Pilih Sekarang!' or . = 'Pilih Sekarang!') and @resource-id = 'com.kfc.mobile.hkStaging:id/button_choose_instant_reward']"}[39m
[35m[HTTP][39m [37m<-- POST /wd/hub/session/07eb85f4-140e-4160-857c-0ff5d5f93f74/elements [39m[32m200[39m [90m106 ms - 12[39m
[35m[HTTP][39m [90m[39m
[35m[HTTP][39m [37m-->[39m [37mPOST[39m [37m/wd/hub/session/07eb85f4-140e-4160-857c-0ff5d5f93f74/elements[39m
[35m[HTTP][39m [90m{"using":"xpath","value":"//*[@class = 'android.widget.Button' and (@text = 'Pilih Sekarang!' or . = 'Pilih Sekarang!') and @resource-id = 'com.kfc.mobile.hkStaging:id/button_choose_instant_reward']"}[39m
[35m[HTTP][39m [37m<-- POST /wd/hub/session/07eb85f4-140e-4160-857c-0ff5d5f93f74/elements [39m[32m200[39m [90m655 ms - 12[39m
[35m[HTTP][39m [90m[39m
[35m[HTTP][39m [37m-->[39m [37mPOST[39m [37m/wd/hub/session/07eb85f4-140e-4160-857c-0ff5d5f93f74/elements[39m
[35m[HTTP][39m [90m{"using":"xpath","value":"//*[@class = 'android.widget.Button' and (@text = 'Pilih Sekarang!' or . = 'Pilih Sekarang!') and @resource-id = 'com.kfc.mobile.hkStaging:id/button_choose_instant_reward']"}[39m
[35m[HTTP][39m [37m<-- POST /wd/hub/session/07eb85f4-140e-4160-857c-0ff5d5f93f74/elements [39m[32m200[39m [90m101 ms - 12[39m
[35m[HTTP][39m [90m[39m
[35m[HTTP][39m [37m-->[39m [37mPOST[39m [37m/wd/hub/session/07eb85f4-140e-4160-857c-0ff5d5f93f74/elements[39m
[35m[HTTP][39m [90m{"using":"xpath","value":"//*[@class = 'android.widget.Button' and (@text = 'Pilih Sekarang!' or . = 'Pilih Sekarang!') and @resource-id = 'com.kfc.mobile.hkStaging:id/button_choose_instant_reward']"}[39m
[35m[HTTP][39m [37m<-- POST /wd/hub/session/07eb85f4-140e-4160-857c-0ff5d5f93f74/elements [39m[32m200[39m [90m92 ms - 12[39m
[35m[HTTP][39m [90m[39m
[35m[HTTP][39m [37m-->[39m [37mPOST[39m [37m/wd/hub/session/07eb85f4-140e-4160-857c-0ff5d5f93f74/elements[39m
[35m[HTTP][39m [90m{"using":"xpath","value":"//*[@class = 'android.widget.Button' and (@text = 'Pilih Sekarang!' or . = 'Pilih Sekarang!') and @resource-id = 'com.kfc.mobile.hkStaging:id/button_choose_instant_reward']"}[39m
[35m[HTTP][39m [37m<-- POST /wd/hub/session/07eb85f4-140e-4160-857c-0ff5d5f93f74/elements [39m[32m200[39m [90m93 ms - 12[39m
[35m[HTTP][39m [90m[39m
[35m[HTTP][39m [37m-->[39m [37mPOST[39m [37m/wd/hub/session/07eb85f4-140e-4160-857c-0ff5d5f93f74/elements[39m
[35m[HTTP][39m [90m{"using":"xpath","value":"//*[@class = 'android.widget.Button' and (@text = 'Pilih Sekarang!' or . = 'Pilih Sekarang!') and @resource-id = 'com.kfc.mobile.hkStaging:id/button_choose_instant_reward']"}[39m
[35m[HTTP][39m [37m<-- POST /wd/hub/session/07eb85f4-140e-4160-857c-0ff5d5f93f74/elements [39m[32m200[39m [90m93 ms - 12[39m
[35m[HTTP][39m [90m[39m
[35m[HTTP][39m [37m-->[39m [37mPOST[39m [37m/wd/hub/session/07eb85f4-140e-4160-857c-0ff5d5f93f74/elements[39m
[35m[HTTP][39m [90m{"using":"xpath","value":"//*[@class = 'android.widget.Button' and (@text = 'Pilih Sekarang!' or . = 'Pilih Sekarang!') and @resource-id = 'com.kfc.mobile.hkStaging:id/button_choose_instant_reward']"}[39m
[35m[HTTP][39m [37m<-- POST /wd/hub/session/07eb85f4-140e-4160-857c-0ff5d5f93f74/elements [39m[32m200[39m [90m97 ms - 12[39m
[35m[HTTP][39m [90m[39m
[35m[HTTP][39m [37m-->[39m [37mPOST[39m [37m/wd/hub/session/07eb85f4-140e-4160-857c-0ff5d5f93f74/elements[39m
[35m[HTTP][39m [90m{"using":"xpath","value":"//*[@class = 'android.widget.Button' and (@text = 'Pilih Sekarang!' or . = 'Pilih Sekarang!') and @resource-id = 'com.kfc.mobile.hkStaging:id/button_choose_instant_reward']"}[39m
[35m[HTTP][39m [37m<-- POST /wd/hub/session/07eb85f4-140e-4160-857c-0ff5d5f93f74/elements [39m[32m200[39m [90m102 ms - 12[39m
[35m[HTTP][39m [90m[39m
[35m[HTTP][39m [37m-->[39m [37mPOST[39m [37m/wd/hub/session/07eb85f4-140e-4160-857c-0ff5d5f93f74/elements[39m
[35m[HTTP][39m [90m{"using":"xpath","value":"//*[@class = 'android.widget.Button' and (@text = 'Pilih Sekarang!' or . = 'Pilih Sekarang!') and @resource-id = 'com.kfc.mobile.hkStaging:id/button_choose_instant_reward']"}[39m
[35m[HTTP][39m [37m<-- POST /wd/hub/session/07eb85f4-140e-4160-857c-0ff5d5f93f74/elements [39m[32m200[39m [90m95 ms - 12[39m
[35m[HTTP][39m [90m[39m
[35m[HTTP][39m [37m-->[39m [37mPOST[39m [37m/wd/hub/session/07eb85f4-140e-4160-857c-0ff5d5f93f74/elements[39m
[35m[HTTP][39m [90m{"using":"xpath","value":"//*[@class = 'android.widget.Button' and (@text = 'Pilih Sekarang!' or . = 'Pilih Sekarang!') and @resource-id = 'com.kfc.mobile.hkStaging:id/button_choose_instant_reward']"}[39m
[35m[HTTP][39m [37m<-- POST /wd/hub/session/07eb85f4-140e-4160-857c-0ff5d5f93f74/elements [39m[32m200[39m [90m104 ms - 12[39m
[35m[HTTP][39m [90m[39m
[35m[HTTP][39m [37m-->[39m [37mPOST[39m [37m/wd/hub/session/07eb85f4-140e-4160-857c-0ff5d5f93f74/elements[39m
[35m[HTTP][39m [90m{"using":"xpath","value":"//*[@class = 'android.widget.Button' and (@text = 'Pilih Sekarang!' or . = 'Pilih Sekarang!') and @resource-id = 'com.kfc.mobile.hkStaging:id/button_choose_instant_reward']"}[39m
[35m[HTTP][39m [37m<-- POST /wd/hub/session/07eb85f4-140e-4160-857c-0ff5d5f93f74/elements [39m[32m200[39m [90m1424 ms - 12[39m
[35m[HTTP][39m [90m[39m
[35m[HTTP][39m [37m-->[39m [37mPOST[39m [37m/wd/hub/session/07eb85f4-140e-4160-857c-0ff5d5f93f74/elements[39m
[35m[HTTP][39m [90m{"using":"xpath","value":"//*[@class = 'android.widget.Button' and (@text = 'Pilih Sekarang!' or . = 'Pilih Sekarang!') and @resource-id = 'com.kfc.mobile.hkStaging:id/button_choose_instant_reward']"}[39m
[35m[HTTP][39m [37m<-- POST /wd/hub/session/07eb85f4-140e-4160-857c-0ff5d5f93f74/elements [39m[32m200[39m [90m963 ms - 12[39m
[35m[HTTP][39m [90m[39m
[35m[HTTP][39m [37m-->[39m [37mPOST[39m [37m/wd/hub/session/07eb85f4-140e-4160-857c-0ff5d5f93f74/elements[39m
[35m[HTTP][39m [90m{"using":"xpath","value":"//*[@class = 'android.widget.Button' and (@text = 'Pilih Sekarang!' or . = 'Pilih Sekarang!') and @resource-id = 'com.kfc.mobile.hkStaging:id/button_choose_instant_reward']"}[39m
[35m[HTTP][39m [37m<-- POST /wd/hub/session/07eb85f4-140e-4160-857c-0ff5d5f93f74/elements [39m[32m200[39m [90m85 ms - 12[39m
[35m[HTTP][39m [90m[39m
[35m[HTTP][39m [37m-->[39m [37mPOST[39m [37m/wd/hub/session/07eb85f4-140e-4160-857c-0ff5d5f93f74/elements[39m
[35m[HTTP][39m [90m{"using":"xpath","value":"//*[@class = 'android.widget.Button' and (@text = 'Pilih Sekarang!' or . = 'Pilih Sekarang!') and @resource-id = 'com.kfc.mobile.hkStaging:id/button_choose_instant_reward']"}[39m
[35m[HTTP][39m [37m<-- POST /wd/hub/session/07eb85f4-140e-4160-857c-0ff5d5f93f74/elements [39m[32m200[39m [90m94 ms - 12[39m
[35m[HTTP][39m [90m[39m
[35m[HTTP][39m [37m-->[39m [37mPOST[39m [37m/wd/hub/session/07eb85f4-140e-4160-857c-0ff5d5f93f74/elements[39m
[35m[HTTP][39m [90m{"using":"xpath","value":"//*[@class = 'android.widget.Button' and (@text = 'Pilih Sekarang!' or . = 'Pilih Sekarang!') and @resource-id = 'com.kfc.mobile.hkStaging:id/button_choose_instant_reward']"}[39m
[35m[HTTP][39m [37m<-- POST /wd/hub/session/07eb85f4-140e-4160-857c-0ff5d5f93f74/elements [39m[32m200[39m [90m90 ms - 12[39m
[35m[HTTP][39m [90m[39m
[35m[HTTP][39m [37m-->[39m [37mPOST[39m [37m/wd/hub/session/07eb85f4-140e-4160-857c-0ff5d5f93f74/elements[39m
[35m[HTTP][39m [90m{"using":"xpath","value":"//*[@class = 'android.widget.Button' and (@text = 'Pilih Sekarang!' or . = 'Pilih Sekarang!') and @resource-id = 'com.kfc.mobile.hkStaging:id/button_choose_instant_reward']"}[39m
[35m[HTTP][39m [37m<-- POST /wd/hub/session/07eb85f4-140e-4160-857c-0ff5d5f93f74/elements [39m[32m200[39m [90m89 ms - 12[39m
[35m[HTTP][39m [90m[39m
[35m[HTTP][39m [37m-->[39m [37mPOST[39m [37m/wd/hub/session/07eb85f4-140e-4160-857c-0ff5d5f93f74/elements[39m
[35m[HTTP][39m [90m{"using":"xpath","value":"//*[@class = 'android.widget.Button' and (@text = 'Pilih Sekarang!' or . = 'Pilih Sekarang!') and @resource-id = 'com.kfc.mobile.hkStaging:id/button_choose_instant_reward']"}[39m
[35m[HTTP][39m [37m<-- POST /wd/hub/session/07eb85f4-140e-4160-857c-0ff5d5f93f74/elements [39m[32m200[39m [90m95 ms - 12[39m
[35m[HTTP][39m [90m[39m
[35m[HTTP][39m [37m-->[39m [37mPOST[39m [37m/wd/hub/session/07eb85f4-140e-4160-857c-0ff5d5f93f74/elements[39m
[35m[HTTP][39m [90m{"using":"xpath","value":"//*[@class = 'android.widget.Button' and (@text = 'Pilih Sekarang!' or . = 'Pilih Sekarang!') and @resource-id = 'com.kfc.mobile.hkStaging:id/button_choose_instant_reward']"}[39m
[35m[HTTP][39m [37m<-- POST /wd/hub/session/07eb85f4-140e-4160-857c-0ff5d5f93f74/elements [39m[32m200[39m [90m84 ms - 12[39m
[35m[HTTP][39m [90m[39m
[35m[HTTP][39m [37m-->[39m [37mPOST[39m [37m/wd/hub/session/07eb85f4-140e-4160-857c-0ff5d5f93f74/elements[39m
[35m[HTTP][39m [90m{"using":"xpath","value":"//*[@class = 'android.widget.Button' and (@text = 'Pilih Sekarang!' or . = 'Pilih Sekarang!') and @resource-id = 'com.kfc.mobile.hkStaging:id/button_choose_instant_reward']"}[39m
[35m[HTTP][39m [37m<-- POST /wd/hub/session/07eb85f4-140e-4160-857c-0ff5d5f93f74/elements [39m[32m200[39m [90m3105 ms - 12[39m
[35m[HTTP][39m [90m[39m
[35m[HTTP][39m [37m-->[39m [37mPOST[39m [37m/wd/hub/session/07eb85f4-140e-4160-857c-0ff5d5f93f74/elements[39m
[35m[HTTP][39m [90m{"using":"xpath","value":"//*[@class = 'android.widget.Button' and (@text = 'Pilih Sekarang!' or . = 'Pilih Sekarang!') and @resource-id = 'com.kfc.mobile.hkStaging:id/button_choose_instant_reward']"}[39m
[35m[HTTP][39m [37m<-- POST /wd/hub/session/07eb85f4-140e-4160-857c-0ff5d5f93f74/elements [39m[32m200[39m [90m1576 ms - 12[39m
[35m[HTTP][39m [90m[39m
[35m[HTTP][39m [37m-->[39m [37mPOST[39m [37m/wd/hub/session/07eb85f4-140e-4160-857c-0ff5d5f93f74/elements[39m
[35m[HTTP][39m [90m{"using":"xpath","value":"//*[@class = 'android.widget.Button' and (@text = 'Pilih Sekarang!' or . = 'Pilih Sekarang!') and @resource-id = 'com.kfc.mobile.hkStaging:id/button_choose_instant_reward']"}[39m
[35m[HTTP][39m [37m<-- POST /wd/hub/session/07eb85f4-140e-4160-857c-0ff5d5f93f74/elements [39m[32m200[39m [90m878 ms - 12[39m
[35m[HTTP][39m [90m[39m
[35m[HTTP][39m [37m-->[39m [37mPOST[39m [37m/wd/hub/session/07eb85f4-140e-4160-857c-0ff5d5f93f74/timeouts[39m
[35m[HTTP][39m [90m{"implicit":30000}[39m
[35m[HTTP][39m [37m<-- POST /wd/hub/session/07eb85f4-140e-4160-857c-0ff5d5f93f74/timeouts [39m[32m200[39m [90m2 ms - 14[39m
[35m[HTTP][39m [90m[39m
[35m[HTTP][39m [37m-->[39m [37mGET[39m [37m/wd/hub/session/07eb85f4-140e-4160-857c-0ff5d5f93f74/context[39m
[35m[HTTP][39m [90m{}[39m
[35m[HTTP][39m [37m<-- GET /wd/hub/session/07eb85f4-140e-4160-857c-0ff5d5f93f74/context [39m[32m200[39m [90m1 ms - 22[39m
[35m[HTTP][39m [90m[39m
[35m[HTTP][39m [37m-->[39m [37mGET[39m [37m/wd/hub/session/07eb85f4-140e-4160-857c-0ff5d5f93f74/contexts[39m
[35m[HTTP][39m [90m{}[39m
[35m[HTTP][39m [37m<-- GET /wd/hub/session/07eb85f4-140e-4160-857c-0ff5d5f93f74/contexts [39m[32m200[39m [90m67 ms - 24[39m
[35m[HTTP][39m [90m[39m
[35m[HTTP][39m [37m-->[39m [37mPOST[39m [37m/wd/hub/session/07eb85f4-140e-4160-857c-0ff5d5f93f74/context[39m
[35m[HTTP][39m [90m{"name":"NATIVE_APP"}[39m
[35m[HTTP][39m [37m<-- POST /wd/hub/session/07eb85f4-140e-4160-857c-0ff5d5f93f74/context [39m[32m200[39m [90m1 ms - 14[39m
[35m[HTTP][39m [90m[39m
[35m[HTTP][39m [37m-->[39m [37mGET[39m [37m/wd/hub/session/07eb85f4-140e-4160-857c-0ff5d5f93f74/screenshot[39m
[35m[HTTP][39m [90m{}[39m
[35m[HTTP][39m [37m<-- GET /wd/hub/session/07eb85f4-140e-4160-857c-0ff5d5f93f74/screenshot [39m[32m200[39m [90m356 ms - 23738[39m
[35m[HTTP][39m [90m[39m
[35m[HTTP][39m [37m-->[39m [37mPOST[39m [37m/wd/hub/session/07eb85f4-140e-4160-857c-0ff5d5f93f74/context[39m
[35m[HTTP][39m [90m{"name":"NATIVE_APP"}[39m
[35m[HTTP][39m [37m<-- POST /wd/hub/session/07eb85f4-140e-4160-857c-0ff5d5f93f74/context [39m[32m200[39m [90m1 ms - 14[39m
[35m[HTTP][39m [90m[39m
[35m[HTTP][39m [37m-->[39m [37mGET[39m [37m/wd/hub/status[39m
[35m[HTTP][39m [90m{}[39m
[35m[HTTP][39m [37m<-- GET /wd/hub/status [39m[32m200[39m [90m1 ms - 68[39m
[35m[HTTP][39m [90m[39m
[35m[HTTP][39m [37m-->[39m [37mPOST[39m [37m/wd/hub/session[39m
[35m[HTTP][39m [90m{"desiredCapabilities":{"appPackage":"com.kfc.mobile.hkStaging","noReset":true,"deviceId":"","deviceName":"OPPO CPH1801 (Android 7.1.1)","platform":"ANDROID","appActivity":"com.kfc.mobile.presentation.splash.SplashActivity","newCommandTimeout":1800,"platformVersion":"7.1.1","automationName":"uiautomator2","autoGrantPermissions":true,"platformName":"Android","udid":"aa14e06a","systemPort":8237},"capabilities":{"firstMatch":[{"appium:appActivity":"com.kfc.mobile.presentation.splash.SplashActivity","appium:appPackage":"com.kfc.mobile.hkStaging","appium:autoGrantPermissions":true,"appium:automationName":"uiautomator2","deviceId":"","appium:deviceName":"OPPO CPH1801 (Android 7.1.1)","appium:newCommandTimeout":1800,"appium:noReset":true,"platform":"ANDROID","platformName":"android","appium:platformVersion":"7.1.1","appium:systemPort":8237,"appium:udid":"aa14e06a"}]}}[39m
[35m[BaseDriver][39m The following capabilities are not standard capabilities and should have an extension prefix:
[35m[BaseDriver][39m   deviceId
[35m[BaseDriver][39m   platform
[35m[BaseDriver][39m   chromedriverPort
[35m[Appium][39m Appium v1.22.3 creating new AndroidUiautomator2Driver (v1.70.1) session
[35m[BaseDriver][39m The following capabilities were provided, but are not recognized by Appium:
[35m[BaseDriver][39m   deviceId
[35m[BaseDriver][39m   platform
[35m[BaseDriver][39m Session created with session id: 148639d1-e6d4-49db-8e47-5d530eb4ff29
[35m[UiAutomator2][39m Starting 'com.kfc.mobile.hkStaging' directly on the device
[35m[ADB][39m Using 'adb.exe' from 'C:\Users\Ahadian Rifky\.katalon\tools\android_sdk\platform-tools\adb.exe'
[35m[AndroidDriver][39m Retrieving device list
[35m[AndroidDriver][39m Using device: aa14e06a
[35m[ADB][39m Using 'adb.exe' from 'C:\Users\Ahadian Rifky\.katalon\tools\android_sdk\platform-tools\adb.exe'
[35m[AndroidDriver][39m No app sent in, not parsing package/activity
[35m[UiAutomator2][39m Server packages are not going to be (re)installed
[35m[ADB][39m Adding packages ["io.appium.settings","io.appium.uiautomator2.server","io.appium.uiautomator2.server.test"] to Doze whitelist
[35m[UiAutomator2][39m Starting UIAutomator2 server 4.27.0
[35m[UiAutomator2][39m Using UIAutomator2 server from 'C:\Users\Ahadian Rifky\AppData\Roaming\npm\node_modules\appium\node_modules\appium-uiautomator2-server\apks\appium-uiautomator2-server-v4.27.0.apk' and test from 'C:\Users\Ahadian Rifky\AppData\Roaming\npm\node_modules\appium\node_modules\appium-uiautomator2-server\apks\appium-uiautomator2-server-debug-androidTest.apk'
[35m[UiAutomator2][39m Waiting up to 30000ms for UiAutomator2 to be online...
[35m[WD Proxy][39m socket hang up
[35m[WD Proxy][39m socket hang up
[35m[WD Proxy][39m socket hang up
[35m[WD Proxy][39m Determined the downstream protocol as 'W3C'
[35m[AndroidDriver][39m Screen already unlocked, doing nothing
[35m[UiAutomator2][39m Starting 'com.kfc.mobile.hkStaging/com.kfc.mobile.presentation.splash.SplashActivity and waiting for 'com.kfc.mobile.hkStaging/com.kfc.mobile.presentation.splash.SplashActivity'
[35m[HTTP][39m [37m<-- POST /wd/hub/session [39m[32m-[39m [90m- ms - -[39m
[35m[HTTP][39m [90m[39m
[35m[Appium][39m New AndroidUiautomator2Driver session created successfully, session 148639d1-e6d4-49db-8e47-5d530eb4ff29 added to master session list
