[35m[Appium][39m Welcome to Appium v1.22.3
[35m[Appium][39m Non-default server args:
[35m[Appium][39m   port: 65085
[35m[Appium][39m   loglevel: info
[35m[Appium][39m   tmpDir: C:\Users\AHADIA~1\AppData\Local\Temp\\Katalon\Appium\Temp1674633498905
[35m[Appium][39m   chromedriverPort: 65086
[35m[Appium][39m Deprecated server args:
[35m[Appium][39m   [31m--chromedriver-port[39m => --default-capabilities
[35m[Appium][39m Default capabilities, which will be added to each request unless overridden by desired capabilities:
[35m[Appium][39m   chromedriverPort: 65086
[35m[Appium][39m Appium REST http interface listener started on 0.0.0.0:65085
[35m[HTTP][39m [37m-->[39m [37mGET[39m [37m/wd/hub/status[39m
[35m[HTTP][39m [90m{}[39m
[35m[HTTP][39m [37m<-- GET /wd/hub/status [39m[32m200[39m [90m6 ms - 68[39m
[35m[HTTP][39m [90m[39m
[35m[HTTP][39m [37m-->[39m [37mPOST[39m [37m/wd/hub/session[39m
[35m[HTTP][39m [90m{"desiredCapabilities":{"appPackage":"com.kfc.mobile.hkStaging","noReset":true,"deviceId":"","deviceName":"OPPO CPH1801 (Android 7.1.1)","platform":"ANDROID","appActivity":"com.kfc.mobile.presentation.home.HomeActivity","newCommandTimeout":1800,"platformVersion":"7.1.1","automationName":"uiautomator2","autoGrantPermissions":true,"platformName":"Android","udid":"aa14e06a","systemPort":8239},"capabilities":{"firstMatch":[{"appium:appActivity":"com.kfc.mobile.presentation.home.HomeActivity","appium:appPackage":"com.kfc.mobile.hkStaging","appium:autoGrantPermissions":true,"appium:automationName":"uiautomator2","deviceId":"","appium:deviceName":"OPPO CPH1801 (Android 7.1.1)","appium:newCommandTimeout":1800,"appium:noReset":true,"platform":"ANDROID","platformName":"android","appium:platformVersion":"7.1.1","appium:systemPort":8239,"appium:udid":"aa14e06a"}]}}[39m
[35m[BaseDriver][39m The following capabilities are not standard capabilities and should have an extension prefix:
[35m[BaseDriver][39m   deviceId
[35m[BaseDriver][39m   platform
[35m[BaseDriver][39m   chromedriverPort
[35m[Appium][39m Appium v1.22.3 creating new AndroidUiautomator2Driver (v1.70.1) session
[35m[BaseDriver][39m The following capabilities were provided, but are not recognized by Appium:
[35m[BaseDriver][39m   deviceId
[35m[BaseDriver][39m   platform
[35m[BaseDriver][39m Session created with session id: 7b6ab364-9af0-4448-8e05-cdc7b334f7fd
[35m[UiAutomator2][39m Starting 'com.kfc.mobile.hkStaging' directly on the device
[35m[ADB][39m Found 1 'build-tools' folders under 'C:\Users\Ahadian Rifky\.katalon\tools\android_sdk' (newest first):
[35m[ADB][39m     C:/Users/Ahadian Rifky/.katalon/tools/android_sdk/build-tools/29.0.3
[35m[ADB][39m Using 'adb.exe' from 'C:\Users\Ahadian Rifky\.katalon\tools\android_sdk\platform-tools\adb.exe'
[35m[AndroidDriver][39m Retrieving device list
[35m[AndroidDriver][39m Using device: aa14e06a
[35m[ADB][39m Using 'adb.exe' from 'C:\Users\Ahadian Rifky\.katalon\tools\android_sdk\platform-tools\adb.exe'
[35m[AndroidDriver][39m No app sent in, not parsing package/activity
[35m[ADB][39m Using 'apksigner.jar' from 'C:\Users\Ahadian Rifky\.katalon\tools\android_sdk\build-tools\29.0.3\lib\apksigner.jar'
[35m[ADB][39m 'C:\Users\Ahadian Rifky\AppData\Roaming\npm\node_modules\appium\node_modules\appium-uiautomator2-server\apks\appium-uiautomator2-server-v4.27.0.apk' is signed with the default certificate
[35m[ADB][39m 'C:\Users\Ahadian Rifky\AppData\Roaming\npm\node_modules\appium\node_modules\appium-uiautomator2-server\apks\appium-uiautomator2-server-debug-androidTest.apk' is signed with the default certificate
[35m[UiAutomator2][39m Server packages are not going to be (re)installed
[35m[ADB][39m Adding packages ["io.appium.settings","io.appium.uiautomator2.server","io.appium.uiautomator2.server.test"] to Doze whitelist
[35m[UiAutomator2][39m Starting UIAutomator2 server 4.27.0
[35m[UiAutomator2][39m Using UIAutomator2 server from 'C:\Users\Ahadian Rifky\AppData\Roaming\npm\node_modules\appium\node_modules\appium-uiautomator2-server\apks\appium-uiautomator2-server-v4.27.0.apk' and test from 'C:\Users\Ahadian Rifky\AppData\Roaming\npm\node_modules\appium\node_modules\appium-uiautomator2-server\apks\appium-uiautomator2-server-debug-androidTest.apk'
[35m[UiAutomator2][39m Waiting up to 30000ms for UiAutomator2 to be online...
[35m[WD Proxy][39m socket hang up
[35m[WD Proxy][39m socket hang up
[35m[WD Proxy][39m socket hang up
[35m[WD Proxy][39m Determined the downstream protocol as 'W3C'
[35m[AndroidDriver][39m Screen already unlocked, doing nothing
[35m[UiAutomator2][39m Starting 'com.kfc.mobile.hkStaging/com.kfc.mobile.presentation.home.HomeActivity and waiting for 'com.kfc.mobile.hkStaging/com.kfc.mobile.presentation.home.HomeActivity'
[35m[Appium][39m New AndroidUiautomator2Driver session created successfully, session 7b6ab364-9af0-4448-8e05-cdc7b334f7fd added to master session list
[35m[HTTP][39m [37m<-- POST /wd/hub/session [39m[32m200[39m [90m13814 ms - 1279[39m
[35m[HTTP][39m [90m[39m
[35m[HTTP][39m [37m-->[39m [37mGET[39m [37m/wd/hub/session/7b6ab364-9af0-4448-8e05-cdc7b334f7fd[39m
[35m[HTTP][39m [90m{}[39m
[35m[HTTP][39m [37m<-- GET /wd/hub/session/7b6ab364-9af0-4448-8e05-cdc7b334f7fd [39m[32m200[39m [90m18 ms - 1233[39m
[35m[HTTP][39m [90m[39m
[35m[HTTP][39m [37m-->[39m [37mGET[39m [37m/wd/hub/session/7b6ab364-9af0-4448-8e05-cdc7b334f7fd[39m
[35m[HTTP][39m [90m{}[39m
[35m[HTTP][39m [37m<-- GET /wd/hub/session/7b6ab364-9af0-4448-8e05-cdc7b334f7fd [39m[32m200[39m [90m21 ms - 1233[39m
[35m[HTTP][39m [90m[39m
[35m[HTTP][39m [37m-->[39m [37mGET[39m [37m/wd/hub/status[39m
[35m[HTTP][39m [90m{}[39m
[35m[HTTP][39m [37m<-- GET /wd/hub/status [39m[32m200[39m [90m1 ms - 68[39m
[35m[HTTP][39m [90m[39m
[35m[HTTP][39m [37m-->[39m [37mPOST[39m [37m/wd/hub/session/7b6ab364-9af0-4448-8e05-cdc7b334f7fd/timeouts[39m
[35m[HTTP][39m [90m{"implicit":30000}[39m
[35m[HTTP][39m [37m<-- POST /wd/hub/session/7b6ab364-9af0-4448-8e05-cdc7b334f7fd/timeouts [39m[32m200[39m [90m2 ms - 14[39m
[35m[HTTP][39m [90m[39m
[35m[HTTP][39m [37m-->[39m [37mGET[39m [37m/wd/hub/session/7b6ab364-9af0-4448-8e05-cdc7b334f7fd/screenshot[39m
[35m[HTTP][39m [90m{}[39m
[35m[HTTP][39m [37m<-- GET /wd/hub/session/7b6ab364-9af0-4448-8e05-cdc7b334f7fd/screenshot [39m[32m200[39m [90m444 ms - 119480[39m
[35m[HTTP][39m [90m[39m
[35m[HTTP][39m [37m-->[39m [37mGET[39m [37m/wd/hub/session/7b6ab364-9af0-4448-8e05-cdc7b334f7fd/window/rect[39m
[35m[HTTP][39m [90m{}[39m
[35m[HTTP][39m [37m<-- GET /wd/hub/session/7b6ab364-9af0-4448-8e05-cdc7b334f7fd/window/rect [39m[32m200[39m [90m32 ms - 49[39m
[35m[HTTP][39m [90m[39m
[35m[HTTP][39m [37m-->[39m [37mGET[39m [37m/wd/hub/session/7b6ab364-9af0-4448-8e05-cdc7b334f7fd/appium/device/system_bars[39m
[35m[HTTP][39m [90m{}[39m
[35m[HTTP][39m [37m<-- GET /wd/hub/session/7b6ab364-9af0-4448-8e05-cdc7b334f7fd/appium/device/system_bars [39m[31m500[39m [90m150 ms - 663[39m
[35m[HTTP][39m [90m[39m
[35m[HTTP][39m [37m-->[39m [37mPOST[39m [37m/wd/hub/session/7b6ab364-9af0-4448-8e05-cdc7b334f7fd/execute/sync[39m
[35m[HTTP][39m [90m{"script":"mobile:viewportRect","args":[]}[39m
[35m[AndroidDriver][39m Executing native command 'mobile:viewportRect'
[35m[HTTP][39m [37m<-- POST /wd/hub/session/7b6ab364-9af0-4448-8e05-cdc7b334f7fd/execute/sync [39m[32m200[39m [90m26 ms - 55[39m
[35m[HTTP][39m [90m[39m
[35m[HTTP][39m [37m-->[39m [37mPOST[39m [37m/wd/hub/session/7b6ab364-9af0-4448-8e05-cdc7b334f7fd/appium/device/activate_app[39m
[35m[HTTP][39m [90m{"bundleId":"com.kfc.mobile.hkStaging"}[39m
[35m[HTTP][39m [37m<-- POST /wd/hub/session/7b6ab364-9af0-4448-8e05-cdc7b334f7fd/appium/device/activate_app [39m[32m200[39m [90m1028 ms - 14[39m
[35m[HTTP][39m [90m[39m
[35m[HTTP][39m [37m-->[39m [37mPOST[39m [37m/wd/hub/session/7b6ab364-9af0-4448-8e05-cdc7b334f7fd/timeouts[39m
[35m[HTTP][39m [90m{"implicit":50}[39m
[35m[HTTP][39m [37m<-- POST /wd/hub/session/7b6ab364-9af0-4448-8e05-cdc7b334f7fd/timeouts [39m[32m200[39m [90m2 ms - 14[39m
[35m[HTTP][39m [90m[39m
[35m[HTTP][39m [37m-->[39m [37mGET[39m [37m/wd/hub/session/7b6ab364-9af0-4448-8e05-cdc7b334f7fd/window/rect[39m
[35m[HTTP][39m [90m{}[39m
[35m[HTTP][39m [37m<-- GET /wd/hub/session/7b6ab364-9af0-4448-8e05-cdc7b334f7fd/window/rect [39m[32m200[39m [90m20 ms - 49[39m
[35m[HTTP][39m [90m[39m
[35m[HTTP][39m [37m-->[39m [37mPOST[39m [37m/wd/hub/session/7b6ab364-9af0-4448-8e05-cdc7b334f7fd/elements[39m
[35m[HTTP][39m [90m{"using":"xpath","value":"//*[@class = 'android.widget.TextView' and (@text = 'Beranda' or . = 'Beranda') and @resource-id = 'com.kfc.mobile.hkStaging:id/tvBottomHome']"}[39m
[35m[HTTP][39m [37m<-- POST /wd/hub/session/7b6ab364-9af0-4448-8e05-cdc7b334f7fd/elements [39m[32m200[39m [90m1181 ms - 139[39m
[35m[HTTP][39m [90m[39m
[35m[HTTP][39m [37m-->[39m [37mGET[39m [37m/wd/hub/session/7b6ab364-9af0-4448-8e05-cdc7b334f7fd/element/00000000-0000-075c-7fff-ffff00000034/location[39m
[35m[HTTP][39m [90m{}[39m
[35m[W3C (7b6ab364)][39m Driver proxy active, passing request on via HTTP proxy
[35m[WD Proxy][39m Replacing sessionId aacc7612-f483-4e3b-bb19-24c2a7794e2d with 7b6ab364-9af0-4448-8e05-cdc7b334f7fd
[35m[HTTP][39m [37m<-- GET /wd/hub/session/7b6ab364-9af0-4448-8e05-cdc7b334f7fd/element/00000000-0000-075c-7fff-ffff00000034/location [39m[32m200[39m [90m31 ms - 77[39m
[35m[HTTP][39m [90m[39m
[35m[HTTP][39m [37m-->[39m [37mPOST[39m [37m/wd/hub/session/7b6ab364-9af0-4448-8e05-cdc7b334f7fd/timeouts[39m
[35m[HTTP][39m [90m{"implicit":30000}[39m
[35m[HTTP][39m [37m<-- POST /wd/hub/session/7b6ab364-9af0-4448-8e05-cdc7b334f7fd/timeouts [39m[32m200[39m [90m1 ms - 14[39m
[35m[HTTP][39m [90m[39m
[35m[HTTP][39m [37m-->[39m [37mPOST[39m [37m/wd/hub/session/7b6ab364-9af0-4448-8e05-cdc7b334f7fd/timeouts[39m
[35m[HTTP][39m [90m{"implicit":50}[39m
[35m[HTTP][39m [37m<-- POST /wd/hub/session/7b6ab364-9af0-4448-8e05-cdc7b334f7fd/timeouts [39m[32m200[39m [90m1 ms - 14[39m
[35m[HTTP][39m [90m[39m
[35m[HTTP][39m [37m-->[39m [37mGET[39m [37m/wd/hub/session/7b6ab364-9af0-4448-8e05-cdc7b334f7fd/window/rect[39m
[35m[HTTP][39m [90m{}[39m
[35m[HTTP][39m [37m<-- GET /wd/hub/session/7b6ab364-9af0-4448-8e05-cdc7b334f7fd/window/rect [39m[32m200[39m [90m20 ms - 49[39m
[35m[HTTP][39m [90m[39m
[35m[HTTP][39m [37m-->[39m [37mPOST[39m [37m/wd/hub/session/7b6ab364-9af0-4448-8e05-cdc7b334f7fd/elements[39m
[35m[HTTP][39m [90m{"using":"xpath","value":"//*[@class = 'android.widget.TextView' and (@text = 'Beranda' or . = 'Beranda') and @resource-id = 'com.kfc.mobile.hkStaging:id/tvBottomHome']"}[39m
[35m[HTTP][39m [37m<-- POST /wd/hub/session/7b6ab364-9af0-4448-8e05-cdc7b334f7fd/elements [39m[32m200[39m [90m263 ms - 139[39m
[35m[HTTP][39m [90m[39m
[35m[HTTP][39m [37m-->[39m [37mGET[39m [37m/wd/hub/session/7b6ab364-9af0-4448-8e05-cdc7b334f7fd/element/00000000-0000-075c-7fff-ffff00000034/location[39m
[35m[HTTP][39m [90m{}[39m
[35m[W3C (7b6ab364)][39m Driver proxy active, passing request on via HTTP proxy
[35m[WD Proxy][39m Replacing sessionId aacc7612-f483-4e3b-bb19-24c2a7794e2d with 7b6ab364-9af0-4448-8e05-cdc7b334f7fd
[35m[HTTP][39m [37m<-- GET /wd/hub/session/7b6ab364-9af0-4448-8e05-cdc7b334f7fd/element/00000000-0000-075c-7fff-ffff00000034/location [39m[32m200[39m [90m35 ms - 77[39m
[35m[HTTP][39m [90m[39m
[35m[HTTP][39m [37m-->[39m [37mPOST[39m [37m/wd/hub/session/7b6ab364-9af0-4448-8e05-cdc7b334f7fd/timeouts[39m
[35m[HTTP][39m [90m{"implicit":30000}[39m
[35m[HTTP][39m [37m<-- POST /wd/hub/session/7b6ab364-9af0-4448-8e05-cdc7b334f7fd/timeouts [39m[32m200[39m [90m1 ms - 14[39m
[35m[HTTP][39m [90m[39m
[35m[HTTP][39m [37m-->[39m [37mPOST[39m [37m/wd/hub/session/7b6ab364-9af0-4448-8e05-cdc7b334f7fd/element/00000000-0000-075c-7fff-ffff00000034/click[39m
[35m[HTTP][39m [90m{"id":"00000000-0000-075c-7fff-ffff00000034"}[39m
[35m[HTTP][39m [37m<-- POST /wd/hub/session/7b6ab364-9af0-4448-8e05-cdc7b334f7fd/element/00000000-0000-075c-7fff-ffff00000034/click [39m[32m200[39m [90m42 ms - 14[39m
[35m[HTTP][39m [90m[39m
[35m[HTTP][39m [37m-->[39m [37mGET[39m [37m/wd/hub/session/7b6ab364-9af0-4448-8e05-cdc7b334f7fd/context[39m
[35m[HTTP][39m [90m{}[39m
[35m[HTTP][39m [37m<-- GET /wd/hub/session/7b6ab364-9af0-4448-8e05-cdc7b334f7fd/context [39m[32m200[39m [90m1 ms - 22[39m
[35m[HTTP][39m [90m[39m
[35m[HTTP][39m [37m-->[39m [37mGET[39m [37m/wd/hub/session/7b6ab364-9af0-4448-8e05-cdc7b334f7fd/contexts[39m
[35m[HTTP][39m [90m{}[39m
[35m[HTTP][39m [37m<-- GET /wd/hub/session/7b6ab364-9af0-4448-8e05-cdc7b334f7fd/contexts [39m[32m200[39m [90m80 ms - 24[39m
[35m[HTTP][39m [90m[39m
[35m[HTTP][39m [37m-->[39m [37mPOST[39m [37m/wd/hub/session/7b6ab364-9af0-4448-8e05-cdc7b334f7fd/context[39m
[35m[HTTP][39m [90m{"name":"NATIVE_APP"}[39m
[35m[HTTP][39m [37m<-- POST /wd/hub/session/7b6ab364-9af0-4448-8e05-cdc7b334f7fd/context [39m[32m200[39m [90m1 ms - 14[39m
[35m[HTTP][39m [90m[39m
[35m[HTTP][39m [37m-->[39m [37mPOST[39m [37m/wd/hub/session/7b6ab364-9af0-4448-8e05-cdc7b334f7fd/touch/perform[39m
[35m[HTTP][39m [90m{"actions":[{"action":"press","options":{"x":281,"y":500}},{"action":"wait","options":{"ms":500}},{"action":"moveTo","options":{"x":434,"y":161}},{"action":"release","options":{}}]}[39m
[35m[HTTP][39m [37m<-- POST /wd/hub/session/7b6ab364-9af0-4448-8e05-cdc7b334f7fd/touch/perform [39m[32m200[39m [90m1013 ms - 14[39m
[35m[HTTP][39m [90m[39m
[35m[HTTP][39m [37m-->[39m [37mPOST[39m [37m/wd/hub/session/7b6ab364-9af0-4448-8e05-cdc7b334f7fd/context[39m
[35m[HTTP][39m [90m{"name":"NATIVE_APP"}[39m
[35m[HTTP][39m [37m<-- POST /wd/hub/session/7b6ab364-9af0-4448-8e05-cdc7b334f7fd/context [39m[32m200[39m [90m1 ms - 14[39m
[35m[HTTP][39m [90m[39m
[35m[HTTP][39m [37m-->[39m [37mPOST[39m [37m/wd/hub/session/7b6ab364-9af0-4448-8e05-cdc7b334f7fd/timeouts[39m
[35m[HTTP][39m [90m{"implicit":50}[39m
[35m[HTTP][39m [37m<-- POST /wd/hub/session/7b6ab364-9af0-4448-8e05-cdc7b334f7fd/timeouts [39m[32m200[39m [90m1 ms - 14[39m
[35m[HTTP][39m [90m[39m
[35m[HTTP][39m [37m-->[39m [37mGET[39m [37m/wd/hub/session/7b6ab364-9af0-4448-8e05-cdc7b334f7fd/window/rect[39m
[35m[HTTP][39m [90m{}[39m
[35m[HTTP][39m [37m<-- GET /wd/hub/session/7b6ab364-9af0-4448-8e05-cdc7b334f7fd/window/rect [39m[32m200[39m [90m25 ms - 49[39m
[35m[HTTP][39m [90m[39m
[35m[HTTP][39m [37m-->[39m [37mPOST[39m [37m/wd/hub/session/7b6ab364-9af0-4448-8e05-cdc7b334f7fd/elements[39m
[35m[HTTP][39m [90m{"using":"xpath","value":"//*[@class = 'android.widget.TextView' and (@text = 'DINE-IN' or . = 'DINE-IN') and @resource-id = 'com.kfc.mobile.hkStaging:id/textViewOrderTypeName']"}[39m
[35m[HTTP][39m [37m<-- POST /wd/hub/session/7b6ab364-9af0-4448-8e05-cdc7b334f7fd/elements [39m[32m200[39m [90m973 ms - 139[39m
[35m[HTTP][39m [90m[39m
[35m[HTTP][39m [37m-->[39m [37mGET[39m [37m/wd/hub/session/7b6ab364-9af0-4448-8e05-cdc7b334f7fd/element/00000000-0000-075c-7fff-ffff00000074/location[39m
[35m[HTTP][39m [90m{}[39m
[35m[W3C (7b6ab364)][39m Driver proxy active, passing request on via HTTP proxy
[35m[WD Proxy][39m Replacing sessionId aacc7612-f483-4e3b-bb19-24c2a7794e2d with 7b6ab364-9af0-4448-8e05-cdc7b334f7fd
[35m[HTTP][39m [37m<-- GET /wd/hub/session/7b6ab364-9af0-4448-8e05-cdc7b334f7fd/element/00000000-0000-075c-7fff-ffff00000074/location [39m[32m200[39m [90m27 ms - 79[39m
[35m[HTTP][39m [90m[39m
[35m[HTTP][39m [37m-->[39m [37mPOST[39m [37m/wd/hub/session/7b6ab364-9af0-4448-8e05-cdc7b334f7fd/timeouts[39m
[35m[HTTP][39m [90m{"implicit":30000}[39m
[35m[HTTP][39m [37m<-- POST /wd/hub/session/7b6ab364-9af0-4448-8e05-cdc7b334f7fd/timeouts [39m[32m200[39m [90m2 ms - 14[39m
[35m[HTTP][39m [90m[39m
[35m[HTTP][39m [37m-->[39m [37mPOST[39m [37m/wd/hub/session/7b6ab364-9af0-4448-8e05-cdc7b334f7fd/element/00000000-0000-075c-7fff-ffff00000074/click[39m
[35m[HTTP][39m [90m{"id":"00000000-0000-075c-7fff-ffff00000074"}[39m
[35m[HTTP][39m [37m<-- POST /wd/hub/session/7b6ab364-9af0-4448-8e05-cdc7b334f7fd/element/00000000-0000-075c-7fff-ffff00000074/click [39m[32m200[39m [90m40 ms - 14[39m
[35m[HTTP][39m [90m[39m
[35m[HTTP][39m [37m-->[39m [37mPOST[39m [37m/wd/hub/session/7b6ab364-9af0-4448-8e05-cdc7b334f7fd/timeouts[39m
[35m[HTTP][39m [90m{"implicit":50}[39m
[35m[HTTP][39m [37m<-- POST /wd/hub/session/7b6ab364-9af0-4448-8e05-cdc7b334f7fd/timeouts [39m[32m200[39m [90m1 ms - 14[39m
[35m[HTTP][39m [90m[39m
[35m[HTTP][39m [37m-->[39m [37mGET[39m [37m/wd/hub/session/7b6ab364-9af0-4448-8e05-cdc7b334f7fd/window/rect[39m
[35m[HTTP][39m [90m{}[39m
[35m[HTTP][39m [37m<-- GET /wd/hub/session/7b6ab364-9af0-4448-8e05-cdc7b334f7fd/window/rect [39m[32m200[39m [90m17 ms - 49[39m
[35m[HTTP][39m [90m[39m
[35m[HTTP][39m [37m-->[39m [37mPOST[39m [37m/wd/hub/session/7b6ab364-9af0-4448-8e05-cdc7b334f7fd/elements[39m
[35m[HTTP][39m [90m{"using":"xpath","value":"//*[@class = 'android.widget.TextView' and (@text = 'Cari Gerai KFC' or . = 'Cari Gerai KFC') and @resource-id = 'com.kfc.mobile.hkStaging:id/text_view_label_input_outlet']"}[39m
[35m[HTTP][39m [37m<-- POST /wd/hub/session/7b6ab364-9af0-4448-8e05-cdc7b334f7fd/elements [39m[32m200[39m [90m2650 ms - 139[39m
[35m[HTTP][39m [90m[39m
[35m[HTTP][39m [37m-->[39m [37mGET[39m [37m/wd/hub/session/7b6ab364-9af0-4448-8e05-cdc7b334f7fd/element/00000000-0000-075d-7fff-ffff000000e2/location[39m
[35m[HTTP][39m [90m{}[39m
[35m[W3C (7b6ab364)][39m Driver proxy active, passing request on via HTTP proxy
[35m[WD Proxy][39m Replacing sessionId aacc7612-f483-4e3b-bb19-24c2a7794e2d with 7b6ab364-9af0-4448-8e05-cdc7b334f7fd
[35m[HTTP][39m [37m<-- GET /wd/hub/session/7b6ab364-9af0-4448-8e05-cdc7b334f7fd/element/00000000-0000-075d-7fff-ffff000000e2/location [39m[32m200[39m [90m24 ms - 77[39m
[35m[HTTP][39m [90m[39m
[35m[HTTP][39m [37m-->[39m [37mPOST[39m [37m/wd/hub/session/7b6ab364-9af0-4448-8e05-cdc7b334f7fd/timeouts[39m
[35m[HTTP][39m [90m{"implicit":30000}[39m
[35m[HTTP][39m [37m<-- POST /wd/hub/session/7b6ab364-9af0-4448-8e05-cdc7b334f7fd/timeouts [39m[32m200[39m [90m1 ms - 14[39m
[35m[HTTP][39m [90m[39m
[35m[HTTP][39m [37m-->[39m [37mPOST[39m [37m/wd/hub/session/7b6ab364-9af0-4448-8e05-cdc7b334f7fd/element/00000000-0000-075d-7fff-ffff000000e2/click[39m
[35m[HTTP][39m [90m{"id":"00000000-0000-075d-7fff-ffff000000e2"}[39m
[35m[HTTP][39m [37m<-- POST /wd/hub/session/7b6ab364-9af0-4448-8e05-cdc7b334f7fd/element/00000000-0000-075d-7fff-ffff000000e2/click [39m[32m200[39m [90m31 ms - 14[39m
[35m[HTTP][39m [90m[39m
[35m[HTTP][39m [37m-->[39m [37mPOST[39m [37m/wd/hub/session/7b6ab364-9af0-4448-8e05-cdc7b334f7fd/timeouts[39m
[35m[HTTP][39m [90m{"implicit":50}[39m
[35m[HTTP][39m [37m<-- POST /wd/hub/session/7b6ab364-9af0-4448-8e05-cdc7b334f7fd/timeouts [39m[32m200[39m [90m2 ms - 14[39m
[35m[HTTP][39m [90m[39m
[35m[HTTP][39m [37m-->[39m [37mGET[39m [37m/wd/hub/session/7b6ab364-9af0-4448-8e05-cdc7b334f7fd/window/rect[39m
[35m[HTTP][39m [90m{}[39m
[35m[HTTP][39m [37m<-- GET /wd/hub/session/7b6ab364-9af0-4448-8e05-cdc7b334f7fd/window/rect [39m[32m200[39m [90m19 ms - 49[39m
[35m[HTTP][39m [90m[39m
[35m[HTTP][39m [37m-->[39m [37mPOST[39m [37m/wd/hub/session/7b6ab364-9af0-4448-8e05-cdc7b334f7fd/elements[39m
[35m[HTTP][39m [90m{"using":"xpath","value":"//*[@class = 'android.widget.EditText' and (@text = 'Cari Gerai KFC' or . = 'Cari Gerai KFC') and @resource-id = 'com.kfc.mobile.hkStaging:id/edit_text_search_outlet']"}[39m
[35m[HTTP][39m [37m<-- POST /wd/hub/session/7b6ab364-9af0-4448-8e05-cdc7b334f7fd/elements [39m[32m200[39m [90m1758 ms - 139[39m
[35m[HTTP][39m [90m[39m
[35m[HTTP][39m [37m-->[39m [37mGET[39m [37m/wd/hub/session/7b6ab364-9af0-4448-8e05-cdc7b334f7fd/element/00000000-0000-075d-7fff-ffff000000e4/location[39m
[35m[HTTP][39m [90m{}[39m
[35m[W3C (7b6ab364)][39m Driver proxy active, passing request on via HTTP proxy
[35m[WD Proxy][39m Replacing sessionId aacc7612-f483-4e3b-bb19-24c2a7794e2d with 7b6ab364-9af0-4448-8e05-cdc7b334f7fd
[35m[HTTP][39m [37m<-- GET /wd/hub/session/7b6ab364-9af0-4448-8e05-cdc7b334f7fd/element/00000000-0000-075d-7fff-ffff000000e4/location [39m[32m200[39m [90m922 ms - 78[39m
[35m[HTTP][39m [90m[39m
[35m[HTTP][39m [37m-->[39m [37mPOST[39m [37m/wd/hub/session/7b6ab364-9af0-4448-8e05-cdc7b334f7fd/timeouts[39m
[35m[HTTP][39m [90m{"implicit":30000}[39m
[35m[HTTP][39m [37m<-- POST /wd/hub/session/7b6ab364-9af0-4448-8e05-cdc7b334f7fd/timeouts [39m[32m200[39m [90m3 ms - 14[39m
[35m[HTTP][39m [90m[39m
[35m[HTTP][39m [37m-->[39m [37mPOST[39m [37m/wd/hub/session/7b6ab364-9af0-4448-8e05-cdc7b334f7fd/element/00000000-0000-075d-7fff-ffff000000e4/clear[39m
[35m[HTTP][39m [90m{"id":"00000000-0000-075d-7fff-ffff000000e4"}[39m
[35m[HTTP][39m [37m<-- POST /wd/hub/session/7b6ab364-9af0-4448-8e05-cdc7b334f7fd/element/00000000-0000-075d-7fff-ffff000000e4/clear [39m[32m200[39m [90m51 ms - 14[39m
[35m[HTTP][39m [90m[39m
[35m[HTTP][39m [37m-->[39m [37mPOST[39m [37m/wd/hub/session/7b6ab364-9af0-4448-8e05-cdc7b334f7fd/element/00000000-0000-075d-7fff-ffff000000e4/value[39m
[35m[HTTP][39m [90m{"id":"00000000-0000-075d-7fff-ffff000000e4","text":"MT Haryono","value":["M","T"," ","H","a","r","y","o","n","o"]}[39m
[35m[HTTP][39m [37m<-- POST /wd/hub/session/7b6ab364-9af0-4448-8e05-cdc7b334f7fd/element/00000000-0000-075d-7fff-ffff000000e4/value [39m[32m200[39m [90m1116 ms - 14[39m
[35m[HTTP][39m [90m[39m
[35m[HTTP][39m [37m-->[39m [37mGET[39m [37m/wd/hub/session/7b6ab364-9af0-4448-8e05-cdc7b334f7fd/context[39m
[35m[HTTP][39m [90m{}[39m
[35m[HTTP][39m [37m<-- GET /wd/hub/session/7b6ab364-9af0-4448-8e05-cdc7b334f7fd/context [39m[32m200[39m [90m2 ms - 22[39m
[35m[HTTP][39m [90m[39m
[35m[HTTP][39m [37m-->[39m [37mGET[39m [37m/wd/hub/session/7b6ab364-9af0-4448-8e05-cdc7b334f7fd/contexts[39m
[35m[HTTP][39m [90m{}[39m
[35m[HTTP][39m [37m<-- GET /wd/hub/session/7b6ab364-9af0-4448-8e05-cdc7b334f7fd/contexts [39m[32m200[39m [90m72 ms - 24[39m
[35m[HTTP][39m [90m[39m
[35m[HTTP][39m [37m-->[39m [37mPOST[39m [37m/wd/hub/session/7b6ab364-9af0-4448-8e05-cdc7b334f7fd/context[39m
[35m[HTTP][39m [90m{"name":"NATIVE_APP"}[39m
[35m[HTTP][39m [37m<-- POST /wd/hub/session/7b6ab364-9af0-4448-8e05-cdc7b334f7fd/context [39m[32m200[39m [90m1 ms - 14[39m
[35m[HTTP][39m [90m[39m
[35m[HTTP][39m [37m-->[39m [37mPOST[39m [37m/wd/hub/session/7b6ab364-9af0-4448-8e05-cdc7b334f7fd/appium/device/hide_keyboard[39m
[35m[HTTP][39m [90m{}[39m
[35m[HTTP][39m [37m<-- POST /wd/hub/session/7b6ab364-9af0-4448-8e05-cdc7b334f7fd/appium/device/hide_keyboard [39m[32m200[39m [90m2763 ms - 14[39m
[35m[HTTP][39m [90m[39m
[35m[HTTP][39m [37m-->[39m [37mPOST[39m [37m/wd/hub/session/7b6ab364-9af0-4448-8e05-cdc7b334f7fd/context[39m
[35m[HTTP][39m [90m{"name":"NATIVE_APP"}[39m
[35m[HTTP][39m [37m<-- POST /wd/hub/session/7b6ab364-9af0-4448-8e05-cdc7b334f7fd/context [39m[32m200[39m [90m2 ms - 14[39m
[35m[HTTP][39m [90m[39m
[35m[HTTP][39m [37m-->[39m [37mPOST[39m [37m/wd/hub/session/7b6ab364-9af0-4448-8e05-cdc7b334f7fd/timeouts[39m
[35m[HTTP][39m [90m{"implicit":50}[39m
[35m[HTTP][39m [37m<-- POST /wd/hub/session/7b6ab364-9af0-4448-8e05-cdc7b334f7fd/timeouts [39m[32m200[39m [90m1 ms - 14[39m
[35m[HTTP][39m [90m[39m
[35m[HTTP][39m [37m-->[39m [37mGET[39m [37m/wd/hub/session/7b6ab364-9af0-4448-8e05-cdc7b334f7fd/window/rect[39m
[35m[HTTP][39m [90m{}[39m
[35m[HTTP][39m [37m<-- GET /wd/hub/session/7b6ab364-9af0-4448-8e05-cdc7b334f7fd/window/rect [39m[32m200[39m [90m19 ms - 49[39m
[35m[HTTP][39m [90m[39m
[35m[HTTP][39m [37m-->[39m [37mPOST[39m [37m/wd/hub/session/7b6ab364-9af0-4448-8e05-cdc7b334f7fd/elements[39m
[35m[HTTP][39m [90m{"using":"xpath","value":"//*[@class = 'android.widget.TextView' and (@text = 'MT HARYONO JAKARTA' or . = 'MT HARYONO JAKARTA') and @resource-id = 'com.kfc.mobile.hkStaging:id/tvPlace']"}[39m
[35m[HTTP][39m [37m<-- POST /wd/hub/session/7b6ab364-9af0-4448-8e05-cdc7b334f7fd/elements [39m[32m200[39m [90m381 ms - 12[39m
[35m[HTTP][39m [90m[39m
[35m[HTTP][39m [37m-->[39m [37mPOST[39m [37m/wd/hub/session/7b6ab364-9af0-4448-8e05-cdc7b334f7fd/elements[39m
[35m[HTTP][39m [90m{"using":"xpath","value":"//*[@class = 'android.widget.TextView' and (@text = 'MT HARYONO JAKARTA' or . = 'MT HARYONO JAKARTA') and @resource-id = 'com.kfc.mobile.hkStaging:id/tvPlace']"}[39m
[35m[HTTP][39m [37m<-- POST /wd/hub/session/7b6ab364-9af0-4448-8e05-cdc7b334f7fd/elements [39m[32m200[39m [90m499 ms - 12[39m
[35m[HTTP][39m [90m[39m
[35m[HTTP][39m [37m-->[39m [37mPOST[39m [37m/wd/hub/session/7b6ab364-9af0-4448-8e05-cdc7b334f7fd/elements[39m
[35m[HTTP][39m [90m{"using":"xpath","value":"//*[@class = 'android.widget.TextView' and (@text = 'MT HARYONO JAKARTA' or . = 'MT HARYONO JAKARTA') and @resource-id = 'com.kfc.mobile.hkStaging:id/tvPlace']"}[39m
[35m[HTTP][39m [37m<-- POST /wd/hub/session/7b6ab364-9af0-4448-8e05-cdc7b334f7fd/elements [39m[32m200[39m [90m1106 ms - 12[39m
[35m[HTTP][39m [90m[39m
[35m[HTTP][39m [37m-->[39m [37mPOST[39m [37m/wd/hub/session/7b6ab364-9af0-4448-8e05-cdc7b334f7fd/elements[39m
[35m[HTTP][39m [90m{"using":"xpath","value":"//*[@class = 'android.widget.TextView' and (@text = 'MT HARYONO JAKARTA' or . = 'MT HARYONO JAKARTA') and @resource-id = 'com.kfc.mobile.hkStaging:id/tvPlace']"}[39m
[35m[HTTP][39m [37m<-- POST /wd/hub/session/7b6ab364-9af0-4448-8e05-cdc7b334f7fd/elements [39m[32m200[39m [90m187 ms - 12[39m
[35m[HTTP][39m [90m[39m
[35m[HTTP][39m [37m-->[39m [37mPOST[39m [37m/wd/hub/session/7b6ab364-9af0-4448-8e05-cdc7b334f7fd/elements[39m
[35m[HTTP][39m [90m{"using":"xpath","value":"//*[@class = 'android.widget.TextView' and (@text = 'MT HARYONO JAKARTA' or . = 'MT HARYONO JAKARTA') and @resource-id = 'com.kfc.mobile.hkStaging:id/tvPlace']"}[39m
[35m[HTTP][39m [37m<-- POST /wd/hub/session/7b6ab364-9af0-4448-8e05-cdc7b334f7fd/elements [39m[32m200[39m [90m176 ms - 12[39m
[35m[HTTP][39m [90m[39m
[35m[HTTP][39m [37m-->[39m [37mPOST[39m [37m/wd/hub/session/7b6ab364-9af0-4448-8e05-cdc7b334f7fd/elements[39m
[35m[HTTP][39m [90m{"using":"xpath","value":"//*[@class = 'android.widget.TextView' and (@text = 'MT HARYONO JAKARTA' or . = 'MT HARYONO JAKARTA') and @resource-id = 'com.kfc.mobile.hkStaging:id/tvPlace']"}[39m
[35m[HTTP][39m [37m<-- POST /wd/hub/session/7b6ab364-9af0-4448-8e05-cdc7b334f7fd/elements [39m[32m200[39m [90m174 ms - 12[39m
[35m[HTTP][39m [90m[39m
[35m[HTTP][39m [37m-->[39m [37mPOST[39m [37m/wd/hub/session/7b6ab364-9af0-4448-8e05-cdc7b334f7fd/elements[39m
[35m[HTTP][39m [90m{"using":"xpath","value":"//*[@class = 'android.widget.TextView' and (@text = 'MT HARYONO JAKARTA' or . = 'MT HARYONO JAKARTA') and @resource-id = 'com.kfc.mobile.hkStaging:id/tvPlace']"}[39m
[35m[HTTP][39m [37m<-- POST /wd/hub/session/7b6ab364-9af0-4448-8e05-cdc7b334f7fd/elements [39m[32m200[39m [90m161 ms - 12[39m
[35m[HTTP][39m [90m[39m
[35m[HTTP][39m [37m-->[39m [37mPOST[39m [37m/wd/hub/session/7b6ab364-9af0-4448-8e05-cdc7b334f7fd/elements[39m
[35m[HTTP][39m [90m{"using":"xpath","value":"//*[@class = 'android.widget.TextView' and (@text = 'MT HARYONO JAKARTA' or . = 'MT HARYONO JAKARTA') and @resource-id = 'com.kfc.mobile.hkStaging:id/tvPlace']"}[39m
[35m[HTTP][39m [37m<-- POST /wd/hub/session/7b6ab364-9af0-4448-8e05-cdc7b334f7fd/elements [39m[32m200[39m [90m157 ms - 12[39m
[35m[HTTP][39m [90m[39m
[35m[HTTP][39m [37m-->[39m [37mPOST[39m [37m/wd/hub/session/7b6ab364-9af0-4448-8e05-cdc7b334f7fd/elements[39m
[35m[HTTP][39m [90m{"using":"xpath","value":"//*[@class = 'android.widget.TextView' and (@text = 'MT HARYONO JAKARTA' or . = 'MT HARYONO JAKARTA') and @resource-id = 'com.kfc.mobile.hkStaging:id/tvPlace']"}[39m
[35m[HTTP][39m [37m<-- POST /wd/hub/session/7b6ab364-9af0-4448-8e05-cdc7b334f7fd/elements [39m[32m200[39m [90m163 ms - 12[39m
[35m[HTTP][39m [90m[39m
[35m[HTTP][39m [37m-->[39m [37mPOST[39m [37m/wd/hub/session/7b6ab364-9af0-4448-8e05-cdc7b334f7fd/elements[39m
[35m[HTTP][39m [90m{"using":"xpath","value":"//*[@class = 'android.widget.TextView' and (@text = 'MT HARYONO JAKARTA' or . = 'MT HARYONO JAKARTA') and @resource-id = 'com.kfc.mobile.hkStaging:id/tvPlace']"}[39m
[35m[HTTP][39m [37m<-- POST /wd/hub/session/7b6ab364-9af0-4448-8e05-cdc7b334f7fd/elements [39m[32m200[39m [90m162 ms - 12[39m
[35m[HTTP][39m [90m[39m
[35m[HTTP][39m [37m-->[39m [37mPOST[39m [37m/wd/hub/session/7b6ab364-9af0-4448-8e05-cdc7b334f7fd/elements[39m
[35m[HTTP][39m [90m{"using":"xpath","value":"//*[@class = 'android.widget.TextView' and (@text = 'MT HARYONO JAKARTA' or . = 'MT HARYONO JAKARTA') and @resource-id = 'com.kfc.mobile.hkStaging:id/tvPlace']"}[39m
[35m[HTTP][39m [37m<-- POST /wd/hub/session/7b6ab364-9af0-4448-8e05-cdc7b334f7fd/elements [39m[32m200[39m [90m526 ms - 12[39m
[35m[HTTP][39m [90m[39m
[35m[HTTP][39m [37m-->[39m [37mPOST[39m [37m/wd/hub/session/7b6ab364-9af0-4448-8e05-cdc7b334f7fd/elements[39m
[35m[HTTP][39m [90m{"using":"xpath","value":"//*[@class = 'android.widget.TextView' and (@text = 'MT HARYONO JAKARTA' or . = 'MT HARYONO JAKARTA') and @resource-id = 'com.kfc.mobile.hkStaging:id/tvPlace']"}[39m
[35m[HTTP][39m [37m<-- POST /wd/hub/session/7b6ab364-9af0-4448-8e05-cdc7b334f7fd/elements [39m[32m200[39m [90m158 ms - 12[39m
[35m[HTTP][39m [90m[39m
[35m[HTTP][39m [37m-->[39m [37mPOST[39m [37m/wd/hub/session/7b6ab364-9af0-4448-8e05-cdc7b334f7fd/elements[39m
[35m[HTTP][39m [90m{"using":"xpath","value":"//*[@class = 'android.widget.TextView' and (@text = 'MT HARYONO JAKARTA' or . = 'MT HARYONO JAKARTA') and @resource-id = 'com.kfc.mobile.hkStaging:id/tvPlace']"}[39m
[35m[HTTP][39m [37m<-- POST /wd/hub/session/7b6ab364-9af0-4448-8e05-cdc7b334f7fd/elements [39m[32m200[39m [90m1038 ms - 12[39m
[35m[HTTP][39m [90m[39m
[35m[HTTP][39m [37m-->[39m [37mPOST[39m [37m/wd/hub/session/7b6ab364-9af0-4448-8e05-cdc7b334f7fd/timeouts[39m
[35m[HTTP][39m [90m{"implicit":30000}[39m
[35m[HTTP][39m [37m<-- POST /wd/hub/session/7b6ab364-9af0-4448-8e05-cdc7b334f7fd/timeouts [39m[32m200[39m [90m3 ms - 14[39m
[35m[HTTP][39m [90m[39m
[35m[HTTP][39m [37m-->[39m [37mPOST[39m [37m/wd/hub/session/7b6ab364-9af0-4448-8e05-cdc7b334f7fd/timeouts[39m
[35m[HTTP][39m [90m{"implicit":50}[39m
[35m[HTTP][39m [37m<-- POST /wd/hub/session/7b6ab364-9af0-4448-8e05-cdc7b334f7fd/timeouts [39m[32m200[39m [90m2 ms - 14[39m
[35m[HTTP][39m [90m[39m
[35m[HTTP][39m [37m-->[39m [37mGET[39m [37m/wd/hub/session/7b6ab364-9af0-4448-8e05-cdc7b334f7fd/window/rect[39m
[35m[HTTP][39m [90m{}[39m
[35m[HTTP][39m [37m<-- GET /wd/hub/session/7b6ab364-9af0-4448-8e05-cdc7b334f7fd/window/rect [39m[32m200[39m [90m20 ms - 49[39m
[35m[HTTP][39m [90m[39m
[35m[HTTP][39m [37m-->[39m [37mPOST[39m [37m/wd/hub/session/7b6ab364-9af0-4448-8e05-cdc7b334f7fd/elements[39m
[35m[HTTP][39m [90m{"using":"xpath","value":"//*[@class = 'android.widget.Button' and (@text = 'Pilih Gerai' or . = 'Pilih Gerai') and @resource-id = 'com.kfc.mobile.hkStaging:id/button_select_outlet']"}[39m
[35m[HTTP][39m [37m<-- POST /wd/hub/session/7b6ab364-9af0-4448-8e05-cdc7b334f7fd/elements [39m[32m200[39m [90m160 ms - 139[39m
[35m[HTTP][39m [90m[39m
[35m[HTTP][39m [37m-->[39m [37mGET[39m [37m/wd/hub/session/7b6ab364-9af0-4448-8e05-cdc7b334f7fd/element/00000000-0000-075d-7fff-ffff0000011e/location[39m
[35m[HTTP][39m [90m{}[39m
[35m[W3C (7b6ab364)][39m Driver proxy active, passing request on via HTTP proxy
[35m[WD Proxy][39m Replacing sessionId aacc7612-f483-4e3b-bb19-24c2a7794e2d with 7b6ab364-9af0-4448-8e05-cdc7b334f7fd
[35m[HTTP][39m [37m<-- GET /wd/hub/session/7b6ab364-9af0-4448-8e05-cdc7b334f7fd/element/00000000-0000-075d-7fff-ffff0000011e/location [39m[32m200[39m [90m25 ms - 78[39m
[35m[HTTP][39m [90m[39m
[35m[HTTP][39m [37m-->[39m [37mPOST[39m [37m/wd/hub/session/7b6ab364-9af0-4448-8e05-cdc7b334f7fd/timeouts[39m
[35m[HTTP][39m [90m{"implicit":30000}[39m
[35m[HTTP][39m [37m<-- POST /wd/hub/session/7b6ab364-9af0-4448-8e05-cdc7b334f7fd/timeouts [39m[32m200[39m [90m1 ms - 14[39m
[35m[HTTP][39m [90m[39m
[35m[HTTP][39m [37m-->[39m [37mPOST[39m [37m/wd/hub/session/7b6ab364-9af0-4448-8e05-cdc7b334f7fd/element/00000000-0000-075d-7fff-ffff0000011e/click[39m
[35m[HTTP][39m [90m{"id":"00000000-0000-075d-7fff-ffff0000011e"}[39m
[35m[HTTP][39m [37m<-- POST /wd/hub/session/7b6ab364-9af0-4448-8e05-cdc7b334f7fd/element/00000000-0000-075d-7fff-ffff0000011e/click [39m[32m200[39m [90m35 ms - 14[39m
[35m[HTTP][39m [90m[39m
[35m[HTTP][39m [37m-->[39m [37mPOST[39m [37m/wd/hub/session/7b6ab364-9af0-4448-8e05-cdc7b334f7fd/timeouts[39m
[35m[HTTP][39m [90m{"implicit":50}[39m
[35m[HTTP][39m [37m<-- POST /wd/hub/session/7b6ab364-9af0-4448-8e05-cdc7b334f7fd/timeouts [39m[32m200[39m [90m1 ms - 14[39m
[35m[HTTP][39m [90m[39m
[35m[HTTP][39m [37m-->[39m [37mGET[39m [37m/wd/hub/session/7b6ab364-9af0-4448-8e05-cdc7b334f7fd/window/rect[39m
[35m[HTTP][39m [90m{}[39m
[35m[HTTP][39m [37m<-- GET /wd/hub/session/7b6ab364-9af0-4448-8e05-cdc7b334f7fd/window/rect [39m[32m200[39m [90m19 ms - 49[39m
[35m[HTTP][39m [90m[39m
[35m[HTTP][39m [37m-->[39m [37mPOST[39m [37m/wd/hub/session/7b6ab364-9af0-4448-8e05-cdc7b334f7fd/elements[39m
[35m[HTTP][39m [90m{"using":"xpath","value":"//*[@class = 'android.widget.FrameLayout' and @resource-id = 'com.kfc.mobile.hkStaging:id/container_category' and (@text = '' or . = '')]"}[39m
[35m[HTTP][39m [37m<-- POST /wd/hub/session/7b6ab364-9af0-4448-8e05-cdc7b334f7fd/elements [39m[32m200[39m [90m560 ms - 139[39m
[35m[HTTP][39m [90m[39m
[35m[HTTP][39m [37m-->[39m [37mGET[39m [37m/wd/hub/session/7b6ab364-9af0-4448-8e05-cdc7b334f7fd/element/00000000-0000-075e-7fff-ffff0000013b/location[39m
[35m[HTTP][39m [90m{}[39m
[35m[W3C (7b6ab364)][39m Driver proxy active, passing request on via HTTP proxy
[35m[WD Proxy][39m Replacing sessionId aacc7612-f483-4e3b-bb19-24c2a7794e2d with 7b6ab364-9af0-4448-8e05-cdc7b334f7fd
[35m[HTTP][39m [37m<-- GET /wd/hub/session/7b6ab364-9af0-4448-8e05-cdc7b334f7fd/element/00000000-0000-075e-7fff-ffff0000013b/location [39m[32m200[39m [90m25 ms - 77[39m
[35m[HTTP][39m [90m[39m
[35m[HTTP][39m [37m-->[39m [37mPOST[39m [37m/wd/hub/session/7b6ab364-9af0-4448-8e05-cdc7b334f7fd/timeouts[39m
[35m[HTTP][39m [90m{"implicit":30000}[39m
[35m[HTTP][39m [37m<-- POST /wd/hub/session/7b6ab364-9af0-4448-8e05-cdc7b334f7fd/timeouts [39m[32m200[39m [90m67 ms - 14[39m
[35m[HTTP][39m [90m[39m
[35m[HTTP][39m [37m-->[39m [37mPOST[39m [37m/wd/hub/session/7b6ab364-9af0-4448-8e05-cdc7b334f7fd/element/00000000-0000-075e-7fff-ffff0000013b/click[39m
[35m[HTTP][39m [90m{"id":"00000000-0000-075e-7fff-ffff0000013b"}[39m
[35m[HTTP][39m [37m<-- POST /wd/hub/session/7b6ab364-9af0-4448-8e05-cdc7b334f7fd/element/00000000-0000-075e-7fff-ffff0000013b/click [39m[32m200[39m [90m473 ms - 14[39m
[35m[HTTP][39m [90m[39m
[35m[HTTP][39m [37m-->[39m [37mGET[39m [37m/wd/hub/session/7b6ab364-9af0-4448-8e05-cdc7b334f7fd/context[39m
[35m[HTTP][39m [90m{}[39m
[35m[HTTP][39m [37m<-- GET /wd/hub/session/7b6ab364-9af0-4448-8e05-cdc7b334f7fd/context [39m[32m200[39m [90m2 ms - 22[39m
[35m[HTTP][39m [90m[39m
[35m[HTTP][39m [37m-->[39m [37mGET[39m [37m/wd/hub/session/7b6ab364-9af0-4448-8e05-cdc7b334f7fd/contexts[39m
[35m[HTTP][39m [90m{}[39m
[35m[HTTP][39m [37m<-- GET /wd/hub/session/7b6ab364-9af0-4448-8e05-cdc7b334f7fd/contexts [39m[32m200[39m [90m79 ms - 24[39m
[35m[HTTP][39m [90m[39m
[35m[HTTP][39m [37m-->[39m [37mPOST[39m [37m/wd/hub/session/7b6ab364-9af0-4448-8e05-cdc7b334f7fd/context[39m
[35m[HTTP][39m [90m{"name":"NATIVE_APP"}[39m
[35m[HTTP][39m [37m<-- POST /wd/hub/session/7b6ab364-9af0-4448-8e05-cdc7b334f7fd/context [39m[32m200[39m [90m1 ms - 14[39m
[35m[HTTP][39m [90m[39m
[35m[HTTP][39m [37m-->[39m [37mPOST[39m [37m/wd/hub/session/7b6ab364-9af0-4448-8e05-cdc7b334f7fd/appium/device/press_keycode[39m
[35m[HTTP][39m [90m{"keycode":4}[39m
[35m[HTTP][39m [37m<-- POST /wd/hub/session/7b6ab364-9af0-4448-8e05-cdc7b334f7fd/appium/device/press_keycode [39m[32m200[39m [90m254 ms - 14[39m
[35m[HTTP][39m [90m[39m
[35m[HTTP][39m [37m-->[39m [37mPOST[39m [37m/wd/hub/session/7b6ab364-9af0-4448-8e05-cdc7b334f7fd/context[39m
[35m[HTTP][39m [90m{"name":"NATIVE_APP"}[39m
[35m[HTTP][39m [37m<-- POST /wd/hub/session/7b6ab364-9af0-4448-8e05-cdc7b334f7fd/context [39m[32m200[39m [90m1 ms - 14[39m
[35m[HTTP][39m [90m[39m
[35m[HTTP][39m [37m-->[39m [37mPOST[39m [37m/wd/hub/session/7b6ab364-9af0-4448-8e05-cdc7b334f7fd/timeouts[39m
[35m[HTTP][39m [90m{"implicit":50}[39m
[35m[HTTP][39m [37m<-- POST /wd/hub/session/7b6ab364-9af0-4448-8e05-cdc7b334f7fd/timeouts [39m[32m200[39m [90m2 ms - 14[39m
[35m[HTTP][39m [90m[39m
[35m[HTTP][39m [37m-->[39m [37mGET[39m [37m/wd/hub/session/7b6ab364-9af0-4448-8e05-cdc7b334f7fd/window/rect[39m
[35m[HTTP][39m [90m{}[39m
[35m[HTTP][39m [37m<-- GET /wd/hub/session/7b6ab364-9af0-4448-8e05-cdc7b334f7fd/window/rect [39m[32m200[39m [90m18 ms - 49[39m
[35m[HTTP][39m [90m[39m
[35m[HTTP][39m [37m-->[39m [37mPOST[39m [37m/wd/hub/session/7b6ab364-9af0-4448-8e05-cdc7b334f7fd/elements[39m
[35m[HTTP][39m [90m{"using":"xpath","value":"//hierarchy/android.widget.FrameLayout[1]/android.widget.LinearLayout[1]/android.widget.FrameLayout[1]/android.widget.LinearLayout[1]/android.widget.FrameLayout[1]/android.view.ViewGroup[1]/android.view.ViewGroup[1]/android.view.ViewGroup[1]/android.widget.FrameLayout[1]/android.view.ViewGroup[1]/androidx.recyclerview.widget.RecyclerView[1]/android.view.ViewGroup[1]/android.widget.LinearLayout[1]/android.widget.Button[1]"}[39m
[35m[HTTP][39m [37m<-- POST /wd/hub/session/7b6ab364-9af0-4448-8e05-cdc7b334f7fd/elements [39m[32m200[39m [90m597 ms - 139[39m
[35m[HTTP][39m [90m[39m
[35m[HTTP][39m [37m-->[39m [37mGET[39m [37m/wd/hub/session/7b6ab364-9af0-4448-8e05-cdc7b334f7fd/element/00000000-0000-075e-7fff-ffff00000173/location[39m
[35m[HTTP][39m [90m{}[39m
[35m[W3C (7b6ab364)][39m Driver proxy active, passing request on via HTTP proxy
[35m[WD Proxy][39m Replacing sessionId aacc7612-f483-4e3b-bb19-24c2a7794e2d with 7b6ab364-9af0-4448-8e05-cdc7b334f7fd
[35m[HTTP][39m [37m<-- GET /wd/hub/session/7b6ab364-9af0-4448-8e05-cdc7b334f7fd/element/00000000-0000-075e-7fff-ffff00000173/location [39m[32m200[39m [90m31 ms - 78[39m
[35m[HTTP][39m [90m[39m
[35m[HTTP][39m [37m-->[39m [37mPOST[39m [37m/wd/hub/session/7b6ab364-9af0-4448-8e05-cdc7b334f7fd/timeouts[39m
[35m[HTTP][39m [90m{"implicit":30000}[39m
[35m[HTTP][39m [37m<-- POST /wd/hub/session/7b6ab364-9af0-4448-8e05-cdc7b334f7fd/timeouts [39m[32m200[39m [90m1 ms - 14[39m
[35m[HTTP][39m [90m[39m
[35m[HTTP][39m [37m-->[39m [37mPOST[39m [37m/wd/hub/session/7b6ab364-9af0-4448-8e05-cdc7b334f7fd/timeouts[39m
[35m[HTTP][39m [90m{"implicit":50}[39m
[35m[HTTP][39m [37m<-- POST /wd/hub/session/7b6ab364-9af0-4448-8e05-cdc7b334f7fd/timeouts [39m[32m200[39m [90m2 ms - 14[39m
[35m[HTTP][39m [90m[39m
[35m[HTTP][39m [37m-->[39m [37mGET[39m [37m/wd/hub/session/7b6ab364-9af0-4448-8e05-cdc7b334f7fd/window/rect[39m
[35m[HTTP][39m [90m{}[39m
[35m[HTTP][39m [37m<-- GET /wd/hub/session/7b6ab364-9af0-4448-8e05-cdc7b334f7fd/window/rect [39m[32m200[39m [90m18 ms - 49[39m
[35m[HTTP][39m [90m[39m
[35m[HTTP][39m [37m-->[39m [37mPOST[39m [37m/wd/hub/session/7b6ab364-9af0-4448-8e05-cdc7b334f7fd/elements[39m
[35m[HTTP][39m [90m{"using":"xpath","value":"//hierarchy/android.widget.FrameLayout[1]/android.widget.LinearLayout[1]/android.widget.FrameLayout[1]/android.widget.LinearLayout[1]/android.widget.FrameLayout[1]/android.view.ViewGroup[1]/android.view.ViewGroup[1]/android.view.ViewGroup[1]/android.widget.FrameLayout[1]/android.view.ViewGroup[1]/androidx.recyclerview.widget.RecyclerView[1]/android.view.ViewGroup[1]/android.widget.LinearLayout[1]/android.widget.Button[1]"}[39m
[35m[HTTP][39m [37m<-- POST /wd/hub/session/7b6ab364-9af0-4448-8e05-cdc7b334f7fd/elements [39m[32m200[39m [90m146 ms - 139[39m
[35m[HTTP][39m [90m[39m
[35m[HTTP][39m [37m-->[39m [37mGET[39m [37m/wd/hub/session/7b6ab364-9af0-4448-8e05-cdc7b334f7fd/element/00000000-0000-075e-7fff-ffff00000173/location[39m
[35m[HTTP][39m [90m{}[39m
[35m[W3C (7b6ab364)][39m Driver proxy active, passing request on via HTTP proxy
[35m[WD Proxy][39m Replacing sessionId aacc7612-f483-4e3b-bb19-24c2a7794e2d with 7b6ab364-9af0-4448-8e05-cdc7b334f7fd
[35m[HTTP][39m [37m<-- GET /wd/hub/session/7b6ab364-9af0-4448-8e05-cdc7b334f7fd/element/00000000-0000-075e-7fff-ffff00000173/location [39m[32m200[39m [90m25 ms - 78[39m
[35m[HTTP][39m [90m[39m
[35m[HTTP][39m [37m-->[39m [37mPOST[39m [37m/wd/hub/session/7b6ab364-9af0-4448-8e05-cdc7b334f7fd/timeouts[39m
[35m[HTTP][39m [90m{"implicit":30000}[39m
[35m[HTTP][39m [37m<-- POST /wd/hub/session/7b6ab364-9af0-4448-8e05-cdc7b334f7fd/timeouts [39m[32m200[39m [90m2 ms - 14[39m
[35m[HTTP][39m [90m[39m
[35m[HTTP][39m [37m-->[39m [37mPOST[39m [37m/wd/hub/session/7b6ab364-9af0-4448-8e05-cdc7b334f7fd/element/00000000-0000-075e-7fff-ffff00000173/click[39m
[35m[HTTP][39m [90m{"id":"00000000-0000-075e-7fff-ffff00000173"}[39m
[35m[HTTP][39m [37m<-- POST /wd/hub/session/7b6ab364-9af0-4448-8e05-cdc7b334f7fd/element/00000000-0000-075e-7fff-ffff00000173/click [39m[32m200[39m [90m34 ms - 14[39m
[35m[HTTP][39m [90m[39m
[35m[HTTP][39m [37m-->[39m [37mPOST[39m [37m/wd/hub/session/7b6ab364-9af0-4448-8e05-cdc7b334f7fd/timeouts[39m
[35m[HTTP][39m [90m{"implicit":50}[39m
[35m[HTTP][39m [37m<-- POST /wd/hub/session/7b6ab364-9af0-4448-8e05-cdc7b334f7fd/timeouts [39m[32m200[39m [90m1 ms - 14[39m
[35m[HTTP][39m [90m[39m
[35m[HTTP][39m [37m-->[39m [37mGET[39m [37m/wd/hub/session/7b6ab364-9af0-4448-8e05-cdc7b334f7fd/window/rect[39m
[35m[HTTP][39m [90m{}[39m
[35m[HTTP][39m [37m<-- GET /wd/hub/session/7b6ab364-9af0-4448-8e05-cdc7b334f7fd/window/rect [39m[32m200[39m [90m18 ms - 49[39m
[35m[HTTP][39m [90m[39m
[35m[HTTP][39m [37m-->[39m [37mPOST[39m [37m/wd/hub/session/7b6ab364-9af0-4448-8e05-cdc7b334f7fd/elements[39m
[35m[HTTP][39m [90m{"using":"xpath","value":"//*[@class = 'android.widget.Button' and (@text = 'Lanjut' or . = 'Lanjut') and @resource-id = 'com.kfc.mobile.hkStaging:id/btnContinue']"}[39m
[35m[HTTP][39m [37m<-- POST /wd/hub/session/7b6ab364-9af0-4448-8e05-cdc7b334f7fd/elements [39m[32m200[39m [90m536 ms - 139[39m
[35m[HTTP][39m [90m[39m
[35m[HTTP][39m [37m-->[39m [37mGET[39m [37m/wd/hub/session/7b6ab364-9af0-4448-8e05-cdc7b334f7fd/element/00000000-0000-0760-7fff-ffff000001cb/location[39m
[35m[HTTP][39m [90m{}[39m
[35m[W3C (7b6ab364)][39m Driver proxy active, passing request on via HTTP proxy
[35m[WD Proxy][39m Replacing sessionId aacc7612-f483-4e3b-bb19-24c2a7794e2d with 7b6ab364-9af0-4448-8e05-cdc7b334f7fd
[35m[HTTP][39m [37m<-- GET /wd/hub/session/7b6ab364-9af0-4448-8e05-cdc7b334f7fd/element/00000000-0000-0760-7fff-ffff000001cb/location [39m[32m200[39m [90m29 ms - 79[39m
[35m[HTTP][39m [90m[39m
[35m[HTTP][39m [37m-->[39m [37mPOST[39m [37m/wd/hub/session/7b6ab364-9af0-4448-8e05-cdc7b334f7fd/timeouts[39m
[35m[HTTP][39m [90m{"implicit":30000}[39m
[35m[HTTP][39m [37m<-- POST /wd/hub/session/7b6ab364-9af0-4448-8e05-cdc7b334f7fd/timeouts [39m[32m200[39m [90m1 ms - 14[39m
[35m[HTTP][39m [90m[39m
[35m[HTTP][39m [37m-->[39m [37mPOST[39m [37m/wd/hub/session/7b6ab364-9af0-4448-8e05-cdc7b334f7fd/timeouts[39m
[35m[HTTP][39m [90m{"implicit":50}[39m
[35m[HTTP][39m [37m<-- POST /wd/hub/session/7b6ab364-9af0-4448-8e05-cdc7b334f7fd/timeouts [39m[32m200[39m [90m1 ms - 14[39m
[35m[HTTP][39m [90m[39m
[35m[HTTP][39m [37m-->[39m [37mGET[39m [37m/wd/hub/session/7b6ab364-9af0-4448-8e05-cdc7b334f7fd/window/rect[39m
[35m[HTTP][39m [90m{}[39m
[35m[HTTP][39m [37m<-- GET /wd/hub/session/7b6ab364-9af0-4448-8e05-cdc7b334f7fd/window/rect [39m[32m200[39m [90m18 ms - 49[39m
[35m[HTTP][39m [90m[39m
[35m[HTTP][39m [37m-->[39m [37mPOST[39m [37m/wd/hub/session/7b6ab364-9af0-4448-8e05-cdc7b334f7fd/elements[39m
[35m[HTTP][39m [90m{"using":"xpath","value":"//*[@class = 'android.widget.Button' and (@text = 'Lanjut' or . = 'Lanjut') and @resource-id = 'com.kfc.mobile.hkStaging:id/btnContinue']"}[39m
[35m[HTTP][39m [37m<-- POST /wd/hub/session/7b6ab364-9af0-4448-8e05-cdc7b334f7fd/elements [39m[32m200[39m [90m124 ms - 139[39m
[35m[HTTP][39m [90m[39m
[35m[HTTP][39m [37m-->[39m [37mGET[39m [37m/wd/hub/session/7b6ab364-9af0-4448-8e05-cdc7b334f7fd/element/00000000-0000-0760-7fff-ffff000001cb/location[39m
[35m[HTTP][39m [90m{}[39m
[35m[W3C (7b6ab364)][39m Driver proxy active, passing request on via HTTP proxy
[35m[WD Proxy][39m Replacing sessionId aacc7612-f483-4e3b-bb19-24c2a7794e2d with 7b6ab364-9af0-4448-8e05-cdc7b334f7fd
[35m[HTTP][39m [37m<-- GET /wd/hub/session/7b6ab364-9af0-4448-8e05-cdc7b334f7fd/element/00000000-0000-0760-7fff-ffff000001cb/location [39m[32m200[39m [90m27 ms - 79[39m
[35m[HTTP][39m [90m[39m
[35m[HTTP][39m [37m-->[39m [37mPOST[39m [37m/wd/hub/session/7b6ab364-9af0-4448-8e05-cdc7b334f7fd/timeouts[39m
[35m[HTTP][39m [90m{"implicit":30000}[39m
[35m[HTTP][39m [37m<-- POST /wd/hub/session/7b6ab364-9af0-4448-8e05-cdc7b334f7fd/timeouts [39m[32m200[39m [90m2 ms - 14[39m
[35m[HTTP][39m [90m[39m
[35m[HTTP][39m [37m-->[39m [37mPOST[39m [37m/wd/hub/session/7b6ab364-9af0-4448-8e05-cdc7b334f7fd/element/00000000-0000-0760-7fff-ffff000001cb/click[39m
[35m[HTTP][39m [90m{"id":"00000000-0000-0760-7fff-ffff000001cb"}[39m
[35m[HTTP][39m [37m<-- POST /wd/hub/session/7b6ab364-9af0-4448-8e05-cdc7b334f7fd/element/00000000-0000-0760-7fff-ffff000001cb/click [39m[32m200[39m [90m39 ms - 14[39m
[35m[HTTP][39m [90m[39m
[35m[HTTP][39m [37m-->[39m [37mPOST[39m [37m/wd/hub/session/7b6ab364-9af0-4448-8e05-cdc7b334f7fd/timeouts[39m
[35m[HTTP][39m [90m{"implicit":50}[39m
[35m[HTTP][39m [37m<-- POST /wd/hub/session/7b6ab364-9af0-4448-8e05-cdc7b334f7fd/timeouts [39m[32m200[39m [90m1 ms - 14[39m
[35m[HTTP][39m [90m[39m
[35m[HTTP][39m [37m-->[39m [37mGET[39m [37m/wd/hub/session/7b6ab364-9af0-4448-8e05-cdc7b334f7fd/window/rect[39m
[35m[HTTP][39m [90m{}[39m
[35m[HTTP][39m [37m<-- GET /wd/hub/session/7b6ab364-9af0-4448-8e05-cdc7b334f7fd/window/rect [39m[32m200[39m [90m20 ms - 49[39m
[35m[HTTP][39m [90m[39m
[35m[HTTP][39m [37m-->[39m [37mPOST[39m [37m/wd/hub/session/7b6ab364-9af0-4448-8e05-cdc7b334f7fd/elements[39m
[35m[HTTP][39m [90m{"using":"xpath","value":"//*[@class = 'android.widget.LinearLayout' and @resource-id = 'com.kfc.mobile.hkStaging:id/button_cart_summary' and (@text = '' or . = '')]"}[39m
[35m[HTTP][39m [37m<-- POST /wd/hub/session/7b6ab364-9af0-4448-8e05-cdc7b334f7fd/elements [39m[32m200[39m [90m107 ms - 12[39m
[35m[HTTP][39m [90m[39m
[35m[HTTP][39m [37m-->[39m [37mPOST[39m [37m/wd/hub/session/7b6ab364-9af0-4448-8e05-cdc7b334f7fd/elements[39m
[35m[HTTP][39m [90m{"using":"xpath","value":"//*[@class = 'android.widget.LinearLayout' and @resource-id = 'com.kfc.mobile.hkStaging:id/button_cart_summary' and (@text = '' or . = '')]"}[39m
[35m[HTTP][39m [37m<-- POST /wd/hub/session/7b6ab364-9af0-4448-8e05-cdc7b334f7fd/elements [39m[32m200[39m [90m90 ms - 12[39m
[35m[HTTP][39m [90m[39m
[35m[HTTP][39m [37m-->[39m [37mPOST[39m [37m/wd/hub/session/7b6ab364-9af0-4448-8e05-cdc7b334f7fd/elements[39m
[35m[HTTP][39m [90m{"using":"xpath","value":"//*[@class = 'android.widget.LinearLayout' and @resource-id = 'com.kfc.mobile.hkStaging:id/button_cart_summary' and (@text = '' or . = '')]"}[39m
[35m[HTTP][39m [37m<-- POST /wd/hub/session/7b6ab364-9af0-4448-8e05-cdc7b334f7fd/elements [39m[32m200[39m [90m108 ms - 12[39m
[35m[HTTP][39m [90m[39m
[35m[HTTP][39m [37m-->[39m [37mPOST[39m [37m/wd/hub/session/7b6ab364-9af0-4448-8e05-cdc7b334f7fd/elements[39m
[35m[HTTP][39m [90m{"using":"xpath","value":"//*[@class = 'android.widget.LinearLayout' and @resource-id = 'com.kfc.mobile.hkStaging:id/button_cart_summary' and (@text = '' or . = '')]"}[39m
[35m[HTTP][39m [37m<-- POST /wd/hub/session/7b6ab364-9af0-4448-8e05-cdc7b334f7fd/elements [39m[32m200[39m [90m117 ms - 12[39m
[35m[HTTP][39m [90m[39m
[35m[HTTP][39m [37m-->[39m [37mPOST[39m [37m/wd/hub/session/7b6ab364-9af0-4448-8e05-cdc7b334f7fd/elements[39m
[35m[HTTP][39m [90m{"using":"xpath","value":"//*[@class = 'android.widget.LinearLayout' and @resource-id = 'com.kfc.mobile.hkStaging:id/button_cart_summary' and (@text = '' or . = '')]"}[39m
[35m[HTTP][39m [37m<-- POST /wd/hub/session/7b6ab364-9af0-4448-8e05-cdc7b334f7fd/elements [39m[32m200[39m [90m105 ms - 12[39m
[35m[HTTP][39m [90m[39m
[35m[HTTP][39m [37m-->[39m [37mPOST[39m [37m/wd/hub/session/7b6ab364-9af0-4448-8e05-cdc7b334f7fd/elements[39m
[35m[HTTP][39m [90m{"using":"xpath","value":"//*[@class = 'android.widget.LinearLayout' and @resource-id = 'com.kfc.mobile.hkStaging:id/button_cart_summary' and (@text = '' or . = '')]"}[39m
[35m[HTTP][39m [37m<-- POST /wd/hub/session/7b6ab364-9af0-4448-8e05-cdc7b334f7fd/elements [39m[32m200[39m [90m93 ms - 12[39m
[35m[HTTP][39m [90m[39m
[35m[HTTP][39m [37m-->[39m [37mPOST[39m [37m/wd/hub/session/7b6ab364-9af0-4448-8e05-cdc7b334f7fd/elements[39m
[35m[HTTP][39m [90m{"using":"xpath","value":"//*[@class = 'android.widget.LinearLayout' and @resource-id = 'com.kfc.mobile.hkStaging:id/button_cart_summary' and (@text = '' or . = '')]"}[39m
[35m[HTTP][39m [37m<-- POST /wd/hub/session/7b6ab364-9af0-4448-8e05-cdc7b334f7fd/elements [39m[32m200[39m [90m101 ms - 12[39m
[35m[HTTP][39m [90m[39m
[35m[HTTP][39m [37m-->[39m [37mPOST[39m [37m/wd/hub/session/7b6ab364-9af0-4448-8e05-cdc7b334f7fd/elements[39m
[35m[HTTP][39m [90m{"using":"xpath","value":"//*[@class = 'android.widget.LinearLayout' and @resource-id = 'com.kfc.mobile.hkStaging:id/button_cart_summary' and (@text = '' or . = '')]"}[39m
[35m[HTTP][39m [37m<-- POST /wd/hub/session/7b6ab364-9af0-4448-8e05-cdc7b334f7fd/elements [39m[32m200[39m [90m92 ms - 12[39m
[35m[HTTP][39m [90m[39m
[35m[HTTP][39m [37m-->[39m [37mPOST[39m [37m/wd/hub/session/7b6ab364-9af0-4448-8e05-cdc7b334f7fd/elements[39m
[35m[HTTP][39m [90m{"using":"xpath","value":"//*[@class = 'android.widget.LinearLayout' and @resource-id = 'com.kfc.mobile.hkStaging:id/button_cart_summary' and (@text = '' or . = '')]"}[39m
[35m[HTTP][39m [37m<-- POST /wd/hub/session/7b6ab364-9af0-4448-8e05-cdc7b334f7fd/elements [39m[32m200[39m [90m85 ms - 12[39m
[35m[HTTP][39m [90m[39m
[35m[HTTP][39m [37m-->[39m [37mPOST[39m [37m/wd/hub/session/7b6ab364-9af0-4448-8e05-cdc7b334f7fd/elements[39m
[35m[HTTP][39m [90m{"using":"xpath","value":"//*[@class = 'android.widget.LinearLayout' and @resource-id = 'com.kfc.mobile.hkStaging:id/button_cart_summary' and (@text = '' or . = '')]"}[39m
[35m[HTTP][39m [37m<-- POST /wd/hub/session/7b6ab364-9af0-4448-8e05-cdc7b334f7fd/elements [39m[32m200[39m [90m83 ms - 12[39m
[35m[HTTP][39m [90m[39m
[35m[HTTP][39m [37m-->[39m [37mPOST[39m [37m/wd/hub/session/7b6ab364-9af0-4448-8e05-cdc7b334f7fd/elements[39m
[35m[HTTP][39m [90m{"using":"xpath","value":"//*[@class = 'android.widget.LinearLayout' and @resource-id = 'com.kfc.mobile.hkStaging:id/button_cart_summary' and (@text = '' or . = '')]"}[39m
[35m[HTTP][39m [37m<-- POST /wd/hub/session/7b6ab364-9af0-4448-8e05-cdc7b334f7fd/elements [39m[32m200[39m [90m88 ms - 12[39m
[35m[HTTP][39m [90m[39m
[35m[HTTP][39m [37m-->[39m [37mPOST[39m [37m/wd/hub/session/7b6ab364-9af0-4448-8e05-cdc7b334f7fd/elements[39m
[35m[HTTP][39m [90m{"using":"xpath","value":"//*[@class = 'android.widget.LinearLayout' and @resource-id = 'com.kfc.mobile.hkStaging:id/button_cart_summary' and (@text = '' or . = '')]"}[39m
[35m[HTTP][39m [37m<-- POST /wd/hub/session/7b6ab364-9af0-4448-8e05-cdc7b334f7fd/elements [39m[32m200[39m [90m86 ms - 12[39m
[35m[HTTP][39m [90m[39m
[35m[HTTP][39m [37m-->[39m [37mPOST[39m [37m/wd/hub/session/7b6ab364-9af0-4448-8e05-cdc7b334f7fd/elements[39m
[35m[HTTP][39m [90m{"using":"xpath","value":"//*[@class = 'android.widget.LinearLayout' and @resource-id = 'com.kfc.mobile.hkStaging:id/button_cart_summary' and (@text = '' or . = '')]"}[39m
[35m[HTTP][39m [37m<-- POST /wd/hub/session/7b6ab364-9af0-4448-8e05-cdc7b334f7fd/elements [39m[32m200[39m [90m87 ms - 12[39m
[35m[HTTP][39m [90m[39m
[35m[HTTP][39m [37m-->[39m [37mPOST[39m [37m/wd/hub/session/7b6ab364-9af0-4448-8e05-cdc7b334f7fd/elements[39m
[35m[HTTP][39m [90m{"using":"xpath","value":"//*[@class = 'android.widget.LinearLayout' and @resource-id = 'com.kfc.mobile.hkStaging:id/button_cart_summary' and (@text = '' or . = '')]"}[39m
[35m[HTTP][39m [37m<-- POST /wd/hub/session/7b6ab364-9af0-4448-8e05-cdc7b334f7fd/elements [39m[32m200[39m [90m86 ms - 12[39m
[35m[HTTP][39m [90m[39m
[35m[HTTP][39m [37m-->[39m [37mPOST[39m [37m/wd/hub/session/7b6ab364-9af0-4448-8e05-cdc7b334f7fd/elements[39m
[35m[HTTP][39m [90m{"using":"xpath","value":"//*[@class = 'android.widget.LinearLayout' and @resource-id = 'com.kfc.mobile.hkStaging:id/button_cart_summary' and (@text = '' or . = '')]"}[39m
[35m[HTTP][39m [37m<-- POST /wd/hub/session/7b6ab364-9af0-4448-8e05-cdc7b334f7fd/elements [39m[32m200[39m [90m101 ms - 12[39m
[35m[HTTP][39m [90m[39m
[35m[HTTP][39m [37m-->[39m [37mPOST[39m [37m/wd/hub/session/7b6ab364-9af0-4448-8e05-cdc7b334f7fd/elements[39m
[35m[HTTP][39m [90m{"using":"xpath","value":"//*[@class = 'android.widget.LinearLayout' and @resource-id = 'com.kfc.mobile.hkStaging:id/button_cart_summary' and (@text = '' or . = '')]"}[39m
[35m[HTTP][39m [37m<-- POST /wd/hub/session/7b6ab364-9af0-4448-8e05-cdc7b334f7fd/elements [39m[32m200[39m [90m96 ms - 12[39m
[35m[HTTP][39m [90m[39m
[35m[HTTP][39m [37m-->[39m [37mPOST[39m [37m/wd/hub/session/7b6ab364-9af0-4448-8e05-cdc7b334f7fd/elements[39m
[35m[HTTP][39m [90m{"using":"xpath","value":"//*[@class = 'android.widget.LinearLayout' and @resource-id = 'com.kfc.mobile.hkStaging:id/button_cart_summary' and (@text = '' or . = '')]"}[39m
[35m[HTTP][39m [37m<-- POST /wd/hub/session/7b6ab364-9af0-4448-8e05-cdc7b334f7fd/elements [39m[32m200[39m [90m95 ms - 12[39m
[35m[HTTP][39m [90m[39m
[35m[HTTP][39m [37m-->[39m [37mPOST[39m [37m/wd/hub/session/7b6ab364-9af0-4448-8e05-cdc7b334f7fd/elements[39m
[35m[HTTP][39m [90m{"using":"xpath","value":"//*[@class = 'android.widget.LinearLayout' and @resource-id = 'com.kfc.mobile.hkStaging:id/button_cart_summary' and (@text = '' or . = '')]"}[39m
[35m[HTTP][39m [37m<-- POST /wd/hub/session/7b6ab364-9af0-4448-8e05-cdc7b334f7fd/elements [39m[32m200[39m [90m85 ms - 12[39m
[35m[HTTP][39m [90m[39m
[35m[HTTP][39m [37m-->[39m [37mPOST[39m [37m/wd/hub/session/7b6ab364-9af0-4448-8e05-cdc7b334f7fd/elements[39m
[35m[HTTP][39m [90m{"using":"xpath","value":"//*[@class = 'android.widget.LinearLayout' and @resource-id = 'com.kfc.mobile.hkStaging:id/button_cart_summary' and (@text = '' or . = '')]"}[39m
[35m[HTTP][39m [37m<-- POST /wd/hub/session/7b6ab364-9af0-4448-8e05-cdc7b334f7fd/elements [39m[32m200[39m [90m87 ms - 12[39m
[35m[HTTP][39m [90m[39m
[35m[HTTP][39m [37m-->[39m [37mPOST[39m [37m/wd/hub/session/7b6ab364-9af0-4448-8e05-cdc7b334f7fd/elements[39m
[35m[HTTP][39m [90m{"using":"xpath","value":"//*[@class = 'android.widget.LinearLayout' and @resource-id = 'com.kfc.mobile.hkStaging:id/button_cart_summary' and (@text = '' or . = '')]"}[39m
[35m[HTTP][39m [37m<-- POST /wd/hub/session/7b6ab364-9af0-4448-8e05-cdc7b334f7fd/elements [39m[32m200[39m [90m1551 ms - 12[39m
[35m[HTTP][39m [90m[39m
[35m[HTTP][39m [37m-->[39m [37mPOST[39m [37m/wd/hub/session/7b6ab364-9af0-4448-8e05-cdc7b334f7fd/elements[39m
[35m[HTTP][39m [90m{"using":"xpath","value":"//*[@class = 'android.widget.LinearLayout' and @resource-id = 'com.kfc.mobile.hkStaging:id/button_cart_summary' and (@text = '' or . = '')]"}[39m
[35m[HTTP][39m [37m<-- POST /wd/hub/session/7b6ab364-9af0-4448-8e05-cdc7b334f7fd/elements [39m[32m200[39m [90m103 ms - 12[39m
[35m[HTTP][39m [90m[39m
[35m[HTTP][39m [37m-->[39m [37mPOST[39m [37m/wd/hub/session/7b6ab364-9af0-4448-8e05-cdc7b334f7fd/elements[39m
[35m[HTTP][39m [90m{"using":"xpath","value":"//*[@class = 'android.widget.LinearLayout' and @resource-id = 'com.kfc.mobile.hkStaging:id/button_cart_summary' and (@text = '' or . = '')]"}[39m
[35m[HTTP][39m [37m<-- POST /wd/hub/session/7b6ab364-9af0-4448-8e05-cdc7b334f7fd/elements [39m[32m200[39m [90m97 ms - 12[39m
[35m[HTTP][39m [90m[39m
[35m[HTTP][39m [37m-->[39m [37mPOST[39m [37m/wd/hub/session/7b6ab364-9af0-4448-8e05-cdc7b334f7fd/elements[39m
[35m[HTTP][39m [90m{"using":"xpath","value":"//*[@class = 'android.widget.LinearLayout' and @resource-id = 'com.kfc.mobile.hkStaging:id/button_cart_summary' and (@text = '' or . = '')]"}[39m
[35m[HTTP][39m [37m<-- POST /wd/hub/session/7b6ab364-9af0-4448-8e05-cdc7b334f7fd/elements [39m[32m200[39m [90m98 ms - 12[39m
[35m[HTTP][39m [90m[39m
[35m[HTTP][39m [37m-->[39m [37mPOST[39m [37m/wd/hub/session/7b6ab364-9af0-4448-8e05-cdc7b334f7fd/elements[39m
[35m[HTTP][39m [90m{"using":"xpath","value":"//*[@class = 'android.widget.LinearLayout' and @resource-id = 'com.kfc.mobile.hkStaging:id/button_cart_summary' and (@text = '' or . = '')]"}[39m
[35m[HTTP][39m [37m<-- POST /wd/hub/session/7b6ab364-9af0-4448-8e05-cdc7b334f7fd/elements [39m[32m200[39m [90m108 ms - 12[39m
[35m[HTTP][39m [90m[39m
[35m[HTTP][39m [37m-->[39m [37mPOST[39m [37m/wd/hub/session/7b6ab364-9af0-4448-8e05-cdc7b334f7fd/elements[39m
[35m[HTTP][39m [90m{"using":"xpath","value":"//*[@class = 'android.widget.LinearLayout' and @resource-id = 'com.kfc.mobile.hkStaging:id/button_cart_summary' and (@text = '' or . = '')]"}[39m
[35m[HTTP][39m [37m<-- POST /wd/hub/session/7b6ab364-9af0-4448-8e05-cdc7b334f7fd/elements [39m[32m200[39m [90m546 ms - 12[39m
[35m[HTTP][39m [90m[39m
[35m[HTTP][39m [37m-->[39m [37mPOST[39m [37m/wd/hub/session/7b6ab364-9af0-4448-8e05-cdc7b334f7fd/elements[39m
[35m[HTTP][39m [90m{"using":"xpath","value":"//*[@class = 'android.widget.LinearLayout' and @resource-id = 'com.kfc.mobile.hkStaging:id/button_cart_summary' and (@text = '' or . = '')]"}[39m
[35m[HTTP][39m [37m<-- POST /wd/hub/session/7b6ab364-9af0-4448-8e05-cdc7b334f7fd/elements [39m[32m200[39m [90m100 ms - 12[39m
[35m[HTTP][39m [90m[39m
[35m[HTTP][39m [37m-->[39m [37mPOST[39m [37m/wd/hub/session/7b6ab364-9af0-4448-8e05-cdc7b334f7fd/elements[39m
[35m[HTTP][39m [90m{"using":"xpath","value":"//*[@class = 'android.widget.LinearLayout' and @resource-id = 'com.kfc.mobile.hkStaging:id/button_cart_summary' and (@text = '' or . = '')]"}[39m
[35m[HTTP][39m [37m<-- POST /wd/hub/session/7b6ab364-9af0-4448-8e05-cdc7b334f7fd/elements [39m[32m200[39m [90m101 ms - 12[39m
[35m[HTTP][39m [90m[39m
[35m[HTTP][39m [37m-->[39m [37mPOST[39m [37m/wd/hub/session/7b6ab364-9af0-4448-8e05-cdc7b334f7fd/elements[39m
[35m[HTTP][39m [90m{"using":"xpath","value":"//*[@class = 'android.widget.LinearLayout' and @resource-id = 'com.kfc.mobile.hkStaging:id/button_cart_summary' and (@text = '' or . = '')]"}[39m
[35m[HTTP][39m [37m<-- POST /wd/hub/session/7b6ab364-9af0-4448-8e05-cdc7b334f7fd/elements [39m[32m200[39m [90m108 ms - 12[39m
[35m[HTTP][39m [90m[39m
[35m[HTTP][39m [37m-->[39m [37mPOST[39m [37m/wd/hub/session/7b6ab364-9af0-4448-8e05-cdc7b334f7fd/elements[39m
[35m[HTTP][39m [90m{"using":"xpath","value":"//*[@class = 'android.widget.LinearLayout' and @resource-id = 'com.kfc.mobile.hkStaging:id/button_cart_summary' and (@text = '' or . = '')]"}[39m
[35m[HTTP][39m [37m<-- POST /wd/hub/session/7b6ab364-9af0-4448-8e05-cdc7b334f7fd/elements [39m[32m200[39m [90m109 ms - 12[39m
[35m[HTTP][39m [90m[39m
[35m[HTTP][39m [37m-->[39m [37mPOST[39m [37m/wd/hub/session/7b6ab364-9af0-4448-8e05-cdc7b334f7fd/timeouts[39m
[35m[HTTP][39m [90m{"implicit":30000}[39m
[35m[HTTP][39m [37m<-- POST /wd/hub/session/7b6ab364-9af0-4448-8e05-cdc7b334f7fd/timeouts [39m[32m200[39m [90m2 ms - 14[39m
[35m[HTTP][39m [90m[39m
[35m[HTTP][39m [37m-->[39m [37mPOST[39m [37m/wd/hub/session/7b6ab364-9af0-4448-8e05-cdc7b334f7fd/timeouts[39m
[35m[HTTP][39m [90m{"implicit":50}[39m
[35m[HTTP][39m [37m<-- POST /wd/hub/session/7b6ab364-9af0-4448-8e05-cdc7b334f7fd/timeouts [39m[32m200[39m [90m1 ms - 14[39m
[35m[HTTP][39m [90m[39m
[35m[HTTP][39m [37m-->[39m [37mGET[39m [37m/wd/hub/session/7b6ab364-9af0-4448-8e05-cdc7b334f7fd/window/rect[39m
[35m[HTTP][39m [90m{}[39m
[35m[HTTP][39m [37m<-- GET /wd/hub/session/7b6ab364-9af0-4448-8e05-cdc7b334f7fd/window/rect [39m[32m200[39m [90m17 ms - 49[39m
[35m[HTTP][39m [90m[39m
[35m[HTTP][39m [37m-->[39m [37mPOST[39m [37m/wd/hub/session/7b6ab364-9af0-4448-8e05-cdc7b334f7fd/elements[39m
[35m[HTTP][39m [90m{"using":"xpath","value":"//*[@class = 'android.widget.LinearLayout' and @resource-id = 'com.kfc.mobile.hkStaging:id/button_cart_summary' and (@text = '' or . = '')]"}[39m
[35m[HTTP][39m [37m<-- POST /wd/hub/session/7b6ab364-9af0-4448-8e05-cdc7b334f7fd/elements [39m[32m200[39m [90m1432 ms - 12[39m
[35m[HTTP][39m [90m[39m
[35m[HTTP][39m [37m-->[39m [37mPOST[39m [37m/wd/hub/session/7b6ab364-9af0-4448-8e05-cdc7b334f7fd/elements[39m
[35m[HTTP][39m [90m{"using":"xpath","value":"//*[@class = 'android.widget.LinearLayout' and @resource-id = 'com.kfc.mobile.hkStaging:id/button_cart_summary' and (@text = '' or . = '')]"}[39m
[35m[HTTP][39m [37m<-- POST /wd/hub/session/7b6ab364-9af0-4448-8e05-cdc7b334f7fd/elements [39m[32m200[39m [90m105 ms - 12[39m
[35m[HTTP][39m [90m[39m
[35m[HTTP][39m [37m-->[39m [37mPOST[39m [37m/wd/hub/session/7b6ab364-9af0-4448-8e05-cdc7b334f7fd/elements[39m
[35m[HTTP][39m [90m{"using":"xpath","value":"//*[@class = 'android.widget.LinearLayout' and @resource-id = 'com.kfc.mobile.hkStaging:id/button_cart_summary' and (@text = '' or . = '')]"}[39m
[35m[HTTP][39m [37m<-- POST /wd/hub/session/7b6ab364-9af0-4448-8e05-cdc7b334f7fd/elements [39m[32m200[39m [90m100 ms - 12[39m
[35m[HTTP][39m [90m[39m
[35m[HTTP][39m [37m-->[39m [37mPOST[39m [37m/wd/hub/session/7b6ab364-9af0-4448-8e05-cdc7b334f7fd/elements[39m
[35m[HTTP][39m [90m{"using":"xpath","value":"//*[@class = 'android.widget.LinearLayout' and @resource-id = 'com.kfc.mobile.hkStaging:id/button_cart_summary' and (@text = '' or . = '')]"}[39m
[35m[HTTP][39m [37m<-- POST /wd/hub/session/7b6ab364-9af0-4448-8e05-cdc7b334f7fd/elements [39m[32m200[39m [90m101 ms - 12[39m
[35m[HTTP][39m [90m[39m
[35m[HTTP][39m [37m-->[39m [37mPOST[39m [37m/wd/hub/session/7b6ab364-9af0-4448-8e05-cdc7b334f7fd/elements[39m
[35m[HTTP][39m [90m{"using":"xpath","value":"//*[@class = 'android.widget.LinearLayout' and @resource-id = 'com.kfc.mobile.hkStaging:id/button_cart_summary' and (@text = '' or . = '')]"}[39m
[35m[HTTP][39m [37m<-- POST /wd/hub/session/7b6ab364-9af0-4448-8e05-cdc7b334f7fd/elements [39m[32m200[39m [90m111 ms - 12[39m
[35m[HTTP][39m [90m[39m
[35m[HTTP][39m [37m-->[39m [37mPOST[39m [37m/wd/hub/session/7b6ab364-9af0-4448-8e05-cdc7b334f7fd/elements[39m
[35m[HTTP][39m [90m{"using":"xpath","value":"//*[@class = 'android.widget.LinearLayout' and @resource-id = 'com.kfc.mobile.hkStaging:id/button_cart_summary' and (@text = '' or . = '')]"}[39m
[35m[HTTP][39m [37m<-- POST /wd/hub/session/7b6ab364-9af0-4448-8e05-cdc7b334f7fd/elements [39m[32m200[39m [90m535 ms - 12[39m
[35m[HTTP][39m [90m[39m
[35m[HTTP][39m [37m-->[39m [37mPOST[39m [37m/wd/hub/session/7b6ab364-9af0-4448-8e05-cdc7b334f7fd/elements[39m
[35m[HTTP][39m [90m{"using":"xpath","value":"//*[@class = 'android.widget.LinearLayout' and @resource-id = 'com.kfc.mobile.hkStaging:id/button_cart_summary' and (@text = '' or . = '')]"}[39m
[35m[HTTP][39m [37m<-- POST /wd/hub/session/7b6ab364-9af0-4448-8e05-cdc7b334f7fd/elements [39m[32m200[39m [90m100 ms - 12[39m
[35m[HTTP][39m [90m[39m
[35m[HTTP][39m [37m-->[39m [37mPOST[39m [37m/wd/hub/session/7b6ab364-9af0-4448-8e05-cdc7b334f7fd/elements[39m
[35m[HTTP][39m [90m{"using":"xpath","value":"//*[@class = 'android.widget.LinearLayout' and @resource-id = 'com.kfc.mobile.hkStaging:id/button_cart_summary' and (@text = '' or . = '')]"}[39m
[35m[HTTP][39m [37m<-- POST /wd/hub/session/7b6ab364-9af0-4448-8e05-cdc7b334f7fd/elements [39m[32m200[39m [90m98 ms - 12[39m
[35m[HTTP][39m [90m[39m
[35m[HTTP][39m [37m-->[39m [37mPOST[39m [37m/wd/hub/session/7b6ab364-9af0-4448-8e05-cdc7b334f7fd/elements[39m
[35m[HTTP][39m [90m{"using":"xpath","value":"//*[@class = 'android.widget.LinearLayout' and @resource-id = 'com.kfc.mobile.hkStaging:id/button_cart_summary' and (@text = '' or . = '')]"}[39m
[35m[HTTP][39m [37m<-- POST /wd/hub/session/7b6ab364-9af0-4448-8e05-cdc7b334f7fd/elements [39m[32m200[39m [90m106 ms - 12[39m
[35m[HTTP][39m [90m[39m
[35m[HTTP][39m [37m-->[39m [37mPOST[39m [37m/wd/hub/session/7b6ab364-9af0-4448-8e05-cdc7b334f7fd/elements[39m
[35m[HTTP][39m [90m{"using":"xpath","value":"//*[@class = 'android.widget.LinearLayout' and @resource-id = 'com.kfc.mobile.hkStaging:id/button_cart_summary' and (@text = '' or . = '')]"}[39m
[35m[HTTP][39m [37m<-- POST /wd/hub/session/7b6ab364-9af0-4448-8e05-cdc7b334f7fd/elements [39m[32m200[39m [90m106 ms - 12[39m
[35m[HTTP][39m [90m[39m
[35m[HTTP][39m [37m-->[39m [37mPOST[39m [37m/wd/hub/session/7b6ab364-9af0-4448-8e05-cdc7b334f7fd/elements[39m
[35m[HTTP][39m [90m{"using":"xpath","value":"//*[@class = 'android.widget.LinearLayout' and @resource-id = 'com.kfc.mobile.hkStaging:id/button_cart_summary' and (@text = '' or . = '')]"}[39m
[35m[HTTP][39m [37m<-- POST /wd/hub/session/7b6ab364-9af0-4448-8e05-cdc7b334f7fd/elements [39m[32m200[39m [90m1128 ms - 12[39m
[35m[HTTP][39m [90m[39m
[35m[HTTP][39m [37m-->[39m [37mPOST[39m [37m/wd/hub/session/7b6ab364-9af0-4448-8e05-cdc7b334f7fd/elements[39m
[35m[HTTP][39m [90m{"using":"xpath","value":"//*[@class = 'android.widget.LinearLayout' and @resource-id = 'com.kfc.mobile.hkStaging:id/button_cart_summary' and (@text = '' or . = '')]"}[39m
[35m[HTTP][39m [37m<-- POST /wd/hub/session/7b6ab364-9af0-4448-8e05-cdc7b334f7fd/elements [39m[32m200[39m [90m94 ms - 12[39m
[35m[HTTP][39m [90m[39m
[35m[HTTP][39m [37m-->[39m [37mPOST[39m [37m/wd/hub/session/7b6ab364-9af0-4448-8e05-cdc7b334f7fd/elements[39m
[35m[HTTP][39m [90m{"using":"xpath","value":"//*[@class = 'android.widget.LinearLayout' and @resource-id = 'com.kfc.mobile.hkStaging:id/button_cart_summary' and (@text = '' or . = '')]"}[39m
[35m[HTTP][39m [37m<-- POST /wd/hub/session/7b6ab364-9af0-4448-8e05-cdc7b334f7fd/elements [39m[32m200[39m [90m98 ms - 12[39m
[35m[HTTP][39m [90m[39m
[35m[HTTP][39m [37m-->[39m [37mPOST[39m [37m/wd/hub/session/7b6ab364-9af0-4448-8e05-cdc7b334f7fd/elements[39m
[35m[HTTP][39m [90m{"using":"xpath","value":"//*[@class = 'android.widget.LinearLayout' and @resource-id = 'com.kfc.mobile.hkStaging:id/button_cart_summary' and (@text = '' or . = '')]"}[39m
[35m[HTTP][39m [37m<-- POST /wd/hub/session/7b6ab364-9af0-4448-8e05-cdc7b334f7fd/elements [39m[32m200[39m [90m93 ms - 12[39m
[35m[HTTP][39m [90m[39m
[35m[HTTP][39m [37m-->[39m [37mPOST[39m [37m/wd/hub/session/7b6ab364-9af0-4448-8e05-cdc7b334f7fd/elements[39m
[35m[HTTP][39m [90m{"using":"xpath","value":"//*[@class = 'android.widget.LinearLayout' and @resource-id = 'com.kfc.mobile.hkStaging:id/button_cart_summary' and (@text = '' or . = '')]"}[39m
[35m[HTTP][39m [37m<-- POST /wd/hub/session/7b6ab364-9af0-4448-8e05-cdc7b334f7fd/elements [39m[32m200[39m [90m98 ms - 12[39m
[35m[HTTP][39m [90m[39m
[35m[HTTP][39m [37m-->[39m [37mPOST[39m [37m/wd/hub/session/7b6ab364-9af0-4448-8e05-cdc7b334f7fd/elements[39m
[35m[HTTP][39m [90m{"using":"xpath","value":"//*[@class = 'android.widget.LinearLayout' and @resource-id = 'com.kfc.mobile.hkStaging:id/button_cart_summary' and (@text = '' or . = '')]"}[39m
[35m[HTTP][39m [37m<-- POST /wd/hub/session/7b6ab364-9af0-4448-8e05-cdc7b334f7fd/elements [39m[32m200[39m [90m96 ms - 12[39m
[35m[HTTP][39m [90m[39m
[35m[HTTP][39m [37m-->[39m [37mPOST[39m [37m/wd/hub/session/7b6ab364-9af0-4448-8e05-cdc7b334f7fd/elements[39m
[35m[HTTP][39m [90m{"using":"xpath","value":"//*[@class = 'android.widget.LinearLayout' and @resource-id = 'com.kfc.mobile.hkStaging:id/button_cart_summary' and (@text = '' or . = '')]"}[39m
[35m[HTTP][39m [37m<-- POST /wd/hub/session/7b6ab364-9af0-4448-8e05-cdc7b334f7fd/elements [39m[32m200[39m [90m92 ms - 12[39m
[35m[HTTP][39m [90m[39m
[35m[HTTP][39m [37m-->[39m [37mPOST[39m [37m/wd/hub/session/7b6ab364-9af0-4448-8e05-cdc7b334f7fd/elements[39m
[35m[HTTP][39m [90m{"using":"xpath","value":"//*[@class = 'android.widget.LinearLayout' and @resource-id = 'com.kfc.mobile.hkStaging:id/button_cart_summary' and (@text = '' or . = '')]"}[39m
[35m[HTTP][39m [37m<-- POST /wd/hub/session/7b6ab364-9af0-4448-8e05-cdc7b334f7fd/elements [39m[32m200[39m [90m90 ms - 12[39m
[35m[HTTP][39m [90m[39m
[35m[HTTP][39m [37m-->[39m [37mPOST[39m [37m/wd/hub/session/7b6ab364-9af0-4448-8e05-cdc7b334f7fd/elements[39m
[35m[HTTP][39m [90m{"using":"xpath","value":"//*[@class = 'android.widget.LinearLayout' and @resource-id = 'com.kfc.mobile.hkStaging:id/button_cart_summary' and (@text = '' or . = '')]"}[39m
[35m[HTTP][39m [37m<-- POST /wd/hub/session/7b6ab364-9af0-4448-8e05-cdc7b334f7fd/elements [39m[32m200[39m [90m99 ms - 12[39m
[35m[HTTP][39m [90m[39m
[35m[HTTP][39m [37m-->[39m [37mPOST[39m [37m/wd/hub/session/7b6ab364-9af0-4448-8e05-cdc7b334f7fd/elements[39m
[35m[HTTP][39m [90m{"using":"xpath","value":"//*[@class = 'android.widget.LinearLayout' and @resource-id = 'com.kfc.mobile.hkStaging:id/button_cart_summary' and (@text = '' or . = '')]"}[39m
[35m[HTTP][39m [37m<-- POST /wd/hub/session/7b6ab364-9af0-4448-8e05-cdc7b334f7fd/elements [39m[32m200[39m [90m89 ms - 12[39m
[35m[HTTP][39m [90m[39m
[35m[HTTP][39m [37m-->[39m [37mPOST[39m [37m/wd/hub/session/7b6ab364-9af0-4448-8e05-cdc7b334f7fd/timeouts[39m
[35m[HTTP][39m [90m{"implicit":30000}[39m
[35m[HTTP][39m [37m<-- POST /wd/hub/session/7b6ab364-9af0-4448-8e05-cdc7b334f7fd/timeouts [39m[32m200[39m [90m1 ms - 14[39m
[35m[HTTP][39m [90m[39m
[35m[HTTP][39m [37m-->[39m [37mGET[39m [37m/wd/hub/session/7b6ab364-9af0-4448-8e05-cdc7b334f7fd/context[39m
[35m[HTTP][39m [90m{}[39m
[35m[HTTP][39m [37m<-- GET /wd/hub/session/7b6ab364-9af0-4448-8e05-cdc7b334f7fd/context [39m[32m200[39m [90m1 ms - 22[39m
[35m[HTTP][39m [90m[39m
[35m[HTTP][39m [37m-->[39m [37mGET[39m [37m/wd/hub/session/7b6ab364-9af0-4448-8e05-cdc7b334f7fd/contexts[39m
[35m[HTTP][39m [90m{}[39m
[35m[HTTP][39m [37m<-- GET /wd/hub/session/7b6ab364-9af0-4448-8e05-cdc7b334f7fd/contexts [39m[32m200[39m [90m72 ms - 24[39m
[35m[HTTP][39m [90m[39m
[35m[HTTP][39m [37m-->[39m [37mPOST[39m [37m/wd/hub/session/7b6ab364-9af0-4448-8e05-cdc7b334f7fd/context[39m
[35m[HTTP][39m [90m{"name":"NATIVE_APP"}[39m
[35m[HTTP][39m [37m<-- POST /wd/hub/session/7b6ab364-9af0-4448-8e05-cdc7b334f7fd/context [39m[32m200[39m [90m1 ms - 14[39m
[35m[HTTP][39m [90m[39m
[35m[HTTP][39m [37m-->[39m [37mGET[39m [37m/wd/hub/session/7b6ab364-9af0-4448-8e05-cdc7b334f7fd/screenshot[39m
[35m[HTTP][39m [90m{}[39m
[35m[HTTP][39m [37m<-- GET /wd/hub/session/7b6ab364-9af0-4448-8e05-cdc7b334f7fd/screenshot [39m[32m200[39m [90m1535 ms - 1123044[39m
[35m[HTTP][39m [90m[39m
[35m[HTTP][39m [37m-->[39m [37mPOST[39m [37m/wd/hub/session/7b6ab364-9af0-4448-8e05-cdc7b334f7fd/context[39m
[35m[HTTP][39m [90m{"name":"NATIVE_APP"}[39m
[35m[HTTP][39m [37m<-- POST /wd/hub/session/7b6ab364-9af0-4448-8e05-cdc7b334f7fd/context [39m[32m200[39m [90m1 ms - 14[39m
[35m[HTTP][39m [90m[39m
[35m[HTTP][39m [37m-->[39m [37mGET[39m [37m/wd/hub/status[39m
[35m[HTTP][39m [90m{}[39m
[35m[HTTP][39m [37m<-- GET /wd/hub/status [39m[32m200[39m [90m1 ms - 68[39m
[35m[HTTP][39m [90m[39m
[35m[HTTP][39m [37m-->[39m [37mPOST[39m [37m/wd/hub/session[39m
[35m[HTTP][39m [90m{"desiredCapabilities":{"appPackage":"com.kfc.mobile.hkStaging","noReset":true,"deviceId":"","deviceName":"OPPO CPH1801 (Android 7.1.1)","platform":"ANDROID","appActivity":"com.kfc.mobile.presentation.home.HomeActivity","newCommandTimeout":1800,"platformVersion":"7.1.1","automationName":"uiautomator2","autoGrantPermissions":true,"platformName":"Android","udid":"aa14e06a","systemPort":8293},"capabilities":{"firstMatch":[{"appium:appActivity":"com.kfc.mobile.presentation.home.HomeActivity","appium:appPackage":"com.kfc.mobile.hkStaging","appium:autoGrantPermissions":true,"appium:automationName":"uiautomator2","deviceId":"","appium:deviceName":"OPPO CPH1801 (Android 7.1.1)","appium:newCommandTimeout":1800,"appium:noReset":true,"platform":"ANDROID","platformName":"android","appium:platformVersion":"7.1.1","appium:systemPort":8293,"appium:udid":"aa14e06a"}]}}[39m
[35m[BaseDriver][39m The following capabilities are not standard capabilities and should have an extension prefix:
[35m[BaseDriver][39m   deviceId
[35m[BaseDriver][39m   platform
[35m[BaseDriver][39m   chromedriverPort
[35m[Appium][39m Appium v1.22.3 creating new AndroidUiautomator2Driver (v1.70.1) session
[35m[BaseDriver][39m The following capabilities were provided, but are not recognized by Appium:
[35m[BaseDriver][39m   deviceId
[35m[BaseDriver][39m   platform
[35m[BaseDriver][39m Session created with session id: 58020b3a-8506-4bd9-98a2-b9980790fd1b
[35m[UiAutomator2][39m Starting 'com.kfc.mobile.hkStaging' directly on the device
[35m[ADB][39m Using 'adb.exe' from 'C:\Users\Ahadian Rifky\.katalon\tools\android_sdk\platform-tools\adb.exe'
[35m[AndroidDriver][39m Retrieving device list
[35m[AndroidDriver][39m Using device: aa14e06a
[35m[ADB][39m Using 'adb.exe' from 'C:\Users\Ahadian Rifky\.katalon\tools\android_sdk\platform-tools\adb.exe'
[35m[AndroidDriver][39m No app sent in, not parsing package/activity
[35m[UiAutomator2][39m Server packages are not going to be (re)installed
[35m[ADB][39m Adding packages ["io.appium.settings","io.appium.uiautomator2.server","io.appium.uiautomator2.server.test"] to Doze whitelist
[35m[UiAutomator2][39m Starting UIAutomator2 server 4.27.0
[35m[UiAutomator2][39m Using UIAutomator2 server from 'C:\Users\Ahadian Rifky\AppData\Roaming\npm\node_modules\appium\node_modules\appium-uiautomator2-server\apks\appium-uiautomator2-server-v4.27.0.apk' and test from 'C:\Users\Ahadian Rifky\AppData\Roaming\npm\node_modules\appium\node_modules\appium-uiautomator2-server\apks\appium-uiautomator2-server-debug-androidTest.apk'
[35m[UiAutomator2][39m Waiting up to 30000ms for UiAutomator2 to be online...
[35m[WD Proxy][39m socket hang up
[35m[WD Proxy][39m socket hang up
[35m[WD Proxy][39m socket hang up
[35m[WD Proxy][39m Determined the downstream protocol as 'W3C'
[35m[AndroidDriver][39m Screen already unlocked, doing nothing
[35m[UiAutomator2][39m Starting 'com.kfc.mobile.hkStaging/com.kfc.mobile.presentation.home.HomeActivity and waiting for 'com.kfc.mobile.hkStaging/com.kfc.mobile.presentation.home.HomeActivity'
[35m[HTTP][39m [37m<-- POST /wd/hub/session [39m[32m-[39m [90m- ms - -[39m
[35m[HTTP][39m [90m[39m
[35m[BaseDriver][39m Shutting down because we waited 1800 seconds for a command
[35m[Appium][39m Closing session, cause was 'New Command Timeout of 1800 seconds expired. Try customizing the timeout using the 'newCommandTimeout' desired capability'
[35m[Appium][39m Removing session '7b6ab364-9af0-4448-8e05-cdc7b334f7fd' from our master session list
[35m[UiAutomator2][39m Did not get confirmation UiAutomator2 deleteSession worked; Error was: UnknownError: An unknown server-side error occurred while processing the command. Original error: 'DELETE /' cannot be proxied to UiAutomator2 server because the instrumentation process is not running (probably crashed). Check the server log and/or the logcat output for more details
