[35m[Appium][39m Welcome to Appium v1.22.3
[35m[Appium][39m Non-default server args:
[35m[Appium][39m   port: 54039
[35m[Appium][39m   loglevel: info
[35m[Appium][39m   tmpDir: C:\Users\AHADIA~1\AppData\Local\Temp\\Katalon\Appium\Temp1680691221894
[35m[Appium][39m   chromedriverPort: 54040
[35m[Appium][39m Deprecated server args:
[35m[Appium][39m   [31m--chromedriver-port[39m => --default-capabilities
[35m[Appium][39m Default capabilities, which will be added to each request unless overridden by desired capabilities:
[35m[Appium][39m   chromedriverPort: 54040
[35m[Appium][39m Appium REST http interface listener started on 0.0.0.0:54039
[35m[HTTP][39m [37m-->[39m [37mGET[39m [37m/wd/hub/status[39m
[35m[HTTP][39m [90m{}[39m
[35m[HTTP][39m [37m<-- GET /wd/hub/status [39m[32m200[39m [90m5 ms - 68[39m
[35m[HTTP][39m [90m[39m
[35m[HTTP][39m [37m-->[39m [37mPOST[39m [37m/wd/hub/session[39m
[35m[HTTP][39m [90m{"desiredCapabilities":{"appPackage":"com.kfc.mobile.hkStaging","noReset":true,"deviceId":"","deviceName":"OPPO CPH1801 (Android 7.1.1)","platform":"ANDROID","appActivity":"com.kfc.mobile.presentation.splash.SplashActivity","newCommandTimeout":1800,"platformVersion":"7.1.1","automationName":"uiautomator2","autoGrantPermissions":true,"platformName":"Android","udid":"aa14e06a","systemPort":8208},"capabilities":{"firstMatch":[{"appium:appActivity":"com.kfc.mobile.presentation.splash.SplashActivity","appium:appPackage":"com.kfc.mobile.hkStaging","appium:autoGrantPermissions":true,"appium:automationName":"uiautomator2","deviceId":"","appium:deviceName":"OPPO CPH1801 (Android 7.1.1)","appium:newCommandTimeout":1800,"appium:noReset":true,"platform":"ANDROID","platformName":"android","appium:platformVersion":"7.1.1","appium:systemPort":8208,"appium:udid":"aa14e06a"}]}}[39m
[35m[BaseDriver][39m The following capabilities are not standard capabilities and should have an extension prefix:
[35m[BaseDriver][39m   deviceId
[35m[BaseDriver][39m   platform
[35m[BaseDriver][39m   chromedriverPort
[35m[Appium][39m Appium v1.22.3 creating new AndroidUiautomator2Driver (v1.70.1) session
[35m[BaseDriver][39m The following capabilities were provided, but are not recognized by Appium:
[35m[BaseDriver][39m   deviceId
[35m[BaseDriver][39m   platform
[35m[BaseDriver][39m Session created with session id: bb81c2d7-30e6-4555-9f7e-a153305cd151
[35m[UiAutomator2][39m Starting 'com.kfc.mobile.hkStaging' directly on the device
[35m[ADB][39m Found 1 'build-tools' folders under 'C:\Users\Ahadian Rifky\.katalon\tools\android_sdk' (newest first):
[35m[ADB][39m     C:/Users/Ahadian Rifky/.katalon/tools/android_sdk/build-tools/29.0.3
[35m[ADB][39m Using 'adb.exe' from 'C:\Users\Ahadian Rifky\.katalon\tools\android_sdk\platform-tools\adb.exe'
[35m[AndroidDriver][39m Retrieving device list
[35m[AndroidDriver][39m Using device: aa14e06a
[35m[ADB][39m Using 'adb.exe' from 'C:\Users\Ahadian Rifky\.katalon\tools\android_sdk\platform-tools\adb.exe'
[35m[AndroidDriver][39m No app sent in, not parsing package/activity
[35m[ADB][39m Using 'apksigner.jar' from 'C:\Users\Ahadian Rifky\.katalon\tools\android_sdk\build-tools\29.0.3\lib\apksigner.jar'
[35m[ADB][39m 'C:\Users\Ahadian Rifky\AppData\Roaming\npm\node_modules\appium\node_modules\appium-uiautomator2-server\apks\appium-uiautomator2-server-v4.27.0.apk' is signed with the default certificate
[35m[ADB][39m 'C:\Users\Ahadian Rifky\AppData\Roaming\npm\node_modules\appium\node_modules\appium-uiautomator2-server\apks\appium-uiautomator2-server-debug-androidTest.apk' is signed with the default certificate
[35m[UiAutomator2][39m Server packages are not going to be (re)installed
[35m[ADB][39m Adding packages ["io.appium.settings","io.appium.uiautomator2.server","io.appium.uiautomator2.server.test"] to Doze whitelist
[35m[UiAutomator2][39m Starting UIAutomator2 server 4.27.0
[35m[UiAutomator2][39m Using UIAutomator2 server from 'C:\Users\Ahadian Rifky\AppData\Roaming\npm\node_modules\appium\node_modules\appium-uiautomator2-server\apks\appium-uiautomator2-server-v4.27.0.apk' and test from 'C:\Users\Ahadian Rifky\AppData\Roaming\npm\node_modules\appium\node_modules\appium-uiautomator2-server\apks\appium-uiautomator2-server-debug-androidTest.apk'
[35m[UiAutomator2][39m Waiting up to 30000ms for UiAutomator2 to be online...
[35m[WD Proxy][39m socket hang up
[35m[WD Proxy][39m socket hang up
[35m[WD Proxy][39m socket hang up
[35m[WD Proxy][39m Determined the downstream protocol as 'W3C'
[35m[AndroidDriver][39m Screen already unlocked, doing nothing
[35m[UiAutomator2][39m Starting 'com.kfc.mobile.hkStaging/com.kfc.mobile.presentation.splash.SplashActivity and waiting for 'com.kfc.mobile.hkStaging/com.kfc.mobile.presentation.splash.SplashActivity'
[35m[Appium][39m New AndroidUiautomator2Driver session created successfully, session bb81c2d7-30e6-4555-9f7e-a153305cd151 added to master session list
[35m[HTTP][39m [37m<-- POST /wd/hub/session [39m[32m200[39m [90m13408 ms - 1287[39m
[35m[HTTP][39m [90m[39m
[35m[HTTP][39m [37m-->[39m [37mGET[39m [37m/wd/hub/session/bb81c2d7-30e6-4555-9f7e-a153305cd151[39m
[35m[HTTP][39m [90m{}[39m
[35m[HTTP][39m [37m<-- GET /wd/hub/session/bb81c2d7-30e6-4555-9f7e-a153305cd151 [39m[32m200[39m [90m19 ms - 1241[39m
[35m[HTTP][39m [90m[39m
[35m[HTTP][39m [37m-->[39m [37mGET[39m [37m/wd/hub/session/bb81c2d7-30e6-4555-9f7e-a153305cd151[39m
[35m[HTTP][39m [90m{}[39m
[35m[HTTP][39m [37m<-- GET /wd/hub/session/bb81c2d7-30e6-4555-9f7e-a153305cd151 [39m[32m200[39m [90m16 ms - 1241[39m
[35m[HTTP][39m [90m[39m
[35m[HTTP][39m [37m-->[39m [37mGET[39m [37m/wd/hub/status[39m
[35m[HTTP][39m [90m{}[39m
[35m[HTTP][39m [37m<-- GET /wd/hub/status [39m[32m200[39m [90m1 ms - 68[39m
[35m[HTTP][39m [90m[39m
[35m[HTTP][39m [37m-->[39m [37mPOST[39m [37m/wd/hub/session/bb81c2d7-30e6-4555-9f7e-a153305cd151/timeouts[39m
[35m[HTTP][39m [90m{"implicit":30000}[39m
[35m[HTTP][39m [37m<-- POST /wd/hub/session/bb81c2d7-30e6-4555-9f7e-a153305cd151/timeouts [39m[32m200[39m [90m3 ms - 14[39m
[35m[HTTP][39m [90m[39m
[35m[HTTP][39m [37m-->[39m [37mGET[39m [37m/wd/hub/session/bb81c2d7-30e6-4555-9f7e-a153305cd151/screenshot[39m
[35m[HTTP][39m [90m{}[39m
[35m[HTTP][39m [37m<-- GET /wd/hub/session/bb81c2d7-30e6-4555-9f7e-a153305cd151/screenshot [39m[32m200[39m [90m479 ms - 261178[39m
[35m[HTTP][39m [90m[39m
[35m[HTTP][39m [37m-->[39m [37mGET[39m [37m/wd/hub/session/bb81c2d7-30e6-4555-9f7e-a153305cd151/window/rect[39m
[35m[HTTP][39m [90m{}[39m
[35m[HTTP][39m [37m<-- GET /wd/hub/session/bb81c2d7-30e6-4555-9f7e-a153305cd151/window/rect [39m[32m200[39m [90m29 ms - 49[39m
[35m[HTTP][39m [90m[39m
[35m[HTTP][39m [37m-->[39m [37mGET[39m [37m/wd/hub/session/bb81c2d7-30e6-4555-9f7e-a153305cd151/appium/device/system_bars[39m
[35m[HTTP][39m [90m{}[39m
[35m[HTTP][39m [37m<-- GET /wd/hub/session/bb81c2d7-30e6-4555-9f7e-a153305cd151/appium/device/system_bars [39m[31m500[39m [90m174 ms - 663[39m
[35m[HTTP][39m [90m[39m
[35m[HTTP][39m [37m-->[39m [37mPOST[39m [37m/wd/hub/session/bb81c2d7-30e6-4555-9f7e-a153305cd151/execute/sync[39m
[35m[HTTP][39m [90m{"script":"mobile:viewportRect","args":[]}[39m
[35m[AndroidDriver][39m Executing native command 'mobile:viewportRect'
[35m[HTTP][39m [37m<-- POST /wd/hub/session/bb81c2d7-30e6-4555-9f7e-a153305cd151/execute/sync [39m[32m200[39m [90m20 ms - 55[39m
[35m[HTTP][39m [90m[39m
[35m[HTTP][39m [37m-->[39m [37mPOST[39m [37m/wd/hub/session/bb81c2d7-30e6-4555-9f7e-a153305cd151/appium/device/activate_app[39m
[35m[HTTP][39m [90m{"bundleId":"com.kfc.mobile.hkStaging"}[39m
[35m[HTTP][39m [37m<-- POST /wd/hub/session/bb81c2d7-30e6-4555-9f7e-a153305cd151/appium/device/activate_app [39m[32m200[39m [90m1011 ms - 14[39m
[35m[HTTP][39m [90m[39m
[35m[HTTP][39m [37m-->[39m [37mPOST[39m [37m/wd/hub/session/bb81c2d7-30e6-4555-9f7e-a153305cd151/timeouts[39m
[35m[HTTP][39m [90m{"implicit":50}[39m
[35m[HTTP][39m [37m<-- POST /wd/hub/session/bb81c2d7-30e6-4555-9f7e-a153305cd151/timeouts [39m[32m200[39m [90m3 ms - 14[39m
[35m[HTTP][39m [90m[39m
[35m[HTTP][39m [37m-->[39m [37mGET[39m [37m/wd/hub/session/bb81c2d7-30e6-4555-9f7e-a153305cd151/window/rect[39m
[35m[HTTP][39m [90m{}[39m
[35m[HTTP][39m [37m<-- GET /wd/hub/session/bb81c2d7-30e6-4555-9f7e-a153305cd151/window/rect [39m[32m200[39m [90m17 ms - 49[39m
[35m[HTTP][39m [90m[39m
[35m[HTTP][39m [37m-->[39m [37mPOST[39m [37m/wd/hub/session/bb81c2d7-30e6-4555-9f7e-a153305cd151/elements[39m
[35m[HTTP][39m [90m{"using":"xpath","value":"//*[@class = 'android.widget.TextView' and (@text = 'Beranda' or . = 'Beranda') and @resource-id = 'com.kfc.mobile.hkStaging:id/tvBottomHome']"}[39m
[35m[HTTP][39m [37m<-- POST /wd/hub/session/bb81c2d7-30e6-4555-9f7e-a153305cd151/elements [39m[32m200[39m [90m3740 ms - 139[39m
[35m[HTTP][39m [90m[39m
[35m[HTTP][39m [37m-->[39m [37mGET[39m [37m/wd/hub/session/bb81c2d7-30e6-4555-9f7e-a153305cd151/element/00000000-0000-0328-7fff-ffff00000032/location[39m
[35m[HTTP][39m [90m{}[39m
[35m[W3C (bb81c2d7)][39m Driver proxy active, passing request on via HTTP proxy
[35m[WD Proxy][39m Replacing sessionId f34c1999-19e5-41bb-8c17-764d17ce3f7d with bb81c2d7-30e6-4555-9f7e-a153305cd151
[35m[HTTP][39m [37m<-- GET /wd/hub/session/bb81c2d7-30e6-4555-9f7e-a153305cd151/element/00000000-0000-0328-7fff-ffff00000032/location [39m[32m200[39m [90m678 ms - 77[39m
[35m[HTTP][39m [90m[39m
[35m[HTTP][39m [37m-->[39m [37mPOST[39m [37m/wd/hub/session/bb81c2d7-30e6-4555-9f7e-a153305cd151/timeouts[39m
[35m[HTTP][39m [90m{"implicit":30000}[39m
[35m[HTTP][39m [37m<-- POST /wd/hub/session/bb81c2d7-30e6-4555-9f7e-a153305cd151/timeouts [39m[32m200[39m [90m1 ms - 14[39m
[35m[HTTP][39m [90m[39m
[35m[HTTP][39m [37m-->[39m [37mPOST[39m [37m/wd/hub/session/bb81c2d7-30e6-4555-9f7e-a153305cd151/timeouts[39m
[35m[HTTP][39m [90m{"implicit":50}[39m
[35m[HTTP][39m [37m<-- POST /wd/hub/session/bb81c2d7-30e6-4555-9f7e-a153305cd151/timeouts [39m[32m200[39m [90m2 ms - 14[39m
[35m[HTTP][39m [90m[39m
[35m[HTTP][39m [37m-->[39m [37mGET[39m [37m/wd/hub/session/bb81c2d7-30e6-4555-9f7e-a153305cd151/window/rect[39m
[35m[HTTP][39m [90m{}[39m
[35m[HTTP][39m [37m<-- GET /wd/hub/session/bb81c2d7-30e6-4555-9f7e-a153305cd151/window/rect [39m[32m200[39m [90m16 ms - 49[39m
[35m[HTTP][39m [90m[39m
[35m[HTTP][39m [37m-->[39m [37mPOST[39m [37m/wd/hub/session/bb81c2d7-30e6-4555-9f7e-a153305cd151/elements[39m
[35m[HTTP][39m [90m{"using":"xpath","value":"//*[@class = 'android.widget.TextView' and (@text = 'Beranda' or . = 'Beranda') and @resource-id = 'com.kfc.mobile.hkStaging:id/tvBottomHome']"}[39m
[35m[HTTP][39m [37m<-- POST /wd/hub/session/bb81c2d7-30e6-4555-9f7e-a153305cd151/elements [39m[32m200[39m [90m298 ms - 139[39m
[35m[HTTP][39m [90m[39m
[35m[HTTP][39m [37m-->[39m [37mGET[39m [37m/wd/hub/session/bb81c2d7-30e6-4555-9f7e-a153305cd151/element/00000000-0000-0328-7fff-ffff00000032/location[39m
[35m[HTTP][39m [90m{}[39m
[35m[W3C (bb81c2d7)][39m Driver proxy active, passing request on via HTTP proxy
[35m[WD Proxy][39m Replacing sessionId f34c1999-19e5-41bb-8c17-764d17ce3f7d with bb81c2d7-30e6-4555-9f7e-a153305cd151
[35m[HTTP][39m [37m<-- GET /wd/hub/session/bb81c2d7-30e6-4555-9f7e-a153305cd151/element/00000000-0000-0328-7fff-ffff00000032/location [39m[32m200[39m [90m27 ms - 77[39m
[35m[HTTP][39m [90m[39m
[35m[HTTP][39m [37m-->[39m [37mPOST[39m [37m/wd/hub/session/bb81c2d7-30e6-4555-9f7e-a153305cd151/timeouts[39m
[35m[HTTP][39m [90m{"implicit":30000}[39m
[35m[HTTP][39m [37m<-- POST /wd/hub/session/bb81c2d7-30e6-4555-9f7e-a153305cd151/timeouts [39m[32m200[39m [90m2 ms - 14[39m
[35m[HTTP][39m [90m[39m
[35m[HTTP][39m [37m-->[39m [37mPOST[39m [37m/wd/hub/session/bb81c2d7-30e6-4555-9f7e-a153305cd151/element/00000000-0000-0328-7fff-ffff00000032/click[39m
[35m[HTTP][39m [90m{"id":"00000000-0000-0328-7fff-ffff00000032"}[39m
[35m[HTTP][39m [37m<-- POST /wd/hub/session/bb81c2d7-30e6-4555-9f7e-a153305cd151/element/00000000-0000-0328-7fff-ffff00000032/click [39m[32m200[39m [90m36 ms - 14[39m
[35m[HTTP][39m [90m[39m
[35m[HTTP][39m [37m-->[39m [37mGET[39m [37m/wd/hub/session/bb81c2d7-30e6-4555-9f7e-a153305cd151/context[39m
[35m[HTTP][39m [90m{}[39m
[35m[HTTP][39m [37m<-- GET /wd/hub/session/bb81c2d7-30e6-4555-9f7e-a153305cd151/context [39m[32m200[39m [90m1 ms - 22[39m
[35m[HTTP][39m [90m[39m
[35m[HTTP][39m [37m-->[39m [37mGET[39m [37m/wd/hub/session/bb81c2d7-30e6-4555-9f7e-a153305cd151/contexts[39m
[35m[HTTP][39m [90m{}[39m
[35m[HTTP][39m [37m<-- GET /wd/hub/session/bb81c2d7-30e6-4555-9f7e-a153305cd151/contexts [39m[32m200[39m [90m58 ms - 24[39m
[35m[HTTP][39m [90m[39m
[35m[HTTP][39m [37m-->[39m [37mPOST[39m [37m/wd/hub/session/bb81c2d7-30e6-4555-9f7e-a153305cd151/context[39m
[35m[HTTP][39m [90m{"name":"NATIVE_APP"}[39m
[35m[HTTP][39m [37m<-- POST /wd/hub/session/bb81c2d7-30e6-4555-9f7e-a153305cd151/context [39m[32m200[39m [90m1 ms - 14[39m
[35m[HTTP][39m [90m[39m
[35m[HTTP][39m [37m-->[39m [37mPOST[39m [37m/wd/hub/session/bb81c2d7-30e6-4555-9f7e-a153305cd151/touch/perform[39m
[35m[HTTP][39m [90m{"actions":[{"action":"press","options":{"x":281,"y":500}},{"action":"wait","options":{"ms":500}},{"action":"moveTo","options":{"x":434,"y":161}},{"action":"release","options":{}}]}[39m
[35m[HTTP][39m [37m<-- POST /wd/hub/session/bb81c2d7-30e6-4555-9f7e-a153305cd151/touch/perform [39m[32m200[39m [90m1000 ms - 14[39m
[35m[HTTP][39m [90m[39m
[35m[HTTP][39m [37m-->[39m [37mPOST[39m [37m/wd/hub/session/bb81c2d7-30e6-4555-9f7e-a153305cd151/context[39m
[35m[HTTP][39m [90m{"name":"NATIVE_APP"}[39m
[35m[HTTP][39m [37m<-- POST /wd/hub/session/bb81c2d7-30e6-4555-9f7e-a153305cd151/context [39m[32m200[39m [90m1 ms - 14[39m
[35m[HTTP][39m [90m[39m
[35m[HTTP][39m [37m-->[39m [37mPOST[39m [37m/wd/hub/session/bb81c2d7-30e6-4555-9f7e-a153305cd151/timeouts[39m
[35m[HTTP][39m [90m{"implicit":50}[39m
[35m[HTTP][39m [37m<-- POST /wd/hub/session/bb81c2d7-30e6-4555-9f7e-a153305cd151/timeouts [39m[32m200[39m [90m2 ms - 14[39m
[35m[HTTP][39m [90m[39m
[35m[HTTP][39m [37m-->[39m [37mGET[39m [37m/wd/hub/session/bb81c2d7-30e6-4555-9f7e-a153305cd151/window/rect[39m
[35m[HTTP][39m [90m{}[39m
[35m[HTTP][39m [37m<-- GET /wd/hub/session/bb81c2d7-30e6-4555-9f7e-a153305cd151/window/rect [39m[32m200[39m [90m19 ms - 49[39m
[35m[HTTP][39m [90m[39m
[35m[HTTP][39m [37m-->[39m [37mPOST[39m [37m/wd/hub/session/bb81c2d7-30e6-4555-9f7e-a153305cd151/elements[39m
[35m[HTTP][39m [90m{"using":"xpath","value":"//*[@class = 'android.widget.TextView' and (@text = 'DINE-IN' or . = 'DINE-IN') and @resource-id = 'com.kfc.mobile.hkStaging:id/textViewOrderTypeName']"}[39m
[35m[HTTP][39m [37m<-- POST /wd/hub/session/bb81c2d7-30e6-4555-9f7e-a153305cd151/elements [39m[32m200[39m [90m525 ms - 139[39m
[35m[HTTP][39m [90m[39m
[35m[HTTP][39m [37m-->[39m [37mGET[39m [37m/wd/hub/session/bb81c2d7-30e6-4555-9f7e-a153305cd151/element/00000000-0000-0328-7fff-ffff0000007b/location[39m
[35m[HTTP][39m [90m{}[39m
[35m[W3C (bb81c2d7)][39m Driver proxy active, passing request on via HTTP proxy
[35m[WD Proxy][39m Replacing sessionId f34c1999-19e5-41bb-8c17-764d17ce3f7d with bb81c2d7-30e6-4555-9f7e-a153305cd151
[35m[HTTP][39m [37m<-- GET /wd/hub/session/bb81c2d7-30e6-4555-9f7e-a153305cd151/element/00000000-0000-0328-7fff-ffff0000007b/location [39m[32m200[39m [90m768 ms - 78[39m
[35m[HTTP][39m [90m[39m
[35m[HTTP][39m [37m-->[39m [37mPOST[39m [37m/wd/hub/session/bb81c2d7-30e6-4555-9f7e-a153305cd151/timeouts[39m
[35m[HTTP][39m [90m{"implicit":30000}[39m
[35m[HTTP][39m [37m<-- POST /wd/hub/session/bb81c2d7-30e6-4555-9f7e-a153305cd151/timeouts [39m[32m200[39m [90m2 ms - 14[39m
[35m[HTTP][39m [90m[39m
[35m[HTTP][39m [37m-->[39m [37mPOST[39m [37m/wd/hub/session/bb81c2d7-30e6-4555-9f7e-a153305cd151/element/00000000-0000-0328-7fff-ffff0000007b/click[39m
[35m[HTTP][39m [90m{"id":"00000000-0000-0328-7fff-ffff0000007b"}[39m
[35m[HTTP][39m [37m<-- POST /wd/hub/session/bb81c2d7-30e6-4555-9f7e-a153305cd151/element/00000000-0000-0328-7fff-ffff0000007b/click [39m[32m200[39m [90m32 ms - 14[39m
[35m[HTTP][39m [90m[39m
[35m[HTTP][39m [37m-->[39m [37mPOST[39m [37m/wd/hub/session/bb81c2d7-30e6-4555-9f7e-a153305cd151/timeouts[39m
[35m[HTTP][39m [90m{"implicit":50}[39m
[35m[HTTP][39m [37m<-- POST /wd/hub/session/bb81c2d7-30e6-4555-9f7e-a153305cd151/timeouts [39m[32m200[39m [90m2 ms - 14[39m
[35m[HTTP][39m [90m[39m
[35m[HTTP][39m [37m-->[39m [37mGET[39m [37m/wd/hub/session/bb81c2d7-30e6-4555-9f7e-a153305cd151/window/rect[39m
[35m[HTTP][39m [90m{}[39m
[35m[HTTP][39m [37m<-- GET /wd/hub/session/bb81c2d7-30e6-4555-9f7e-a153305cd151/window/rect [39m[32m200[39m [90m13 ms - 49[39m
[35m[HTTP][39m [90m[39m
[35m[HTTP][39m [37m-->[39m [37mPOST[39m [37m/wd/hub/session/bb81c2d7-30e6-4555-9f7e-a153305cd151/elements[39m
[35m[HTTP][39m [90m{"using":"xpath","value":"//*[@class = 'android.widget.TextView' and (@text = 'Cari Gerai KFC' or . = 'Cari Gerai KFC') and @resource-id = 'com.kfc.mobile.hkStaging:id/text_view_label_input_outlet']"}[39m
[35m[HTTP][39m [37m<-- POST /wd/hub/session/bb81c2d7-30e6-4555-9f7e-a153305cd151/elements [39m[32m200[39m [90m1992 ms - 139[39m
[35m[HTTP][39m [90m[39m
[35m[HTTP][39m [37m-->[39m [37mGET[39m [37m/wd/hub/session/bb81c2d7-30e6-4555-9f7e-a153305cd151/element/00000000-0000-0329-7fff-ffff000000db/location[39m
[35m[HTTP][39m [90m{}[39m
[35m[W3C (bb81c2d7)][39m Driver proxy active, passing request on via HTTP proxy
[35m[WD Proxy][39m Replacing sessionId f34c1999-19e5-41bb-8c17-764d17ce3f7d with bb81c2d7-30e6-4555-9f7e-a153305cd151
[35m[HTTP][39m [37m<-- GET /wd/hub/session/bb81c2d7-30e6-4555-9f7e-a153305cd151/element/00000000-0000-0329-7fff-ffff000000db/location [39m[32m200[39m [90m892 ms - 77[39m
[35m[HTTP][39m [90m[39m
[35m[HTTP][39m [37m-->[39m [37mPOST[39m [37m/wd/hub/session/bb81c2d7-30e6-4555-9f7e-a153305cd151/timeouts[39m
[35m[HTTP][39m [90m{"implicit":30000}[39m
[35m[HTTP][39m [37m<-- POST /wd/hub/session/bb81c2d7-30e6-4555-9f7e-a153305cd151/timeouts [39m[32m200[39m [90m1 ms - 14[39m
[35m[HTTP][39m [90m[39m
[35m[HTTP][39m [37m-->[39m [37mPOST[39m [37m/wd/hub/session/bb81c2d7-30e6-4555-9f7e-a153305cd151/element/00000000-0000-0329-7fff-ffff000000db/click[39m
[35m[HTTP][39m [90m{"id":"00000000-0000-0329-7fff-ffff000000db"}[39m
[35m[HTTP][39m [37m<-- POST /wd/hub/session/bb81c2d7-30e6-4555-9f7e-a153305cd151/element/00000000-0000-0329-7fff-ffff000000db/click [39m[32m200[39m [90m28 ms - 14[39m
[35m[HTTP][39m [90m[39m
[35m[HTTP][39m [37m-->[39m [37mPOST[39m [37m/wd/hub/session/bb81c2d7-30e6-4555-9f7e-a153305cd151/timeouts[39m
[35m[HTTP][39m [90m{"implicit":50}[39m
[35m[HTTP][39m [37m<-- POST /wd/hub/session/bb81c2d7-30e6-4555-9f7e-a153305cd151/timeouts [39m[32m200[39m [90m2 ms - 14[39m
[35m[HTTP][39m [90m[39m
[35m[HTTP][39m [37m-->[39m [37mGET[39m [37m/wd/hub/session/bb81c2d7-30e6-4555-9f7e-a153305cd151/window/rect[39m
[35m[HTTP][39m [90m{}[39m
[35m[HTTP][39m [37m<-- GET /wd/hub/session/bb81c2d7-30e6-4555-9f7e-a153305cd151/window/rect [39m[32m200[39m [90m15 ms - 49[39m
[35m[HTTP][39m [90m[39m
[35m[HTTP][39m [37m-->[39m [37mPOST[39m [37m/wd/hub/session/bb81c2d7-30e6-4555-9f7e-a153305cd151/elements[39m
[35m[HTTP][39m [90m{"using":"xpath","value":"//*[@class = 'android.widget.EditText' and (@text = 'Cari Gerai KFC' or . = 'Cari Gerai KFC') and @resource-id = 'com.kfc.mobile.hkStaging:id/edit_text_search_outlet']"}[39m
[35m[HTTP][39m [37m<-- POST /wd/hub/session/bb81c2d7-30e6-4555-9f7e-a153305cd151/elements [39m[32m200[39m [90m1722 ms - 139[39m
[35m[HTTP][39m [90m[39m
[35m[HTTP][39m [37m-->[39m [37mGET[39m [37m/wd/hub/session/bb81c2d7-30e6-4555-9f7e-a153305cd151/element/00000000-0000-0329-7fff-ffff000000dd/location[39m
[35m[HTTP][39m [90m{}[39m
[35m[W3C (bb81c2d7)][39m Driver proxy active, passing request on via HTTP proxy
[35m[WD Proxy][39m Replacing sessionId f34c1999-19e5-41bb-8c17-764d17ce3f7d with bb81c2d7-30e6-4555-9f7e-a153305cd151
[35m[HTTP][39m [37m<-- GET /wd/hub/session/bb81c2d7-30e6-4555-9f7e-a153305cd151/element/00000000-0000-0329-7fff-ffff000000dd/location [39m[32m200[39m [90m25 ms - 78[39m
[35m[HTTP][39m [90m[39m
[35m[HTTP][39m [37m-->[39m [37mPOST[39m [37m/wd/hub/session/bb81c2d7-30e6-4555-9f7e-a153305cd151/timeouts[39m
[35m[HTTP][39m [90m{"implicit":30000}[39m
[35m[HTTP][39m [37m<-- POST /wd/hub/session/bb81c2d7-30e6-4555-9f7e-a153305cd151/timeouts [39m[32m200[39m [90m2 ms - 14[39m
[35m[HTTP][39m [90m[39m
[35m[HTTP][39m [37m-->[39m [37mPOST[39m [37m/wd/hub/session/bb81c2d7-30e6-4555-9f7e-a153305cd151/element/00000000-0000-0329-7fff-ffff000000dd/clear[39m
[35m[HTTP][39m [90m{"id":"00000000-0000-0329-7fff-ffff000000dd"}[39m
[35m[HTTP][39m [37m<-- POST /wd/hub/session/bb81c2d7-30e6-4555-9f7e-a153305cd151/element/00000000-0000-0329-7fff-ffff000000dd/clear [39m[32m200[39m [90m34 ms - 14[39m
[35m[HTTP][39m [90m[39m
[35m[HTTP][39m [37m-->[39m [37mPOST[39m [37m/wd/hub/session/bb81c2d7-30e6-4555-9f7e-a153305cd151/element/00000000-0000-0329-7fff-ffff000000dd/value[39m
[35m[HTTP][39m [90m{"id":"00000000-0000-0329-7fff-ffff000000dd","text":"MT Haryono","value":["M","T"," ","H","a","r","y","o","n","o"]}[39m
[35m[WD Proxy][39m Got response with status 404: {"sessionId":"f34c1999-19e5-41bb-8c17-764d17ce3f7d","value":{"error":"stale element reference","message":"Cached elements 'By.xpath: //*[@class = 'android.widget.EditText' and (@text = 'Cari Gerai KFC' or . = 'Cari Gerai KFC') and @resource-id = 'com.kfc.mobile.hkStaging:id/edit_text_search_outlet']' do not exist in DOM anymore","stacktrace":"io.appium.uiautomator2.common.exceptions.StaleElementReferenceException: Cached elements 'By.xpath: //*[@class = 'android.widget.EditText' and (@text = 'Cari Gerai KFC' or . = 'Cari Gerai KFC') and @resource-id = 'com.kfc.mobile.hkStaging:id/edit_text_search_outlet']' do not exist in DOM anymore\n\tat io.appium.uiautomator2.model.ElementsCache.restore(ElementsCache.java:78)\n\tat io.appium.uiautomator2.model.ElementsCache.get(ElementsCache.java:153)\n\tat io.appium.uiautomator2.handler.SendKeysToElement.safeHandle(SendKeysToElement.java:104)\n\tat io.appium.uiautomator2.handler.request.SafeRequestHandler.handle(SafeRequestHandler.java:59)\n\tat io.appium.uiautomator2....
[35m[HTTP][39m [37m<-- POST /wd/hub/session/bb81c2d7-30e6-4555-9f7e-a153305cd151/element/00000000-0000-0329-7fff-ffff000000dd/value [39m[33m404[39m [90m1744 ms - 4252[39m
[35m[HTTP][39m [90m[39m
[35m[HTTP][39m [37m-->[39m [37mGET[39m [37m/wd/hub/session/bb81c2d7-30e6-4555-9f7e-a153305cd151/context[39m
[35m[HTTP][39m [90m{}[39m
[35m[HTTP][39m [37m<-- GET /wd/hub/session/bb81c2d7-30e6-4555-9f7e-a153305cd151/context [39m[32m200[39m [90m1 ms - 22[39m
[35m[HTTP][39m [90m[39m
[35m[HTTP][39m [37m-->[39m [37mGET[39m [37m/wd/hub/session/bb81c2d7-30e6-4555-9f7e-a153305cd151/contexts[39m
[35m[HTTP][39m [90m{}[39m
[35m[HTTP][39m [37m<-- GET /wd/hub/session/bb81c2d7-30e6-4555-9f7e-a153305cd151/contexts [39m[32m200[39m [90m79 ms - 24[39m
[35m[HTTP][39m [90m[39m
[35m[HTTP][39m [37m-->[39m [37mPOST[39m [37m/wd/hub/session/bb81c2d7-30e6-4555-9f7e-a153305cd151/context[39m
[35m[HTTP][39m [90m{"name":"NATIVE_APP"}[39m
[35m[HTTP][39m [37m<-- POST /wd/hub/session/bb81c2d7-30e6-4555-9f7e-a153305cd151/context [39m[32m200[39m [90m1 ms - 14[39m
[35m[HTTP][39m [90m[39m
[35m[HTTP][39m [37m-->[39m [37mGET[39m [37m/wd/hub/session/bb81c2d7-30e6-4555-9f7e-a153305cd151/screenshot[39m
[35m[HTTP][39m [90m{}[39m
[35m[HTTP][39m [37m<-- GET /wd/hub/session/bb81c2d7-30e6-4555-9f7e-a153305cd151/screenshot [39m[32m200[39m [90m382 ms - 109056[39m
[35m[HTTP][39m [90m[39m
[35m[HTTP][39m [37m-->[39m [37mPOST[39m [37m/wd/hub/session/bb81c2d7-30e6-4555-9f7e-a153305cd151/context[39m
[35m[HTTP][39m [90m{"name":"NATIVE_APP"}[39m
[35m[HTTP][39m [37m<-- POST /wd/hub/session/bb81c2d7-30e6-4555-9f7e-a153305cd151/context [39m[32m200[39m [90m2 ms - 14[39m
[35m[HTTP][39m [90m[39m
[35m[HTTP][39m [37m-->[39m [37mGET[39m [37m/wd/hub/status[39m
[35m[HTTP][39m [90m{}[39m
[35m[HTTP][39m [37m<-- GET /wd/hub/status [39m[32m200[39m [90m1 ms - 68[39m
[35m[HTTP][39m [90m[39m
[35m[HTTP][39m [37m-->[39m [37mPOST[39m [37m/wd/hub/session[39m
[35m[HTTP][39m [90m{"desiredCapabilities":{"appPackage":"com.kfc.mobile.hkStaging","noReset":true,"deviceId":"","deviceName":"OPPO CPH1801 (Android 7.1.1)","platform":"ANDROID","appActivity":"com.kfc.mobile.presentation.splash.SplashActivity","newCommandTimeout":1800,"platformVersion":"7.1.1","automationName":"uiautomator2","autoGrantPermissions":true,"platformName":"Android","udid":"aa14e06a","systemPort":8294},"capabilities":{"firstMatch":[{"appium:appActivity":"com.kfc.mobile.presentation.splash.SplashActivity","appium:appPackage":"com.kfc.mobile.hkStaging","appium:autoGrantPermissions":true,"appium:automationName":"uiautomator2","deviceId":"","appium:deviceName":"OPPO CPH1801 (Android 7.1.1)","appium:newCommandTimeout":1800,"appium:noReset":true,"platform":"ANDROID","platformName":"android","appium:platformVersion":"7.1.1","appium:systemPort":8294,"appium:udid":"aa14e06a"}]}}[39m
[35m[BaseDriver][39m The following capabilities are not standard capabilities and should have an extension prefix:
[35m[BaseDriver][39m   deviceId
[35m[BaseDriver][39m   platform
[35m[BaseDriver][39m   chromedriverPort
[35m[Appium][39m Appium v1.22.3 creating new AndroidUiautomator2Driver (v1.70.1) session
[35m[BaseDriver][39m The following capabilities were provided, but are not recognized by Appium:
[35m[BaseDriver][39m   deviceId
[35m[BaseDriver][39m   platform
[35m[BaseDriver][39m Session created with session id: 34bd289f-203e-450f-b958-9dd377f4aa52
[35m[UiAutomator2][39m Starting 'com.kfc.mobile.hkStaging' directly on the device
[35m[ADB][39m Using 'adb.exe' from 'C:\Users\Ahadian Rifky\.katalon\tools\android_sdk\platform-tools\adb.exe'
[35m[AndroidDriver][39m Retrieving device list
[35m[AndroidDriver][39m Using device: aa14e06a
[35m[ADB][39m Using 'adb.exe' from 'C:\Users\Ahadian Rifky\.katalon\tools\android_sdk\platform-tools\adb.exe'
[35m[AndroidDriver][39m No app sent in, not parsing package/activity
[35m[UiAutomator2][39m Server packages are not going to be (re)installed
[35m[ADB][39m Adding packages ["io.appium.settings","io.appium.uiautomator2.server","io.appium.uiautomator2.server.test"] to Doze whitelist
[35m[UiAutomator2][39m Starting UIAutomator2 server 4.27.0
[35m[UiAutomator2][39m Using UIAutomator2 server from 'C:\Users\Ahadian Rifky\AppData\Roaming\npm\node_modules\appium\node_modules\appium-uiautomator2-server\apks\appium-uiautomator2-server-v4.27.0.apk' and test from 'C:\Users\Ahadian Rifky\AppData\Roaming\npm\node_modules\appium\node_modules\appium-uiautomator2-server\apks\appium-uiautomator2-server-debug-androidTest.apk'
[35m[UiAutomator2][39m Waiting up to 30000ms for UiAutomator2 to be online...
[35m[WD Proxy][39m socket hang up
[35m[WD Proxy][39m socket hang up
[35m[WD Proxy][39m socket hang up
[35m[WD Proxy][39m Determined the downstream protocol as 'W3C'
[35m[AndroidDriver][39m Screen already unlocked, doing nothing
[35m[UiAutomator2][39m Starting 'com.kfc.mobile.hkStaging/com.kfc.mobile.presentation.splash.SplashActivity and waiting for 'com.kfc.mobile.hkStaging/com.kfc.mobile.presentation.splash.SplashActivity'
[35m[Appium][39m New AndroidUiautomator2Driver session created successfully, session 34bd289f-203e-450f-b958-9dd377f4aa52 added to master session list
[35m[HTTP][39m [37m<-- POST /wd/hub/session [39m[32m200[39m [90m12172 ms - 1287[39m
[35m[HTTP][39m [90m[39m
[35m[HTTP][39m [37m-->[39m [37mGET[39m [37m/wd/hub/session/34bd289f-203e-450f-b958-9dd377f4aa52[39m
[35m[HTTP][39m [90m{}[39m
[35m[HTTP][39m [37m<-- GET /wd/hub/session/34bd289f-203e-450f-b958-9dd377f4aa52 [39m[32m200[39m [90m17 ms - 1241[39m
[35m[HTTP][39m [90m[39m
[35m[HTTP][39m [37m-->[39m [37mGET[39m [37m/wd/hub/session/34bd289f-203e-450f-b958-9dd377f4aa52[39m
[35m[HTTP][39m [90m{}[39m
[35m[HTTP][39m [37m<-- GET /wd/hub/session/34bd289f-203e-450f-b958-9dd377f4aa52 [39m[32m200[39m [90m14 ms - 1241[39m
[35m[HTTP][39m [90m[39m
[35m[HTTP][39m [37m-->[39m [37mGET[39m [37m/wd/hub/status[39m
[35m[HTTP][39m [90m{}[39m
[35m[HTTP][39m [37m<-- GET /wd/hub/status [39m[32m200[39m [90m1 ms - 68[39m
[35m[HTTP][39m [90m[39m
[35m[HTTP][39m [37m-->[39m [37mPOST[39m [37m/wd/hub/session/34bd289f-203e-450f-b958-9dd377f4aa52/timeouts[39m
[35m[HTTP][39m [90m{"implicit":30000}[39m
[35m[HTTP][39m [37m<-- POST /wd/hub/session/34bd289f-203e-450f-b958-9dd377f4aa52/timeouts [39m[32m200[39m [90m1 ms - 14[39m
[35m[HTTP][39m [90m[39m
[35m[HTTP][39m [37m-->[39m [37mGET[39m [37m/wd/hub/session/34bd289f-203e-450f-b958-9dd377f4aa52/screenshot[39m
[35m[HTTP][39m [90m{}[39m
[35m[HTTP][39m [37m<-- GET /wd/hub/session/34bd289f-203e-450f-b958-9dd377f4aa52/screenshot [39m[32m200[39m [90m504 ms - 258904[39m
[35m[HTTP][39m [90m[39m
[35m[HTTP][39m [37m-->[39m [37mGET[39m [37m/wd/hub/session/34bd289f-203e-450f-b958-9dd377f4aa52/window/rect[39m
[35m[HTTP][39m [90m{}[39m
[35m[HTTP][39m [37m<-- GET /wd/hub/session/34bd289f-203e-450f-b958-9dd377f4aa52/window/rect [39m[32m200[39m [90m17 ms - 49[39m
[35m[HTTP][39m [90m[39m
[35m[HTTP][39m [37m-->[39m [37mGET[39m [37m/wd/hub/session/34bd289f-203e-450f-b958-9dd377f4aa52/appium/device/system_bars[39m
[35m[HTTP][39m [90m{}[39m
[35m[HTTP][39m [37m<-- GET /wd/hub/session/34bd289f-203e-450f-b958-9dd377f4aa52/appium/device/system_bars [39m[31m500[39m [90m83 ms - 663[39m
[35m[HTTP][39m [90m[39m
[35m[HTTP][39m [37m-->[39m [37mPOST[39m [37m/wd/hub/session/34bd289f-203e-450f-b958-9dd377f4aa52/execute/sync[39m
[35m[HTTP][39m [90m{"script":"mobile:viewportRect","args":[]}[39m
[35m[AndroidDriver][39m Executing native command 'mobile:viewportRect'
[35m[HTTP][39m [37m<-- POST /wd/hub/session/34bd289f-203e-450f-b958-9dd377f4aa52/execute/sync [39m[32m200[39m [90m18 ms - 55[39m
[35m[HTTP][39m [90m[39m
[35m[HTTP][39m [37m-->[39m [37mPOST[39m [37m/wd/hub/session/34bd289f-203e-450f-b958-9dd377f4aa52/appium/device/activate_app[39m
[35m[HTTP][39m [90m{"bundleId":"com.kfc.mobile.hkStaging"}[39m
[35m[HTTP][39m [37m<-- POST /wd/hub/session/34bd289f-203e-450f-b958-9dd377f4aa52/appium/device/activate_app [39m[32m200[39m [90m1028 ms - 14[39m
[35m[HTTP][39m [90m[39m
[35m[HTTP][39m [37m-->[39m [37mPOST[39m [37m/wd/hub/session/34bd289f-203e-450f-b958-9dd377f4aa52/timeouts[39m
[35m[HTTP][39m [90m{"implicit":50}[39m
[35m[HTTP][39m [37m<-- POST /wd/hub/session/34bd289f-203e-450f-b958-9dd377f4aa52/timeouts [39m[32m200[39m [90m1 ms - 14[39m
[35m[HTTP][39m [90m[39m
[35m[HTTP][39m [37m-->[39m [37mGET[39m [37m/wd/hub/session/34bd289f-203e-450f-b958-9dd377f4aa52/window/rect[39m
[35m[HTTP][39m [90m{}[39m
[35m[HTTP][39m [37m<-- GET /wd/hub/session/34bd289f-203e-450f-b958-9dd377f4aa52/window/rect [39m[32m200[39m [90m16 ms - 49[39m
[35m[HTTP][39m [90m[39m
[35m[HTTP][39m [37m-->[39m [37mPOST[39m [37m/wd/hub/session/34bd289f-203e-450f-b958-9dd377f4aa52/elements[39m
[35m[HTTP][39m [90m{"using":"xpath","value":"//*[@class = 'android.widget.TextView' and (@text = 'Beranda' or . = 'Beranda') and @resource-id = 'com.kfc.mobile.hkStaging:id/tvBottomHome']"}[39m
[35m[HTTP][39m [37m<-- POST /wd/hub/session/34bd289f-203e-450f-b958-9dd377f4aa52/elements [39m[32m200[39m [90m1966 ms - 139[39m
[35m[HTTP][39m [90m[39m
[35m[HTTP][39m [37m-->[39m [37mGET[39m [37m/wd/hub/session/34bd289f-203e-450f-b958-9dd377f4aa52/element/00000000-0000-0346-7fff-ffff00000028/location[39m
[35m[HTTP][39m [90m{}[39m
[35m[W3C (34bd289f)][39m Driver proxy active, passing request on via HTTP proxy
[35m[WD Proxy][39m Replacing sessionId 906c94bc-b361-4538-a3a6-ce49ddf68e4c with 34bd289f-203e-450f-b958-9dd377f4aa52
[35m[HTTP][39m [37m<-- GET /wd/hub/session/34bd289f-203e-450f-b958-9dd377f4aa52/element/00000000-0000-0346-7fff-ffff00000028/location [39m[32m200[39m [90m614 ms - 77[39m
[35m[HTTP][39m [90m[39m
[35m[HTTP][39m [37m-->[39m [37mPOST[39m [37m/wd/hub/session/34bd289f-203e-450f-b958-9dd377f4aa52/timeouts[39m
[35m[HTTP][39m [90m{"implicit":30000}[39m
[35m[HTTP][39m [37m<-- POST /wd/hub/session/34bd289f-203e-450f-b958-9dd377f4aa52/timeouts [39m[32m200[39m [90m2 ms - 14[39m
[35m[HTTP][39m [90m[39m
[35m[HTTP][39m [37m-->[39m [37mPOST[39m [37m/wd/hub/session/34bd289f-203e-450f-b958-9dd377f4aa52/timeouts[39m
[35m[HTTP][39m [90m{"implicit":50}[39m
[35m[HTTP][39m [37m<-- POST /wd/hub/session/34bd289f-203e-450f-b958-9dd377f4aa52/timeouts [39m[32m200[39m [90m1 ms - 14[39m
[35m[HTTP][39m [90m[39m
[35m[HTTP][39m [37m-->[39m [37mGET[39m [37m/wd/hub/session/34bd289f-203e-450f-b958-9dd377f4aa52/window/rect[39m
[35m[HTTP][39m [90m{}[39m
[35m[HTTP][39m [37m<-- GET /wd/hub/session/34bd289f-203e-450f-b958-9dd377f4aa52/window/rect [39m[32m200[39m [90m15 ms - 49[39m
[35m[HTTP][39m [90m[39m
[35m[HTTP][39m [37m-->[39m [37mPOST[39m [37m/wd/hub/session/34bd289f-203e-450f-b958-9dd377f4aa52/elements[39m
[35m[HTTP][39m [90m{"using":"xpath","value":"//*[@class = 'android.widget.TextView' and (@text = 'Beranda' or . = 'Beranda') and @resource-id = 'com.kfc.mobile.hkStaging:id/tvBottomHome']"}[39m
[35m[HTTP][39m [37m<-- POST /wd/hub/session/34bd289f-203e-450f-b958-9dd377f4aa52/elements [39m[32m200[39m [90m319 ms - 139[39m
[35m[HTTP][39m [90m[39m
[35m[HTTP][39m [37m-->[39m [37mGET[39m [37m/wd/hub/session/34bd289f-203e-450f-b958-9dd377f4aa52/element/00000000-0000-0346-7fff-ffff00000028/location[39m
[35m[HTTP][39m [90m{}[39m
[35m[W3C (34bd289f)][39m Driver proxy active, passing request on via HTTP proxy
[35m[WD Proxy][39m Replacing sessionId 906c94bc-b361-4538-a3a6-ce49ddf68e4c with 34bd289f-203e-450f-b958-9dd377f4aa52
[35m[HTTP][39m [37m<-- GET /wd/hub/session/34bd289f-203e-450f-b958-9dd377f4aa52/element/00000000-0000-0346-7fff-ffff00000028/location [39m[32m200[39m [90m655 ms - 77[39m
[35m[HTTP][39m [90m[39m
[35m[HTTP][39m [37m-->[39m [37mPOST[39m [37m/wd/hub/session/34bd289f-203e-450f-b958-9dd377f4aa52/timeouts[39m
[35m[HTTP][39m [90m{"implicit":30000}[39m
[35m[HTTP][39m [37m<-- POST /wd/hub/session/34bd289f-203e-450f-b958-9dd377f4aa52/timeouts [39m[32m200[39m [90m1 ms - 14[39m
[35m[HTTP][39m [90m[39m
[35m[HTTP][39m [37m-->[39m [37mPOST[39m [37m/wd/hub/session/34bd289f-203e-450f-b958-9dd377f4aa52/element/00000000-0000-0346-7fff-ffff00000028/click[39m
[35m[HTTP][39m [90m{"id":"00000000-0000-0346-7fff-ffff00000028"}[39m
[35m[HTTP][39m [37m<-- POST /wd/hub/session/34bd289f-203e-450f-b958-9dd377f4aa52/element/00000000-0000-0346-7fff-ffff00000028/click [39m[32m200[39m [90m665 ms - 14[39m
[35m[HTTP][39m [90m[39m
[35m[HTTP][39m [37m-->[39m [37mGET[39m [37m/wd/hub/session/34bd289f-203e-450f-b958-9dd377f4aa52/context[39m
[35m[HTTP][39m [90m{}[39m
[35m[HTTP][39m [37m<-- GET /wd/hub/session/34bd289f-203e-450f-b958-9dd377f4aa52/context [39m[32m200[39m [90m2 ms - 22[39m
[35m[HTTP][39m [90m[39m
[35m[HTTP][39m [37m-->[39m [37mGET[39m [37m/wd/hub/session/34bd289f-203e-450f-b958-9dd377f4aa52/contexts[39m
[35m[HTTP][39m [90m{}[39m
[35m[HTTP][39m [37m<-- GET /wd/hub/session/34bd289f-203e-450f-b958-9dd377f4aa52/contexts [39m[32m200[39m [90m78 ms - 24[39m
[35m[HTTP][39m [90m[39m
[35m[HTTP][39m [37m-->[39m [37mPOST[39m [37m/wd/hub/session/34bd289f-203e-450f-b958-9dd377f4aa52/context[39m
[35m[HTTP][39m [90m{"name":"NATIVE_APP"}[39m
[35m[HTTP][39m [37m<-- POST /wd/hub/session/34bd289f-203e-450f-b958-9dd377f4aa52/context [39m[32m200[39m [90m1 ms - 14[39m
[35m[HTTP][39m [90m[39m
[35m[HTTP][39m [37m-->[39m [37mPOST[39m [37m/wd/hub/session/34bd289f-203e-450f-b958-9dd377f4aa52/touch/perform[39m
[35m[HTTP][39m [90m{"actions":[{"action":"press","options":{"x":281,"y":500}},{"action":"wait","options":{"ms":500}},{"action":"moveTo","options":{"x":434,"y":161}},{"action":"release","options":{}}]}[39m
[35m[HTTP][39m [37m<-- POST /wd/hub/session/34bd289f-203e-450f-b958-9dd377f4aa52/touch/perform [39m[32m200[39m [90m1016 ms - 14[39m
[35m[HTTP][39m [90m[39m
[35m[HTTP][39m [37m-->[39m [37mPOST[39m [37m/wd/hub/session/34bd289f-203e-450f-b958-9dd377f4aa52/context[39m
[35m[HTTP][39m [90m{"name":"NATIVE_APP"}[39m
[35m[HTTP][39m [37m<-- POST /wd/hub/session/34bd289f-203e-450f-b958-9dd377f4aa52/context [39m[32m200[39m [90m2 ms - 14[39m
[35m[HTTP][39m [90m[39m
[35m[HTTP][39m [37m-->[39m [37mPOST[39m [37m/wd/hub/session/34bd289f-203e-450f-b958-9dd377f4aa52/timeouts[39m
[35m[HTTP][39m [90m{"implicit":50}[39m
[35m[HTTP][39m [37m<-- POST /wd/hub/session/34bd289f-203e-450f-b958-9dd377f4aa52/timeouts [39m[32m200[39m [90m1 ms - 14[39m
[35m[HTTP][39m [90m[39m
[35m[HTTP][39m [37m-->[39m [37mGET[39m [37m/wd/hub/session/34bd289f-203e-450f-b958-9dd377f4aa52/window/rect[39m
[35m[HTTP][39m [90m{}[39m
[35m[HTTP][39m [37m<-- GET /wd/hub/session/34bd289f-203e-450f-b958-9dd377f4aa52/window/rect [39m[32m200[39m [90m15 ms - 49[39m
[35m[HTTP][39m [90m[39m
[35m[HTTP][39m [37m-->[39m [37mPOST[39m [37m/wd/hub/session/34bd289f-203e-450f-b958-9dd377f4aa52/elements[39m
[35m[HTTP][39m [90m{"using":"xpath","value":"//*[@class = 'android.widget.TextView' and (@text = 'DINE-IN' or . = 'DINE-IN') and @resource-id = 'com.kfc.mobile.hkStaging:id/textViewOrderTypeName']"}[39m
[35m[HTTP][39m [37m<-- POST /wd/hub/session/34bd289f-203e-450f-b958-9dd377f4aa52/elements [39m[32m200[39m [90m570 ms - 139[39m
[35m[HTTP][39m [90m[39m
[35m[HTTP][39m [37m-->[39m [37mGET[39m [37m/wd/hub/session/34bd289f-203e-450f-b958-9dd377f4aa52/element/00000000-0000-0346-7fff-ffff0000008e/location[39m
[35m[HTTP][39m [90m{}[39m
[35m[W3C (34bd289f)][39m Driver proxy active, passing request on via HTTP proxy
[35m[WD Proxy][39m Replacing sessionId 906c94bc-b361-4538-a3a6-ce49ddf68e4c with 34bd289f-203e-450f-b958-9dd377f4aa52
[35m[HTTP][39m [37m<-- GET /wd/hub/session/34bd289f-203e-450f-b958-9dd377f4aa52/element/00000000-0000-0346-7fff-ffff0000008e/location [39m[32m200[39m [90m22 ms - 78[39m
[35m[HTTP][39m [90m[39m
[35m[HTTP][39m [37m-->[39m [37mPOST[39m [37m/wd/hub/session/34bd289f-203e-450f-b958-9dd377f4aa52/timeouts[39m
[35m[HTTP][39m [90m{"implicit":30000}[39m
[35m[HTTP][39m [37m<-- POST /wd/hub/session/34bd289f-203e-450f-b958-9dd377f4aa52/timeouts [39m[32m200[39m [90m1 ms - 14[39m
[35m[HTTP][39m [90m[39m
[35m[HTTP][39m [37m-->[39m [37mPOST[39m [37m/wd/hub/session/34bd289f-203e-450f-b958-9dd377f4aa52/element/00000000-0000-0346-7fff-ffff0000008e/click[39m
[35m[HTTP][39m [90m{"id":"00000000-0000-0346-7fff-ffff0000008e"}[39m
[35m[HTTP][39m [37m<-- POST /wd/hub/session/34bd289f-203e-450f-b958-9dd377f4aa52/element/00000000-0000-0346-7fff-ffff0000008e/click [39m[32m200[39m [90m35 ms - 14[39m
[35m[HTTP][39m [90m[39m
[35m[HTTP][39m [37m-->[39m [37mPOST[39m [37m/wd/hub/session/34bd289f-203e-450f-b958-9dd377f4aa52/timeouts[39m
[35m[HTTP][39m [90m{"implicit":50}[39m
[35m[HTTP][39m [37m<-- POST /wd/hub/session/34bd289f-203e-450f-b958-9dd377f4aa52/timeouts [39m[32m200[39m [90m2 ms - 14[39m
[35m[HTTP][39m [90m[39m
[35m[HTTP][39m [37m-->[39m [37mGET[39m [37m/wd/hub/session/34bd289f-203e-450f-b958-9dd377f4aa52/window/rect[39m
[35m[HTTP][39m [90m{}[39m
[35m[HTTP][39m [37m<-- GET /wd/hub/session/34bd289f-203e-450f-b958-9dd377f4aa52/window/rect [39m[32m200[39m [90m13 ms - 49[39m
[35m[HTTP][39m [90m[39m
[35m[HTTP][39m [37m-->[39m [37mPOST[39m [37m/wd/hub/session/34bd289f-203e-450f-b958-9dd377f4aa52/elements[39m
[35m[HTTP][39m [90m{"using":"xpath","value":"//*[@class = 'android.widget.TextView' and (@text = 'Cari Gerai KFC' or . = 'Cari Gerai KFC') and @resource-id = 'com.kfc.mobile.hkStaging:id/text_view_label_input_outlet']"}[39m
[35m[HTTP][39m [37m<-- POST /wd/hub/session/34bd289f-203e-450f-b958-9dd377f4aa52/elements [39m[32m200[39m [90m2471 ms - 139[39m
[35m[HTTP][39m [90m[39m
[35m[HTTP][39m [37m-->[39m [37mGET[39m [37m/wd/hub/session/34bd289f-203e-450f-b958-9dd377f4aa52/element/00000000-0000-0347-7fff-ffff000000e2/location[39m
[35m[HTTP][39m [90m{}[39m
[35m[W3C (34bd289f)][39m Driver proxy active, passing request on via HTTP proxy
[35m[WD Proxy][39m Replacing sessionId 906c94bc-b361-4538-a3a6-ce49ddf68e4c with 34bd289f-203e-450f-b958-9dd377f4aa52
[35m[HTTP][39m [37m<-- GET /wd/hub/session/34bd289f-203e-450f-b958-9dd377f4aa52/element/00000000-0000-0347-7fff-ffff000000e2/location [39m[32m200[39m [90m24 ms - 77[39m
[35m[HTTP][39m [90m[39m
[35m[HTTP][39m [37m-->[39m [37mPOST[39m [37m/wd/hub/session/34bd289f-203e-450f-b958-9dd377f4aa52/timeouts[39m
[35m[HTTP][39m [90m{"implicit":30000}[39m
[35m[HTTP][39m [37m<-- POST /wd/hub/session/34bd289f-203e-450f-b958-9dd377f4aa52/timeouts [39m[32m200[39m [90m1 ms - 14[39m
[35m[HTTP][39m [90m[39m
[35m[HTTP][39m [37m-->[39m [37mPOST[39m [37m/wd/hub/session/34bd289f-203e-450f-b958-9dd377f4aa52/element/00000000-0000-0347-7fff-ffff000000e2/click[39m
[35m[HTTP][39m [90m{"id":"00000000-0000-0347-7fff-ffff000000e2"}[39m
[35m[HTTP][39m [37m<-- POST /wd/hub/session/34bd289f-203e-450f-b958-9dd377f4aa52/element/00000000-0000-0347-7fff-ffff000000e2/click [39m[32m200[39m [90m30 ms - 14[39m
[35m[HTTP][39m [90m[39m
[35m[HTTP][39m [37m-->[39m [37mPOST[39m [37m/wd/hub/session/34bd289f-203e-450f-b958-9dd377f4aa52/timeouts[39m
[35m[HTTP][39m [90m{"implicit":50}[39m
[35m[HTTP][39m [37m<-- POST /wd/hub/session/34bd289f-203e-450f-b958-9dd377f4aa52/timeouts [39m[32m200[39m [90m1 ms - 14[39m
[35m[HTTP][39m [90m[39m
[35m[HTTP][39m [37m-->[39m [37mGET[39m [37m/wd/hub/session/34bd289f-203e-450f-b958-9dd377f4aa52/window/rect[39m
[35m[HTTP][39m [90m{}[39m
[35m[HTTP][39m [37m<-- GET /wd/hub/session/34bd289f-203e-450f-b958-9dd377f4aa52/window/rect [39m[32m200[39m [90m15 ms - 49[39m
[35m[HTTP][39m [90m[39m
[35m[HTTP][39m [37m-->[39m [37mPOST[39m [37m/wd/hub/session/34bd289f-203e-450f-b958-9dd377f4aa52/elements[39m
[35m[HTTP][39m [90m{"using":"xpath","value":"//*[@class = 'android.widget.EditText' and (@text = 'Cari Gerai KFC' or . = 'Cari Gerai KFC') and @resource-id = 'com.kfc.mobile.hkStaging:id/edit_text_search_outlet']"}[39m
[35m[HTTP][39m [37m<-- POST /wd/hub/session/34bd289f-203e-450f-b958-9dd377f4aa52/elements [39m[32m200[39m [90m1671 ms - 139[39m
[35m[HTTP][39m [90m[39m
[35m[HTTP][39m [37m-->[39m [37mGET[39m [37m/wd/hub/session/34bd289f-203e-450f-b958-9dd377f4aa52/element/00000000-0000-0347-7fff-ffff000000e4/location[39m
[35m[HTTP][39m [90m{}[39m
[35m[W3C (34bd289f)][39m Driver proxy active, passing request on via HTTP proxy
[35m[WD Proxy][39m Replacing sessionId 906c94bc-b361-4538-a3a6-ce49ddf68e4c with 34bd289f-203e-450f-b958-9dd377f4aa52
[35m[HTTP][39m [37m<-- GET /wd/hub/session/34bd289f-203e-450f-b958-9dd377f4aa52/element/00000000-0000-0347-7fff-ffff000000e4/location [39m[32m200[39m [90m1000 ms - 78[39m
[35m[HTTP][39m [90m[39m
[35m[HTTP][39m [37m-->[39m [37mPOST[39m [37m/wd/hub/session/34bd289f-203e-450f-b958-9dd377f4aa52/timeouts[39m
[35m[HTTP][39m [90m{"implicit":30000}[39m
[35m[HTTP][39m [37m<-- POST /wd/hub/session/34bd289f-203e-450f-b958-9dd377f4aa52/timeouts [39m[32m200[39m [90m1 ms - 14[39m
[35m[HTTP][39m [90m[39m
[35m[HTTP][39m [37m-->[39m [37mPOST[39m [37m/wd/hub/session/34bd289f-203e-450f-b958-9dd377f4aa52/element/00000000-0000-0347-7fff-ffff000000e4/clear[39m
[35m[HTTP][39m [90m{"id":"00000000-0000-0347-7fff-ffff000000e4"}[39m
[35m[HTTP][39m [37m<-- POST /wd/hub/session/34bd289f-203e-450f-b958-9dd377f4aa52/element/00000000-0000-0347-7fff-ffff000000e4/clear [39m[32m200[39m [90m35 ms - 14[39m
[35m[HTTP][39m [90m[39m
[35m[HTTP][39m [37m-->[39m [37mPOST[39m [37m/wd/hub/session/34bd289f-203e-450f-b958-9dd377f4aa52/element/00000000-0000-0347-7fff-ffff000000e4/value[39m
[35m[HTTP][39m [90m{"id":"00000000-0000-0347-7fff-ffff000000e4","text":"MT Haryono","value":["M","T"," ","H","a","r","y","o","n","o"]}[39m
[35m[HTTP][39m [37m<-- POST /wd/hub/session/34bd289f-203e-450f-b958-9dd377f4aa52/element/00000000-0000-0347-7fff-ffff000000e4/value [39m[32m200[39m [90m1131 ms - 14[39m
[35m[HTTP][39m [90m[39m
[35m[HTTP][39m [37m-->[39m [37mGET[39m [37m/wd/hub/session/34bd289f-203e-450f-b958-9dd377f4aa52/context[39m
[35m[HTTP][39m [90m{}[39m
[35m[HTTP][39m [37m<-- GET /wd/hub/session/34bd289f-203e-450f-b958-9dd377f4aa52/context [39m[32m200[39m [90m1 ms - 22[39m
[35m[HTTP][39m [90m[39m
[35m[HTTP][39m [37m-->[39m [37mGET[39m [37m/wd/hub/session/34bd289f-203e-450f-b958-9dd377f4aa52/contexts[39m
[35m[HTTP][39m [90m{}[39m
[35m[HTTP][39m [37m<-- GET /wd/hub/session/34bd289f-203e-450f-b958-9dd377f4aa52/contexts [39m[32m200[39m [90m72 ms - 24[39m
[35m[HTTP][39m [90m[39m
[35m[HTTP][39m [37m-->[39m [37mPOST[39m [37m/wd/hub/session/34bd289f-203e-450f-b958-9dd377f4aa52/context[39m
[35m[HTTP][39m [90m{"name":"NATIVE_APP"}[39m
[35m[HTTP][39m [37m<-- POST /wd/hub/session/34bd289f-203e-450f-b958-9dd377f4aa52/context [39m[32m200[39m [90m2 ms - 14[39m
[35m[HTTP][39m [90m[39m
[35m[HTTP][39m [37m-->[39m [37mPOST[39m [37m/wd/hub/session/34bd289f-203e-450f-b958-9dd377f4aa52/appium/device/hide_keyboard[39m
[35m[HTTP][39m [90m{}[39m
[35m[HTTP][39m [37m<-- POST /wd/hub/session/34bd289f-203e-450f-b958-9dd377f4aa52/appium/device/hide_keyboard [39m[32m200[39m [90m2708 ms - 14[39m
[35m[HTTP][39m [90m[39m
[35m[HTTP][39m [37m-->[39m [37mPOST[39m [37m/wd/hub/session/34bd289f-203e-450f-b958-9dd377f4aa52/context[39m
[35m[HTTP][39m [90m{"name":"NATIVE_APP"}[39m
[35m[HTTP][39m [37m<-- POST /wd/hub/session/34bd289f-203e-450f-b958-9dd377f4aa52/context [39m[32m200[39m [90m1 ms - 14[39m
[35m[HTTP][39m [90m[39m
[35m[HTTP][39m [37m-->[39m [37mPOST[39m [37m/wd/hub/session/34bd289f-203e-450f-b958-9dd377f4aa52/timeouts[39m
[35m[HTTP][39m [90m{"implicit":50}[39m
[35m[HTTP][39m [37m<-- POST /wd/hub/session/34bd289f-203e-450f-b958-9dd377f4aa52/timeouts [39m[32m200[39m [90m1 ms - 14[39m
[35m[HTTP][39m [90m[39m
[35m[HTTP][39m [37m-->[39m [37mGET[39m [37m/wd/hub/session/34bd289f-203e-450f-b958-9dd377f4aa52/window/rect[39m
[35m[HTTP][39m [90m{}[39m
[35m[HTTP][39m [37m<-- GET /wd/hub/session/34bd289f-203e-450f-b958-9dd377f4aa52/window/rect [39m[32m200[39m [90m15 ms - 49[39m
[35m[HTTP][39m [90m[39m
[35m[HTTP][39m [37m-->[39m [37mPOST[39m [37m/wd/hub/session/34bd289f-203e-450f-b958-9dd377f4aa52/elements[39m
[35m[HTTP][39m [90m{"using":"xpath","value":"//*[@class = 'android.widget.TextView' and (@text = 'MT HARYONO JAKARTA' or . = 'MT HARYONO JAKARTA') and @resource-id = 'com.kfc.mobile.hkStaging:id/tvPlace']"}[39m
[35m[HTTP][39m [37m<-- POST /wd/hub/session/34bd289f-203e-450f-b958-9dd377f4aa52/elements [39m[32m200[39m [90m282 ms - 12[39m
[35m[HTTP][39m [90m[39m
[35m[HTTP][39m [37m-->[39m [37mPOST[39m [37m/wd/hub/session/34bd289f-203e-450f-b958-9dd377f4aa52/elements[39m
[35m[HTTP][39m [90m{"using":"xpath","value":"//*[@class = 'android.widget.TextView' and (@text = 'MT HARYONO JAKARTA' or . = 'MT HARYONO JAKARTA') and @resource-id = 'com.kfc.mobile.hkStaging:id/tvPlace']"}[39m
[35m[HTTP][39m [37m<-- POST /wd/hub/session/34bd289f-203e-450f-b958-9dd377f4aa52/elements [39m[32m200[39m [90m211 ms - 12[39m
[35m[HTTP][39m [90m[39m
[35m[HTTP][39m [37m-->[39m [37mPOST[39m [37m/wd/hub/session/34bd289f-203e-450f-b958-9dd377f4aa52/elements[39m
[35m[HTTP][39m [90m{"using":"xpath","value":"//*[@class = 'android.widget.TextView' and (@text = 'MT HARYONO JAKARTA' or . = 'MT HARYONO JAKARTA') and @resource-id = 'com.kfc.mobile.hkStaging:id/tvPlace']"}[39m
[35m[HTTP][39m [37m<-- POST /wd/hub/session/34bd289f-203e-450f-b958-9dd377f4aa52/elements [39m[32m200[39m [90m203 ms - 12[39m
[35m[HTTP][39m [90m[39m
[35m[HTTP][39m [37m-->[39m [37mPOST[39m [37m/wd/hub/session/34bd289f-203e-450f-b958-9dd377f4aa52/elements[39m
[35m[HTTP][39m [90m{"using":"xpath","value":"//*[@class = 'android.widget.TextView' and (@text = 'MT HARYONO JAKARTA' or . = 'MT HARYONO JAKARTA') and @resource-id = 'com.kfc.mobile.hkStaging:id/tvPlace']"}[39m
[35m[HTTP][39m [37m<-- POST /wd/hub/session/34bd289f-203e-450f-b958-9dd377f4aa52/elements [39m[32m200[39m [90m445 ms - 12[39m
[35m[HTTP][39m [90m[39m
[35m[HTTP][39m [37m-->[39m [37mPOST[39m [37m/wd/hub/session/34bd289f-203e-450f-b958-9dd377f4aa52/elements[39m
[35m[HTTP][39m [90m{"using":"xpath","value":"//*[@class = 'android.widget.TextView' and (@text = 'MT HARYONO JAKARTA' or . = 'MT HARYONO JAKARTA') and @resource-id = 'com.kfc.mobile.hkStaging:id/tvPlace']"}[39m
[35m[HTTP][39m [37m<-- POST /wd/hub/session/34bd289f-203e-450f-b958-9dd377f4aa52/elements [39m[32m200[39m [90m1859 ms - 12[39m
[35m[HTTP][39m [90m[39m
[35m[HTTP][39m [37m-->[39m [37mPOST[39m [37m/wd/hub/session/34bd289f-203e-450f-b958-9dd377f4aa52/elements[39m
[35m[HTTP][39m [90m{"using":"xpath","value":"//*[@class = 'android.widget.TextView' and (@text = 'MT HARYONO JAKARTA' or . = 'MT HARYONO JAKARTA') and @resource-id = 'com.kfc.mobile.hkStaging:id/tvPlace']"}[39m
[35m[HTTP][39m [37m<-- POST /wd/hub/session/34bd289f-203e-450f-b958-9dd377f4aa52/elements [39m[32m200[39m [90m123 ms - 12[39m
[35m[HTTP][39m [90m[39m
[35m[HTTP][39m [37m-->[39m [37mPOST[39m [37m/wd/hub/session/34bd289f-203e-450f-b958-9dd377f4aa52/elements[39m
[35m[HTTP][39m [90m{"using":"xpath","value":"//*[@class = 'android.widget.TextView' and (@text = 'MT HARYONO JAKARTA' or . = 'MT HARYONO JAKARTA') and @resource-id = 'com.kfc.mobile.hkStaging:id/tvPlace']"}[39m
[35m[HTTP][39m [37m<-- POST /wd/hub/session/34bd289f-203e-450f-b958-9dd377f4aa52/elements [39m[32m200[39m [90m131 ms - 12[39m
[35m[HTTP][39m [90m[39m
[35m[HTTP][39m [37m-->[39m [37mPOST[39m [37m/wd/hub/session/34bd289f-203e-450f-b958-9dd377f4aa52/elements[39m
[35m[HTTP][39m [90m{"using":"xpath","value":"//*[@class = 'android.widget.TextView' and (@text = 'MT HARYONO JAKARTA' or . = 'MT HARYONO JAKARTA') and @resource-id = 'com.kfc.mobile.hkStaging:id/tvPlace']"}[39m
[35m[HTTP][39m [37m<-- POST /wd/hub/session/34bd289f-203e-450f-b958-9dd377f4aa52/elements [39m[32m200[39m [90m119 ms - 12[39m
[35m[HTTP][39m [90m[39m
[35m[HTTP][39m [37m-->[39m [37mPOST[39m [37m/wd/hub/session/34bd289f-203e-450f-b958-9dd377f4aa52/elements[39m
[35m[HTTP][39m [90m{"using":"xpath","value":"//*[@class = 'android.widget.TextView' and (@text = 'MT HARYONO JAKARTA' or . = 'MT HARYONO JAKARTA') and @resource-id = 'com.kfc.mobile.hkStaging:id/tvPlace']"}[39m
[35m[HTTP][39m [37m<-- POST /wd/hub/session/34bd289f-203e-450f-b958-9dd377f4aa52/elements [39m[32m200[39m [90m118 ms - 12[39m
[35m[HTTP][39m [90m[39m
[35m[HTTP][39m [37m-->[39m [37mPOST[39m [37m/wd/hub/session/34bd289f-203e-450f-b958-9dd377f4aa52/elements[39m
[35m[HTTP][39m [90m{"using":"xpath","value":"//*[@class = 'android.widget.TextView' and (@text = 'MT HARYONO JAKARTA' or . = 'MT HARYONO JAKARTA') and @resource-id = 'com.kfc.mobile.hkStaging:id/tvPlace']"}[39m
[35m[HTTP][39m [37m<-- POST /wd/hub/session/34bd289f-203e-450f-b958-9dd377f4aa52/elements [39m[32m200[39m [90m1595 ms - 12[39m
[35m[HTTP][39m [90m[39m
[35m[HTTP][39m [37m-->[39m [37mPOST[39m [37m/wd/hub/session/34bd289f-203e-450f-b958-9dd377f4aa52/timeouts[39m
[35m[HTTP][39m [90m{"implicit":30000}[39m
[35m[HTTP][39m [37m<-- POST /wd/hub/session/34bd289f-203e-450f-b958-9dd377f4aa52/timeouts [39m[32m200[39m [90m2 ms - 14[39m
[35m[HTTP][39m [90m[39m
[35m[HTTP][39m [37m-->[39m [37mPOST[39m [37m/wd/hub/session/34bd289f-203e-450f-b958-9dd377f4aa52/timeouts[39m
[35m[HTTP][39m [90m{"implicit":50}[39m
[35m[HTTP][39m [37m<-- POST /wd/hub/session/34bd289f-203e-450f-b958-9dd377f4aa52/timeouts [39m[32m200[39m [90m1 ms - 14[39m
[35m[HTTP][39m [90m[39m
[35m[HTTP][39m [37m-->[39m [37mGET[39m [37m/wd/hub/session/34bd289f-203e-450f-b958-9dd377f4aa52/window/rect[39m
[35m[HTTP][39m [90m{}[39m
[35m[HTTP][39m [37m<-- GET /wd/hub/session/34bd289f-203e-450f-b958-9dd377f4aa52/window/rect [39m[32m200[39m [90m14 ms - 49[39m
[35m[HTTP][39m [90m[39m
[35m[HTTP][39m [37m-->[39m [37mPOST[39m [37m/wd/hub/session/34bd289f-203e-450f-b958-9dd377f4aa52/elements[39m
[35m[HTTP][39m [90m{"using":"xpath","value":"//*[@class = 'android.widget.Button' and (@text = 'Pilih Gerai' or . = 'Pilih Gerai') and @resource-id = 'com.kfc.mobile.hkStaging:id/button_select_outlet']"}[39m
[35m[HTTP][39m [37m<-- POST /wd/hub/session/34bd289f-203e-450f-b958-9dd377f4aa52/elements [39m[32m200[39m [90m121 ms - 12[39m
[35m[HTTP][39m [90m[39m
[35m[HTTP][39m [37m-->[39m [37mPOST[39m [37m/wd/hub/session/34bd289f-203e-450f-b958-9dd377f4aa52/elements[39m
[35m[HTTP][39m [90m{"using":"xpath","value":"//*[@class = 'android.widget.Button' and (@text = 'Pilih Gerai' or . = 'Pilih Gerai') and @resource-id = 'com.kfc.mobile.hkStaging:id/button_select_outlet']"}[39m
[35m[HTTP][39m [37m<-- POST /wd/hub/session/34bd289f-203e-450f-b958-9dd377f4aa52/elements [39m[32m200[39m [90m115 ms - 12[39m
[35m[HTTP][39m [90m[39m
[35m[HTTP][39m [37m-->[39m [37mPOST[39m [37m/wd/hub/session/34bd289f-203e-450f-b958-9dd377f4aa52/elements[39m
[35m[HTTP][39m [90m{"using":"xpath","value":"//*[@class = 'android.widget.Button' and (@text = 'Pilih Gerai' or . = 'Pilih Gerai') and @resource-id = 'com.kfc.mobile.hkStaging:id/button_select_outlet']"}[39m
[35m[HTTP][39m [37m<-- POST /wd/hub/session/34bd289f-203e-450f-b958-9dd377f4aa52/elements [39m[32m200[39m [90m118 ms - 12[39m
[35m[HTTP][39m [90m[39m
[35m[HTTP][39m [37m-->[39m [37mPOST[39m [37m/wd/hub/session/34bd289f-203e-450f-b958-9dd377f4aa52/elements[39m
[35m[HTTP][39m [90m{"using":"xpath","value":"//*[@class = 'android.widget.Button' and (@text = 'Pilih Gerai' or . = 'Pilih Gerai') and @resource-id = 'com.kfc.mobile.hkStaging:id/button_select_outlet']"}[39m
[35m[HTTP][39m [37m<-- POST /wd/hub/session/34bd289f-203e-450f-b958-9dd377f4aa52/elements [39m[32m200[39m [90m524 ms - 12[39m
[35m[HTTP][39m [90m[39m
[35m[HTTP][39m [37m-->[39m [37mPOST[39m [37m/wd/hub/session/34bd289f-203e-450f-b958-9dd377f4aa52/elements[39m
[35m[HTTP][39m [90m{"using":"xpath","value":"//*[@class = 'android.widget.Button' and (@text = 'Pilih Gerai' or . = 'Pilih Gerai') and @resource-id = 'com.kfc.mobile.hkStaging:id/button_select_outlet']"}[39m
[35m[HTTP][39m [37m<-- POST /wd/hub/session/34bd289f-203e-450f-b958-9dd377f4aa52/elements [39m[32m200[39m [90m111 ms - 12[39m
[35m[HTTP][39m [90m[39m
[35m[HTTP][39m [37m-->[39m [37mPOST[39m [37m/wd/hub/session/34bd289f-203e-450f-b958-9dd377f4aa52/elements[39m
[35m[HTTP][39m [90m{"using":"xpath","value":"//*[@class = 'android.widget.Button' and (@text = 'Pilih Gerai' or . = 'Pilih Gerai') and @resource-id = 'com.kfc.mobile.hkStaging:id/button_select_outlet']"}[39m
[35m[HTTP][39m [37m<-- POST /wd/hub/session/34bd289f-203e-450f-b958-9dd377f4aa52/elements [39m[32m200[39m [90m111 ms - 12[39m
[35m[HTTP][39m [90m[39m
[35m[HTTP][39m [37m-->[39m [37mPOST[39m [37m/wd/hub/session/34bd289f-203e-450f-b958-9dd377f4aa52/elements[39m
[35m[HTTP][39m [90m{"using":"xpath","value":"//*[@class = 'android.widget.Button' and (@text = 'Pilih Gerai' or . = 'Pilih Gerai') and @resource-id = 'com.kfc.mobile.hkStaging:id/button_select_outlet']"}[39m
[35m[HTTP][39m [37m<-- POST /wd/hub/session/34bd289f-203e-450f-b958-9dd377f4aa52/elements [39m[32m200[39m [90m114 ms - 12[39m
[35m[HTTP][39m [90m[39m
[35m[HTTP][39m [37m-->[39m [37mPOST[39m [37m/wd/hub/session/34bd289f-203e-450f-b958-9dd377f4aa52/elements[39m
[35m[HTTP][39m [90m{"using":"xpath","value":"//*[@class = 'android.widget.Button' and (@text = 'Pilih Gerai' or . = 'Pilih Gerai') and @resource-id = 'com.kfc.mobile.hkStaging:id/button_select_outlet']"}[39m
[35m[HTTP][39m [37m<-- POST /wd/hub/session/34bd289f-203e-450f-b958-9dd377f4aa52/elements [39m[32m200[39m [90m111 ms - 12[39m
[35m[HTTP][39m [90m[39m
[35m[HTTP][39m [37m-->[39m [37mPOST[39m [37m/wd/hub/session/34bd289f-203e-450f-b958-9dd377f4aa52/elements[39m
[35m[HTTP][39m [90m{"using":"xpath","value":"//*[@class = 'android.widget.Button' and (@text = 'Pilih Gerai' or . = 'Pilih Gerai') and @resource-id = 'com.kfc.mobile.hkStaging:id/button_select_outlet']"}[39m
[35m[HTTP][39m [37m<-- POST /wd/hub/session/34bd289f-203e-450f-b958-9dd377f4aa52/elements [39m[32m200[39m [90m116 ms - 12[39m
[35m[HTTP][39m [90m[39m
[35m[HTTP][39m [37m-->[39m [37mPOST[39m [37m/wd/hub/session/34bd289f-203e-450f-b958-9dd377f4aa52/elements[39m
[35m[HTTP][39m [90m{"using":"xpath","value":"//*[@class = 'android.widget.Button' and (@text = 'Pilih Gerai' or . = 'Pilih Gerai') and @resource-id = 'com.kfc.mobile.hkStaging:id/button_select_outlet']"}[39m
[35m[HTTP][39m [37m<-- POST /wd/hub/session/34bd289f-203e-450f-b958-9dd377f4aa52/elements [39m[32m200[39m [90m109 ms - 12[39m
[35m[HTTP][39m [90m[39m
[35m[HTTP][39m [37m-->[39m [37mPOST[39m [37m/wd/hub/session/34bd289f-203e-450f-b958-9dd377f4aa52/elements[39m
[35m[HTTP][39m [90m{"using":"xpath","value":"//*[@class = 'android.widget.Button' and (@text = 'Pilih Gerai' or . = 'Pilih Gerai') and @resource-id = 'com.kfc.mobile.hkStaging:id/button_select_outlet']"}[39m
[35m[HTTP][39m [37m<-- POST /wd/hub/session/34bd289f-203e-450f-b958-9dd377f4aa52/elements [39m[32m200[39m [90m118 ms - 12[39m
[35m[HTTP][39m [90m[39m
[35m[HTTP][39m [37m-->[39m [37mPOST[39m [37m/wd/hub/session/34bd289f-203e-450f-b958-9dd377f4aa52/elements[39m
[35m[HTTP][39m [90m{"using":"xpath","value":"//*[@class = 'android.widget.Button' and (@text = 'Pilih Gerai' or . = 'Pilih Gerai') and @resource-id = 'com.kfc.mobile.hkStaging:id/button_select_outlet']"}[39m
[35m[HTTP][39m [37m<-- POST /wd/hub/session/34bd289f-203e-450f-b958-9dd377f4aa52/elements [39m[32m200[39m [90m1068 ms - 12[39m
[35m[HTTP][39m [90m[39m
[35m[HTTP][39m [37m-->[39m [37mPOST[39m [37m/wd/hub/session/34bd289f-203e-450f-b958-9dd377f4aa52/elements[39m
[35m[HTTP][39m [90m{"using":"xpath","value":"//*[@class = 'android.widget.Button' and (@text = 'Pilih Gerai' or . = 'Pilih Gerai') and @resource-id = 'com.kfc.mobile.hkStaging:id/button_select_outlet']"}[39m
[35m[HTTP][39m [37m<-- POST /wd/hub/session/34bd289f-203e-450f-b958-9dd377f4aa52/elements [39m[32m200[39m [90m127 ms - 12[39m
[35m[HTTP][39m [90m[39m
[35m[HTTP][39m [37m-->[39m [37mPOST[39m [37m/wd/hub/session/34bd289f-203e-450f-b958-9dd377f4aa52/elements[39m
[35m[HTTP][39m [90m{"using":"xpath","value":"//*[@class = 'android.widget.Button' and (@text = 'Pilih Gerai' or . = 'Pilih Gerai') and @resource-id = 'com.kfc.mobile.hkStaging:id/button_select_outlet']"}[39m
[35m[HTTP][39m [37m<-- POST /wd/hub/session/34bd289f-203e-450f-b958-9dd377f4aa52/elements [39m[32m200[39m [90m115 ms - 12[39m
[35m[HTTP][39m [90m[39m
[35m[HTTP][39m [37m-->[39m [37mPOST[39m [37m/wd/hub/session/34bd289f-203e-450f-b958-9dd377f4aa52/elements[39m
[35m[HTTP][39m [90m{"using":"xpath","value":"//*[@class = 'android.widget.Button' and (@text = 'Pilih Gerai' or . = 'Pilih Gerai') and @resource-id = 'com.kfc.mobile.hkStaging:id/button_select_outlet']"}[39m
[35m[HTTP][39m [37m<-- POST /wd/hub/session/34bd289f-203e-450f-b958-9dd377f4aa52/elements [39m[32m200[39m [90m115 ms - 12[39m
[35m[HTTP][39m [90m[39m
[35m[HTTP][39m [37m-->[39m [37mPOST[39m [37m/wd/hub/session/34bd289f-203e-450f-b958-9dd377f4aa52/elements[39m
[35m[HTTP][39m [90m{"using":"xpath","value":"//*[@class = 'android.widget.Button' and (@text = 'Pilih Gerai' or . = 'Pilih Gerai') and @resource-id = 'com.kfc.mobile.hkStaging:id/button_select_outlet']"}[39m
[35m[HTTP][39m [37m<-- POST /wd/hub/session/34bd289f-203e-450f-b958-9dd377f4aa52/elements [39m[32m200[39m [90m115 ms - 12[39m
[35m[HTTP][39m [90m[39m
[35m[HTTP][39m [37m-->[39m [37mPOST[39m [37m/wd/hub/session/34bd289f-203e-450f-b958-9dd377f4aa52/elements[39m
[35m[HTTP][39m [90m{"using":"xpath","value":"//*[@class = 'android.widget.Button' and (@text = 'Pilih Gerai' or . = 'Pilih Gerai') and @resource-id = 'com.kfc.mobile.hkStaging:id/button_select_outlet']"}[39m
[35m[HTTP][39m [37m<-- POST /wd/hub/session/34bd289f-203e-450f-b958-9dd377f4aa52/elements [39m[32m200[39m [90m115 ms - 12[39m
[35m[HTTP][39m [90m[39m
[35m[HTTP][39m [37m-->[39m [37mPOST[39m [37m/wd/hub/session/34bd289f-203e-450f-b958-9dd377f4aa52/elements[39m
[35m[HTTP][39m [90m{"using":"xpath","value":"//*[@class = 'android.widget.Button' and (@text = 'Pilih Gerai' or . = 'Pilih Gerai') and @resource-id = 'com.kfc.mobile.hkStaging:id/button_select_outlet']"}[39m
[35m[HTTP][39m [37m<-- POST /wd/hub/session/34bd289f-203e-450f-b958-9dd377f4aa52/elements [39m[32m200[39m [90m105 ms - 12[39m
[35m[HTTP][39m [90m[39m
[35m[HTTP][39m [37m-->[39m [37mPOST[39m [37m/wd/hub/session/34bd289f-203e-450f-b958-9dd377f4aa52/elements[39m
[35m[HTTP][39m [90m{"using":"xpath","value":"//*[@class = 'android.widget.Button' and (@text = 'Pilih Gerai' or . = 'Pilih Gerai') and @resource-id = 'com.kfc.mobile.hkStaging:id/button_select_outlet']"}[39m
[35m[HTTP][39m [37m<-- POST /wd/hub/session/34bd289f-203e-450f-b958-9dd377f4aa52/elements [39m[32m200[39m [90m101 ms - 12[39m
[35m[HTTP][39m [90m[39m
[35m[HTTP][39m [37m-->[39m [37mPOST[39m [37m/wd/hub/session/34bd289f-203e-450f-b958-9dd377f4aa52/elements[39m
[35m[HTTP][39m [90m{"using":"xpath","value":"//*[@class = 'android.widget.Button' and (@text = 'Pilih Gerai' or . = 'Pilih Gerai') and @resource-id = 'com.kfc.mobile.hkStaging:id/button_select_outlet']"}[39m
[35m[HTTP][39m [37m<-- POST /wd/hub/session/34bd289f-203e-450f-b958-9dd377f4aa52/elements [39m[32m200[39m [90m118 ms - 12[39m
[35m[HTTP][39m [90m[39m
[35m[HTTP][39m [37m-->[39m [37mPOST[39m [37m/wd/hub/session/34bd289f-203e-450f-b958-9dd377f4aa52/elements[39m
[35m[HTTP][39m [90m{"using":"xpath","value":"//*[@class = 'android.widget.Button' and (@text = 'Pilih Gerai' or . = 'Pilih Gerai') and @resource-id = 'com.kfc.mobile.hkStaging:id/button_select_outlet']"}[39m
[35m[HTTP][39m [37m<-- POST /wd/hub/session/34bd289f-203e-450f-b958-9dd377f4aa52/elements [39m[32m200[39m [90m112 ms - 12[39m
[35m[HTTP][39m [90m[39m
[35m[HTTP][39m [37m-->[39m [37mPOST[39m [37m/wd/hub/session/34bd289f-203e-450f-b958-9dd377f4aa52/elements[39m
[35m[HTTP][39m [90m{"using":"xpath","value":"//*[@class = 'android.widget.Button' and (@text = 'Pilih Gerai' or . = 'Pilih Gerai') and @resource-id = 'com.kfc.mobile.hkStaging:id/button_select_outlet']"}[39m
[35m[HTTP][39m [37m<-- POST /wd/hub/session/34bd289f-203e-450f-b958-9dd377f4aa52/elements [39m[32m200[39m [90m113 ms - 12[39m
[35m[HTTP][39m [90m[39m
[35m[HTTP][39m [37m-->[39m [37mPOST[39m [37m/wd/hub/session/34bd289f-203e-450f-b958-9dd377f4aa52/elements[39m
[35m[HTTP][39m [90m{"using":"xpath","value":"//*[@class = 'android.widget.Button' and (@text = 'Pilih Gerai' or . = 'Pilih Gerai') and @resource-id = 'com.kfc.mobile.hkStaging:id/button_select_outlet']"}[39m
[35m[HTTP][39m [37m<-- POST /wd/hub/session/34bd289f-203e-450f-b958-9dd377f4aa52/elements [39m[32m200[39m [90m111 ms - 12[39m
[35m[HTTP][39m [90m[39m
[35m[HTTP][39m [37m-->[39m [37mPOST[39m [37m/wd/hub/session/34bd289f-203e-450f-b958-9dd377f4aa52/elements[39m
[35m[HTTP][39m [90m{"using":"xpath","value":"//*[@class = 'android.widget.Button' and (@text = 'Pilih Gerai' or . = 'Pilih Gerai') and @resource-id = 'com.kfc.mobile.hkStaging:id/button_select_outlet']"}[39m
[35m[HTTP][39m [37m<-- POST /wd/hub/session/34bd289f-203e-450f-b958-9dd377f4aa52/elements [39m[32m200[39m [90m111 ms - 12[39m
[35m[HTTP][39m [90m[39m
[35m[HTTP][39m [37m-->[39m [37mPOST[39m [37m/wd/hub/session/34bd289f-203e-450f-b958-9dd377f4aa52/elements[39m
[35m[HTTP][39m [90m{"using":"xpath","value":"//*[@class = 'android.widget.Button' and (@text = 'Pilih Gerai' or . = 'Pilih Gerai') and @resource-id = 'com.kfc.mobile.hkStaging:id/button_select_outlet']"}[39m
[35m[HTTP][39m [37m<-- POST /wd/hub/session/34bd289f-203e-450f-b958-9dd377f4aa52/elements [39m[32m200[39m [90m112 ms - 12[39m
[35m[HTTP][39m [90m[39m
[35m[HTTP][39m [37m-->[39m [37mPOST[39m [37m/wd/hub/session/34bd289f-203e-450f-b958-9dd377f4aa52/elements[39m
[35m[HTTP][39m [90m{"using":"xpath","value":"//*[@class = 'android.widget.Button' and (@text = 'Pilih Gerai' or . = 'Pilih Gerai') and @resource-id = 'com.kfc.mobile.hkStaging:id/button_select_outlet']"}[39m
[35m[HTTP][39m [37m<-- POST /wd/hub/session/34bd289f-203e-450f-b958-9dd377f4aa52/elements [39m[32m200[39m [90m113 ms - 12[39m
[35m[HTTP][39m [90m[39m
[35m[HTTP][39m [37m-->[39m [37mPOST[39m [37m/wd/hub/session/34bd289f-203e-450f-b958-9dd377f4aa52/elements[39m
[35m[HTTP][39m [90m{"using":"xpath","value":"//*[@class = 'android.widget.Button' and (@text = 'Pilih Gerai' or . = 'Pilih Gerai') and @resource-id = 'com.kfc.mobile.hkStaging:id/button_select_outlet']"}[39m
[35m[HTTP][39m [37m<-- POST /wd/hub/session/34bd289f-203e-450f-b958-9dd377f4aa52/elements [39m[32m200[39m [90m121 ms - 12[39m
[35m[HTTP][39m [90m[39m
[35m[HTTP][39m [37m-->[39m [37mPOST[39m [37m/wd/hub/session/34bd289f-203e-450f-b958-9dd377f4aa52/elements[39m
[35m[HTTP][39m [90m{"using":"xpath","value":"//*[@class = 'android.widget.Button' and (@text = 'Pilih Gerai' or . = 'Pilih Gerai') and @resource-id = 'com.kfc.mobile.hkStaging:id/button_select_outlet']"}[39m
[35m[HTTP][39m [37m<-- POST /wd/hub/session/34bd289f-203e-450f-b958-9dd377f4aa52/elements [39m[32m200[39m [90m112 ms - 12[39m
[35m[HTTP][39m [90m[39m
[35m[HTTP][39m [37m-->[39m [37mPOST[39m [37m/wd/hub/session/34bd289f-203e-450f-b958-9dd377f4aa52/elements[39m
[35m[HTTP][39m [90m{"using":"xpath","value":"//*[@class = 'android.widget.Button' and (@text = 'Pilih Gerai' or . = 'Pilih Gerai') and @resource-id = 'com.kfc.mobile.hkStaging:id/button_select_outlet']"}[39m
[35m[HTTP][39m [37m<-- POST /wd/hub/session/34bd289f-203e-450f-b958-9dd377f4aa52/elements [39m[32m200[39m [90m1052 ms - 12[39m
[35m[HTTP][39m [90m[39m
[35m[HTTP][39m [37m-->[39m [37mPOST[39m [37m/wd/hub/session/34bd289f-203e-450f-b958-9dd377f4aa52/timeouts[39m
[35m[HTTP][39m [90m{"implicit":30000}[39m
[35m[HTTP][39m [37m<-- POST /wd/hub/session/34bd289f-203e-450f-b958-9dd377f4aa52/timeouts [39m[32m200[39m [90m1 ms - 14[39m
[35m[HTTP][39m [90m[39m
[35m[HTTP][39m [37m-->[39m [37mGET[39m [37m/wd/hub/session/34bd289f-203e-450f-b958-9dd377f4aa52/context[39m
[35m[HTTP][39m [90m{}[39m
[35m[HTTP][39m [37m<-- GET /wd/hub/session/34bd289f-203e-450f-b958-9dd377f4aa52/context [39m[32m200[39m [90m1 ms - 22[39m
[35m[HTTP][39m [90m[39m
[35m[HTTP][39m [37m-->[39m [37mGET[39m [37m/wd/hub/session/34bd289f-203e-450f-b958-9dd377f4aa52/contexts[39m
[35m[HTTP][39m [90m{}[39m
[35m[HTTP][39m [37m<-- GET /wd/hub/session/34bd289f-203e-450f-b958-9dd377f4aa52/contexts [39m[32m200[39m [90m58 ms - 24[39m
[35m[HTTP][39m [90m[39m
[35m[HTTP][39m [37m-->[39m [37mPOST[39m [37m/wd/hub/session/34bd289f-203e-450f-b958-9dd377f4aa52/context[39m
[35m[HTTP][39m [90m{"name":"NATIVE_APP"}[39m
[35m[HTTP][39m [37m<-- POST /wd/hub/session/34bd289f-203e-450f-b958-9dd377f4aa52/context [39m[32m200[39m [90m2 ms - 14[39m
[35m[HTTP][39m [90m[39m
[35m[HTTP][39m [37m-->[39m [37mGET[39m [37m/wd/hub/session/34bd289f-203e-450f-b958-9dd377f4aa52/screenshot[39m
[35m[HTTP][39m [90m{}[39m
[35m[HTTP][39m [37m<-- GET /wd/hub/session/34bd289f-203e-450f-b958-9dd377f4aa52/screenshot [39m[32m200[39m [90m1487 ms - 1128652[39m
[35m[HTTP][39m [90m[39m
[35m[HTTP][39m [37m-->[39m [37mPOST[39m [37m/wd/hub/session/34bd289f-203e-450f-b958-9dd377f4aa52/context[39m
[35m[HTTP][39m [90m{"name":"NATIVE_APP"}[39m
[35m[HTTP][39m [37m<-- POST /wd/hub/session/34bd289f-203e-450f-b958-9dd377f4aa52/context [39m[32m200[39m [90m1 ms - 14[39m
[35m[HTTP][39m [90m[39m
[35m[HTTP][39m [37m-->[39m [37mGET[39m [37m/wd/hub/status[39m
[35m[HTTP][39m [90m{}[39m
[35m[HTTP][39m [37m<-- GET /wd/hub/status [39m[32m200[39m [90m1 ms - 68[39m
[35m[HTTP][39m [90m[39m
[35m[HTTP][39m [37m-->[39m [37mPOST[39m [37m/wd/hub/session[39m
[35m[HTTP][39m [90m{"desiredCapabilities":{"appPackage":"com.kfc.mobile.hkStaging","noReset":true,"deviceId":"","deviceName":"OPPO CPH1801 (Android 7.1.1)","platform":"ANDROID","appActivity":"com.kfc.mobile.presentation.splash.SplashActivity","newCommandTimeout":1800,"platformVersion":"7.1.1","automationName":"uiautomator2","autoGrantPermissions":true,"platformName":"Android","udid":"aa14e06a","systemPort":8229},"capabilities":{"firstMatch":[{"appium:appActivity":"com.kfc.mobile.presentation.splash.SplashActivity","appium:appPackage":"com.kfc.mobile.hkStaging","appium:autoGrantPermissions":true,"appium:automationName":"uiautomator2","deviceId":"","appium:deviceName":"OPPO CPH1801 (Android 7.1.1)","appium:newCommandTimeout":1800,"appium:noReset":true,"platform":"ANDROID","platformName":"android","appium:platformVersion":"7.1.1","appium:systemPort":8229,"appium:udid":"aa14e06a"}]}}[39m
[35m[BaseDriver][39m The following capabilities are not standard capabilities and should have an extension prefix:
[35m[BaseDriver][39m   deviceId
[35m[BaseDriver][39m   platform
[35m[BaseDriver][39m   chromedriverPort
[35m[Appium][39m Appium v1.22.3 creating new AndroidUiautomator2Driver (v1.70.1) session
[35m[BaseDriver][39m The following capabilities were provided, but are not recognized by Appium:
[35m[BaseDriver][39m   deviceId
[35m[BaseDriver][39m   platform
[35m[BaseDriver][39m Session created with session id: c0d91041-5b80-4ba6-a4bc-18945984b748
[35m[UiAutomator2][39m Starting 'com.kfc.mobile.hkStaging' directly on the device
[35m[ADB][39m Using 'adb.exe' from 'C:\Users\Ahadian Rifky\.katalon\tools\android_sdk\platform-tools\adb.exe'
[35m[AndroidDriver][39m Retrieving device list
[35m[AndroidDriver][39m Using device: aa14e06a
[35m[ADB][39m Using 'adb.exe' from 'C:\Users\Ahadian Rifky\.katalon\tools\android_sdk\platform-tools\adb.exe'
[35m[AndroidDriver][39m No app sent in, not parsing package/activity
[35m[HTTP][39m [37m<-- POST /wd/hub/session [39m[32m-[39m [90m- ms - -[39m
[35m[HTTP][39m [90m[39m
[35m[UiAutomator2][39m Server packages are not going to be (re)installed
[35m[ADB][39m Adding packages ["io.appium.settings","io.appium.uiautomator2.server","io.appium.uiautomator2.server.test"] to Doze whitelist
[35m[UiAutomator2][39m Starting UIAutomator2 server 4.27.0
[35m[UiAutomator2][39m Using UIAutomator2 server from 'C:\Users\Ahadian Rifky\AppData\Roaming\npm\node_modules\appium\node_modules\appium-uiautomator2-server\apks\appium-uiautomator2-server-v4.27.0.apk' and test from 'C:\Users\Ahadian Rifky\AppData\Roaming\npm\node_modules\appium\node_modules\appium-uiautomator2-server\apks\appium-uiautomator2-server-debug-androidTest.apk'
[35m[UiAutomator2][39m Waiting up to 30000ms for UiAutomator2 to be online...
[35m[WD Proxy][39m socket hang up
[35m[WD Proxy][39m socket hang up
[35m[WD Proxy][39m socket hang up
[35m[WD Proxy][39m Determined the downstream protocol as 'W3C'
[35m[AndroidDriver][39m Screen already unlocked, doing nothing
[35m[UiAutomator2][39m Starting 'com.kfc.mobile.hkStaging/com.kfc.mobile.presentation.splash.SplashActivity and waiting for 'com.kfc.mobile.hkStaging/com.kfc.mobile.presentation.splash.SplashActivity'
[35m[Appium][39m New AndroidUiautomator2Driver session created successfully, session c0d91041-5b80-4ba6-a4bc-18945984b748 added to master session list
