[35m[Appium][39m Welcome to Appium v1.22.3
[35m[Appium][39m Non-default server args:
[35m[Appium][39m   port: 52062
[35m[Appium][39m   loglevel: info
[35m[Appium][39m   tmpDir: C:\Users\AHADIA~1\AppData\Local\Temp\\Katalon\Appium\Temp1675246801829
[35m[Appium][39m   chromedriverPort: 52064
[35m[Appium][39m Deprecated server args:
[35m[Appium][39m   [31m--chromedriver-port[39m => --default-capabilities
[35m[Appium][39m Default capabilities, which will be added to each request unless overridden by desired capabilities:
[35m[Appium][39m   chromedriverPort: 52064
[35m[Appium][39m Appium REST http interface listener started on 0.0.0.0:52062
[35m[HTTP][39m [37m-->[39m [37mGET[39m [37m/wd/hub/status[39m
[35m[HTTP][39m [90m{}[39m
[35m[HTTP][39m [37m<-- GET /wd/hub/status [39m[32m200[39m [90m8 ms - 68[39m
[35m[HTTP][39m [90m[39m
[35m[HTTP][39m [37m-->[39m [37mPOST[39m [37m/wd/hub/session[39m
[35m[HTTP][39m [90m{"desiredCapabilities":{"appPackage":"com.kfc.mobile.hkStaging","noReset":true,"deviceId":"","deviceName":"OPPO CPH1801 (Android 7.1.1)","platform":"ANDROID","appActivity":"com.kfc.mobile.presentation.home.HomeActivity","newCommandTimeout":1800,"platformVersion":"7.1.1","automationName":"uiautomator2","autoGrantPermissions":true,"platformName":"Android","udid":"aa14e06a","systemPort":8264},"capabilities":{"firstMatch":[{"appium:appActivity":"com.kfc.mobile.presentation.home.HomeActivity","appium:appPackage":"com.kfc.mobile.hkStaging","appium:autoGrantPermissions":true,"appium:automationName":"uiautomator2","deviceId":"","appium:deviceName":"OPPO CPH1801 (Android 7.1.1)","appium:newCommandTimeout":1800,"appium:noReset":true,"platform":"ANDROID","platformName":"android","appium:platformVersion":"7.1.1","appium:systemPort":8264,"appium:udid":"aa14e06a"}]}}[39m
[35m[BaseDriver][39m The following capabilities are not standard capabilities and should have an extension prefix:
[35m[BaseDriver][39m   deviceId
[35m[BaseDriver][39m   platform
[35m[BaseDriver][39m   chromedriverPort
[35m[Appium][39m Appium v1.22.3 creating new AndroidUiautomator2Driver (v1.70.1) session
[35m[BaseDriver][39m The following capabilities were provided, but are not recognized by Appium:
[35m[BaseDriver][39m   deviceId
[35m[BaseDriver][39m   platform
[35m[BaseDriver][39m Session created with session id: 0e93a6fd-1dbd-443a-98ad-3f4cd4cf9431
[35m[UiAutomator2][39m Starting 'com.kfc.mobile.hkStaging' directly on the device
[35m[ADB][39m Found 1 'build-tools' folders under 'C:\Users\Ahadian Rifky\.katalon\tools\android_sdk' (newest first):
[35m[ADB][39m     C:/Users/Ahadian Rifky/.katalon/tools/android_sdk/build-tools/29.0.3
[35m[ADB][39m Using 'adb.exe' from 'C:\Users\Ahadian Rifky\.katalon\tools\android_sdk\platform-tools\adb.exe'
[35m[AndroidDriver][39m Retrieving device list
[35m[AndroidDriver][39m Using device: aa14e06a
[35m[ADB][39m Using 'adb.exe' from 'C:\Users\Ahadian Rifky\.katalon\tools\android_sdk\platform-tools\adb.exe'
[35m[AndroidDriver][39m No app sent in, not parsing package/activity
[35m[ADB][39m Using 'apksigner.jar' from 'C:\Users\Ahadian Rifky\.katalon\tools\android_sdk\build-tools\29.0.3\lib\apksigner.jar'
[35m[ADB][39m 'C:\Users\Ahadian Rifky\AppData\Roaming\npm\node_modules\appium\node_modules\appium-uiautomator2-server\apks\appium-uiautomator2-server-v4.27.0.apk' is signed with the default certificate
[35m[ADB][39m 'C:\Users\Ahadian Rifky\AppData\Roaming\npm\node_modules\appium\node_modules\appium-uiautomator2-server\apks\appium-uiautomator2-server-debug-androidTest.apk' is signed with the default certificate
[35m[UiAutomator2][39m Server packages are not going to be (re)installed
[35m[ADB][39m Adding packages ["io.appium.settings","io.appium.uiautomator2.server","io.appium.uiautomator2.server.test"] to Doze whitelist
[35m[UiAutomator2][39m Starting UIAutomator2 server 4.27.0
[35m[UiAutomator2][39m Using UIAutomator2 server from 'C:\Users\Ahadian Rifky\AppData\Roaming\npm\node_modules\appium\node_modules\appium-uiautomator2-server\apks\appium-uiautomator2-server-v4.27.0.apk' and test from 'C:\Users\Ahadian Rifky\AppData\Roaming\npm\node_modules\appium\node_modules\appium-uiautomator2-server\apks\appium-uiautomator2-server-debug-androidTest.apk'
[35m[UiAutomator2][39m Waiting up to 30000ms for UiAutomator2 to be online...
[35m[WD Proxy][39m socket hang up
[35m[WD Proxy][39m socket hang up
[35m[WD Proxy][39m socket hang up
[35m[WD Proxy][39m Determined the downstream protocol as 'W3C'
[35m[AndroidDriver][39m Screen already unlocked, doing nothing
[35m[UiAutomator2][39m Starting 'com.kfc.mobile.hkStaging/com.kfc.mobile.presentation.home.HomeActivity and waiting for 'com.kfc.mobile.hkStaging/com.kfc.mobile.presentation.home.HomeActivity'
[35m[Appium][39m New AndroidUiautomator2Driver session created successfully, session 0e93a6fd-1dbd-443a-98ad-3f4cd4cf9431 added to master session list
[35m[HTTP][39m [37m<-- POST /wd/hub/session [39m[32m200[39m [90m13761 ms - 1279[39m
[35m[HTTP][39m [90m[39m
[35m[HTTP][39m [37m-->[39m [37mGET[39m [37m/wd/hub/session/0e93a6fd-1dbd-443a-98ad-3f4cd4cf9431[39m
[35m[HTTP][39m [90m{}[39m
[35m[HTTP][39m [37m<-- GET /wd/hub/session/0e93a6fd-1dbd-443a-98ad-3f4cd4cf9431 [39m[32m200[39m [90m19 ms - 1233[39m
[35m[HTTP][39m [90m[39m
[35m[HTTP][39m [37m-->[39m [37mGET[39m [37m/wd/hub/session/0e93a6fd-1dbd-443a-98ad-3f4cd4cf9431[39m
[35m[HTTP][39m [90m{}[39m
[35m[HTTP][39m [37m<-- GET /wd/hub/session/0e93a6fd-1dbd-443a-98ad-3f4cd4cf9431 [39m[32m200[39m [90m15 ms - 1233[39m
[35m[HTTP][39m [90m[39m
[35m[HTTP][39m [37m-->[39m [37mGET[39m [37m/wd/hub/status[39m
[35m[HTTP][39m [90m{}[39m
[35m[HTTP][39m [37m<-- GET /wd/hub/status [39m[32m200[39m [90m1 ms - 68[39m
[35m[HTTP][39m [90m[39m
[35m[HTTP][39m [37m-->[39m [37mPOST[39m [37m/wd/hub/session/0e93a6fd-1dbd-443a-98ad-3f4cd4cf9431/timeouts[39m
[35m[HTTP][39m [90m{"implicit":30000}[39m
[35m[HTTP][39m [37m<-- POST /wd/hub/session/0e93a6fd-1dbd-443a-98ad-3f4cd4cf9431/timeouts [39m[32m200[39m [90m3 ms - 14[39m
[35m[HTTP][39m [90m[39m
[35m[HTTP][39m [37m-->[39m [37mGET[39m [37m/wd/hub/session/0e93a6fd-1dbd-443a-98ad-3f4cd4cf9431/screenshot[39m
[35m[HTTP][39m [90m{}[39m
[35m[HTTP][39m [37m<-- GET /wd/hub/session/0e93a6fd-1dbd-443a-98ad-3f4cd4cf9431/screenshot [39m[32m200[39m [90m432 ms - 75406[39m
[35m[HTTP][39m [90m[39m
[35m[HTTP][39m [37m-->[39m [37mGET[39m [37m/wd/hub/session/0e93a6fd-1dbd-443a-98ad-3f4cd4cf9431/window/rect[39m
[35m[HTTP][39m [90m{}[39m
[35m[HTTP][39m [37m<-- GET /wd/hub/session/0e93a6fd-1dbd-443a-98ad-3f4cd4cf9431/window/rect [39m[32m200[39m [90m26 ms - 49[39m
[35m[HTTP][39m [90m[39m
[35m[HTTP][39m [37m-->[39m [37mGET[39m [37m/wd/hub/session/0e93a6fd-1dbd-443a-98ad-3f4cd4cf9431/appium/device/system_bars[39m
[35m[HTTP][39m [90m{}[39m
[35m[HTTP][39m [37m<-- GET /wd/hub/session/0e93a6fd-1dbd-443a-98ad-3f4cd4cf9431/appium/device/system_bars [39m[31m500[39m [90m197 ms - 663[39m
[35m[HTTP][39m [90m[39m
[35m[HTTP][39m [37m-->[39m [37mPOST[39m [37m/wd/hub/session/0e93a6fd-1dbd-443a-98ad-3f4cd4cf9431/execute/sync[39m
[35m[HTTP][39m [90m{"script":"mobile:viewportRect","args":[]}[39m
[35m[AndroidDriver][39m Executing native command 'mobile:viewportRect'
[35m[HTTP][39m [37m<-- POST /wd/hub/session/0e93a6fd-1dbd-443a-98ad-3f4cd4cf9431/execute/sync [39m[32m200[39m [90m20 ms - 55[39m
[35m[HTTP][39m [90m[39m
[35m[HTTP][39m [37m-->[39m [37mPOST[39m [37m/wd/hub/session/0e93a6fd-1dbd-443a-98ad-3f4cd4cf9431/appium/device/activate_app[39m
[35m[HTTP][39m [90m{"bundleId":"com.kfc.mobile.hkStaging"}[39m
[35m[HTTP][39m [37m<-- POST /wd/hub/session/0e93a6fd-1dbd-443a-98ad-3f4cd4cf9431/appium/device/activate_app [39m[32m200[39m [90m1191 ms - 14[39m
[35m[HTTP][39m [90m[39m
[35m[HTTP][39m [37m-->[39m [37mPOST[39m [37m/wd/hub/session/0e93a6fd-1dbd-443a-98ad-3f4cd4cf9431/timeouts[39m
[35m[HTTP][39m [90m{"implicit":50}[39m
[35m[HTTP][39m [37m<-- POST /wd/hub/session/0e93a6fd-1dbd-443a-98ad-3f4cd4cf9431/timeouts [39m[32m200[39m [90m2 ms - 14[39m
[35m[HTTP][39m [90m[39m
[35m[HTTP][39m [37m-->[39m [37mGET[39m [37m/wd/hub/session/0e93a6fd-1dbd-443a-98ad-3f4cd4cf9431/window/rect[39m
[35m[HTTP][39m [90m{}[39m
[35m[HTTP][39m [37m<-- GET /wd/hub/session/0e93a6fd-1dbd-443a-98ad-3f4cd4cf9431/window/rect [39m[32m200[39m [90m20 ms - 49[39m
[35m[HTTP][39m [90m[39m
[35m[HTTP][39m [37m-->[39m [37mPOST[39m [37m/wd/hub/session/0e93a6fd-1dbd-443a-98ad-3f4cd4cf9431/elements[39m
[35m[HTTP][39m [90m{"using":"xpath","value":"//*[@class = 'android.widget.TextView' and (@text = 'Profil' or . = 'Profil') and @resource-id = 'com.kfc.mobile.hkStaging:id/tvBottomProfile']"}[39m
[35m[HTTP][39m [37m<-- POST /wd/hub/session/0e93a6fd-1dbd-443a-98ad-3f4cd4cf9431/elements [39m[32m200[39m [90m639 ms - 139[39m
[35m[HTTP][39m [90m[39m
[35m[HTTP][39m [37m-->[39m [37mGET[39m [37m/wd/hub/session/0e93a6fd-1dbd-443a-98ad-3f4cd4cf9431/element/00000000-0000-01ce-7fff-ffff00000032/location[39m
[35m[HTTP][39m [90m{}[39m
[35m[W3C (0e93a6fd)][39m Driver proxy active, passing request on via HTTP proxy
[35m[WD Proxy][39m Replacing sessionId 72e72a12-83ee-4ab9-9930-5e5cfa8a4be1 with 0e93a6fd-1dbd-443a-98ad-3f4cd4cf9431
[35m[HTTP][39m [37m<-- GET /wd/hub/session/0e93a6fd-1dbd-443a-98ad-3f4cd4cf9431/element/00000000-0000-01ce-7fff-ffff00000032/location [39m[32m200[39m [90m28 ms - 79[39m
[35m[HTTP][39m [90m[39m
[35m[HTTP][39m [37m-->[39m [37mPOST[39m [37m/wd/hub/session/0e93a6fd-1dbd-443a-98ad-3f4cd4cf9431/timeouts[39m
[35m[HTTP][39m [90m{"implicit":30000}[39m
[35m[HTTP][39m [37m<-- POST /wd/hub/session/0e93a6fd-1dbd-443a-98ad-3f4cd4cf9431/timeouts [39m[32m200[39m [90m1 ms - 14[39m
[35m[HTTP][39m [90m[39m
[35m[HTTP][39m [37m-->[39m [37mPOST[39m [37m/wd/hub/session/0e93a6fd-1dbd-443a-98ad-3f4cd4cf9431/element/00000000-0000-01ce-7fff-ffff00000032/click[39m
[35m[HTTP][39m [90m{"id":"00000000-0000-01ce-7fff-ffff00000032"}[39m
[35m[HTTP][39m [37m<-- POST /wd/hub/session/0e93a6fd-1dbd-443a-98ad-3f4cd4cf9431/element/00000000-0000-01ce-7fff-ffff00000032/click [39m[32m200[39m [90m39 ms - 14[39m
[35m[HTTP][39m [90m[39m
[35m[HTTP][39m [37m-->[39m [37mPOST[39m [37m/wd/hub/session/0e93a6fd-1dbd-443a-98ad-3f4cd4cf9431/timeouts[39m
[35m[HTTP][39m [90m{"implicit":50}[39m
[35m[HTTP][39m [37m<-- POST /wd/hub/session/0e93a6fd-1dbd-443a-98ad-3f4cd4cf9431/timeouts [39m[32m200[39m [90m1 ms - 14[39m
[35m[HTTP][39m [90m[39m
[35m[HTTP][39m [37m-->[39m [37mGET[39m [37m/wd/hub/session/0e93a6fd-1dbd-443a-98ad-3f4cd4cf9431/window/rect[39m
[35m[HTTP][39m [90m{}[39m
[35m[HTTP][39m [37m<-- GET /wd/hub/session/0e93a6fd-1dbd-443a-98ad-3f4cd4cf9431/window/rect [39m[32m200[39m [90m16 ms - 49[39m
[35m[HTTP][39m [90m[39m
[35m[HTTP][39m [37m-->[39m [37mPOST[39m [37m/wd/hub/session/0e93a6fd-1dbd-443a-98ad-3f4cd4cf9431/elements[39m
[35m[HTTP][39m [90m{"using":"xpath","value":"//*[@class = 'android.widget.EditText' and (@text = 'Masukkan nomor handphone Anda' or . = 'Masukkan nomor handphone Anda') and @resource-id = 'com.kfc.mobile.hkStaging:id/edit_text']"}[39m
[35m[HTTP][39m [37m<-- POST /wd/hub/session/0e93a6fd-1dbd-443a-98ad-3f4cd4cf9431/elements [39m[32m200[39m [90m1873 ms - 139[39m
[35m[HTTP][39m [90m[39m
[35m[HTTP][39m [37m-->[39m [37mGET[39m [37m/wd/hub/session/0e93a6fd-1dbd-443a-98ad-3f4cd4cf9431/element/00000000-0000-01cf-7fff-ffff00000088/location[39m
[35m[HTTP][39m [90m{}[39m
[35m[W3C (0e93a6fd)][39m Driver proxy active, passing request on via HTTP proxy
[35m[WD Proxy][39m Replacing sessionId 72e72a12-83ee-4ab9-9930-5e5cfa8a4be1 with 0e93a6fd-1dbd-443a-98ad-3f4cd4cf9431
[35m[HTTP][39m [37m<-- GET /wd/hub/session/0e93a6fd-1dbd-443a-98ad-3f4cd4cf9431/element/00000000-0000-01cf-7fff-ffff00000088/location [39m[32m200[39m [90m333 ms - 77[39m
[35m[HTTP][39m [90m[39m
[35m[HTTP][39m [37m-->[39m [37mPOST[39m [37m/wd/hub/session/0e93a6fd-1dbd-443a-98ad-3f4cd4cf9431/timeouts[39m
[35m[HTTP][39m [90m{"implicit":30000}[39m
[35m[HTTP][39m [37m<-- POST /wd/hub/session/0e93a6fd-1dbd-443a-98ad-3f4cd4cf9431/timeouts [39m[32m200[39m [90m1 ms - 14[39m
[35m[HTTP][39m [90m[39m
[35m[HTTP][39m [37m-->[39m [37mPOST[39m [37m/wd/hub/session/0e93a6fd-1dbd-443a-98ad-3f4cd4cf9431/element/00000000-0000-01cf-7fff-ffff00000088/clear[39m
[35m[HTTP][39m [90m{"id":"00000000-0000-01cf-7fff-ffff00000088"}[39m
[35m[HTTP][39m [37m<-- POST /wd/hub/session/0e93a6fd-1dbd-443a-98ad-3f4cd4cf9431/element/00000000-0000-01cf-7fff-ffff00000088/clear [39m[32m200[39m [90m34 ms - 14[39m
[35m[HTTP][39m [90m[39m
[35m[HTTP][39m [37m-->[39m [37mPOST[39m [37m/wd/hub/session/0e93a6fd-1dbd-443a-98ad-3f4cd4cf9431/element/00000000-0000-01cf-7fff-ffff00000088/value[39m
[35m[HTTP][39m [90m{"id":"00000000-0000-01cf-7fff-ffff00000088","text":"081211287377","value":["0","8","1","2","1","1","2","8","7","3","7","7"]}[39m
[35m[HTTP][39m [37m<-- POST /wd/hub/session/0e93a6fd-1dbd-443a-98ad-3f4cd4cf9431/element/00000000-0000-01cf-7fff-ffff00000088/value [39m[32m200[39m [90m1813 ms - 14[39m
[35m[HTTP][39m [90m[39m
[35m[HTTP][39m [37m-->[39m [37mGET[39m [37m/wd/hub/session/0e93a6fd-1dbd-443a-98ad-3f4cd4cf9431/context[39m
[35m[HTTP][39m [90m{}[39m
[35m[HTTP][39m [37m<-- GET /wd/hub/session/0e93a6fd-1dbd-443a-98ad-3f4cd4cf9431/context [39m[32m200[39m [90m1 ms - 22[39m
[35m[HTTP][39m [90m[39m
[35m[HTTP][39m [37m-->[39m [37mGET[39m [37m/wd/hub/session/0e93a6fd-1dbd-443a-98ad-3f4cd4cf9431/contexts[39m
[35m[HTTP][39m [90m{}[39m
[35m[HTTP][39m [37m<-- GET /wd/hub/session/0e93a6fd-1dbd-443a-98ad-3f4cd4cf9431/contexts [39m[32m200[39m [90m93 ms - 24[39m
[35m[HTTP][39m [90m[39m
[35m[HTTP][39m [37m-->[39m [37mPOST[39m [37m/wd/hub/session/0e93a6fd-1dbd-443a-98ad-3f4cd4cf9431/context[39m
[35m[HTTP][39m [90m{"name":"NATIVE_APP"}[39m
[35m[HTTP][39m [37m<-- POST /wd/hub/session/0e93a6fd-1dbd-443a-98ad-3f4cd4cf9431/context [39m[32m200[39m [90m2 ms - 14[39m
[35m[HTTP][39m [90m[39m
[35m[HTTP][39m [37m-->[39m [37mPOST[39m [37m/wd/hub/session/0e93a6fd-1dbd-443a-98ad-3f4cd4cf9431/appium/device/hide_keyboard[39m
[35m[HTTP][39m [90m{}[39m
[35m[ADB][39m Keyboard has no UI; no closing necessary
[35m[HTTP][39m [37m<-- POST /wd/hub/session/0e93a6fd-1dbd-443a-98ad-3f4cd4cf9431/appium/device/hide_keyboard [39m[32m200[39m [90m1193 ms - 15[39m
[35m[HTTP][39m [90m[39m
[35m[HTTP][39m [37m-->[39m [37mPOST[39m [37m/wd/hub/session/0e93a6fd-1dbd-443a-98ad-3f4cd4cf9431/context[39m
[35m[HTTP][39m [90m{"name":"NATIVE_APP"}[39m
[35m[HTTP][39m [37m<-- POST /wd/hub/session/0e93a6fd-1dbd-443a-98ad-3f4cd4cf9431/context [39m[32m200[39m [90m1 ms - 14[39m
[35m[HTTP][39m [90m[39m
[35m[HTTP][39m [37m-->[39m [37mPOST[39m [37m/wd/hub/session/0e93a6fd-1dbd-443a-98ad-3f4cd4cf9431/timeouts[39m
[35m[HTTP][39m [90m{"implicit":50}[39m
[35m[HTTP][39m [37m<-- POST /wd/hub/session/0e93a6fd-1dbd-443a-98ad-3f4cd4cf9431/timeouts [39m[32m200[39m [90m1 ms - 14[39m
[35m[HTTP][39m [90m[39m
[35m[HTTP][39m [37m-->[39m [37mGET[39m [37m/wd/hub/session/0e93a6fd-1dbd-443a-98ad-3f4cd4cf9431/window/rect[39m
[35m[HTTP][39m [90m{}[39m
[35m[HTTP][39m [37m<-- GET /wd/hub/session/0e93a6fd-1dbd-443a-98ad-3f4cd4cf9431/window/rect [39m[32m200[39m [90m14 ms - 49[39m
[35m[HTTP][39m [90m[39m
[35m[HTTP][39m [37m-->[39m [37mPOST[39m [37m/wd/hub/session/0e93a6fd-1dbd-443a-98ad-3f4cd4cf9431/elements[39m
[35m[HTTP][39m [90m{"using":"xpath","value":"//*[@class = 'android.widget.EditText' and (@text = 'Ketik kata sandi Anda' or . = 'Ketik kata sandi Anda') and @resource-id = 'com.kfc.mobile.hkStaging:id/edit_text']"}[39m
[35m[HTTP][39m [37m<-- POST /wd/hub/session/0e93a6fd-1dbd-443a-98ad-3f4cd4cf9431/elements [39m[32m200[39m [90m203 ms - 139[39m
[35m[HTTP][39m [90m[39m
[35m[HTTP][39m [37m-->[39m [37mGET[39m [37m/wd/hub/session/0e93a6fd-1dbd-443a-98ad-3f4cd4cf9431/element/00000000-0000-01cf-7fff-ffff000000a8/location[39m
[35m[HTTP][39m [90m{}[39m
[35m[W3C (0e93a6fd)][39m Driver proxy active, passing request on via HTTP proxy
[35m[WD Proxy][39m Replacing sessionId 72e72a12-83ee-4ab9-9930-5e5cfa8a4be1 with 0e93a6fd-1dbd-443a-98ad-3f4cd4cf9431
[35m[HTTP][39m [37m<-- GET /wd/hub/session/0e93a6fd-1dbd-443a-98ad-3f4cd4cf9431/element/00000000-0000-01cf-7fff-ffff000000a8/location [39m[32m200[39m [90m23 ms - 77[39m
[35m[HTTP][39m [90m[39m
[35m[HTTP][39m [37m-->[39m [37mPOST[39m [37m/wd/hub/session/0e93a6fd-1dbd-443a-98ad-3f4cd4cf9431/timeouts[39m
[35m[HTTP][39m [90m{"implicit":30000}[39m
[35m[HTTP][39m [37m<-- POST /wd/hub/session/0e93a6fd-1dbd-443a-98ad-3f4cd4cf9431/timeouts [39m[32m200[39m [90m1 ms - 14[39m
[35m[HTTP][39m [90m[39m
[35m[HTTP][39m [37m-->[39m [37mPOST[39m [37m/wd/hub/session/0e93a6fd-1dbd-443a-98ad-3f4cd4cf9431/element/00000000-0000-01cf-7fff-ffff000000a8/clear[39m
[35m[HTTP][39m [90m{"id":"00000000-0000-01cf-7fff-ffff000000a8"}[39m
[35m[HTTP][39m [37m<-- POST /wd/hub/session/0e93a6fd-1dbd-443a-98ad-3f4cd4cf9431/element/00000000-0000-01cf-7fff-ffff000000a8/clear [39m[32m200[39m [90m28 ms - 14[39m
[35m[HTTP][39m [90m[39m
[35m[HTTP][39m [37m-->[39m [37mPOST[39m [37m/wd/hub/session/0e93a6fd-1dbd-443a-98ad-3f4cd4cf9431/element/00000000-0000-01cf-7fff-ffff000000a8/value[39m
[35m[HTTP][39m [90m{"id":"00000000-0000-01cf-7fff-ffff000000a8","text":"qwerty123","value":["q","w","e","r","t","y","1","2","3"]}[39m
[35m[HTTP][39m [37m<-- POST /wd/hub/session/0e93a6fd-1dbd-443a-98ad-3f4cd4cf9431/element/00000000-0000-01cf-7fff-ffff000000a8/value [39m[32m200[39m [90m2241 ms - 14[39m
[35m[HTTP][39m [90m[39m
[35m[HTTP][39m [37m-->[39m [37mGET[39m [37m/wd/hub/session/0e93a6fd-1dbd-443a-98ad-3f4cd4cf9431/context[39m
[35m[HTTP][39m [90m{}[39m
[35m[HTTP][39m [37m<-- GET /wd/hub/session/0e93a6fd-1dbd-443a-98ad-3f4cd4cf9431/context [39m[32m200[39m [90m1 ms - 22[39m
[35m[HTTP][39m [90m[39m
[35m[HTTP][39m [37m-->[39m [37mGET[39m [37m/wd/hub/session/0e93a6fd-1dbd-443a-98ad-3f4cd4cf9431/contexts[39m
[35m[HTTP][39m [90m{}[39m
[35m[HTTP][39m [37m<-- GET /wd/hub/session/0e93a6fd-1dbd-443a-98ad-3f4cd4cf9431/contexts [39m[32m200[39m [90m74 ms - 24[39m
[35m[HTTP][39m [90m[39m
[35m[HTTP][39m [37m-->[39m [37mPOST[39m [37m/wd/hub/session/0e93a6fd-1dbd-443a-98ad-3f4cd4cf9431/context[39m
[35m[HTTP][39m [90m{"name":"NATIVE_APP"}[39m
[35m[HTTP][39m [37m<-- POST /wd/hub/session/0e93a6fd-1dbd-443a-98ad-3f4cd4cf9431/context [39m[32m200[39m [90m1 ms - 14[39m
[35m[HTTP][39m [90m[39m
[35m[HTTP][39m [37m-->[39m [37mPOST[39m [37m/wd/hub/session/0e93a6fd-1dbd-443a-98ad-3f4cd4cf9431/appium/device/hide_keyboard[39m
[35m[HTTP][39m [90m{}[39m
[35m[ADB][39m Keyboard has no UI; no closing necessary
[35m[HTTP][39m [37m<-- POST /wd/hub/session/0e93a6fd-1dbd-443a-98ad-3f4cd4cf9431/appium/device/hide_keyboard [39m[32m200[39m [90m1043 ms - 15[39m
[35m[HTTP][39m [90m[39m
[35m[HTTP][39m [37m-->[39m [37mPOST[39m [37m/wd/hub/session/0e93a6fd-1dbd-443a-98ad-3f4cd4cf9431/context[39m
[35m[HTTP][39m [90m{"name":"NATIVE_APP"}[39m
[35m[HTTP][39m [37m<-- POST /wd/hub/session/0e93a6fd-1dbd-443a-98ad-3f4cd4cf9431/context [39m[32m200[39m [90m1 ms - 14[39m
[35m[HTTP][39m [90m[39m
[35m[HTTP][39m [37m-->[39m [37mPOST[39m [37m/wd/hub/session/0e93a6fd-1dbd-443a-98ad-3f4cd4cf9431/timeouts[39m
[35m[HTTP][39m [90m{"implicit":50}[39m
[35m[HTTP][39m [37m<-- POST /wd/hub/session/0e93a6fd-1dbd-443a-98ad-3f4cd4cf9431/timeouts [39m[32m200[39m [90m1 ms - 14[39m
[35m[HTTP][39m [90m[39m
[35m[HTTP][39m [37m-->[39m [37mGET[39m [37m/wd/hub/session/0e93a6fd-1dbd-443a-98ad-3f4cd4cf9431/window/rect[39m
[35m[HTTP][39m [90m{}[39m
[35m[HTTP][39m [37m<-- GET /wd/hub/session/0e93a6fd-1dbd-443a-98ad-3f4cd4cf9431/window/rect [39m[32m200[39m [90m14 ms - 49[39m
[35m[HTTP][39m [90m[39m
[35m[HTTP][39m [37m-->[39m [37mPOST[39m [37m/wd/hub/session/0e93a6fd-1dbd-443a-98ad-3f4cd4cf9431/elements[39m
[35m[HTTP][39m [90m{"using":"xpath","value":"//*[@class = 'android.widget.Button' and (@text = 'Masuk' or . = 'Masuk') and @resource-id = 'com.kfc.mobile.hkStaging:id/button_login']"}[39m
[35m[HTTP][39m [37m<-- POST /wd/hub/session/0e93a6fd-1dbd-443a-98ad-3f4cd4cf9431/elements [39m[32m200[39m [90m982 ms - 139[39m
[35m[HTTP][39m [90m[39m
[35m[HTTP][39m [37m-->[39m [37mGET[39m [37m/wd/hub/session/0e93a6fd-1dbd-443a-98ad-3f4cd4cf9431/element/00000000-0000-01cf-7fff-ffff0000009d/location[39m
[35m[HTTP][39m [90m{}[39m
[35m[W3C (0e93a6fd)][39m Driver proxy active, passing request on via HTTP proxy
[35m[WD Proxy][39m Replacing sessionId 72e72a12-83ee-4ab9-9930-5e5cfa8a4be1 with 0e93a6fd-1dbd-443a-98ad-3f4cd4cf9431
[35m[HTTP][39m [37m<-- GET /wd/hub/session/0e93a6fd-1dbd-443a-98ad-3f4cd4cf9431/element/00000000-0000-01cf-7fff-ffff0000009d/location [39m[32m200[39m [90m20 ms - 77[39m
[35m[HTTP][39m [90m[39m
[35m[HTTP][39m [37m-->[39m [37mPOST[39m [37m/wd/hub/session/0e93a6fd-1dbd-443a-98ad-3f4cd4cf9431/timeouts[39m
[35m[HTTP][39m [90m{"implicit":30000}[39m
[35m[HTTP][39m [37m<-- POST /wd/hub/session/0e93a6fd-1dbd-443a-98ad-3f4cd4cf9431/timeouts [39m[32m200[39m [90m1 ms - 14[39m
[35m[HTTP][39m [90m[39m
[35m[HTTP][39m [37m-->[39m [37mPOST[39m [37m/wd/hub/session/0e93a6fd-1dbd-443a-98ad-3f4cd4cf9431/element/00000000-0000-01cf-7fff-ffff0000009d/click[39m
[35m[HTTP][39m [90m{"id":"00000000-0000-01cf-7fff-ffff0000009d"}[39m
[35m[HTTP][39m [37m<-- POST /wd/hub/session/0e93a6fd-1dbd-443a-98ad-3f4cd4cf9431/element/00000000-0000-01cf-7fff-ffff0000009d/click [39m[32m200[39m [90m28 ms - 14[39m
[35m[HTTP][39m [90m[39m
[35m[HTTP][39m [37m-->[39m [37mPOST[39m [37m/wd/hub/session/0e93a6fd-1dbd-443a-98ad-3f4cd4cf9431/timeouts[39m
[35m[HTTP][39m [90m{"implicit":50}[39m
[35m[HTTP][39m [37m<-- POST /wd/hub/session/0e93a6fd-1dbd-443a-98ad-3f4cd4cf9431/timeouts [39m[32m200[39m [90m1 ms - 14[39m
[35m[HTTP][39m [90m[39m
[35m[HTTP][39m [37m-->[39m [37mGET[39m [37m/wd/hub/session/0e93a6fd-1dbd-443a-98ad-3f4cd4cf9431/window/rect[39m
[35m[HTTP][39m [90m{}[39m
[35m[HTTP][39m [37m<-- GET /wd/hub/session/0e93a6fd-1dbd-443a-98ad-3f4cd4cf9431/window/rect [39m[32m200[39m [90m12 ms - 49[39m
[35m[HTTP][39m [90m[39m
[35m[HTTP][39m [37m-->[39m [37mPOST[39m [37m/wd/hub/session/0e93a6fd-1dbd-443a-98ad-3f4cd4cf9431/elements[39m
[35m[HTTP][39m [90m{"using":"xpath","value":"//*[@class = 'android.widget.TextView' and (@text = 'Kata sandi yang Anda masukkan salah' or . = 'Kata sandi yang Anda masukkan salah') and @resource-id = 'com.kfc.mobile.hkStaging:id/text_view_error']"}[39m
[35m[HTTP][39m [37m<-- POST /wd/hub/session/0e93a6fd-1dbd-443a-98ad-3f4cd4cf9431/elements [39m[32m200[39m [90m200 ms - 139[39m
[35m[HTTP][39m [90m[39m
[35m[HTTP][39m [37m-->[39m [37mGET[39m [37m/wd/hub/session/0e93a6fd-1dbd-443a-98ad-3f4cd4cf9431/element/00000000-0000-01cf-7fff-ffff000000d6/location[39m
[35m[HTTP][39m [90m{}[39m
[35m[W3C (0e93a6fd)][39m Driver proxy active, passing request on via HTTP proxy
[35m[WD Proxy][39m Replacing sessionId 72e72a12-83ee-4ab9-9930-5e5cfa8a4be1 with 0e93a6fd-1dbd-443a-98ad-3f4cd4cf9431
[35m[HTTP][39m [37m<-- GET /wd/hub/session/0e93a6fd-1dbd-443a-98ad-3f4cd4cf9431/element/00000000-0000-01cf-7fff-ffff000000d6/location [39m[32m200[39m [90m20 ms - 77[39m
[35m[HTTP][39m [90m[39m
[35m[HTTP][39m [37m-->[39m [37mPOST[39m [37m/wd/hub/session/0e93a6fd-1dbd-443a-98ad-3f4cd4cf9431/timeouts[39m
[35m[HTTP][39m [90m{"implicit":30000}[39m
[35m[HTTP][39m [37m<-- POST /wd/hub/session/0e93a6fd-1dbd-443a-98ad-3f4cd4cf9431/timeouts [39m[32m200[39m [90m1 ms - 14[39m
[35m[HTTP][39m [90m[39m
[35m[HTTP][39m [37m-->[39m [37mGET[39m [37m/wd/hub/session/0e93a6fd-1dbd-443a-98ad-3f4cd4cf9431/element/00000000-0000-01cf-7fff-ffff000000d6/displayed[39m
[35m[HTTP][39m [90m{}[39m
[35m[HTTP][39m [37m<-- GET /wd/hub/session/0e93a6fd-1dbd-443a-98ad-3f4cd4cf9431/element/00000000-0000-01cf-7fff-ffff000000d6/displayed [39m[32m200[39m [90m15 ms - 14[39m
[35m[HTTP][39m [90m[39m
[35m[HTTP][39m [37m-->[39m [37mPOST[39m [37m/wd/hub/session/0e93a6fd-1dbd-443a-98ad-3f4cd4cf9431/timeouts[39m
[35m[HTTP][39m [90m{"implicit":50}[39m
[35m[HTTP][39m [37m<-- POST /wd/hub/session/0e93a6fd-1dbd-443a-98ad-3f4cd4cf9431/timeouts [39m[32m200[39m [90m2 ms - 14[39m
[35m[HTTP][39m [90m[39m
[35m[HTTP][39m [37m-->[39m [37mGET[39m [37m/wd/hub/session/0e93a6fd-1dbd-443a-98ad-3f4cd4cf9431/window/rect[39m
[35m[HTTP][39m [90m{}[39m
[35m[HTTP][39m [37m<-- GET /wd/hub/session/0e93a6fd-1dbd-443a-98ad-3f4cd4cf9431/window/rect [39m[32m200[39m [90m13 ms - 49[39m
[35m[HTTP][39m [90m[39m
[35m[HTTP][39m [37m-->[39m [37mPOST[39m [37m/wd/hub/session/0e93a6fd-1dbd-443a-98ad-3f4cd4cf9431/elements[39m
[35m[HTTP][39m [90m{"using":"xpath","value":"//*[@class = 'android.widget.TextView' and (@text = 'Kata sandi yang Anda masukkan salah' or . = 'Kata sandi yang Anda masukkan salah') and @resource-id = 'com.kfc.mobile.hkStaging:id/text_view_error']"}[39m
[35m[HTTP][39m [37m<-- POST /wd/hub/session/0e93a6fd-1dbd-443a-98ad-3f4cd4cf9431/elements [39m[32m200[39m [90m172 ms - 139[39m
[35m[HTTP][39m [90m[39m
[35m[HTTP][39m [37m-->[39m [37mGET[39m [37m/wd/hub/session/0e93a6fd-1dbd-443a-98ad-3f4cd4cf9431/element/00000000-0000-01cf-7fff-ffff000000d6/location[39m
[35m[HTTP][39m [90m{}[39m
[35m[W3C (0e93a6fd)][39m Driver proxy active, passing request on via HTTP proxy
[35m[WD Proxy][39m Replacing sessionId 72e72a12-83ee-4ab9-9930-5e5cfa8a4be1 with 0e93a6fd-1dbd-443a-98ad-3f4cd4cf9431
[35m[HTTP][39m [37m<-- GET /wd/hub/session/0e93a6fd-1dbd-443a-98ad-3f4cd4cf9431/element/00000000-0000-01cf-7fff-ffff000000d6/location [39m[32m200[39m [90m19 ms - 77[39m
[35m[HTTP][39m [90m[39m
[35m[HTTP][39m [37m-->[39m [37mPOST[39m [37m/wd/hub/session/0e93a6fd-1dbd-443a-98ad-3f4cd4cf9431/timeouts[39m
[35m[HTTP][39m [90m{"implicit":30000}[39m
[35m[HTTP][39m [37m<-- POST /wd/hub/session/0e93a6fd-1dbd-443a-98ad-3f4cd4cf9431/timeouts [39m[32m200[39m [90m1 ms - 14[39m
[35m[HTTP][39m [90m[39m
[35m[HTTP][39m [37m-->[39m [37mGET[39m [37m/wd/hub/session/0e93a6fd-1dbd-443a-98ad-3f4cd4cf9431/element/00000000-0000-01cf-7fff-ffff000000d6/text[39m
[35m[HTTP][39m [90m{}[39m
[35m[W3C (0e93a6fd)][39m Driver proxy active, passing request on via HTTP proxy
[35m[WD Proxy][39m Replacing sessionId 72e72a12-83ee-4ab9-9930-5e5cfa8a4be1 with 0e93a6fd-1dbd-443a-98ad-3f4cd4cf9431
[35m[HTTP][39m [37m<-- GET /wd/hub/session/0e93a6fd-1dbd-443a-98ad-3f4cd4cf9431/element/00000000-0000-01cf-7fff-ffff000000d6/text [39m[32m200[39m [90m16 ms - 98[39m
[35m[HTTP][39m [90m[39m
[35m[HTTP][39m [37m-->[39m [37mDELETE[39m [37m/wd/hub/session/0e93a6fd-1dbd-443a-98ad-3f4cd4cf9431[39m
[35m[HTTP][39m [90m{}[39m
[35m[Appium][39m Removing session 0e93a6fd-1dbd-443a-98ad-3f4cd4cf9431 from our master session list
[35m[HTTP][39m [37m<-- DELETE /wd/hub/session/0e93a6fd-1dbd-443a-98ad-3f4cd4cf9431 [39m[32m200[39m [90m1060 ms - 14[39m
[35m[HTTP][39m [90m[39m
