[35m[Appium][39m Welcome to Appium v1.22.3
[35m[Appium][39m Non-default server args:
[35m[Appium][39m   port: 58688
[35m[Appium][39m   loglevel: info
[35m[Appium][39m   tmpDir: C:\Users\AHADIA~1\AppData\Local\Temp\\Katalon\Appium\Temp1686633200032
[35m[Appium][39m   chromedriverPort: 58689
[35m[Appium][39m Deprecated server args:
[35m[Appium][39m   [31m--chromedriver-port[39m => --default-capabilities
[35m[Appium][39m Default capabilities, which will be added to each request unless overridden by desired capabilities:
[35m[Appium][39m   chromedriverPort: 58689
[35m[Appium][39m Appium REST http interface listener started on 0.0.0.0:58688
[35m[HTTP][39m [37m-->[39m [37mGET[39m [37m/wd/hub/status[39m
[35m[HTTP][39m [90m{}[39m
[35m[HTTP][39m [37m<-- GET /wd/hub/status [39m[32m200[39m [90m4 ms - 68[39m
[35m[HTTP][39m [90m[39m
[35m[HTTP][39m [37m-->[39m [37mPOST[39m [37m/wd/hub/session[39m
[35m[HTTP][39m [90m{"desiredCapabilities":{"appPackage":"com.kfc.mobile","noReset":true,"deviceId":"cefdc881","deviceName":"OPPO CPH1803 (Android 8.1.0)","platform":"ANDROID","appActivity":"com.kfc.mobile.presentation.splash.SplashActivity","newCommandTimeout":1800,"platformVersion":"8.1.0","automationName":"uiautomator2","autoGrantPermissions":true,"platformName":"Android","udid":"cefdc881","systemPort":8268},"capabilities":{"firstMatch":[{"appium:appActivity":"com.kfc.mobile.presentation.splash.SplashActivity","appium:appPackage":"com.kfc.mobile","appium:autoGrantPermissions":true,"appium:automationName":"uiautomator2","deviceId":"cefdc881","appium:deviceName":"OPPO CPH1803 (Android 8.1.0)","appium:newCommandTimeout":1800,"appium:noReset":true,"platform":"ANDROID","platformName":"android","appium:platformVersion":"8.1.0","appium:systemPort":8268,"appium:udid":"cefdc881"}]}}[39m
[35m[BaseDriver][39m The following capabilities are not standard capabilities and should have an extension prefix:
[35m[BaseDriver][39m   deviceId
[35m[BaseDriver][39m   platform
[35m[BaseDriver][39m   chromedriverPort
[35m[Appium][39m Appium v1.22.3 creating new AndroidUiautomator2Driver (v1.70.1) session
[35m[BaseDriver][39m The following capabilities were provided, but are not recognized by Appium:
[35m[BaseDriver][39m   deviceId
[35m[BaseDriver][39m   platform
[35m[BaseDriver][39m Session created with session id: cc9e53d8-f1cc-4fc0-8759-9859d2fc2dd0
[35m[UiAutomator2][39m Starting 'com.kfc.mobile' directly on the device
[35m[ADB][39m Found 1 'build-tools' folders under 'C:\Users\Ahadian Rifky\.katalon\tools\android_sdk' (newest first):
[35m[ADB][39m     C:/Users/Ahadian Rifky/.katalon/tools/android_sdk/build-tools/29.0.3
[35m[ADB][39m Using 'adb.exe' from 'C:\Users\Ahadian Rifky\.katalon\tools\android_sdk\platform-tools\adb.exe'
[35m[AndroidDriver][39m Retrieving device list
[35m[AndroidDriver][39m Using device: cefdc881
[35m[ADB][39m Using 'adb.exe' from 'C:\Users\Ahadian Rifky\.katalon\tools\android_sdk\platform-tools\adb.exe'
[35m[AndroidDriver][39m No app sent in, not parsing package/activity
[35m[AndroidDriver][39m Unable to set mock location for app 'io.appium.settings': Error executing adbExec. Original error: 'Command ''C:\\Users\\Ahadian Rifky\\.katalon\\tools\\android_sdk\\platform-tools\\adb.exe' -P 5037 -s cefdc881 shell appops set io.appium.settings android\:mock_location allow' exited with code 255'; Command output: Security exception: uid 2000 does not have android.permission.UPDATE_APP_OPS_STATS.
[35m[AndroidDriver][39m 
[35m[AndroidDriver][39m java.lang.SecurityException: uid 2000 does not have android.permission.UPDATE_APP_OPS_STATS.
[35m[AndroidDriver][39m 	at android.app.ContextImpl.enforce(ContextImpl.java:1831)
[35m[AndroidDriver][39m 	at android.app.ContextImpl.enforcePermission(ContextImpl.java:1844)
[35m[AndroidDriver][39m 	at com.android.server.AppOpsService.setMode(AppOpsService.java:674)
[35m[AndroidDriver][39m 	at com.android.server.AppOpsService.onShellCommand(AppOpsService.java:2026)
[35m[AndroidDriver][39m 	at com.android.server.AppOpsService$Shell.onCommand(AppOpsService.java:1800)
[35m[AndroidDriver][39m 	at android.os.ShellCommand.exec(ShellCommand.java:96)
[35m[AndroidDriver][39m 	at com.android.server.AppOpsService.onShellCommand(AppOpsService.java:1974)
[35m[AndroidDriver][39m 	at android.os.Binder.shellCommand(Binder.java:594)
[35m[AndroidDriver][39m 	at android.os.Binder.onTransact(Binder.java:492)
[35m[AndroidDriver][39m 	at com.android.internal.app.IAppOpsService$Stub.onTransact(IAppOpsService.java:341)
[35m[AndroidDriver][39m 	at android.os.Binder.execTransact(Binder.java:697)
[35m[AndroidDriver][39m 
[35m[ADB][39m Using 'apksigner.jar' from 'C:\Users\Ahadian Rifky\.katalon\tools\android_sdk\build-tools\29.0.3\lib\apksigner.jar'
[35m[ADB][39m 'C:\Users\Ahadian Rifky\AppData\Roaming\npm\node_modules\appium\node_modules\appium-uiautomator2-server\apks\appium-uiautomator2-server-v4.27.0.apk' is signed with the default certificate
[35m[ADB][39m 'C:\Users\Ahadian Rifky\AppData\Roaming\npm\node_modules\appium\node_modules\appium-uiautomator2-server\apks\appium-uiautomator2-server-debug-androidTest.apk' is signed with the default certificate
[35m[UiAutomator2][39m Server packages are not going to be (re)installed
[35m[ADB][39m Adding packages ["io.appium.settings","io.appium.uiautomator2.server","io.appium.uiautomator2.server.test"] to Doze whitelist
[35m[UiAutomator2][39m Starting UIAutomator2 server 4.27.0
[35m[UiAutomator2][39m Using UIAutomator2 server from 'C:\Users\Ahadian Rifky\AppData\Roaming\npm\node_modules\appium\node_modules\appium-uiautomator2-server\apks\appium-uiautomator2-server-v4.27.0.apk' and test from 'C:\Users\Ahadian Rifky\AppData\Roaming\npm\node_modules\appium\node_modules\appium-uiautomator2-server\apks\appium-uiautomator2-server-debug-androidTest.apk'
[35m[UiAutomator2][39m Waiting up to 30000ms for UiAutomator2 to be online...
[35m[WD Proxy][39m socket hang up
[35m[WD Proxy][39m socket hang up
[35m[WD Proxy][39m socket hang up
[35m[WD Proxy][39m socket hang up
[35m[WD Proxy][39m socket hang up
[35m[WD Proxy][39m Determined the downstream protocol as 'W3C'
[35m[AndroidDriver][39m Screen already unlocked, doing nothing
[35m[UiAutomator2][39m Starting 'com.kfc.mobile/com.kfc.mobile.presentation.splash.SplashActivity and waiting for 'com.kfc.mobile/com.kfc.mobile.presentation.splash.SplashActivity'
[35m[Appium][39m New AndroidUiautomator2Driver session created successfully, session cc9e53d8-f1cc-4fc0-8759-9859d2fc2dd0 added to master session list
[35m[HTTP][39m [37m<-- POST /wd/hub/session [39m[32m200[39m [90m13645 ms - 1283[39m
[35m[HTTP][39m [90m[39m
[35m[HTTP][39m [37m-->[39m [37mGET[39m [37m/wd/hub/session/cc9e53d8-f1cc-4fc0-8759-9859d2fc2dd0[39m
[35m[HTTP][39m [90m{}[39m
[35m[HTTP][39m [37m<-- GET /wd/hub/session/cc9e53d8-f1cc-4fc0-8759-9859d2fc2dd0 [39m[32m200[39m [90m33 ms - 1237[39m
[35m[HTTP][39m [90m[39m
[35m[HTTP][39m [37m-->[39m [37mGET[39m [37m/wd/hub/session/cc9e53d8-f1cc-4fc0-8759-9859d2fc2dd0[39m
[35m[HTTP][39m [90m{}[39m
[35m[HTTP][39m [37m<-- GET /wd/hub/session/cc9e53d8-f1cc-4fc0-8759-9859d2fc2dd0 [39m[32m200[39m [90m31 ms - 1237[39m
[35m[HTTP][39m [90m[39m
[35m[HTTP][39m [37m-->[39m [37mGET[39m [37m/wd/hub/status[39m
[35m[HTTP][39m [90m{}[39m
[35m[HTTP][39m [37m<-- GET /wd/hub/status [39m[32m200[39m [90m1 ms - 68[39m
[35m[HTTP][39m [90m[39m
[35m[HTTP][39m [37m-->[39m [37mPOST[39m [37m/wd/hub/session/cc9e53d8-f1cc-4fc0-8759-9859d2fc2dd0/timeouts[39m
[35m[HTTP][39m [90m{"implicit":30000}[39m
[35m[HTTP][39m [37m<-- POST /wd/hub/session/cc9e53d8-f1cc-4fc0-8759-9859d2fc2dd0/timeouts [39m[32m200[39m [90m2 ms - 14[39m
[35m[HTTP][39m [90m[39m
[35m[HTTP][39m [37m-->[39m [37mGET[39m [37m/wd/hub/session/cc9e53d8-f1cc-4fc0-8759-9859d2fc2dd0/screenshot[39m
[35m[HTTP][39m [90m{}[39m
[35m[HTTP][39m [37m<-- GET /wd/hub/session/cc9e53d8-f1cc-4fc0-8759-9859d2fc2dd0/screenshot [39m[32m200[39m [90m947 ms - 248266[39m
[35m[HTTP][39m [90m[39m
[35m[HTTP][39m [37m-->[39m [37mGET[39m [37m/wd/hub/session/cc9e53d8-f1cc-4fc0-8759-9859d2fc2dd0/window/rect[39m
[35m[HTTP][39m [90m{}[39m
[35m[HTTP][39m [37m<-- GET /wd/hub/session/cc9e53d8-f1cc-4fc0-8759-9859d2fc2dd0/window/rect [39m[32m200[39m [90m38 ms - 49[39m
[35m[HTTP][39m [90m[39m
[35m[HTTP][39m [37m-->[39m [37mGET[39m [37m/wd/hub/session/cc9e53d8-f1cc-4fc0-8759-9859d2fc2dd0/appium/device/system_bars[39m
[35m[HTTP][39m [90m{}[39m
[35m[HTTP][39m [37m<-- GET /wd/hub/session/cc9e53d8-f1cc-4fc0-8759-9859d2fc2dd0/appium/device/system_bars [39m[32m200[39m [90m112 ms - 148[39m
[35m[HTTP][39m [90m[39m
[35m[HTTP][39m [37m-->[39m [37mPOST[39m [37m/wd/hub/session/cc9e53d8-f1cc-4fc0-8759-9859d2fc2dd0/appium/device/activate_app[39m
[35m[HTTP][39m [90m{"bundleId":"com.kfc.mobile"}[39m
[35m[HTTP][39m [37m<-- POST /wd/hub/session/cc9e53d8-f1cc-4fc0-8759-9859d2fc2dd0/appium/device/activate_app [39m[32m200[39m [90m1128 ms - 14[39m
[35m[HTTP][39m [90m[39m
[35m[HTTP][39m [37m-->[39m [37mPOST[39m [37m/wd/hub/session/cc9e53d8-f1cc-4fc0-8759-9859d2fc2dd0/timeouts[39m
[35m[HTTP][39m [90m{"implicit":50}[39m
[35m[HTTP][39m [37m<-- POST /wd/hub/session/cc9e53d8-f1cc-4fc0-8759-9859d2fc2dd0/timeouts [39m[32m200[39m [90m1 ms - 14[39m
[35m[HTTP][39m [90m[39m
[35m[HTTP][39m [37m-->[39m [37mGET[39m [37m/wd/hub/session/cc9e53d8-f1cc-4fc0-8759-9859d2fc2dd0/window/rect[39m
[35m[HTTP][39m [90m{}[39m
[35m[HTTP][39m [37m<-- GET /wd/hub/session/cc9e53d8-f1cc-4fc0-8759-9859d2fc2dd0/window/rect [39m[32m200[39m [90m49 ms - 49[39m
[35m[HTTP][39m [90m[39m
[35m[HTTP][39m [37m-->[39m [37mPOST[39m [37m/wd/hub/session/cc9e53d8-f1cc-4fc0-8759-9859d2fc2dd0/elements[39m
[35m[HTTP][39m [90m{"using":"xpath","value":"//*[@class = 'android.widget.TextView' and (@text = 'Profile' or . = 'Profile') and @resource-id = 'com.kfc.mobile:id/tvBottomProfile']"}[39m
[35m[HTTP][39m [37m<-- POST /wd/hub/session/cc9e53d8-f1cc-4fc0-8759-9859d2fc2dd0/elements [39m[32m200[39m [90m2504 ms - 139[39m
[35m[HTTP][39m [90m[39m
[35m[HTTP][39m [37m-->[39m [37mGET[39m [37m/wd/hub/session/cc9e53d8-f1cc-4fc0-8759-9859d2fc2dd0/element/00000000-0000-0292-ffff-ffff0000008d/location[39m
[35m[HTTP][39m [90m{}[39m
[35m[W3C (cc9e53d8)][39m Driver proxy active, passing request on via HTTP proxy
[35m[WD Proxy][39m Replacing sessionId 4d90cec9-ad93-4ec8-8447-34dd5186b69c with cc9e53d8-f1cc-4fc0-8759-9859d2fc2dd0
[35m[HTTP][39m [37m<-- GET /wd/hub/session/cc9e53d8-f1cc-4fc0-8759-9859d2fc2dd0/element/00000000-0000-0292-ffff-ffff0000008d/location [39m[32m200[39m [90m47 ms - 79[39m
[35m[HTTP][39m [90m[39m
[35m[HTTP][39m [37m-->[39m [37mPOST[39m [37m/wd/hub/session/cc9e53d8-f1cc-4fc0-8759-9859d2fc2dd0/timeouts[39m
[35m[HTTP][39m [90m{"implicit":30000}[39m
[35m[HTTP][39m [37m<-- POST /wd/hub/session/cc9e53d8-f1cc-4fc0-8759-9859d2fc2dd0/timeouts [39m[32m200[39m [90m1 ms - 14[39m
[35m[HTTP][39m [90m[39m
[35m[HTTP][39m [37m-->[39m [37mPOST[39m [37m/wd/hub/session/cc9e53d8-f1cc-4fc0-8759-9859d2fc2dd0/element/00000000-0000-0292-ffff-ffff0000008d/click[39m
[35m[HTTP][39m [90m{"id":"00000000-0000-0292-ffff-ffff0000008d"}[39m
[35m[HTTP][39m [37m<-- POST /wd/hub/session/cc9e53d8-f1cc-4fc0-8759-9859d2fc2dd0/element/00000000-0000-0292-ffff-ffff0000008d/click [39m[32m200[39m [90m77 ms - 14[39m
[35m[HTTP][39m [90m[39m
[35m[HTTP][39m [37m-->[39m [37mPOST[39m [37m/wd/hub/session/cc9e53d8-f1cc-4fc0-8759-9859d2fc2dd0/timeouts[39m
[35m[HTTP][39m [90m{"implicit":50}[39m
[35m[HTTP][39m [37m<-- POST /wd/hub/session/cc9e53d8-f1cc-4fc0-8759-9859d2fc2dd0/timeouts [39m[32m200[39m [90m1 ms - 14[39m
[35m[HTTP][39m [90m[39m
[35m[HTTP][39m [37m-->[39m [37mGET[39m [37m/wd/hub/session/cc9e53d8-f1cc-4fc0-8759-9859d2fc2dd0/window/rect[39m
[35m[HTTP][39m [90m{}[39m
[35m[HTTP][39m [37m<-- GET /wd/hub/session/cc9e53d8-f1cc-4fc0-8759-9859d2fc2dd0/window/rect [39m[32m200[39m [90m30 ms - 49[39m
[35m[HTTP][39m [90m[39m
[35m[HTTP][39m [37m-->[39m [37mPOST[39m [37m/wd/hub/session/cc9e53d8-f1cc-4fc0-8759-9859d2fc2dd0/elements[39m
[35m[HTTP][39m [90m{"using":"xpath","value":"//*[@class = 'android.widget.TextView' and (@text = 'Log Out' or . = 'Log Out') and @resource-id = 'com.kfc.mobile:id/text_view_text']"}[39m
[35m[HTTP][39m [37m<-- POST /wd/hub/session/cc9e53d8-f1cc-4fc0-8759-9859d2fc2dd0/elements [39m[32m200[39m [90m1027 ms - 139[39m
[35m[HTTP][39m [90m[39m
[35m[HTTP][39m [37m-->[39m [37mGET[39m [37m/wd/hub/session/cc9e53d8-f1cc-4fc0-8759-9859d2fc2dd0/element/00000000-0000-0292-ffff-ffff000000db/location[39m
[35m[HTTP][39m [90m{}[39m
[35m[W3C (cc9e53d8)][39m Driver proxy active, passing request on via HTTP proxy
[35m[WD Proxy][39m Replacing sessionId 4d90cec9-ad93-4ec8-8447-34dd5186b69c with cc9e53d8-f1cc-4fc0-8759-9859d2fc2dd0
[35m[HTTP][39m [37m<-- GET /wd/hub/session/cc9e53d8-f1cc-4fc0-8759-9859d2fc2dd0/element/00000000-0000-0292-ffff-ffff000000db/location [39m[32m200[39m [90m429 ms - 79[39m
[35m[HTTP][39m [90m[39m
[35m[HTTP][39m [37m-->[39m [37mPOST[39m [37m/wd/hub/session/cc9e53d8-f1cc-4fc0-8759-9859d2fc2dd0/timeouts[39m
[35m[HTTP][39m [90m{"implicit":30000}[39m
[35m[HTTP][39m [37m<-- POST /wd/hub/session/cc9e53d8-f1cc-4fc0-8759-9859d2fc2dd0/timeouts [39m[32m200[39m [90m1 ms - 14[39m
[35m[HTTP][39m [90m[39m
[35m[HTTP][39m [37m-->[39m [37mPOST[39m [37m/wd/hub/session/cc9e53d8-f1cc-4fc0-8759-9859d2fc2dd0/element/00000000-0000-0292-ffff-ffff000000db/click[39m
[35m[HTTP][39m [90m{"id":"00000000-0000-0292-ffff-ffff000000db"}[39m
[35m[HTTP][39m [37m<-- POST /wd/hub/session/cc9e53d8-f1cc-4fc0-8759-9859d2fc2dd0/element/00000000-0000-0292-ffff-ffff000000db/click [39m[32m200[39m [90m83 ms - 14[39m
[35m[HTTP][39m [90m[39m
[35m[HTTP][39m [37m-->[39m [37mPOST[39m [37m/wd/hub/session/cc9e53d8-f1cc-4fc0-8759-9859d2fc2dd0/timeouts[39m
[35m[HTTP][39m [90m{"implicit":50}[39m
[35m[HTTP][39m [37m<-- POST /wd/hub/session/cc9e53d8-f1cc-4fc0-8759-9859d2fc2dd0/timeouts [39m[32m200[39m [90m1 ms - 14[39m
[35m[HTTP][39m [90m[39m
[35m[HTTP][39m [37m-->[39m [37mGET[39m [37m/wd/hub/session/cc9e53d8-f1cc-4fc0-8759-9859d2fc2dd0/window/rect[39m
[35m[HTTP][39m [90m{}[39m
[35m[HTTP][39m [37m<-- GET /wd/hub/session/cc9e53d8-f1cc-4fc0-8759-9859d2fc2dd0/window/rect [39m[32m200[39m [90m34 ms - 49[39m
[35m[HTTP][39m [90m[39m
[35m[HTTP][39m [37m-->[39m [37mPOST[39m [37m/wd/hub/session/cc9e53d8-f1cc-4fc0-8759-9859d2fc2dd0/elements[39m
[35m[HTTP][39m [90m{"using":"xpath","value":"//*[@class = 'android.widget.TextView' and (@text = 'Yes' or . = 'Yes') and @resource-id = 'com.kfc.mobile:id/tvCancel']"}[39m
[35m[HTTP][39m [37m<-- POST /wd/hub/session/cc9e53d8-f1cc-4fc0-8759-9859d2fc2dd0/elements [39m[32m200[39m [90m866 ms - 139[39m
[35m[HTTP][39m [90m[39m
[35m[HTTP][39m [37m-->[39m [37mGET[39m [37m/wd/hub/session/cc9e53d8-f1cc-4fc0-8759-9859d2fc2dd0/element/00000000-0000-0293-ffff-ffff000000e5/location[39m
[35m[HTTP][39m [90m{}[39m
[35m[W3C (cc9e53d8)][39m Driver proxy active, passing request on via HTTP proxy
[35m[WD Proxy][39m Replacing sessionId 4d90cec9-ad93-4ec8-8447-34dd5186b69c with cc9e53d8-f1cc-4fc0-8759-9859d2fc2dd0
[35m[HTTP][39m [37m<-- GET /wd/hub/session/cc9e53d8-f1cc-4fc0-8759-9859d2fc2dd0/element/00000000-0000-0293-ffff-ffff000000e5/location [39m[32m200[39m [90m43 ms - 78[39m
[35m[HTTP][39m [90m[39m
[35m[HTTP][39m [37m-->[39m [37mPOST[39m [37m/wd/hub/session/cc9e53d8-f1cc-4fc0-8759-9859d2fc2dd0/timeouts[39m
[35m[HTTP][39m [90m{"implicit":30000}[39m
[35m[HTTP][39m [37m<-- POST /wd/hub/session/cc9e53d8-f1cc-4fc0-8759-9859d2fc2dd0/timeouts [39m[32m200[39m [90m1 ms - 14[39m
[35m[HTTP][39m [90m[39m
[35m[HTTP][39m [37m-->[39m [37mGET[39m [37m/wd/hub/session/cc9e53d8-f1cc-4fc0-8759-9859d2fc2dd0/element/00000000-0000-0293-ffff-ffff000000e5/displayed[39m
[35m[HTTP][39m [90m{}[39m
[35m[HTTP][39m [37m<-- GET /wd/hub/session/cc9e53d8-f1cc-4fc0-8759-9859d2fc2dd0/element/00000000-0000-0293-ffff-ffff000000e5/displayed [39m[32m200[39m [90m38 ms - 14[39m
[35m[HTTP][39m [90m[39m
[35m[HTTP][39m [37m-->[39m [37mPOST[39m [37m/wd/hub/session/cc9e53d8-f1cc-4fc0-8759-9859d2fc2dd0/timeouts[39m
[35m[HTTP][39m [90m{"implicit":50}[39m
[35m[HTTP][39m [37m<-- POST /wd/hub/session/cc9e53d8-f1cc-4fc0-8759-9859d2fc2dd0/timeouts [39m[32m200[39m [90m1 ms - 14[39m
[35m[HTTP][39m [90m[39m
[35m[HTTP][39m [37m-->[39m [37mGET[39m [37m/wd/hub/session/cc9e53d8-f1cc-4fc0-8759-9859d2fc2dd0/window/rect[39m
[35m[HTTP][39m [90m{}[39m
[35m[HTTP][39m [37m<-- GET /wd/hub/session/cc9e53d8-f1cc-4fc0-8759-9859d2fc2dd0/window/rect [39m[32m200[39m [90m41 ms - 49[39m
[35m[HTTP][39m [90m[39m
[35m[HTTP][39m [37m-->[39m [37mPOST[39m [37m/wd/hub/session/cc9e53d8-f1cc-4fc0-8759-9859d2fc2dd0/elements[39m
[35m[HTTP][39m [90m{"using":"xpath","value":"//*[@class = 'android.widget.TextView' and (@text = 'Cancel' or . = 'Cancel') and @resource-id = 'com.kfc.mobile:id/tvOk']"}[39m
[35m[HTTP][39m [37m<-- POST /wd/hub/session/cc9e53d8-f1cc-4fc0-8759-9859d2fc2dd0/elements [39m[32m200[39m [90m258 ms - 139[39m
[35m[HTTP][39m [90m[39m
[35m[HTTP][39m [37m-->[39m [37mGET[39m [37m/wd/hub/session/cc9e53d8-f1cc-4fc0-8759-9859d2fc2dd0/element/00000000-0000-0293-ffff-ffff000000e4/location[39m
[35m[HTTP][39m [90m{}[39m
[35m[W3C (cc9e53d8)][39m Driver proxy active, passing request on via HTTP proxy
[35m[WD Proxy][39m Replacing sessionId 4d90cec9-ad93-4ec8-8447-34dd5186b69c with cc9e53d8-f1cc-4fc0-8759-9859d2fc2dd0
[35m[HTTP][39m [37m<-- GET /wd/hub/session/cc9e53d8-f1cc-4fc0-8759-9859d2fc2dd0/element/00000000-0000-0293-ffff-ffff000000e4/location [39m[32m200[39m [90m39 ms - 77[39m
[35m[HTTP][39m [90m[39m
[35m[HTTP][39m [37m-->[39m [37mPOST[39m [37m/wd/hub/session/cc9e53d8-f1cc-4fc0-8759-9859d2fc2dd0/timeouts[39m
[35m[HTTP][39m [90m{"implicit":30000}[39m
[35m[HTTP][39m [37m<-- POST /wd/hub/session/cc9e53d8-f1cc-4fc0-8759-9859d2fc2dd0/timeouts [39m[32m200[39m [90m3 ms - 14[39m
[35m[HTTP][39m [90m[39m
[35m[HTTP][39m [37m-->[39m [37mGET[39m [37m/wd/hub/session/cc9e53d8-f1cc-4fc0-8759-9859d2fc2dd0/element/00000000-0000-0293-ffff-ffff000000e4/displayed[39m
[35m[HTTP][39m [90m{}[39m
[35m[HTTP][39m [37m<-- GET /wd/hub/session/cc9e53d8-f1cc-4fc0-8759-9859d2fc2dd0/element/00000000-0000-0293-ffff-ffff000000e4/displayed [39m[32m200[39m [90m43 ms - 14[39m
[35m[HTTP][39m [90m[39m
[35m[HTTP][39m [37m-->[39m [37mPOST[39m [37m/wd/hub/session/cc9e53d8-f1cc-4fc0-8759-9859d2fc2dd0/timeouts[39m
[35m[HTTP][39m [90m{"implicit":50}[39m
[35m[HTTP][39m [37m<-- POST /wd/hub/session/cc9e53d8-f1cc-4fc0-8759-9859d2fc2dd0/timeouts [39m[32m200[39m [90m4 ms - 14[39m
[35m[HTTP][39m [90m[39m
[35m[HTTP][39m [37m-->[39m [37mGET[39m [37m/wd/hub/session/cc9e53d8-f1cc-4fc0-8759-9859d2fc2dd0/window/rect[39m
[35m[HTTP][39m [90m{}[39m
[35m[HTTP][39m [37m<-- GET /wd/hub/session/cc9e53d8-f1cc-4fc0-8759-9859d2fc2dd0/window/rect [39m[32m200[39m [90m36 ms - 49[39m
[35m[HTTP][39m [90m[39m
[35m[HTTP][39m [37m-->[39m [37mPOST[39m [37m/wd/hub/session/cc9e53d8-f1cc-4fc0-8759-9859d2fc2dd0/elements[39m
[35m[HTTP][39m [90m{"using":"xpath","value":"//*[@class = 'android.widget.TextView' and (@text = 'Yes' or . = 'Yes') and @resource-id = 'com.kfc.mobile:id/tvCancel']"}[39m
[35m[HTTP][39m [37m<-- POST /wd/hub/session/cc9e53d8-f1cc-4fc0-8759-9859d2fc2dd0/elements [39m[32m200[39m [90m249 ms - 139[39m
[35m[HTTP][39m [90m[39m
[35m[HTTP][39m [37m-->[39m [37mGET[39m [37m/wd/hub/session/cc9e53d8-f1cc-4fc0-8759-9859d2fc2dd0/element/00000000-0000-0293-ffff-ffff000000e5/location[39m
[35m[HTTP][39m [90m{}[39m
[35m[W3C (cc9e53d8)][39m Driver proxy active, passing request on via HTTP proxy
[35m[WD Proxy][39m Replacing sessionId 4d90cec9-ad93-4ec8-8447-34dd5186b69c with cc9e53d8-f1cc-4fc0-8759-9859d2fc2dd0
[35m[HTTP][39m [37m<-- GET /wd/hub/session/cc9e53d8-f1cc-4fc0-8759-9859d2fc2dd0/element/00000000-0000-0293-ffff-ffff000000e5/location [39m[32m200[39m [90m38 ms - 78[39m
[35m[HTTP][39m [90m[39m
[35m[HTTP][39m [37m-->[39m [37mPOST[39m [37m/wd/hub/session/cc9e53d8-f1cc-4fc0-8759-9859d2fc2dd0/timeouts[39m
[35m[HTTP][39m [90m{"implicit":30000}[39m
[35m[HTTP][39m [37m<-- POST /wd/hub/session/cc9e53d8-f1cc-4fc0-8759-9859d2fc2dd0/timeouts [39m[32m200[39m [90m1 ms - 14[39m
[35m[HTTP][39m [90m[39m
[35m[HTTP][39m [37m-->[39m [37mPOST[39m [37m/wd/hub/session/cc9e53d8-f1cc-4fc0-8759-9859d2fc2dd0/element/00000000-0000-0293-ffff-ffff000000e5/click[39m
[35m[HTTP][39m [90m{"id":"00000000-0000-0293-ffff-ffff000000e5"}[39m
[35m[HTTP][39m [37m<-- POST /wd/hub/session/cc9e53d8-f1cc-4fc0-8759-9859d2fc2dd0/element/00000000-0000-0293-ffff-ffff000000e5/click [39m[32m200[39m [90m71 ms - 14[39m
[35m[HTTP][39m [90m[39m
[35m[HTTP][39m [37m-->[39m [37mDELETE[39m [37m/wd/hub/session/cc9e53d8-f1cc-4fc0-8759-9859d2fc2dd0[39m
[35m[HTTP][39m [90m{}[39m
[35m[Appium][39m Removing session cc9e53d8-f1cc-4fc0-8759-9859d2fc2dd0 from our master session list
[35m[HTTP][39m [37m<-- DELETE /wd/hub/session/cc9e53d8-f1cc-4fc0-8759-9859d2fc2dd0 [39m[32m200[39m [90m262 ms - 14[39m
[35m[HTTP][39m [90m[39m
