[35m[Appium][39m Welcome to Appium v1.22.3
[35m[Appium][39m Non-default server args:
[35m[Appium][39m   port: 49739
[35m[Appium][39m   loglevel: info
[35m[Appium][39m   tmpDir: C:\Users\AHADIA~1\AppData\Local\Temp\\Katalon\Appium\Temp1678695924545
[35m[Appium][39m   chromedriverPort: 49740
[35m[Appium][39m Deprecated server args:
[35m[Appium][39m   [31m--chromedriver-port[39m => --default-capabilities
[35m[Appium][39m Default capabilities, which will be added to each request unless overridden by desired capabilities:
[35m[Appium][39m   chromedriverPort: 49740
[35m[Appium][39m Appium REST http interface listener started on 0.0.0.0:49739
[35m[HTTP][39m [37m-->[39m [37mGET[39m [37m/wd/hub/status[39m
[35m[HTTP][39m [90m{}[39m
[35m[HTTP][39m [37m<-- GET /wd/hub/status [39m[32m200[39m [90m6 ms - 68[39m
[35m[HTTP][39m [90m[39m
[35m[HTTP][39m [37m-->[39m [37mPOST[39m [37m/wd/hub/session[39m
[35m[HTTP][39m [90m{"desiredCapabilities":{"appPackage":"com.kfc.mobile.hkStaging","noReset":true,"deviceId":"","deviceName":"OPPO CPH1801 (Android 7.1.1)","platform":"ANDROID","appActivity":"com.kfc.mobile.presentation.splash.SplashActivity","newCommandTimeout":1800,"platformVersion":"7.1.1","automationName":"uiautomator2","autoGrantPermissions":true,"platformName":"Android","udid":"aa14e06a","systemPort":8278},"capabilities":{"firstMatch":[{"appium:appActivity":"com.kfc.mobile.presentation.splash.SplashActivity","appium:appPackage":"com.kfc.mobile.hkStaging","appium:autoGrantPermissions":true,"appium:automationName":"uiautomator2","deviceId":"","appium:deviceName":"OPPO CPH1801 (Android 7.1.1)","appium:newCommandTimeout":1800,"appium:noReset":true,"platform":"ANDROID","platformName":"android","appium:platformVersion":"7.1.1","appium:systemPort":8278,"appium:udid":"aa14e06a"}]}}[39m
[35m[BaseDriver][39m The following capabilities are not standard capabilities and should have an extension prefix:
[35m[BaseDriver][39m   deviceId
[35m[BaseDriver][39m   platform
[35m[BaseDriver][39m   chromedriverPort
[35m[Appium][39m Appium v1.22.3 creating new AndroidUiautomator2Driver (v1.70.1) session
[35m[BaseDriver][39m The following capabilities were provided, but are not recognized by Appium:
[35m[BaseDriver][39m   deviceId
[35m[BaseDriver][39m   platform
[35m[BaseDriver][39m Session created with session id: 27698fb4-02ae-471a-be6f-9db5d8dbd911
[35m[UiAutomator2][39m Starting 'com.kfc.mobile.hkStaging' directly on the device
[35m[ADB][39m Found 1 'build-tools' folders under 'C:\Users\Ahadian Rifky\.katalon\tools\android_sdk' (newest first):
[35m[ADB][39m     C:/Users/Ahadian Rifky/.katalon/tools/android_sdk/build-tools/29.0.3
[35m[ADB][39m Using 'adb.exe' from 'C:\Users\Ahadian Rifky\.katalon\tools\android_sdk\platform-tools\adb.exe'
[35m[AndroidDriver][39m Retrieving device list
[35m[AndroidDriver][39m Using device: aa14e06a
[35m[ADB][39m Using 'adb.exe' from 'C:\Users\Ahadian Rifky\.katalon\tools\android_sdk\platform-tools\adb.exe'
[35m[AndroidDriver][39m No app sent in, not parsing package/activity
[35m[ADB][39m Using 'apksigner.jar' from 'C:\Users\Ahadian Rifky\.katalon\tools\android_sdk\build-tools\29.0.3\lib\apksigner.jar'
[35m[ADB][39m 'C:\Users\Ahadian Rifky\AppData\Roaming\npm\node_modules\appium\node_modules\appium-uiautomator2-server\apks\appium-uiautomator2-server-v4.27.0.apk' is signed with the default certificate
[35m[ADB][39m 'C:\Users\Ahadian Rifky\AppData\Roaming\npm\node_modules\appium\node_modules\appium-uiautomator2-server\apks\appium-uiautomator2-server-debug-androidTest.apk' is signed with the default certificate
[35m[UiAutomator2][39m Server packages are not going to be (re)installed
[35m[ADB][39m Adding packages ["io.appium.settings","io.appium.uiautomator2.server","io.appium.uiautomator2.server.test"] to Doze whitelist
[35m[UiAutomator2][39m Starting UIAutomator2 server 4.27.0
[35m[UiAutomator2][39m Using UIAutomator2 server from 'C:\Users\Ahadian Rifky\AppData\Roaming\npm\node_modules\appium\node_modules\appium-uiautomator2-server\apks\appium-uiautomator2-server-v4.27.0.apk' and test from 'C:\Users\Ahadian Rifky\AppData\Roaming\npm\node_modules\appium\node_modules\appium-uiautomator2-server\apks\appium-uiautomator2-server-debug-androidTest.apk'
[35m[UiAutomator2][39m Waiting up to 30000ms for UiAutomator2 to be online...
[35m[WD Proxy][39m socket hang up
[35m[WD Proxy][39m socket hang up
[35m[WD Proxy][39m socket hang up
[35m[WD Proxy][39m Determined the downstream protocol as 'W3C'
[35m[AndroidDriver][39m Screen already unlocked, doing nothing
[35m[UiAutomator2][39m Starting 'com.kfc.mobile.hkStaging/com.kfc.mobile.presentation.splash.SplashActivity and waiting for 'com.kfc.mobile.hkStaging/com.kfc.mobile.presentation.splash.SplashActivity'
[35m[Appium][39m New AndroidUiautomator2Driver session created successfully, session 27698fb4-02ae-471a-be6f-9db5d8dbd911 added to master session list
[35m[HTTP][39m [37m<-- POST /wd/hub/session [39m[32m200[39m [90m15394 ms - 1287[39m
[35m[HTTP][39m [90m[39m
[35m[HTTP][39m [37m-->[39m [37mGET[39m [37m/wd/hub/session/27698fb4-02ae-471a-be6f-9db5d8dbd911[39m
[35m[HTTP][39m [90m{}[39m
[35m[HTTP][39m [37m<-- GET /wd/hub/session/27698fb4-02ae-471a-be6f-9db5d8dbd911 [39m[32m200[39m [90m29 ms - 1241[39m
[35m[HTTP][39m [90m[39m
[35m[HTTP][39m [37m-->[39m [37mGET[39m [37m/wd/hub/session/27698fb4-02ae-471a-be6f-9db5d8dbd911[39m
[35m[HTTP][39m [90m{}[39m
[35m[HTTP][39m [37m<-- GET /wd/hub/session/27698fb4-02ae-471a-be6f-9db5d8dbd911 [39m[32m200[39m [90m18 ms - 1241[39m
[35m[HTTP][39m [90m[39m
[35m[HTTP][39m [37m-->[39m [37mGET[39m [37m/wd/hub/status[39m
[35m[HTTP][39m [90m{}[39m
[35m[HTTP][39m [37m<-- GET /wd/hub/status [39m[32m200[39m [90m1 ms - 68[39m
[35m[HTTP][39m [90m[39m
[35m[HTTP][39m [37m-->[39m [37mPOST[39m [37m/wd/hub/session/27698fb4-02ae-471a-be6f-9db5d8dbd911/timeouts[39m
[35m[HTTP][39m [90m{"implicit":30000}[39m
[35m[HTTP][39m [37m<-- POST /wd/hub/session/27698fb4-02ae-471a-be6f-9db5d8dbd911/timeouts [39m[32m200[39m [90m3 ms - 14[39m
[35m[HTTP][39m [90m[39m
[35m[HTTP][39m [37m-->[39m [37mGET[39m [37m/wd/hub/session/27698fb4-02ae-471a-be6f-9db5d8dbd911/screenshot[39m
[35m[HTTP][39m [90m{}[39m
[35m[HTTP][39m [37m<-- GET /wd/hub/session/27698fb4-02ae-471a-be6f-9db5d8dbd911/screenshot [39m[32m200[39m [90m661 ms - 261638[39m
[35m[HTTP][39m [90m[39m
[35m[HTTP][39m [37m-->[39m [37mGET[39m [37m/wd/hub/session/27698fb4-02ae-471a-be6f-9db5d8dbd911/window/rect[39m
[35m[HTTP][39m [90m{}[39m
[35m[HTTP][39m [37m<-- GET /wd/hub/session/27698fb4-02ae-471a-be6f-9db5d8dbd911/window/rect [39m[32m200[39m [90m30 ms - 49[39m
[35m[HTTP][39m [90m[39m
[35m[HTTP][39m [37m-->[39m [37mGET[39m [37m/wd/hub/session/27698fb4-02ae-471a-be6f-9db5d8dbd911/appium/device/system_bars[39m
[35m[HTTP][39m [90m{}[39m
[35m[HTTP][39m [37m<-- GET /wd/hub/session/27698fb4-02ae-471a-be6f-9db5d8dbd911/appium/device/system_bars [39m[31m500[39m [90m186 ms - 663[39m
[35m[HTTP][39m [90m[39m
[35m[HTTP][39m [37m-->[39m [37mPOST[39m [37m/wd/hub/session/27698fb4-02ae-471a-be6f-9db5d8dbd911/execute/sync[39m
[35m[HTTP][39m [90m{"script":"mobile:viewportRect","args":[]}[39m
[35m[AndroidDriver][39m Executing native command 'mobile:viewportRect'
[35m[HTTP][39m [37m<-- POST /wd/hub/session/27698fb4-02ae-471a-be6f-9db5d8dbd911/execute/sync [39m[32m200[39m [90m23 ms - 55[39m
[35m[HTTP][39m [90m[39m
[35m[HTTP][39m [37m-->[39m [37mPOST[39m [37m/wd/hub/session/27698fb4-02ae-471a-be6f-9db5d8dbd911/appium/device/activate_app[39m
[35m[HTTP][39m [90m{"bundleId":"com.kfc.mobile"}[39m
[35m[HTTP][39m [37m<-- POST /wd/hub/session/27698fb4-02ae-471a-be6f-9db5d8dbd911/appium/device/activate_app [39m[32m200[39m [90m1606 ms - 14[39m
[35m[HTTP][39m [90m[39m
[35m[HTTP][39m [37m-->[39m [37mGET[39m [37m/wd/hub/session/27698fb4-02ae-471a-be6f-9db5d8dbd911/context[39m
[35m[HTTP][39m [90m{}[39m
[35m[HTTP][39m [37m<-- GET /wd/hub/session/27698fb4-02ae-471a-be6f-9db5d8dbd911/context [39m[32m200[39m [90m2 ms - 22[39m
[35m[HTTP][39m [90m[39m
[35m[HTTP][39m [37m-->[39m [37mGET[39m [37m/wd/hub/session/27698fb4-02ae-471a-be6f-9db5d8dbd911/contexts[39m
[35m[HTTP][39m [90m{}[39m
[35m[HTTP][39m [37m<-- GET /wd/hub/session/27698fb4-02ae-471a-be6f-9db5d8dbd911/contexts [39m[32m200[39m [90m90 ms - 24[39m
[35m[HTTP][39m [90m[39m
[35m[HTTP][39m [37m-->[39m [37mPOST[39m [37m/wd/hub/session/27698fb4-02ae-471a-be6f-9db5d8dbd911/context[39m
[35m[HTTP][39m [90m{"name":"NATIVE_APP"}[39m
[35m[HTTP][39m [37m<-- POST /wd/hub/session/27698fb4-02ae-471a-be6f-9db5d8dbd911/context [39m[32m200[39m [90m1 ms - 14[39m
[35m[HTTP][39m [90m[39m
[35m[HTTP][39m [37m-->[39m [37mPOST[39m [37m/wd/hub/session/27698fb4-02ae-471a-be6f-9db5d8dbd911/appium/device/press_keycode[39m
[35m[HTTP][39m [90m{"keycode":4}[39m
[35m[HTTP][39m [37m<-- POST /wd/hub/session/27698fb4-02ae-471a-be6f-9db5d8dbd911/appium/device/press_keycode [39m[32m200[39m [90m707 ms - 14[39m
[35m[HTTP][39m [90m[39m
[35m[HTTP][39m [37m-->[39m [37mPOST[39m [37m/wd/hub/session/27698fb4-02ae-471a-be6f-9db5d8dbd911/context[39m
[35m[HTTP][39m [90m{"name":"NATIVE_APP"}[39m
[35m[HTTP][39m [37m<-- POST /wd/hub/session/27698fb4-02ae-471a-be6f-9db5d8dbd911/context [39m[32m200[39m [90m2 ms - 14[39m
[35m[HTTP][39m [90m[39m
[35m[HTTP][39m [37m-->[39m [37mPOST[39m [37m/wd/hub/session/27698fb4-02ae-471a-be6f-9db5d8dbd911/timeouts[39m
[35m[HTTP][39m [90m{"implicit":50}[39m
[35m[HTTP][39m [37m<-- POST /wd/hub/session/27698fb4-02ae-471a-be6f-9db5d8dbd911/timeouts [39m[32m200[39m [90m2 ms - 14[39m
[35m[HTTP][39m [90m[39m
[35m[HTTP][39m [37m-->[39m [37mGET[39m [37m/wd/hub/session/27698fb4-02ae-471a-be6f-9db5d8dbd911/window/rect[39m
[35m[HTTP][39m [90m{}[39m
[35m[HTTP][39m [37m<-- GET /wd/hub/session/27698fb4-02ae-471a-be6f-9db5d8dbd911/window/rect [39m[32m200[39m [90m25 ms - 49[39m
[35m[HTTP][39m [90m[39m
[35m[HTTP][39m [37m-->[39m [37mPOST[39m [37m/wd/hub/session/27698fb4-02ae-471a-be6f-9db5d8dbd911/elements[39m
[35m[HTTP][39m [90m{"using":"xpath","value":"//*[@class = 'android.widget.TextView' and (@text = 'Profil' or . = 'Profil') and @resource-id = 'com.kfc.mobile:id/tvBottomProfile']"}[39m
[35m[HTTP][39m [37m<-- POST /wd/hub/session/27698fb4-02ae-471a-be6f-9db5d8dbd911/elements [39m[32m200[39m [90m1594 ms - 139[39m
[35m[HTTP][39m [90m[39m
[35m[HTTP][39m [37m-->[39m [37mGET[39m [37m/wd/hub/session/27698fb4-02ae-471a-be6f-9db5d8dbd911/element/00000000-0000-01a6-7fff-ffff0000002f/location[39m
[35m[HTTP][39m [90m{}[39m
[35m[W3C (27698fb4)][39m Driver proxy active, passing request on via HTTP proxy
[35m[WD Proxy][39m Replacing sessionId df5a1019-8f20-45cd-bf6a-1645c6787067 with 27698fb4-02ae-471a-be6f-9db5d8dbd911
[35m[HTTP][39m [37m<-- GET /wd/hub/session/27698fb4-02ae-471a-be6f-9db5d8dbd911/element/00000000-0000-01a6-7fff-ffff0000002f/location [39m[32m200[39m [90m915 ms - 79[39m
[35m[HTTP][39m [90m[39m
[35m[HTTP][39m [37m-->[39m [37mPOST[39m [37m/wd/hub/session/27698fb4-02ae-471a-be6f-9db5d8dbd911/timeouts[39m
[35m[HTTP][39m [90m{"implicit":30000}[39m
[35m[HTTP][39m [37m<-- POST /wd/hub/session/27698fb4-02ae-471a-be6f-9db5d8dbd911/timeouts [39m[32m200[39m [90m1 ms - 14[39m
[35m[HTTP][39m [90m[39m
[35m[HTTP][39m [37m-->[39m [37mPOST[39m [37m/wd/hub/session/27698fb4-02ae-471a-be6f-9db5d8dbd911/element/00000000-0000-01a6-7fff-ffff0000002f/click[39m
[35m[HTTP][39m [90m{"id":"00000000-0000-01a6-7fff-ffff0000002f"}[39m
[35m[HTTP][39m [37m<-- POST /wd/hub/session/27698fb4-02ae-471a-be6f-9db5d8dbd911/element/00000000-0000-01a6-7fff-ffff0000002f/click [39m[32m200[39m [90m62 ms - 14[39m
[35m[HTTP][39m [90m[39m
[35m[HTTP][39m [37m-->[39m [37mPOST[39m [37m/wd/hub/session/27698fb4-02ae-471a-be6f-9db5d8dbd911/timeouts[39m
[35m[HTTP][39m [90m{"implicit":50}[39m
[35m[HTTP][39m [37m<-- POST /wd/hub/session/27698fb4-02ae-471a-be6f-9db5d8dbd911/timeouts [39m[32m200[39m [90m2 ms - 14[39m
[35m[HTTP][39m [90m[39m
[35m[HTTP][39m [37m-->[39m [37mGET[39m [37m/wd/hub/session/27698fb4-02ae-471a-be6f-9db5d8dbd911/window/rect[39m
[35m[HTTP][39m [90m{}[39m
[35m[HTTP][39m [37m<-- GET /wd/hub/session/27698fb4-02ae-471a-be6f-9db5d8dbd911/window/rect [39m[32m200[39m [90m14 ms - 49[39m
[35m[HTTP][39m [90m[39m
[35m[HTTP][39m [37m-->[39m [37mPOST[39m [37m/wd/hub/session/27698fb4-02ae-471a-be6f-9db5d8dbd911/elements[39m
[35m[HTTP][39m [90m{"using":"xpath","value":"//*[@class = 'android.widget.EditText' and (@text = 'Masukkan nomor handphone Anda' or . = 'Masukkan nomor handphone Anda') and @resource-id = 'com.kfc.mobile:id/edit_text']"}[39m
[35m[HTTP][39m [37m<-- POST /wd/hub/session/27698fb4-02ae-471a-be6f-9db5d8dbd911/elements [39m[32m200[39m [90m803 ms - 139[39m
[35m[HTTP][39m [90m[39m
[35m[HTTP][39m [37m-->[39m [37mGET[39m [37m/wd/hub/session/27698fb4-02ae-471a-be6f-9db5d8dbd911/element/00000000-0000-01a7-7fff-ffff00000092/location[39m
[35m[HTTP][39m [90m{}[39m
[35m[W3C (27698fb4)][39m Driver proxy active, passing request on via HTTP proxy
[35m[WD Proxy][39m Replacing sessionId df5a1019-8f20-45cd-bf6a-1645c6787067 with 27698fb4-02ae-471a-be6f-9db5d8dbd911
[35m[HTTP][39m [37m<-- GET /wd/hub/session/27698fb4-02ae-471a-be6f-9db5d8dbd911/element/00000000-0000-01a7-7fff-ffff00000092/location [39m[32m200[39m [90m885 ms - 77[39m
[35m[HTTP][39m [90m[39m
[35m[HTTP][39m [37m-->[39m [37mPOST[39m [37m/wd/hub/session/27698fb4-02ae-471a-be6f-9db5d8dbd911/timeouts[39m
[35m[HTTP][39m [90m{"implicit":30000}[39m
[35m[HTTP][39m [37m<-- POST /wd/hub/session/27698fb4-02ae-471a-be6f-9db5d8dbd911/timeouts [39m[32m200[39m [90m1 ms - 14[39m
[35m[HTTP][39m [90m[39m
[35m[HTTP][39m [37m-->[39m [37mPOST[39m [37m/wd/hub/session/27698fb4-02ae-471a-be6f-9db5d8dbd911/element/00000000-0000-01a7-7fff-ffff00000092/clear[39m
[35m[HTTP][39m [90m{"id":"00000000-0000-01a7-7fff-ffff00000092"}[39m
[35m[HTTP][39m [37m<-- POST /wd/hub/session/27698fb4-02ae-471a-be6f-9db5d8dbd911/element/00000000-0000-01a7-7fff-ffff00000092/clear [39m[32m200[39m [90m50 ms - 14[39m
[35m[HTTP][39m [90m[39m
[35m[HTTP][39m [37m-->[39m [37mPOST[39m [37m/wd/hub/session/27698fb4-02ae-471a-be6f-9db5d8dbd911/element/00000000-0000-01a7-7fff-ffff00000092/value[39m
[35m[HTTP][39m [90m{"id":"00000000-0000-01a7-7fff-ffff00000092","text":"","value":[]}[39m
[35m[HTTP][39m [37m<-- POST /wd/hub/session/27698fb4-02ae-471a-be6f-9db5d8dbd911/element/00000000-0000-01a7-7fff-ffff00000092/value [39m[32m200[39m [90m2261 ms - 14[39m
[35m[HTTP][39m [90m[39m
[35m[HTTP][39m [37m-->[39m [37mGET[39m [37m/wd/hub/session/27698fb4-02ae-471a-be6f-9db5d8dbd911/context[39m
[35m[HTTP][39m [90m{}[39m
[35m[HTTP][39m [37m<-- GET /wd/hub/session/27698fb4-02ae-471a-be6f-9db5d8dbd911/context [39m[32m200[39m [90m1 ms - 22[39m
[35m[HTTP][39m [90m[39m
[35m[HTTP][39m [37m-->[39m [37mGET[39m [37m/wd/hub/session/27698fb4-02ae-471a-be6f-9db5d8dbd911/contexts[39m
[35m[HTTP][39m [90m{}[39m
[35m[HTTP][39m [37m<-- GET /wd/hub/session/27698fb4-02ae-471a-be6f-9db5d8dbd911/contexts [39m[32m200[39m [90m90 ms - 24[39m
[35m[HTTP][39m [90m[39m
[35m[HTTP][39m [37m-->[39m [37mPOST[39m [37m/wd/hub/session/27698fb4-02ae-471a-be6f-9db5d8dbd911/context[39m
[35m[HTTP][39m [90m{"name":"NATIVE_APP"}[39m
[35m[HTTP][39m [37m<-- POST /wd/hub/session/27698fb4-02ae-471a-be6f-9db5d8dbd911/context [39m[32m200[39m [90m1 ms - 14[39m
[35m[HTTP][39m [90m[39m
[35m[HTTP][39m [37m-->[39m [37mPOST[39m [37m/wd/hub/session/27698fb4-02ae-471a-be6f-9db5d8dbd911/appium/device/hide_keyboard[39m
[35m[HTTP][39m [90m{}[39m
[35m[ADB][39m Keyboard has no UI; no closing necessary
[35m[HTTP][39m [37m<-- POST /wd/hub/session/27698fb4-02ae-471a-be6f-9db5d8dbd911/appium/device/hide_keyboard [39m[32m200[39m [90m1228 ms - 15[39m
[35m[HTTP][39m [90m[39m
[35m[HTTP][39m [37m-->[39m [37mPOST[39m [37m/wd/hub/session/27698fb4-02ae-471a-be6f-9db5d8dbd911/context[39m
[35m[HTTP][39m [90m{"name":"NATIVE_APP"}[39m
[35m[HTTP][39m [37m<-- POST /wd/hub/session/27698fb4-02ae-471a-be6f-9db5d8dbd911/context [39m[32m200[39m [90m1 ms - 14[39m
[35m[HTTP][39m [90m[39m
[35m[HTTP][39m [37m-->[39m [37mPOST[39m [37m/wd/hub/session/27698fb4-02ae-471a-be6f-9db5d8dbd911/timeouts[39m
[35m[HTTP][39m [90m{"implicit":50}[39m
[35m[HTTP][39m [37m<-- POST /wd/hub/session/27698fb4-02ae-471a-be6f-9db5d8dbd911/timeouts [39m[32m200[39m [90m1 ms - 14[39m
[35m[HTTP][39m [90m[39m
[35m[HTTP][39m [37m-->[39m [37mGET[39m [37m/wd/hub/session/27698fb4-02ae-471a-be6f-9db5d8dbd911/window/rect[39m
[35m[HTTP][39m [90m{}[39m
[35m[HTTP][39m [37m<-- GET /wd/hub/session/27698fb4-02ae-471a-be6f-9db5d8dbd911/window/rect [39m[32m200[39m [90m24 ms - 49[39m
[35m[HTTP][39m [90m[39m
[35m[HTTP][39m [37m-->[39m [37mPOST[39m [37m/wd/hub/session/27698fb4-02ae-471a-be6f-9db5d8dbd911/elements[39m
[35m[HTTP][39m [90m{"using":"xpath","value":"//*[@class = 'android.widget.EditText' and (@text = 'Ketik kata sandi Anda' or . = 'Ketik kata sandi Anda') and @resource-id = 'com.kfc.mobile:id/edit_text']"}[39m
[35m[HTTP][39m [37m<-- POST /wd/hub/session/27698fb4-02ae-471a-be6f-9db5d8dbd911/elements [39m[32m200[39m [90m579 ms - 139[39m
[35m[HTTP][39m [90m[39m
[35m[HTTP][39m [37m-->[39m [37mGET[39m [37m/wd/hub/session/27698fb4-02ae-471a-be6f-9db5d8dbd911/element/00000000-0000-01a7-7fff-ffff000000b9/location[39m
[35m[HTTP][39m [90m{}[39m
[35m[W3C (27698fb4)][39m Driver proxy active, passing request on via HTTP proxy
[35m[WD Proxy][39m Replacing sessionId df5a1019-8f20-45cd-bf6a-1645c6787067 with 27698fb4-02ae-471a-be6f-9db5d8dbd911
[35m[HTTP][39m [37m<-- GET /wd/hub/session/27698fb4-02ae-471a-be6f-9db5d8dbd911/element/00000000-0000-01a7-7fff-ffff000000b9/location [39m[32m200[39m [90m30 ms - 77[39m
[35m[HTTP][39m [90m[39m
[35m[HTTP][39m [37m-->[39m [37mPOST[39m [37m/wd/hub/session/27698fb4-02ae-471a-be6f-9db5d8dbd911/timeouts[39m
[35m[HTTP][39m [90m{"implicit":30000}[39m
[35m[HTTP][39m [37m<-- POST /wd/hub/session/27698fb4-02ae-471a-be6f-9db5d8dbd911/timeouts [39m[32m200[39m [90m1 ms - 14[39m
[35m[HTTP][39m [90m[39m
[35m[HTTP][39m [37m-->[39m [37mPOST[39m [37m/wd/hub/session/27698fb4-02ae-471a-be6f-9db5d8dbd911/element/00000000-0000-01a7-7fff-ffff000000b9/clear[39m
[35m[HTTP][39m [90m{"id":"00000000-0000-01a7-7fff-ffff000000b9"}[39m
[35m[HTTP][39m [37m<-- POST /wd/hub/session/27698fb4-02ae-471a-be6f-9db5d8dbd911/element/00000000-0000-01a7-7fff-ffff000000b9/clear [39m[32m200[39m [90m42 ms - 14[39m
[35m[HTTP][39m [90m[39m
[35m[HTTP][39m [37m-->[39m [37mPOST[39m [37m/wd/hub/session/27698fb4-02ae-471a-be6f-9db5d8dbd911/element/00000000-0000-01a7-7fff-ffff000000b9/value[39m
[35m[HTTP][39m [90m{"id":"00000000-0000-01a7-7fff-ffff000000b9","text":"","value":[]}[39m
[35m[HTTP][39m [37m<-- POST /wd/hub/session/27698fb4-02ae-471a-be6f-9db5d8dbd911/element/00000000-0000-01a7-7fff-ffff000000b9/value [39m[32m200[39m [90m1038 ms - 14[39m
[35m[HTTP][39m [90m[39m
[35m[HTTP][39m [37m-->[39m [37mGET[39m [37m/wd/hub/session/27698fb4-02ae-471a-be6f-9db5d8dbd911/context[39m
[35m[HTTP][39m [90m{}[39m
[35m[HTTP][39m [37m<-- GET /wd/hub/session/27698fb4-02ae-471a-be6f-9db5d8dbd911/context [39m[32m200[39m [90m2 ms - 22[39m
[35m[HTTP][39m [90m[39m
[35m[HTTP][39m [37m-->[39m [37mGET[39m [37m/wd/hub/session/27698fb4-02ae-471a-be6f-9db5d8dbd911/contexts[39m
[35m[HTTP][39m [90m{}[39m
[35m[HTTP][39m [37m<-- GET /wd/hub/session/27698fb4-02ae-471a-be6f-9db5d8dbd911/contexts [39m[32m200[39m [90m70 ms - 24[39m
[35m[HTTP][39m [90m[39m
[35m[HTTP][39m [37m-->[39m [37mPOST[39m [37m/wd/hub/session/27698fb4-02ae-471a-be6f-9db5d8dbd911/context[39m
[35m[HTTP][39m [90m{"name":"NATIVE_APP"}[39m
[35m[HTTP][39m [37m<-- POST /wd/hub/session/27698fb4-02ae-471a-be6f-9db5d8dbd911/context [39m[32m200[39m [90m1 ms - 14[39m
[35m[HTTP][39m [90m[39m
[35m[HTTP][39m [37m-->[39m [37mPOST[39m [37m/wd/hub/session/27698fb4-02ae-471a-be6f-9db5d8dbd911/appium/device/hide_keyboard[39m
[35m[HTTP][39m [90m{}[39m
[35m[ADB][39m Keyboard has no UI; no closing necessary
[35m[HTTP][39m [37m<-- POST /wd/hub/session/27698fb4-02ae-471a-be6f-9db5d8dbd911/appium/device/hide_keyboard [39m[32m200[39m [90m1240 ms - 15[39m
[35m[HTTP][39m [90m[39m
[35m[HTTP][39m [37m-->[39m [37mPOST[39m [37m/wd/hub/session/27698fb4-02ae-471a-be6f-9db5d8dbd911/context[39m
[35m[HTTP][39m [90m{"name":"NATIVE_APP"}[39m
[35m[HTTP][39m [37m<-- POST /wd/hub/session/27698fb4-02ae-471a-be6f-9db5d8dbd911/context [39m[32m200[39m [90m1 ms - 14[39m
[35m[HTTP][39m [90m[39m
[35m[HTTP][39m [37m-->[39m [37mPOST[39m [37m/wd/hub/session/27698fb4-02ae-471a-be6f-9db5d8dbd911/timeouts[39m
[35m[HTTP][39m [90m{"implicit":50}[39m
[35m[HTTP][39m [37m<-- POST /wd/hub/session/27698fb4-02ae-471a-be6f-9db5d8dbd911/timeouts [39m[32m200[39m [90m1 ms - 14[39m
[35m[HTTP][39m [90m[39m
[35m[HTTP][39m [37m-->[39m [37mGET[39m [37m/wd/hub/session/27698fb4-02ae-471a-be6f-9db5d8dbd911/window/rect[39m
[35m[HTTP][39m [90m{}[39m
[35m[HTTP][39m [37m<-- GET /wd/hub/session/27698fb4-02ae-471a-be6f-9db5d8dbd911/window/rect [39m[32m200[39m [90m29 ms - 49[39m
[35m[HTTP][39m [90m[39m
[35m[HTTP][39m [37m-->[39m [37mPOST[39m [37m/wd/hub/session/27698fb4-02ae-471a-be6f-9db5d8dbd911/elements[39m
[35m[HTTP][39m [90m{"using":"xpath","value":"//*[@class = 'android.widget.Button' and (@text = 'Masuk' or . = 'Masuk') and @resource-id = 'com.kfc.mobile:id/button_login']"}[39m
[35m[HTTP][39m [37m<-- POST /wd/hub/session/27698fb4-02ae-471a-be6f-9db5d8dbd911/elements [39m[32m200[39m [90m387 ms - 139[39m
[35m[HTTP][39m [90m[39m
[35m[HTTP][39m [37m-->[39m [37mGET[39m [37m/wd/hub/session/27698fb4-02ae-471a-be6f-9db5d8dbd911/element/00000000-0000-01a7-7fff-ffff000000a6/location[39m
[35m[HTTP][39m [90m{}[39m
[35m[W3C (27698fb4)][39m Driver proxy active, passing request on via HTTP proxy
[35m[WD Proxy][39m Replacing sessionId df5a1019-8f20-45cd-bf6a-1645c6787067 with 27698fb4-02ae-471a-be6f-9db5d8dbd911
[35m[HTTP][39m [37m<-- GET /wd/hub/session/27698fb4-02ae-471a-be6f-9db5d8dbd911/element/00000000-0000-01a7-7fff-ffff000000a6/location [39m[32m200[39m [90m398 ms - 77[39m
[35m[HTTP][39m [90m[39m
[35m[HTTP][39m [37m-->[39m [37mPOST[39m [37m/wd/hub/session/27698fb4-02ae-471a-be6f-9db5d8dbd911/timeouts[39m
[35m[HTTP][39m [90m{"implicit":30000}[39m
[35m[HTTP][39m [37m<-- POST /wd/hub/session/27698fb4-02ae-471a-be6f-9db5d8dbd911/timeouts [39m[32m200[39m [90m2 ms - 14[39m
[35m[HTTP][39m [90m[39m
[35m[HTTP][39m [37m-->[39m [37mPOST[39m [37m/wd/hub/session/27698fb4-02ae-471a-be6f-9db5d8dbd911/element/00000000-0000-01a7-7fff-ffff000000a6/click[39m
[35m[HTTP][39m [90m{"id":"00000000-0000-01a7-7fff-ffff000000a6"}[39m
[35m[HTTP][39m [37m<-- POST /wd/hub/session/27698fb4-02ae-471a-be6f-9db5d8dbd911/element/00000000-0000-01a7-7fff-ffff000000a6/click [39m[32m200[39m [90m42 ms - 14[39m
[35m[HTTP][39m [90m[39m
[35m[HTTP][39m [37m-->[39m [37mPOST[39m [37m/wd/hub/session/27698fb4-02ae-471a-be6f-9db5d8dbd911/timeouts[39m
[35m[HTTP][39m [90m{"implicit":50}[39m
[35m[HTTP][39m [37m<-- POST /wd/hub/session/27698fb4-02ae-471a-be6f-9db5d8dbd911/timeouts [39m[32m200[39m [90m1 ms - 14[39m
[35m[HTTP][39m [90m[39m
[35m[HTTP][39m [37m-->[39m [37mGET[39m [37m/wd/hub/session/27698fb4-02ae-471a-be6f-9db5d8dbd911/window/rect[39m
[35m[HTTP][39m [90m{}[39m
[35m[HTTP][39m [37m<-- GET /wd/hub/session/27698fb4-02ae-471a-be6f-9db5d8dbd911/window/rect [39m[32m200[39m [90m28 ms - 49[39m
[35m[HTTP][39m [90m[39m
[35m[HTTP][39m [37m-->[39m [37mPOST[39m [37m/wd/hub/session/27698fb4-02ae-471a-be6f-9db5d8dbd911/elements[39m
[35m[HTTP][39m [90m{"using":"xpath","value":"//*[@class = 'android.widget.TextView' and (@text = 'Mohon masukkan nomor handphone Anda' or . = 'Mohon masukkan nomor handphone Anda') and @resource-id = 'com.kfc.mobile:id/text_view_error']"}[39m
[35m[HTTP][39m [37m<-- POST /wd/hub/session/27698fb4-02ae-471a-be6f-9db5d8dbd911/elements [39m[32m200[39m [90m476 ms - 139[39m
[35m[HTTP][39m [90m[39m
[35m[HTTP][39m [37m-->[39m [37mGET[39m [37m/wd/hub/session/27698fb4-02ae-471a-be6f-9db5d8dbd911/element/00000000-0000-01a7-7fff-ffff000000dc/location[39m
[35m[HTTP][39m [90m{}[39m
[35m[W3C (27698fb4)][39m Driver proxy active, passing request on via HTTP proxy
[35m[WD Proxy][39m Replacing sessionId df5a1019-8f20-45cd-bf6a-1645c6787067 with 27698fb4-02ae-471a-be6f-9db5d8dbd911
[35m[HTTP][39m [37m<-- GET /wd/hub/session/27698fb4-02ae-471a-be6f-9db5d8dbd911/element/00000000-0000-01a7-7fff-ffff000000dc/location [39m[32m200[39m [90m27 ms - 77[39m
[35m[HTTP][39m [90m[39m
[35m[HTTP][39m [37m-->[39m [37mPOST[39m [37m/wd/hub/session/27698fb4-02ae-471a-be6f-9db5d8dbd911/timeouts[39m
[35m[HTTP][39m [90m{"implicit":30000}[39m
[35m[HTTP][39m [37m<-- POST /wd/hub/session/27698fb4-02ae-471a-be6f-9db5d8dbd911/timeouts [39m[32m200[39m [90m2 ms - 14[39m
[35m[HTTP][39m [90m[39m
[35m[HTTP][39m [37m-->[39m [37mPOST[39m [37m/wd/hub/session/27698fb4-02ae-471a-be6f-9db5d8dbd911/timeouts[39m
[35m[HTTP][39m [90m{"implicit":50}[39m
[35m[HTTP][39m [37m<-- POST /wd/hub/session/27698fb4-02ae-471a-be6f-9db5d8dbd911/timeouts [39m[32m200[39m [90m1 ms - 14[39m
[35m[HTTP][39m [90m[39m
[35m[HTTP][39m [37m-->[39m [37mGET[39m [37m/wd/hub/session/27698fb4-02ae-471a-be6f-9db5d8dbd911/window/rect[39m
[35m[HTTP][39m [90m{}[39m
[35m[HTTP][39m [37m<-- GET /wd/hub/session/27698fb4-02ae-471a-be6f-9db5d8dbd911/window/rect [39m[32m200[39m [90m31 ms - 49[39m
[35m[HTTP][39m [90m[39m
[35m[HTTP][39m [37m-->[39m [37mPOST[39m [37m/wd/hub/session/27698fb4-02ae-471a-be6f-9db5d8dbd911/elements[39m
[35m[HTTP][39m [90m{"using":"xpath","value":"//*[@class = 'android.widget.TextView' and (@text = 'Masukkan kata sandi Anda yang benar' or . = 'Masukkan kata sandi Anda yang benar') and @resource-id = 'com.kfc.mobile:id/text_view_error']"}[39m
[35m[HTTP][39m [37m<-- POST /wd/hub/session/27698fb4-02ae-471a-be6f-9db5d8dbd911/elements [39m[32m200[39m [90m231 ms - 139[39m
[35m[HTTP][39m [90m[39m
[35m[HTTP][39m [37m-->[39m [37mGET[39m [37m/wd/hub/session/27698fb4-02ae-471a-be6f-9db5d8dbd911/element/00000000-0000-01a7-7fff-ffff000000e0/location[39m
[35m[HTTP][39m [90m{}[39m
[35m[W3C (27698fb4)][39m Driver proxy active, passing request on via HTTP proxy
[35m[WD Proxy][39m Replacing sessionId df5a1019-8f20-45cd-bf6a-1645c6787067 with 27698fb4-02ae-471a-be6f-9db5d8dbd911
[35m[HTTP][39m [37m<-- GET /wd/hub/session/27698fb4-02ae-471a-be6f-9db5d8dbd911/element/00000000-0000-01a7-7fff-ffff000000e0/location [39m[32m200[39m [90m32 ms - 77[39m
[35m[HTTP][39m [90m[39m
[35m[HTTP][39m [37m-->[39m [37mPOST[39m [37m/wd/hub/session/27698fb4-02ae-471a-be6f-9db5d8dbd911/timeouts[39m
[35m[HTTP][39m [90m{"implicit":30000}[39m
[35m[HTTP][39m [37m<-- POST /wd/hub/session/27698fb4-02ae-471a-be6f-9db5d8dbd911/timeouts [39m[32m200[39m [90m2 ms - 14[39m
[35m[HTTP][39m [90m[39m
[35m[HTTP][39m [37m-->[39m [37mGET[39m [37m/wd/hub/status[39m
[35m[HTTP][39m [90m{}[39m
[35m[HTTP][39m [37m<-- GET /wd/hub/status [39m[32m200[39m [90m1 ms - 68[39m
[35m[HTTP][39m [90m[39m
[35m[HTTP][39m [37m-->[39m [37mPOST[39m [37m/wd/hub/session[39m
[35m[HTTP][39m [90m{"desiredCapabilities":{"appPackage":"com.kfc.mobile.hkStaging","noReset":true,"deviceId":"","deviceName":"OPPO CPH1801 (Android 7.1.1)","platform":"ANDROID","appActivity":"com.kfc.mobile.presentation.splash.SplashActivity","newCommandTimeout":1800,"platformVersion":"7.1.1","automationName":"uiautomator2","autoGrantPermissions":true,"platformName":"Android","udid":"aa14e06a","systemPort":8275},"capabilities":{"firstMatch":[{"appium:appActivity":"com.kfc.mobile.presentation.splash.SplashActivity","appium:appPackage":"com.kfc.mobile.hkStaging","appium:autoGrantPermissions":true,"appium:automationName":"uiautomator2","deviceId":"","appium:deviceName":"OPPO CPH1801 (Android 7.1.1)","appium:newCommandTimeout":1800,"appium:noReset":true,"platform":"ANDROID","platformName":"android","appium:platformVersion":"7.1.1","appium:systemPort":8275,"appium:udid":"aa14e06a"}]}}[39m
[35m[BaseDriver][39m The following capabilities are not standard capabilities and should have an extension prefix:
[35m[BaseDriver][39m   deviceId
[35m[BaseDriver][39m   platform
[35m[BaseDriver][39m   chromedriverPort
[35m[Appium][39m Appium v1.22.3 creating new AndroidUiautomator2Driver (v1.70.1) session
[35m[BaseDriver][39m The following capabilities were provided, but are not recognized by Appium:
[35m[BaseDriver][39m   deviceId
[35m[BaseDriver][39m   platform
[35m[BaseDriver][39m Session created with session id: b57159b0-ab62-422f-b747-1cb5efd4aa81
[35m[UiAutomator2][39m Starting 'com.kfc.mobile.hkStaging' directly on the device
[35m[ADB][39m Using 'adb.exe' from 'C:\Users\Ahadian Rifky\.katalon\tools\android_sdk\platform-tools\adb.exe'
[35m[AndroidDriver][39m Retrieving device list
[35m[AndroidDriver][39m Using device: aa14e06a
[35m[ADB][39m Using 'adb.exe' from 'C:\Users\Ahadian Rifky\.katalon\tools\android_sdk\platform-tools\adb.exe'
[35m[AndroidDriver][39m No app sent in, not parsing package/activity
[35m[UiAutomator2][39m Server packages are not going to be (re)installed
[35m[ADB][39m Adding packages ["io.appium.settings","io.appium.uiautomator2.server","io.appium.uiautomator2.server.test"] to Doze whitelist
[35m[UiAutomator2][39m Starting UIAutomator2 server 4.27.0
[35m[UiAutomator2][39m Using UIAutomator2 server from 'C:\Users\Ahadian Rifky\AppData\Roaming\npm\node_modules\appium\node_modules\appium-uiautomator2-server\apks\appium-uiautomator2-server-v4.27.0.apk' and test from 'C:\Users\Ahadian Rifky\AppData\Roaming\npm\node_modules\appium\node_modules\appium-uiautomator2-server\apks\appium-uiautomator2-server-debug-androidTest.apk'
[35m[UiAutomator2][39m Waiting up to 30000ms for UiAutomator2 to be online...
[35m[WD Proxy][39m socket hang up
[35m[WD Proxy][39m socket hang up
[35m[WD Proxy][39m socket hang up
[35m[WD Proxy][39m Determined the downstream protocol as 'W3C'
[35m[AndroidDriver][39m Screen already unlocked, doing nothing
[35m[UiAutomator2][39m Starting 'com.kfc.mobile.hkStaging/com.kfc.mobile.presentation.splash.SplashActivity and waiting for 'com.kfc.mobile.hkStaging/com.kfc.mobile.presentation.splash.SplashActivity'
[35m[Appium][39m New AndroidUiautomator2Driver session created successfully, session b57159b0-ab62-422f-b747-1cb5efd4aa81 added to master session list
[35m[HTTP][39m [37m<-- POST /wd/hub/session [39m[32m200[39m [90m13480 ms - 1287[39m
[35m[HTTP][39m [90m[39m
[35m[HTTP][39m [37m-->[39m [37mGET[39m [37m/wd/hub/session/b57159b0-ab62-422f-b747-1cb5efd4aa81[39m
[35m[HTTP][39m [90m{}[39m
[35m[HTTP][39m [37m<-- GET /wd/hub/session/b57159b0-ab62-422f-b747-1cb5efd4aa81 [39m[32m200[39m [90m17 ms - 1241[39m
[35m[HTTP][39m [90m[39m
[35m[HTTP][39m [37m-->[39m [37mGET[39m [37m/wd/hub/session/b57159b0-ab62-422f-b747-1cb5efd4aa81[39m
[35m[HTTP][39m [90m{}[39m
[35m[HTTP][39m [37m<-- GET /wd/hub/session/b57159b0-ab62-422f-b747-1cb5efd4aa81 [39m[32m200[39m [90m20 ms - 1241[39m
[35m[HTTP][39m [90m[39m
[35m[HTTP][39m [37m-->[39m [37mGET[39m [37m/wd/hub/status[39m
[35m[HTTP][39m [90m{}[39m
[35m[HTTP][39m [37m<-- GET /wd/hub/status [39m[32m200[39m [90m1 ms - 68[39m
[35m[HTTP][39m [90m[39m
[35m[HTTP][39m [37m-->[39m [37mPOST[39m [37m/wd/hub/session/b57159b0-ab62-422f-b747-1cb5efd4aa81/timeouts[39m
[35m[HTTP][39m [90m{"implicit":30000}[39m
[35m[HTTP][39m [37m<-- POST /wd/hub/session/b57159b0-ab62-422f-b747-1cb5efd4aa81/timeouts [39m[32m200[39m [90m1 ms - 14[39m
[35m[HTTP][39m [90m[39m
[35m[HTTP][39m [37m-->[39m [37mGET[39m [37m/wd/hub/session/b57159b0-ab62-422f-b747-1cb5efd4aa81/screenshot[39m
[35m[HTTP][39m [90m{}[39m
[35m[HTTP][39m [37m<-- GET /wd/hub/session/b57159b0-ab62-422f-b747-1cb5efd4aa81/screenshot [39m[32m200[39m [90m635 ms - 258230[39m
[35m[HTTP][39m [90m[39m
[35m[HTTP][39m [37m-->[39m [37mGET[39m [37m/wd/hub/session/b57159b0-ab62-422f-b747-1cb5efd4aa81/window/rect[39m
[35m[HTTP][39m [90m{}[39m
[35m[HTTP][39m [37m<-- GET /wd/hub/session/b57159b0-ab62-422f-b747-1cb5efd4aa81/window/rect [39m[32m200[39m [90m22 ms - 49[39m
[35m[HTTP][39m [90m[39m
[35m[HTTP][39m [37m-->[39m [37mGET[39m [37m/wd/hub/session/b57159b0-ab62-422f-b747-1cb5efd4aa81/appium/device/system_bars[39m
[35m[HTTP][39m [90m{}[39m
[35m[HTTP][39m [37m<-- GET /wd/hub/session/b57159b0-ab62-422f-b747-1cb5efd4aa81/appium/device/system_bars [39m[31m500[39m [90m106 ms - 663[39m
[35m[HTTP][39m [90m[39m
[35m[HTTP][39m [37m-->[39m [37mPOST[39m [37m/wd/hub/session/b57159b0-ab62-422f-b747-1cb5efd4aa81/execute/sync[39m
[35m[HTTP][39m [90m{"script":"mobile:viewportRect","args":[]}[39m
[35m[AndroidDriver][39m Executing native command 'mobile:viewportRect'
[35m[HTTP][39m [37m<-- POST /wd/hub/session/b57159b0-ab62-422f-b747-1cb5efd4aa81/execute/sync [39m[32m200[39m [90m33 ms - 55[39m
[35m[HTTP][39m [90m[39m
[35m[HTTP][39m [37m-->[39m [37mPOST[39m [37m/wd/hub/session/b57159b0-ab62-422f-b747-1cb5efd4aa81/appium/device/activate_app[39m
[35m[HTTP][39m [90m{"bundleId":"com.kfc.mobile"}[39m
[35m[HTTP][39m [37m<-- POST /wd/hub/session/b57159b0-ab62-422f-b747-1cb5efd4aa81/appium/device/activate_app [39m[32m200[39m [90m1461 ms - 14[39m
[35m[HTTP][39m [90m[39m
[35m[HTTP][39m [37m-->[39m [37mGET[39m [37m/wd/hub/session/b57159b0-ab62-422f-b747-1cb5efd4aa81/context[39m
[35m[HTTP][39m [90m{}[39m
[35m[HTTP][39m [37m<-- GET /wd/hub/session/b57159b0-ab62-422f-b747-1cb5efd4aa81/context [39m[32m200[39m [90m1 ms - 22[39m
[35m[HTTP][39m [90m[39m
[35m[HTTP][39m [37m-->[39m [37mGET[39m [37m/wd/hub/session/b57159b0-ab62-422f-b747-1cb5efd4aa81/contexts[39m
[35m[HTTP][39m [90m{}[39m
[35m[HTTP][39m [37m<-- GET /wd/hub/session/b57159b0-ab62-422f-b747-1cb5efd4aa81/contexts [39m[32m200[39m [90m101 ms - 24[39m
[35m[HTTP][39m [90m[39m
[35m[HTTP][39m [37m-->[39m [37mPOST[39m [37m/wd/hub/session/b57159b0-ab62-422f-b747-1cb5efd4aa81/context[39m
[35m[HTTP][39m [90m{"name":"NATIVE_APP"}[39m
[35m[HTTP][39m [37m<-- POST /wd/hub/session/b57159b0-ab62-422f-b747-1cb5efd4aa81/context [39m[32m200[39m [90m1 ms - 14[39m
[35m[HTTP][39m [90m[39m
[35m[HTTP][39m [37m-->[39m [37mPOST[39m [37m/wd/hub/session/b57159b0-ab62-422f-b747-1cb5efd4aa81/appium/device/press_keycode[39m
[35m[HTTP][39m [90m{"keycode":4}[39m
[35m[HTTP][39m [37m<-- POST /wd/hub/session/b57159b0-ab62-422f-b747-1cb5efd4aa81/appium/device/press_keycode [39m[32m200[39m [90m72 ms - 14[39m
[35m[HTTP][39m [90m[39m
[35m[HTTP][39m [37m-->[39m [37mPOST[39m [37m/wd/hub/session/b57159b0-ab62-422f-b747-1cb5efd4aa81/context[39m
[35m[HTTP][39m [90m{"name":"NATIVE_APP"}[39m
[35m[HTTP][39m [37m<-- POST /wd/hub/session/b57159b0-ab62-422f-b747-1cb5efd4aa81/context [39m[32m200[39m [90m1 ms - 14[39m
[35m[HTTP][39m [90m[39m
[35m[HTTP][39m [37m-->[39m [37mPOST[39m [37m/wd/hub/session/b57159b0-ab62-422f-b747-1cb5efd4aa81/timeouts[39m
[35m[HTTP][39m [90m{"implicit":50}[39m
[35m[HTTP][39m [37m<-- POST /wd/hub/session/b57159b0-ab62-422f-b747-1cb5efd4aa81/timeouts [39m[32m200[39m [90m3 ms - 14[39m
[35m[HTTP][39m [90m[39m
[35m[HTTP][39m [37m-->[39m [37mGET[39m [37m/wd/hub/session/b57159b0-ab62-422f-b747-1cb5efd4aa81/window/rect[39m
[35m[HTTP][39m [90m{}[39m
[35m[HTTP][39m [37m<-- GET /wd/hub/session/b57159b0-ab62-422f-b747-1cb5efd4aa81/window/rect [39m[32m200[39m [90m18 ms - 49[39m
[35m[HTTP][39m [90m[39m
[35m[HTTP][39m [37m-->[39m [37mPOST[39m [37m/wd/hub/session/b57159b0-ab62-422f-b747-1cb5efd4aa81/elements[39m
[35m[HTTP][39m [90m{"using":"xpath","value":"//*[@class = 'android.widget.TextView' and (@text = 'Profil' or . = 'Profil') and @resource-id = 'com.kfc.mobile:id/tvBottomProfile']"}[39m
[35m[HTTP][39m [37m<-- POST /wd/hub/session/b57159b0-ab62-422f-b747-1cb5efd4aa81/elements [39m[32m200[39m [90m2111 ms - 139[39m
[35m[HTTP][39m [90m[39m
[35m[HTTP][39m [37m-->[39m [37mGET[39m [37m/wd/hub/session/b57159b0-ab62-422f-b747-1cb5efd4aa81/element/00000000-0000-01ac-7fff-ffff0000002f/location[39m
[35m[HTTP][39m [90m{}[39m
[35m[W3C (b57159b0)][39m Driver proxy active, passing request on via HTTP proxy
[35m[WD Proxy][39m Replacing sessionId f312d5f0-8fa2-4a09-9a6b-abae0c55665f with b57159b0-ab62-422f-b747-1cb5efd4aa81
[35m[HTTP][39m [37m<-- GET /wd/hub/session/b57159b0-ab62-422f-b747-1cb5efd4aa81/element/00000000-0000-01ac-7fff-ffff0000002f/location [39m[32m200[39m [90m47 ms - 79[39m
[35m[HTTP][39m [90m[39m
[35m[HTTP][39m [37m-->[39m [37mPOST[39m [37m/wd/hub/session/b57159b0-ab62-422f-b747-1cb5efd4aa81/timeouts[39m
[35m[HTTP][39m [90m{"implicit":30000}[39m
[35m[HTTP][39m [37m<-- POST /wd/hub/session/b57159b0-ab62-422f-b747-1cb5efd4aa81/timeouts [39m[32m200[39m [90m1 ms - 14[39m
[35m[HTTP][39m [90m[39m
[35m[HTTP][39m [37m-->[39m [37mPOST[39m [37m/wd/hub/session/b57159b0-ab62-422f-b747-1cb5efd4aa81/element/00000000-0000-01ac-7fff-ffff0000002f/click[39m
[35m[HTTP][39m [90m{"id":"00000000-0000-01ac-7fff-ffff0000002f"}[39m
[35m[HTTP][39m [37m<-- POST /wd/hub/session/b57159b0-ab62-422f-b747-1cb5efd4aa81/element/00000000-0000-01ac-7fff-ffff0000002f/click [39m[32m200[39m [90m46 ms - 14[39m
[35m[HTTP][39m [90m[39m
[35m[HTTP][39m [37m-->[39m [37mPOST[39m [37m/wd/hub/session/b57159b0-ab62-422f-b747-1cb5efd4aa81/timeouts[39m
[35m[HTTP][39m [90m{"implicit":50}[39m
[35m[HTTP][39m [37m<-- POST /wd/hub/session/b57159b0-ab62-422f-b747-1cb5efd4aa81/timeouts [39m[32m200[39m [90m2 ms - 14[39m
[35m[HTTP][39m [90m[39m
[35m[HTTP][39m [37m-->[39m [37mGET[39m [37m/wd/hub/session/b57159b0-ab62-422f-b747-1cb5efd4aa81/window/rect[39m
[35m[HTTP][39m [90m{}[39m
[35m[HTTP][39m [37m<-- GET /wd/hub/session/b57159b0-ab62-422f-b747-1cb5efd4aa81/window/rect [39m[32m200[39m [90m23 ms - 49[39m
[35m[HTTP][39m [90m[39m
[35m[HTTP][39m [37m-->[39m [37mPOST[39m [37m/wd/hub/session/b57159b0-ab62-422f-b747-1cb5efd4aa81/elements[39m
[35m[HTTP][39m [90m{"using":"xpath","value":"//*[@class = 'android.widget.EditText' and (@text = 'Masukkan nomor handphone Anda' or . = 'Masukkan nomor handphone Anda') and @resource-id = 'com.kfc.mobile:id/edit_text']"}[39m
[35m[HTTP][39m [37m<-- POST /wd/hub/session/b57159b0-ab62-422f-b747-1cb5efd4aa81/elements [39m[32m200[39m [90m1870 ms - 139[39m
[35m[HTTP][39m [90m[39m
[35m[HTTP][39m [37m-->[39m [37mGET[39m [37m/wd/hub/session/b57159b0-ab62-422f-b747-1cb5efd4aa81/element/00000000-0000-01b9-7fff-ffff000000e4/location[39m
[35m[HTTP][39m [90m{}[39m
[35m[W3C (b57159b0)][39m Driver proxy active, passing request on via HTTP proxy
[35m[WD Proxy][39m Replacing sessionId f312d5f0-8fa2-4a09-9a6b-abae0c55665f with b57159b0-ab62-422f-b747-1cb5efd4aa81
[35m[HTTP][39m [37m<-- GET /wd/hub/session/b57159b0-ab62-422f-b747-1cb5efd4aa81/element/00000000-0000-01b9-7fff-ffff000000e4/location [39m[32m200[39m [90m1024 ms - 77[39m
[35m[HTTP][39m [90m[39m
[35m[HTTP][39m [37m-->[39m [37mPOST[39m [37m/wd/hub/session/b57159b0-ab62-422f-b747-1cb5efd4aa81/timeouts[39m
[35m[HTTP][39m [90m{"implicit":30000}[39m
[35m[HTTP][39m [37m<-- POST /wd/hub/session/b57159b0-ab62-422f-b747-1cb5efd4aa81/timeouts [39m[32m200[39m [90m3 ms - 14[39m
[35m[HTTP][39m [90m[39m
[35m[HTTP][39m [37m-->[39m [37mPOST[39m [37m/wd/hub/session/b57159b0-ab62-422f-b747-1cb5efd4aa81/element/00000000-0000-01b9-7fff-ffff000000e4/clear[39m
[35m[HTTP][39m [90m{"id":"00000000-0000-01b9-7fff-ffff000000e4"}[39m
[35m[HTTP][39m [37m<-- POST /wd/hub/session/b57159b0-ab62-422f-b747-1cb5efd4aa81/element/00000000-0000-01b9-7fff-ffff000000e4/clear [39m[32m200[39m [90m60 ms - 14[39m
[35m[HTTP][39m [90m[39m
[35m[HTTP][39m [37m-->[39m [37mPOST[39m [37m/wd/hub/session/b57159b0-ab62-422f-b747-1cb5efd4aa81/element/00000000-0000-01b9-7fff-ffff000000e4/value[39m
[35m[HTTP][39m [90m{"id":"00000000-0000-01b9-7fff-ffff000000e4","text":"081211287388","value":["0","8","1","2","1","1","2","8","7","3","8","8"]}[39m
[35m[HTTP][39m [37m<-- POST /wd/hub/session/b57159b0-ab62-422f-b747-1cb5efd4aa81/element/00000000-0000-01b9-7fff-ffff000000e4/value [39m[32m200[39m [90m1094 ms - 14[39m
[35m[HTTP][39m [90m[39m
[35m[HTTP][39m [37m-->[39m [37mGET[39m [37m/wd/hub/session/b57159b0-ab62-422f-b747-1cb5efd4aa81/context[39m
[35m[HTTP][39m [90m{}[39m
[35m[HTTP][39m [37m<-- GET /wd/hub/session/b57159b0-ab62-422f-b747-1cb5efd4aa81/context [39m[32m200[39m [90m1 ms - 22[39m
[35m[HTTP][39m [90m[39m
[35m[HTTP][39m [37m-->[39m [37mGET[39m [37m/wd/hub/session/b57159b0-ab62-422f-b747-1cb5efd4aa81/contexts[39m
[35m[HTTP][39m [90m{}[39m
[35m[HTTP][39m [37m<-- GET /wd/hub/session/b57159b0-ab62-422f-b747-1cb5efd4aa81/contexts [39m[32m200[39m [90m66 ms - 24[39m
[35m[HTTP][39m [90m[39m
[35m[HTTP][39m [37m-->[39m [37mPOST[39m [37m/wd/hub/session/b57159b0-ab62-422f-b747-1cb5efd4aa81/context[39m
[35m[HTTP][39m [90m{"name":"NATIVE_APP"}[39m
[35m[HTTP][39m [37m<-- POST /wd/hub/session/b57159b0-ab62-422f-b747-1cb5efd4aa81/context [39m[32m200[39m [90m1 ms - 14[39m
[35m[HTTP][39m [90m[39m
[35m[HTTP][39m [37m-->[39m [37mPOST[39m [37m/wd/hub/session/b57159b0-ab62-422f-b747-1cb5efd4aa81/appium/device/hide_keyboard[39m
[35m[HTTP][39m [90m{}[39m
[35m[ADB][39m Keyboard has no UI; no closing necessary
[35m[HTTP][39m [37m<-- POST /wd/hub/session/b57159b0-ab62-422f-b747-1cb5efd4aa81/appium/device/hide_keyboard [39m[32m200[39m [90m1269 ms - 15[39m
[35m[HTTP][39m [90m[39m
[35m[HTTP][39m [37m-->[39m [37mPOST[39m [37m/wd/hub/session/b57159b0-ab62-422f-b747-1cb5efd4aa81/context[39m
[35m[HTTP][39m [90m{"name":"NATIVE_APP"}[39m
[35m[HTTP][39m [37m<-- POST /wd/hub/session/b57159b0-ab62-422f-b747-1cb5efd4aa81/context [39m[32m200[39m [90m1 ms - 14[39m
[35m[HTTP][39m [90m[39m
[35m[HTTP][39m [37m-->[39m [37mPOST[39m [37m/wd/hub/session/b57159b0-ab62-422f-b747-1cb5efd4aa81/timeouts[39m
[35m[HTTP][39m [90m{"implicit":50}[39m
[35m[HTTP][39m [37m<-- POST /wd/hub/session/b57159b0-ab62-422f-b747-1cb5efd4aa81/timeouts [39m[32m200[39m [90m2 ms - 14[39m
[35m[HTTP][39m [90m[39m
[35m[HTTP][39m [37m-->[39m [37mGET[39m [37m/wd/hub/session/b57159b0-ab62-422f-b747-1cb5efd4aa81/window/rect[39m
[35m[HTTP][39m [90m{}[39m
[35m[HTTP][39m [37m<-- GET /wd/hub/session/b57159b0-ab62-422f-b747-1cb5efd4aa81/window/rect [39m[32m200[39m [90m20 ms - 49[39m
[35m[HTTP][39m [90m[39m
[35m[HTTP][39m [37m-->[39m [37mPOST[39m [37m/wd/hub/session/b57159b0-ab62-422f-b747-1cb5efd4aa81/elements[39m
[35m[HTTP][39m [90m{"using":"xpath","value":"//*[@class = 'android.widget.EditText' and (@text = 'Ketik kata sandi Anda' or . = 'Ketik kata sandi Anda') and @resource-id = 'com.kfc.mobile:id/edit_text']"}[39m
[35m[HTTP][39m [37m<-- POST /wd/hub/session/b57159b0-ab62-422f-b747-1cb5efd4aa81/elements [39m[32m200[39m [90m585 ms - 139[39m
[35m[HTTP][39m [90m[39m
[35m[HTTP][39m [37m-->[39m [37mGET[39m [37m/wd/hub/session/b57159b0-ab62-422f-b747-1cb5efd4aa81/element/00000000-0000-01b9-7fff-ffff00000104/location[39m
[35m[HTTP][39m [90m{}[39m
[35m[W3C (b57159b0)][39m Driver proxy active, passing request on via HTTP proxy
[35m[WD Proxy][39m Replacing sessionId f312d5f0-8fa2-4a09-9a6b-abae0c55665f with b57159b0-ab62-422f-b747-1cb5efd4aa81
[35m[HTTP][39m [37m<-- GET /wd/hub/session/b57159b0-ab62-422f-b747-1cb5efd4aa81/element/00000000-0000-01b9-7fff-ffff00000104/location [39m[32m200[39m [90m36 ms - 77[39m
[35m[HTTP][39m [90m[39m
[35m[HTTP][39m [37m-->[39m [37mPOST[39m [37m/wd/hub/session/b57159b0-ab62-422f-b747-1cb5efd4aa81/timeouts[39m
[35m[HTTP][39m [90m{"implicit":30000}[39m
[35m[HTTP][39m [37m<-- POST /wd/hub/session/b57159b0-ab62-422f-b747-1cb5efd4aa81/timeouts [39m[32m200[39m [90m1 ms - 14[39m
[35m[HTTP][39m [90m[39m
[35m[HTTP][39m [37m-->[39m [37mPOST[39m [37m/wd/hub/session/b57159b0-ab62-422f-b747-1cb5efd4aa81/element/00000000-0000-01b9-7fff-ffff00000104/clear[39m
[35m[HTTP][39m [90m{"id":"00000000-0000-01b9-7fff-ffff00000104"}[39m
[35m[HTTP][39m [37m<-- POST /wd/hub/session/b57159b0-ab62-422f-b747-1cb5efd4aa81/element/00000000-0000-01b9-7fff-ffff00000104/clear [39m[32m200[39m [90m37 ms - 14[39m
[35m[HTTP][39m [90m[39m
[35m[HTTP][39m [37m-->[39m [37mPOST[39m [37m/wd/hub/session/b57159b0-ab62-422f-b747-1cb5efd4aa81/element/00000000-0000-01b9-7fff-ffff00000104/value[39m
[35m[HTTP][39m [90m{"id":"00000000-0000-01b9-7fff-ffff00000104","text":"pass123","value":["p","a","s","s","1","2","3"]}[39m
[35m[HTTP][39m [37m<-- POST /wd/hub/session/b57159b0-ab62-422f-b747-1cb5efd4aa81/element/00000000-0000-01b9-7fff-ffff00000104/value [39m[32m200[39m [90m1067 ms - 14[39m
[35m[HTTP][39m [90m[39m
[35m[HTTP][39m [37m-->[39m [37mGET[39m [37m/wd/hub/session/b57159b0-ab62-422f-b747-1cb5efd4aa81/context[39m
[35m[HTTP][39m [90m{}[39m
[35m[HTTP][39m [37m<-- GET /wd/hub/session/b57159b0-ab62-422f-b747-1cb5efd4aa81/context [39m[32m200[39m [90m2 ms - 22[39m
[35m[HTTP][39m [90m[39m
[35m[HTTP][39m [37m-->[39m [37mGET[39m [37m/wd/hub/session/b57159b0-ab62-422f-b747-1cb5efd4aa81/contexts[39m
[35m[HTTP][39m [90m{}[39m
[35m[HTTP][39m [37m<-- GET /wd/hub/session/b57159b0-ab62-422f-b747-1cb5efd4aa81/contexts [39m[32m200[39m [90m89 ms - 24[39m
[35m[HTTP][39m [90m[39m
[35m[HTTP][39m [37m-->[39m [37mPOST[39m [37m/wd/hub/session/b57159b0-ab62-422f-b747-1cb5efd4aa81/context[39m
[35m[HTTP][39m [90m{"name":"NATIVE_APP"}[39m
[35m[HTTP][39m [37m<-- POST /wd/hub/session/b57159b0-ab62-422f-b747-1cb5efd4aa81/context [39m[32m200[39m [90m1 ms - 14[39m
[35m[HTTP][39m [90m[39m
[35m[HTTP][39m [37m-->[39m [37mPOST[39m [37m/wd/hub/session/b57159b0-ab62-422f-b747-1cb5efd4aa81/appium/device/hide_keyboard[39m
[35m[HTTP][39m [90m{}[39m
[35m[ADB][39m Keyboard has no UI; no closing necessary
[35m[HTTP][39m [37m<-- POST /wd/hub/session/b57159b0-ab62-422f-b747-1cb5efd4aa81/appium/device/hide_keyboard [39m[32m200[39m [90m1279 ms - 15[39m
[35m[HTTP][39m [90m[39m
[35m[HTTP][39m [37m-->[39m [37mPOST[39m [37m/wd/hub/session/b57159b0-ab62-422f-b747-1cb5efd4aa81/context[39m
[35m[HTTP][39m [90m{"name":"NATIVE_APP"}[39m
[35m[HTTP][39m [37m<-- POST /wd/hub/session/b57159b0-ab62-422f-b747-1cb5efd4aa81/context [39m[32m200[39m [90m2 ms - 14[39m
[35m[HTTP][39m [90m[39m
[35m[HTTP][39m [37m-->[39m [37mPOST[39m [37m/wd/hub/session/b57159b0-ab62-422f-b747-1cb5efd4aa81/timeouts[39m
[35m[HTTP][39m [90m{"implicit":50}[39m
[35m[HTTP][39m [37m<-- POST /wd/hub/session/b57159b0-ab62-422f-b747-1cb5efd4aa81/timeouts [39m[32m200[39m [90m2 ms - 14[39m
[35m[HTTP][39m [90m[39m
[35m[HTTP][39m [37m-->[39m [37mGET[39m [37m/wd/hub/session/b57159b0-ab62-422f-b747-1cb5efd4aa81/window/rect[39m
[35m[HTTP][39m [90m{}[39m
[35m[HTTP][39m [37m<-- GET /wd/hub/session/b57159b0-ab62-422f-b747-1cb5efd4aa81/window/rect [39m[32m200[39m [90m35 ms - 49[39m
[35m[HTTP][39m [90m[39m
[35m[HTTP][39m [37m-->[39m [37mPOST[39m [37m/wd/hub/session/b57159b0-ab62-422f-b747-1cb5efd4aa81/elements[39m
[35m[HTTP][39m [90m{"using":"xpath","value":"//*[@class = 'android.widget.Button' and (@text = 'Masuk' or . = 'Masuk') and @resource-id = 'com.kfc.mobile:id/button_login']"}[39m
[35m[HTTP][39m [37m<-- POST /wd/hub/session/b57159b0-ab62-422f-b747-1cb5efd4aa81/elements [39m[32m200[39m [90m353 ms - 139[39m
[35m[HTTP][39m [90m[39m
[35m[HTTP][39m [37m-->[39m [37mGET[39m [37m/wd/hub/session/b57159b0-ab62-422f-b747-1cb5efd4aa81/element/00000000-0000-01b9-7fff-ffff000000f9/location[39m
[35m[HTTP][39m [90m{}[39m
[35m[W3C (b57159b0)][39m Driver proxy active, passing request on via HTTP proxy
[35m[WD Proxy][39m Replacing sessionId f312d5f0-8fa2-4a09-9a6b-abae0c55665f with b57159b0-ab62-422f-b747-1cb5efd4aa81
[35m[HTTP][39m [37m<-- GET /wd/hub/session/b57159b0-ab62-422f-b747-1cb5efd4aa81/element/00000000-0000-01b9-7fff-ffff000000f9/location [39m[32m200[39m [90m29 ms - 77[39m
[35m[HTTP][39m [90m[39m
[35m[HTTP][39m [37m-->[39m [37mPOST[39m [37m/wd/hub/session/b57159b0-ab62-422f-b747-1cb5efd4aa81/timeouts[39m
[35m[HTTP][39m [90m{"implicit":30000}[39m
[35m[HTTP][39m [37m<-- POST /wd/hub/session/b57159b0-ab62-422f-b747-1cb5efd4aa81/timeouts [39m[32m200[39m [90m2 ms - 14[39m
[35m[HTTP][39m [90m[39m
[35m[HTTP][39m [37m-->[39m [37mPOST[39m [37m/wd/hub/session/b57159b0-ab62-422f-b747-1cb5efd4aa81/element/00000000-0000-01b9-7fff-ffff000000f9/click[39m
[35m[HTTP][39m [90m{"id":"00000000-0000-01b9-7fff-ffff000000f9"}[39m
[35m[HTTP][39m [37m<-- POST /wd/hub/session/b57159b0-ab62-422f-b747-1cb5efd4aa81/element/00000000-0000-01b9-7fff-ffff000000f9/click [39m[32m200[39m [90m40 ms - 14[39m
[35m[HTTP][39m [90m[39m
[35m[HTTP][39m [37m-->[39m [37mPOST[39m [37m/wd/hub/session/b57159b0-ab62-422f-b747-1cb5efd4aa81/timeouts[39m
[35m[HTTP][39m [90m{"implicit":50}[39m
[35m[HTTP][39m [37m<-- POST /wd/hub/session/b57159b0-ab62-422f-b747-1cb5efd4aa81/timeouts [39m[32m200[39m [90m1 ms - 14[39m
[35m[HTTP][39m [90m[39m
[35m[HTTP][39m [37m-->[39m [37mGET[39m [37m/wd/hub/session/b57159b0-ab62-422f-b747-1cb5efd4aa81/window/rect[39m
[35m[HTTP][39m [90m{}[39m
[35m[HTTP][39m [37m<-- GET /wd/hub/session/b57159b0-ab62-422f-b747-1cb5efd4aa81/window/rect [39m[32m200[39m [90m19 ms - 49[39m
[35m[HTTP][39m [90m[39m
[35m[HTTP][39m [37m-->[39m [37mPOST[39m [37m/wd/hub/session/b57159b0-ab62-422f-b747-1cb5efd4aa81/elements[39m
[35m[HTTP][39m [90m{"using":"xpath","value":"//*[@class = 'android.widget.TextView' and (@text = 'Nomor handphone Anda belum terdaftar' or . = 'Nomor handphone Anda belum terdaftar') and @resource-id = 'com.kfc.mobile:id/text_view_error']"}[39m
[35m[HTTP][39m [37m<-- POST /wd/hub/session/b57159b0-ab62-422f-b747-1cb5efd4aa81/elements [39m[32m200[39m [90m859 ms - 139[39m
[35m[HTTP][39m [90m[39m
[35m[HTTP][39m [37m-->[39m [37mGET[39m [37m/wd/hub/session/b57159b0-ab62-422f-b747-1cb5efd4aa81/element/00000000-0000-01b9-7fff-ffff0000012e/location[39m
[35m[HTTP][39m [90m{}[39m
[35m[W3C (b57159b0)][39m Driver proxy active, passing request on via HTTP proxy
[35m[WD Proxy][39m Replacing sessionId f312d5f0-8fa2-4a09-9a6b-abae0c55665f with b57159b0-ab62-422f-b747-1cb5efd4aa81
[35m[HTTP][39m [37m<-- GET /wd/hub/session/b57159b0-ab62-422f-b747-1cb5efd4aa81/element/00000000-0000-01b9-7fff-ffff0000012e/location [39m[32m200[39m [90m29 ms - 77[39m
[35m[HTTP][39m [90m[39m
[35m[HTTP][39m [37m-->[39m [37mPOST[39m [37m/wd/hub/session/b57159b0-ab62-422f-b747-1cb5efd4aa81/timeouts[39m
[35m[HTTP][39m [90m{"implicit":30000}[39m
[35m[HTTP][39m [37m<-- POST /wd/hub/session/b57159b0-ab62-422f-b747-1cb5efd4aa81/timeouts [39m[32m200[39m [90m2 ms - 14[39m
[35m[HTTP][39m [90m[39m
[35m[HTTP][39m [37m-->[39m [37mDELETE[39m [37m/wd/hub/session/b57159b0-ab62-422f-b747-1cb5efd4aa81[39m
[35m[HTTP][39m [90m{}[39m
[35m[Appium][39m Removing session b57159b0-ab62-422f-b747-1cb5efd4aa81 from our master session list
[35m[HTTP][39m [37m<-- DELETE /wd/hub/session/b57159b0-ab62-422f-b747-1cb5efd4aa81 [39m[32m200[39m [90m1271 ms - 14[39m
[35m[HTTP][39m [90m[39m
