[35m[Appium][39m Welcome to Appium v1.22.3
[35m[Appium][39m Non-default server args:
[35m[Appium][39m   port: 64817
[35m[Appium][39m   loglevel: info
[35m[Appium][39m   tmpDir: C:\Users\AHADIA~1\AppData\Local\Temp\\Katalon\Appium\Temp1684135057861
[35m[Appium][39m   chromedriverPort: 64818
[35m[Appium][39m Deprecated server args:
[35m[Appium][39m   [31m--chromedriver-port[39m => --default-capabilities
[35m[Appium][39m Default capabilities, which will be added to each request unless overridden by desired capabilities:
[35m[Appium][39m   chromedriverPort: 64818
[35m[Appium][39m Appium REST http interface listener started on 0.0.0.0:64817
[35m[HTTP][39m [37m-->[39m [37mGET[39m [37m/wd/hub/status[39m
[35m[HTTP][39m [90m{}[39m
[35m[HTTP][39m [37m<-- GET /wd/hub/status [39m[32m200[39m [90m7 ms - 68[39m
[35m[HTTP][39m [90m[39m
[35m[HTTP][39m [37m-->[39m [37mPOST[39m [37m/wd/hub/session[39m
[35m[HTTP][39m [90m{"desiredCapabilities":{"appPackage":"com.kfc.mobile","noReset":true,"deviceId":"cefdc881","deviceName":"OPPO CPH1803 (Android 8.1.0)","platform":"ANDROID","appActivity":"com.kfc.mobile.presentation.splash.SplashActivity","newCommandTimeout":1800,"platformVersion":"8.1.0","automationName":"uiautomator2","autoGrantPermissions":true,"platformName":"Android","udid":"cefdc881","systemPort":8288},"capabilities":{"firstMatch":[{"appium:appActivity":"com.kfc.mobile.presentation.splash.SplashActivity","appium:appPackage":"com.kfc.mobile","appium:autoGrantPermissions":true,"appium:automationName":"uiautomator2","deviceId":"cefdc881","appium:deviceName":"OPPO CPH1803 (Android 8.1.0)","appium:newCommandTimeout":1800,"appium:noReset":true,"platform":"ANDROID","platformName":"android","appium:platformVersion":"8.1.0","appium:systemPort":8288,"appium:udid":"cefdc881"}]}}[39m
[35m[BaseDriver][39m The following capabilities are not standard capabilities and should have an extension prefix:
[35m[BaseDriver][39m   deviceId
[35m[BaseDriver][39m   platform
[35m[BaseDriver][39m   chromedriverPort
[35m[Appium][39m Appium v1.22.3 creating new AndroidUiautomator2Driver (v1.70.1) session
[35m[BaseDriver][39m The following capabilities were provided, but are not recognized by Appium:
[35m[BaseDriver][39m   deviceId
[35m[BaseDriver][39m   platform
[35m[BaseDriver][39m Session created with session id: 59d7fd16-77e6-4dbf-a5d0-823b5fbfc037
[35m[UiAutomator2][39m Starting 'com.kfc.mobile' directly on the device
[35m[ADB][39m Found 1 'build-tools' folders under 'C:\Users\Ahadian Rifky\.katalon\tools\android_sdk' (newest first):
[35m[ADB][39m     C:/Users/Ahadian Rifky/.katalon/tools/android_sdk/build-tools/29.0.3
[35m[ADB][39m Using 'adb.exe' from 'C:\Users\Ahadian Rifky\.katalon\tools\android_sdk\platform-tools\adb.exe'
[35m[AndroidDriver][39m Retrieving device list
[35m[AndroidDriver][39m Using device: cefdc881
[35m[ADB][39m Using 'adb.exe' from 'C:\Users\Ahadian Rifky\.katalon\tools\android_sdk\platform-tools\adb.exe'
[35m[AndroidDriver][39m No app sent in, not parsing package/activity
[35m[AndroidDriver][39m Unable to set mock location for app 'io.appium.settings': Error executing adbExec. Original error: 'Command ''C:\\Users\\Ahadian Rifky\\.katalon\\tools\\android_sdk\\platform-tools\\adb.exe' -P 5037 -s cefdc881 shell appops set io.appium.settings android\:mock_location allow' exited with code 255'; Command output: Security exception: uid 2000 does not have android.permission.UPDATE_APP_OPS_STATS.
[35m[AndroidDriver][39m 
[35m[AndroidDriver][39m java.lang.SecurityException: uid 2000 does not have android.permission.UPDATE_APP_OPS_STATS.
[35m[AndroidDriver][39m 	at android.app.ContextImpl.enforce(ContextImpl.java:1831)
[35m[AndroidDriver][39m 	at android.app.ContextImpl.enforcePermission(ContextImpl.java:1844)
[35m[AndroidDriver][39m 	at com.android.server.AppOpsService.setMode(AppOpsService.java:674)
[35m[AndroidDriver][39m 	at com.android.server.AppOpsService.onShellCommand(AppOpsService.java:2026)
[35m[AndroidDriver][39m 	at com.android.server.AppOpsService$Shell.onCommand(AppOpsService.java:1800)
[35m[AndroidDriver][39m 	at android.os.ShellCommand.exec(ShellCommand.java:96)
[35m[AndroidDriver][39m 	at com.android.server.AppOpsService.onShellCommand(AppOpsService.java:1974)
[35m[AndroidDriver][39m 	at android.os.Binder.shellCommand(Binder.java:594)
[35m[AndroidDriver][39m 	at android.os.Binder.onTransact(Binder.java:492)
[35m[AndroidDriver][39m 	at com.android.internal.app.IAppOpsService$Stub.onTransact(IAppOpsService.java:341)
[35m[AndroidDriver][39m 	at android.os.Binder.execTransact(Binder.java:697)
[35m[AndroidDriver][39m 
[35m[ADB][39m Using 'apksigner.jar' from 'C:\Users\Ahadian Rifky\.katalon\tools\android_sdk\build-tools\29.0.3\lib\apksigner.jar'
[35m[ADB][39m 'C:\Users\Ahadian Rifky\AppData\Roaming\npm\node_modules\appium\node_modules\appium-uiautomator2-server\apks\appium-uiautomator2-server-v4.27.0.apk' is signed with the default certificate
[35m[ADB][39m 'C:\Users\Ahadian Rifky\AppData\Roaming\npm\node_modules\appium\node_modules\appium-uiautomator2-server\apks\appium-uiautomator2-server-debug-androidTest.apk' is signed with the default certificate
[35m[UiAutomator2][39m Server packages are not going to be (re)installed
[35m[ADB][39m Adding packages ["io.appium.settings","io.appium.uiautomator2.server","io.appium.uiautomator2.server.test"] to Doze whitelist
[35m[UiAutomator2][39m Starting UIAutomator2 server 4.27.0
[35m[UiAutomator2][39m Using UIAutomator2 server from 'C:\Users\Ahadian Rifky\AppData\Roaming\npm\node_modules\appium\node_modules\appium-uiautomator2-server\apks\appium-uiautomator2-server-v4.27.0.apk' and test from 'C:\Users\Ahadian Rifky\AppData\Roaming\npm\node_modules\appium\node_modules\appium-uiautomator2-server\apks\appium-uiautomator2-server-debug-androidTest.apk'
[35m[UiAutomator2][39m Waiting up to 30000ms for UiAutomator2 to be online...
[35m[WD Proxy][39m socket hang up
[35m[WD Proxy][39m socket hang up
[35m[WD Proxy][39m socket hang up
[35m[WD Proxy][39m socket hang up
[35m[UiAutomator2][39m The instrumentation process has been unexpectedly terminated. Retrying UiAutomator2 startup (#1 of 1)
[35m[ADB][39m No 'uiautomator' process has been found
[35m[UiAutomator2][39m Waiting up to 30000ms for UiAutomator2 to be online...
[35m[WD Proxy][39m Determined the downstream protocol as 'W3C'
[35m[AndroidDriver][39m Screen already unlocked, doing nothing
[35m[UiAutomator2][39m Starting 'com.kfc.mobile/com.kfc.mobile.presentation.splash.SplashActivity and waiting for 'com.kfc.mobile/com.kfc.mobile.presentation.splash.SplashActivity'
[35m[WD Proxy][39m socket hang up
[35m[WD Proxy][39m socket hang up
[35m[UiAutomator2][39m Did not get confirmation UiAutomator2 deleteSession worked; Error was: UnknownError: An unknown server-side error occurred while processing the command. Original error: Could not proxy command to the remote server. Original error: socket hang up
[35m[HTTP][39m [37m<-- POST /wd/hub/session [39m[31m500[39m [90m18484 ms - 1355[39m
[35m[HTTP][39m [90m[39m
[35m[HTTP][39m [37m-->[39m [37mGET[39m [37m/wd/hub/status[39m
[35m[HTTP][39m [90m{}[39m
[35m[HTTP][39m [37m<-- GET /wd/hub/status [39m[32m200[39m [90m2 ms - 68[39m
[35m[HTTP][39m [90m[39m
[35m[HTTP][39m [37m-->[39m [37mPOST[39m [37m/wd/hub/session[39m
[35m[HTTP][39m [90m{"desiredCapabilities":{"appPackage":"com.kfc.mobile","noReset":true,"deviceId":"cefdc881","deviceName":"OPPO CPH1803 (Android 8.1.0)","platform":"ANDROID","appActivity":"com.kfc.mobile.presentation.splash.SplashActivity","newCommandTimeout":1800,"platformVersion":"8.1.0","automationName":"uiautomator2","autoGrantPermissions":true,"platformName":"Android","udid":"cefdc881","systemPort":8241},"capabilities":{"firstMatch":[{"appium:appActivity":"com.kfc.mobile.presentation.splash.SplashActivity","appium:appPackage":"com.kfc.mobile","appium:autoGrantPermissions":true,"appium:automationName":"uiautomator2","deviceId":"cefdc881","appium:deviceName":"OPPO CPH1803 (Android 8.1.0)","appium:newCommandTimeout":1800,"appium:noReset":true,"platform":"ANDROID","platformName":"android","appium:platformVersion":"8.1.0","appium:systemPort":8241,"appium:udid":"cefdc881"}]}}[39m
[35m[BaseDriver][39m The following capabilities are not standard capabilities and should have an extension prefix:
[35m[BaseDriver][39m   deviceId
[35m[BaseDriver][39m   platform
[35m[BaseDriver][39m   chromedriverPort
[35m[Appium][39m Appium v1.22.3 creating new AndroidUiautomator2Driver (v1.70.1) session
[35m[BaseDriver][39m The following capabilities were provided, but are not recognized by Appium:
[35m[BaseDriver][39m   deviceId
[35m[BaseDriver][39m   platform
[35m[BaseDriver][39m Session created with session id: 7d6280ae-5449-413e-8a8f-9945bb6ce344
[35m[UiAutomator2][39m Starting 'com.kfc.mobile' directly on the device
[35m[ADB][39m Using 'adb.exe' from 'C:\Users\Ahadian Rifky\.katalon\tools\android_sdk\platform-tools\adb.exe'
[35m[AndroidDriver][39m Retrieving device list
[35m[AndroidDriver][39m Using device: cefdc881
[35m[ADB][39m Using 'adb.exe' from 'C:\Users\Ahadian Rifky\.katalon\tools\android_sdk\platform-tools\adb.exe'
[35m[AndroidDriver][39m No app sent in, not parsing package/activity
[35m[AndroidDriver][39m Unable to set mock location for app 'io.appium.settings': Error executing adbExec. Original error: 'Command ''C:\\Users\\Ahadian Rifky\\.katalon\\tools\\android_sdk\\platform-tools\\adb.exe' -P 5037 -s cefdc881 shell appops set io.appium.settings android\:mock_location allow' exited with code 255'; Command output: Security exception: uid 2000 does not have android.permission.UPDATE_APP_OPS_STATS.
[35m[AndroidDriver][39m 
[35m[AndroidDriver][39m java.lang.SecurityException: uid 2000 does not have android.permission.UPDATE_APP_OPS_STATS.
[35m[AndroidDriver][39m 	at android.app.ContextImpl.enforce(ContextImpl.java:1831)
[35m[AndroidDriver][39m 	at android.app.ContextImpl.enforcePermission(ContextImpl.java:1844)
[35m[AndroidDriver][39m 	at com.android.server.AppOpsService.setMode(AppOpsService.java:674)
[35m[AndroidDriver][39m 	at com.android.server.AppOpsService.onShellCommand(AppOpsService.java:2026)
[35m[AndroidDriver][39m 	at com.android.server.AppOpsService$Shell.onCommand(AppOpsService.java:1800)
[35m[AndroidDriver][39m 	at android.os.ShellCommand.exec(ShellCommand.java:96)
[35m[AndroidDriver][39m 	at com.android.server.AppOpsService.onShellCommand(AppOpsService.java:1974)
[35m[AndroidDriver][39m 	at android.os.Binder.shellCommand(Binder.java:594)
[35m[AndroidDriver][39m 	at android.os.Binder.onTransact(Binder.java:492)
[35m[AndroidDriver][39m 	at com.android.internal.app.IAppOpsService$Stub.onTransact(IAppOpsService.java:341)
[35m[AndroidDriver][39m 	at android.os.Binder.execTransact(Binder.java:697)
[35m[AndroidDriver][39m 
[35m[UiAutomator2][39m Server packages are not going to be (re)installed
[35m[ADB][39m Adding packages ["io.appium.settings","io.appium.uiautomator2.server","io.appium.uiautomator2.server.test"] to Doze whitelist
[35m[UiAutomator2][39m Starting UIAutomator2 server 4.27.0
[35m[UiAutomator2][39m Using UIAutomator2 server from 'C:\Users\Ahadian Rifky\AppData\Roaming\npm\node_modules\appium\node_modules\appium-uiautomator2-server\apks\appium-uiautomator2-server-v4.27.0.apk' and test from 'C:\Users\Ahadian Rifky\AppData\Roaming\npm\node_modules\appium\node_modules\appium-uiautomator2-server\apks\appium-uiautomator2-server-debug-androidTest.apk'
[35m[UiAutomator2][39m Waiting up to 30000ms for UiAutomator2 to be online...
[35m[WD Proxy][39m Determined the downstream protocol as 'W3C'
[35m[WD Proxy][39m Got response with status 404: {"sessionId":"3bb73ecc-f01a-4ad3-b688-1abfe78ce19e","value":{"error":"invalid session id","message":"The session identified by 3bb73ecc-f01a-4ad3-b688-1abfe78ce19e is not known","stacktrace":"io.appium.uiautomator2.common.exceptions.NoSuchDriverException: The session identified by 3bb73ecc-f01a-4ad3-b688-1abfe78ce19e is not known\n\tat io.appium.uiautomator2.handler.request.SafeRequestHandler.handle(SafeRequestHandler.java:54)\n\tat io.appium.uiautomator2.server.AppiumServlet.handleRequest(AppiumServlet.java:266)\n\tat io.appium.uiautomator2.server.AppiumServlet.handleHttpRequest(AppiumServlet.java:260)\n\tat io.appium.uiautomator2.http.ServerHandler.channelRead(ServerHandler.java:68)\n\tat io.netty.channel.AbstractChannelHandlerContext.invokeChannelRead(AbstractChannelHandlerContext.java:366)\n\tat io.netty.channel.AbstractChannelHandlerContext.invokeChannelRead(AbstractChannelHandlerContext.java:352)\n\tat io.netty.channel.AbstractChannelHandlerContext.fireChannelRead(AbstractChannelHandlerContext.java:3...
[35m[WD Proxy][39m Got response with status 404: {"sessionId":"3bb73ecc-f01a-4ad3-b688-1abfe78ce19e","value":{"error":"invalid session id","message":"The session identified by 3bb73ecc-f01a-4ad3-b688-1abfe78ce19e is not known","stacktrace":"io.appium.uiautomator2.common.exceptions.NoSuchDriverException: The session identified by 3bb73ecc-f01a-4ad3-b688-1abfe78ce19e is not known\n\tat io.appium.uiautomator2.handler.request.SafeRequestHandler.handle(SafeRequestHandler.java:54)\n\tat io.appium.uiautomator2.server.AppiumServlet.handleRequest(AppiumServlet.java:266)\n\tat io.appium.uiautomator2.server.AppiumServlet.handleHttpRequest(AppiumServlet.java:260)\n\tat io.appium.uiautomator2.http.ServerHandler.channelRead(ServerHandler.java:68)\n\tat io.netty.channel.AbstractChannelHandlerContext.invokeChannelRead(AbstractChannelHandlerContext.java:366)\n\tat io.netty.channel.AbstractChannelHandlerContext.invokeChannelRead(AbstractChannelHandlerContext.java:352)\n\tat io.netty.channel.AbstractChannelHandlerContext.fireChannelRead(AbstractChannelHandlerContext.java:3...
[35m[UiAutomator2][39m Did not get confirmation UiAutomator2 deleteSession worked; Error was: NoSuchDriverError: The session identified by 3bb73ecc-f01a-4ad3-b688-1abfe78ce19e is not known
[35m[HTTP][39m [37m<-- POST /wd/hub/session [39m[33m404[39m [90m3514 ms - 3691[39m
[35m[HTTP][39m [90m[39m
[35m[HTTP][39m [37m-->[39m [37mGET[39m [37m/wd/hub/status[39m
[35m[HTTP][39m [90m{}[39m
[35m[HTTP][39m [37m<-- GET /wd/hub/status [39m[32m200[39m [90m2 ms - 68[39m
[35m[HTTP][39m [90m[39m
[35m[HTTP][39m [37m-->[39m [37mPOST[39m [37m/wd/hub/session[39m
[35m[HTTP][39m [90m{"desiredCapabilities":{"appPackage":"com.kfc.mobile","noReset":true,"deviceId":"cefdc881","deviceName":"OPPO CPH1803 (Android 8.1.0)","platform":"ANDROID","appActivity":"com.kfc.mobile.presentation.splash.SplashActivity","newCommandTimeout":1800,"platformVersion":"8.1.0","automationName":"uiautomator2","autoGrantPermissions":true,"platformName":"Android","udid":"cefdc881","systemPort":8290},"capabilities":{"firstMatch":[{"appium:appActivity":"com.kfc.mobile.presentation.splash.SplashActivity","appium:appPackage":"com.kfc.mobile","appium:autoGrantPermissions":true,"appium:automationName":"uiautomator2","deviceId":"cefdc881","appium:deviceName":"OPPO CPH1803 (Android 8.1.0)","appium:newCommandTimeout":1800,"appium:noReset":true,"platform":"ANDROID","platformName":"android","appium:platformVersion":"8.1.0","appium:systemPort":8290,"appium:udid":"cefdc881"}]}}[39m
[35m[BaseDriver][39m The following capabilities are not standard capabilities and should have an extension prefix:
[35m[BaseDriver][39m   deviceId
[35m[BaseDriver][39m   platform
[35m[BaseDriver][39m   chromedriverPort
[35m[Appium][39m Appium v1.22.3 creating new AndroidUiautomator2Driver (v1.70.1) session
[35m[BaseDriver][39m The following capabilities were provided, but are not recognized by Appium:
[35m[BaseDriver][39m   deviceId
[35m[BaseDriver][39m   platform
[35m[BaseDriver][39m Session created with session id: a8cd6e26-0cf6-44b0-8d74-84b910c84ce8
[35m[UiAutomator2][39m Starting 'com.kfc.mobile' directly on the device
[35m[ADB][39m Using 'adb.exe' from 'C:\Users\Ahadian Rifky\.katalon\tools\android_sdk\platform-tools\adb.exe'
[35m[AndroidDriver][39m Retrieving device list
[35m[AndroidDriver][39m Using device: cefdc881
[35m[ADB][39m Using 'adb.exe' from 'C:\Users\Ahadian Rifky\.katalon\tools\android_sdk\platform-tools\adb.exe'
[35m[AndroidDriver][39m No app sent in, not parsing package/activity
[35m[AndroidDriver][39m Unable to set mock location for app 'io.appium.settings': Error executing adbExec. Original error: 'Command ''C:\\Users\\Ahadian Rifky\\.katalon\\tools\\android_sdk\\platform-tools\\adb.exe' -P 5037 -s cefdc881 shell appops set io.appium.settings android\:mock_location allow' exited with code 255'; Command output: Security exception: uid 2000 does not have android.permission.UPDATE_APP_OPS_STATS.
[35m[AndroidDriver][39m 
[35m[AndroidDriver][39m java.lang.SecurityException: uid 2000 does not have android.permission.UPDATE_APP_OPS_STATS.
[35m[AndroidDriver][39m 	at android.app.ContextImpl.enforce(ContextImpl.java:1831)
[35m[AndroidDriver][39m 	at android.app.ContextImpl.enforcePermission(ContextImpl.java:1844)
[35m[AndroidDriver][39m 	at com.android.server.AppOpsService.setMode(AppOpsService.java:674)
[35m[AndroidDriver][39m 	at com.android.server.AppOpsService.onShellCommand(AppOpsService.java:2026)
[35m[AndroidDriver][39m 	at com.android.server.AppOpsService$Shell.onCommand(AppOpsService.java:1800)
[35m[AndroidDriver][39m 	at android.os.ShellCommand.exec(ShellCommand.java:96)
[35m[AndroidDriver][39m 	at com.android.server.AppOpsService.onShellCommand(AppOpsService.java:1974)
[35m[AndroidDriver][39m 	at android.os.Binder.shellCommand(Binder.java:594)
[35m[AndroidDriver][39m 	at android.os.Binder.onTransact(Binder.java:492)
[35m[AndroidDriver][39m 	at com.android.internal.app.IAppOpsService$Stub.onTransact(IAppOpsService.java:341)
[35m[AndroidDriver][39m 	at android.os.Binder.execTransact(Binder.java:697)
[35m[AndroidDriver][39m 
[35m[UiAutomator2][39m Server packages are not going to be (re)installed
[35m[ADB][39m Adding packages ["io.appium.settings","io.appium.uiautomator2.server","io.appium.uiautomator2.server.test"] to Doze whitelist
[35m[UiAutomator2][39m Starting UIAutomator2 server 4.27.0
[35m[UiAutomator2][39m Using UIAutomator2 server from 'C:\Users\Ahadian Rifky\AppData\Roaming\npm\node_modules\appium\node_modules\appium-uiautomator2-server\apks\appium-uiautomator2-server-v4.27.0.apk' and test from 'C:\Users\Ahadian Rifky\AppData\Roaming\npm\node_modules\appium\node_modules\appium-uiautomator2-server\apks\appium-uiautomator2-server-debug-androidTest.apk'
[35m[UiAutomator2][39m Waiting up to 30000ms for UiAutomator2 to be online...
[35m[WD Proxy][39m socket hang up
[35m[WD Proxy][39m socket hang up
[35m[WD Proxy][39m socket hang up
[35m[WD Proxy][39m socket hang up
[35m[WD Proxy][39m socket hang up
[35m[UiAutomator2][39m The instrumentation process has been unexpectedly terminated. Retrying UiAutomator2 startup (#1 of 1)
[35m[ADB][39m No 'uiautomator' process has been found
[35m[UiAutomator2][39m Waiting up to 30000ms for UiAutomator2 to be online...
[35m[WD Proxy][39m Determined the downstream protocol as 'W3C'
[35m[AndroidDriver][39m Screen already unlocked, doing nothing
[35m[UiAutomator2][39m Starting 'com.kfc.mobile/com.kfc.mobile.presentation.splash.SplashActivity and waiting for 'com.kfc.mobile/com.kfc.mobile.presentation.splash.SplashActivity'
[35m[WD Proxy][39m socket hang up
[35m[WD Proxy][39m socket hang up
[35m[UiAutomator2][39m Did not get confirmation UiAutomator2 deleteSession worked; Error was: UnknownError: An unknown server-side error occurred while processing the command. Original error: Could not proxy command to the remote server. Original error: socket hang up
[35m[HTTP][39m [37m<-- POST /wd/hub/session [39m[31m500[39m [90m15320 ms - 1355[39m
[35m[HTTP][39m [90m[39m
[35m[HTTP][39m [37m-->[39m [37mGET[39m [37m/wd/hub/status[39m
[35m[HTTP][39m [90m{}[39m
[35m[HTTP][39m [37m<-- GET /wd/hub/status [39m[32m200[39m [90m1 ms - 68[39m
[35m[HTTP][39m [90m[39m
[35m[HTTP][39m [37m-->[39m [37mPOST[39m [37m/wd/hub/session[39m
[35m[HTTP][39m [90m{"desiredCapabilities":{"appPackage":"com.kfc.mobile","noReset":true,"deviceId":"cefdc881","deviceName":"OPPO CPH1803 (Android 8.1.0)","platform":"ANDROID","appActivity":"com.kfc.mobile.presentation.splash.SplashActivity","newCommandTimeout":1800,"platformVersion":"8.1.0","automationName":"uiautomator2","autoGrantPermissions":true,"platformName":"Android","udid":"cefdc881","systemPort":8226},"capabilities":{"firstMatch":[{"appium:appActivity":"com.kfc.mobile.presentation.splash.SplashActivity","appium:appPackage":"com.kfc.mobile","appium:autoGrantPermissions":true,"appium:automationName":"uiautomator2","deviceId":"cefdc881","appium:deviceName":"OPPO CPH1803 (Android 8.1.0)","appium:newCommandTimeout":1800,"appium:noReset":true,"platform":"ANDROID","platformName":"android","appium:platformVersion":"8.1.0","appium:systemPort":8226,"appium:udid":"cefdc881"}]}}[39m
[35m[BaseDriver][39m The following capabilities are not standard capabilities and should have an extension prefix:
[35m[BaseDriver][39m   deviceId
[35m[BaseDriver][39m   platform
[35m[BaseDriver][39m   chromedriverPort
[35m[Appium][39m Appium v1.22.3 creating new AndroidUiautomator2Driver (v1.70.1) session
[35m[BaseDriver][39m The following capabilities were provided, but are not recognized by Appium:
[35m[BaseDriver][39m   deviceId
[35m[BaseDriver][39m   platform
[35m[BaseDriver][39m Session created with session id: 64379270-9422-4fce-b562-17df6ddf9d18
[35m[UiAutomator2][39m Starting 'com.kfc.mobile' directly on the device
[35m[ADB][39m Using 'adb.exe' from 'C:\Users\Ahadian Rifky\.katalon\tools\android_sdk\platform-tools\adb.exe'
[35m[AndroidDriver][39m Retrieving device list
[35m[AndroidDriver][39m Using device: cefdc881
[35m[ADB][39m Using 'adb.exe' from 'C:\Users\Ahadian Rifky\.katalon\tools\android_sdk\platform-tools\adb.exe'
[35m[AndroidDriver][39m No app sent in, not parsing package/activity
[35m[AndroidDriver][39m Unable to set mock location for app 'io.appium.settings': Error executing adbExec. Original error: 'Command ''C:\\Users\\Ahadian Rifky\\.katalon\\tools\\android_sdk\\platform-tools\\adb.exe' -P 5037 -s cefdc881 shell appops set io.appium.settings android\:mock_location allow' exited with code 255'; Command output: Security exception: uid 2000 does not have android.permission.UPDATE_APP_OPS_STATS.
[35m[AndroidDriver][39m 
[35m[AndroidDriver][39m java.lang.SecurityException: uid 2000 does not have android.permission.UPDATE_APP_OPS_STATS.
[35m[AndroidDriver][39m 	at android.app.ContextImpl.enforce(ContextImpl.java:1831)
[35m[AndroidDriver][39m 	at android.app.ContextImpl.enforcePermission(ContextImpl.java:1844)
[35m[AndroidDriver][39m 	at com.android.server.AppOpsService.setMode(AppOpsService.java:674)
[35m[AndroidDriver][39m 	at com.android.server.AppOpsService.onShellCommand(AppOpsService.java:2026)
[35m[AndroidDriver][39m 	at com.android.server.AppOpsService$Shell.onCommand(AppOpsService.java:1800)
[35m[AndroidDriver][39m 	at android.os.ShellCommand.exec(ShellCommand.java:96)
[35m[AndroidDriver][39m 	at com.android.server.AppOpsService.onShellCommand(AppOpsService.java:1974)
[35m[AndroidDriver][39m 	at android.os.Binder.shellCommand(Binder.java:594)
[35m[AndroidDriver][39m 	at android.os.Binder.onTransact(Binder.java:492)
[35m[AndroidDriver][39m 	at com.android.internal.app.IAppOpsService$Stub.onTransact(IAppOpsService.java:341)
[35m[AndroidDriver][39m 	at android.os.Binder.execTransact(Binder.java:697)
[35m[AndroidDriver][39m 
[35m[UiAutomator2][39m Server packages are not going to be (re)installed
[35m[ADB][39m Adding packages ["io.appium.settings","io.appium.uiautomator2.server","io.appium.uiautomator2.server.test"] to Doze whitelist
[35m[UiAutomator2][39m Starting UIAutomator2 server 4.27.0
[35m[UiAutomator2][39m Using UIAutomator2 server from 'C:\Users\Ahadian Rifky\AppData\Roaming\npm\node_modules\appium\node_modules\appium-uiautomator2-server\apks\appium-uiautomator2-server-v4.27.0.apk' and test from 'C:\Users\Ahadian Rifky\AppData\Roaming\npm\node_modules\appium\node_modules\appium-uiautomator2-server\apks\appium-uiautomator2-server-debug-androidTest.apk'
[35m[UiAutomator2][39m Waiting up to 30000ms for UiAutomator2 to be online...
[35m[WD Proxy][39m Determined the downstream protocol as 'W3C'
[35m[WD Proxy][39m Got response with status 404: {"sessionId":"eea443aa-a2dc-41aa-be52-23b91d28462a","value":{"error":"invalid session id","message":"The session identified by eea443aa-a2dc-41aa-be52-23b91d28462a is not known","stacktrace":"io.appium.uiautomator2.common.exceptions.NoSuchDriverException: The session identified by eea443aa-a2dc-41aa-be52-23b91d28462a is not known\n\tat io.appium.uiautomator2.handler.request.SafeRequestHandler.handle(SafeRequestHandler.java:54)\n\tat io.appium.uiautomator2.server.AppiumServlet.handleRequest(AppiumServlet.java:266)\n\tat io.appium.uiautomator2.server.AppiumServlet.handleHttpRequest(AppiumServlet.java:260)\n\tat io.appium.uiautomator2.http.ServerHandler.channelRead(ServerHandler.java:68)\n\tat io.netty.channel.AbstractChannelHandlerContext.invokeChannelRead(AbstractChannelHandlerContext.java:366)\n\tat io.netty.channel.AbstractChannelHandlerContext.invokeChannelRead(AbstractChannelHandlerContext.java:352)\n\tat io.netty.channel.AbstractChannelHandlerContext.fireChannelRead(AbstractChannelHandlerContext.java:3...
[35m[WD Proxy][39m Got response with status 404: {"sessionId":"eea443aa-a2dc-41aa-be52-23b91d28462a","value":{"error":"invalid session id","message":"The session identified by eea443aa-a2dc-41aa-be52-23b91d28462a is not known","stacktrace":"io.appium.uiautomator2.common.exceptions.NoSuchDriverException: The session identified by eea443aa-a2dc-41aa-be52-23b91d28462a is not known\n\tat io.appium.uiautomator2.handler.request.SafeRequestHandler.handle(SafeRequestHandler.java:54)\n\tat io.appium.uiautomator2.server.AppiumServlet.handleRequest(AppiumServlet.java:266)\n\tat io.appium.uiautomator2.server.AppiumServlet.handleHttpRequest(AppiumServlet.java:260)\n\tat io.appium.uiautomator2.http.ServerHandler.channelRead(ServerHandler.java:68)\n\tat io.netty.channel.AbstractChannelHandlerContext.invokeChannelRead(AbstractChannelHandlerContext.java:366)\n\tat io.netty.channel.AbstractChannelHandlerContext.invokeChannelRead(AbstractChannelHandlerContext.java:352)\n\tat io.netty.channel.AbstractChannelHandlerContext.fireChannelRead(AbstractChannelHandlerContext.java:3...
[35m[UiAutomator2][39m Did not get confirmation UiAutomator2 deleteSession worked; Error was: NoSuchDriverError: The session identified by eea443aa-a2dc-41aa-be52-23b91d28462a is not known
[35m[HTTP][39m [37m<-- POST /wd/hub/session [39m[33m404[39m [90m3779 ms - 3691[39m
[35m[HTTP][39m [90m[39m
[35m[HTTP][39m [37m-->[39m [37mGET[39m [37m/wd/hub/status[39m
[35m[HTTP][39m [90m{}[39m
[35m[HTTP][39m [37m<-- GET /wd/hub/status [39m[32m200[39m [90m4 ms - 68[39m
[35m[HTTP][39m [90m[39m
[35m[HTTP][39m [37m-->[39m [37mPOST[39m [37m/wd/hub/session[39m
[35m[HTTP][39m [90m{"desiredCapabilities":{"appPackage":"com.kfc.mobile","noReset":true,"deviceId":"cefdc881","deviceName":"OPPO CPH1803 (Android 8.1.0)","platform":"ANDROID","appActivity":"com.kfc.mobile.presentation.splash.SplashActivity","newCommandTimeout":1800,"platformVersion":"8.1.0","automationName":"uiautomator2","autoGrantPermissions":true,"platformName":"Android","udid":"cefdc881","systemPort":8291},"capabilities":{"firstMatch":[{"appium:appActivity":"com.kfc.mobile.presentation.splash.SplashActivity","appium:appPackage":"com.kfc.mobile","appium:autoGrantPermissions":true,"appium:automationName":"uiautomator2","deviceId":"cefdc881","appium:deviceName":"OPPO CPH1803 (Android 8.1.0)","appium:newCommandTimeout":1800,"appium:noReset":true,"platform":"ANDROID","platformName":"android","appium:platformVersion":"8.1.0","appium:systemPort":8291,"appium:udid":"cefdc881"}]}}[39m
[35m[BaseDriver][39m The following capabilities are not standard capabilities and should have an extension prefix:
[35m[BaseDriver][39m   deviceId
[35m[BaseDriver][39m   platform
[35m[BaseDriver][39m   chromedriverPort
[35m[Appium][39m Appium v1.22.3 creating new AndroidUiautomator2Driver (v1.70.1) session
[35m[BaseDriver][39m The following capabilities were provided, but are not recognized by Appium:
[35m[BaseDriver][39m   deviceId
[35m[BaseDriver][39m   platform
[35m[BaseDriver][39m Session created with session id: 9d85c48b-66eb-466a-abe5-c0df5cee465b
[35m[UiAutomator2][39m Starting 'com.kfc.mobile' directly on the device
[35m[ADB][39m Using 'adb.exe' from 'C:\Users\Ahadian Rifky\.katalon\tools\android_sdk\platform-tools\adb.exe'
[35m[AndroidDriver][39m Retrieving device list
[35m[AndroidDriver][39m Using device: cefdc881
[35m[ADB][39m Using 'adb.exe' from 'C:\Users\Ahadian Rifky\.katalon\tools\android_sdk\platform-tools\adb.exe'
[35m[AndroidDriver][39m No app sent in, not parsing package/activity
[35m[AndroidDriver][39m Unable to set mock location for app 'io.appium.settings': Error executing adbExec. Original error: 'Command ''C:\\Users\\Ahadian Rifky\\.katalon\\tools\\android_sdk\\platform-tools\\adb.exe' -P 5037 -s cefdc881 shell appops set io.appium.settings android\:mock_location allow' exited with code 255'; Command output: Security exception: uid 2000 does not have android.permission.UPDATE_APP_OPS_STATS.
[35m[AndroidDriver][39m 
[35m[AndroidDriver][39m java.lang.SecurityException: uid 2000 does not have android.permission.UPDATE_APP_OPS_STATS.
[35m[AndroidDriver][39m 	at android.app.ContextImpl.enforce(ContextImpl.java:1831)
[35m[AndroidDriver][39m 	at android.app.ContextImpl.enforcePermission(ContextImpl.java:1844)
[35m[AndroidDriver][39m 	at com.android.server.AppOpsService.setMode(AppOpsService.java:674)
[35m[AndroidDriver][39m 	at com.android.server.AppOpsService.onShellCommand(AppOpsService.java:2026)
[35m[AndroidDriver][39m 	at com.android.server.AppOpsService$Shell.onCommand(AppOpsService.java:1800)
[35m[AndroidDriver][39m 	at android.os.ShellCommand.exec(ShellCommand.java:96)
[35m[AndroidDriver][39m 	at com.android.server.AppOpsService.onShellCommand(AppOpsService.java:1974)
[35m[AndroidDriver][39m 	at android.os.Binder.shellCommand(Binder.java:594)
[35m[AndroidDriver][39m 	at android.os.Binder.onTransact(Binder.java:492)
[35m[AndroidDriver][39m 	at com.android.internal.app.IAppOpsService$Stub.onTransact(IAppOpsService.java:341)
[35m[AndroidDriver][39m 	at android.os.Binder.execTransact(Binder.java:697)
[35m[AndroidDriver][39m 
[35m[UiAutomator2][39m Server packages are not going to be (re)installed
[35m[ADB][39m Adding packages ["io.appium.settings","io.appium.uiautomator2.server","io.appium.uiautomator2.server.test"] to Doze whitelist
[35m[UiAutomator2][39m Starting UIAutomator2 server 4.27.0
[35m[UiAutomator2][39m Using UIAutomator2 server from 'C:\Users\Ahadian Rifky\AppData\Roaming\npm\node_modules\appium\node_modules\appium-uiautomator2-server\apks\appium-uiautomator2-server-v4.27.0.apk' and test from 'C:\Users\Ahadian Rifky\AppData\Roaming\npm\node_modules\appium\node_modules\appium-uiautomator2-server\apks\appium-uiautomator2-server-debug-androidTest.apk'
[35m[UiAutomator2][39m Waiting up to 30000ms for UiAutomator2 to be online...
[35m[WD Proxy][39m Determined the downstream protocol as 'W3C'
[35m[AndroidDriver][39m Screen already unlocked, doing nothing
[35m[UiAutomator2][39m Starting 'com.kfc.mobile/com.kfc.mobile.presentation.splash.SplashActivity and waiting for 'com.kfc.mobile/com.kfc.mobile.presentation.splash.SplashActivity'
[35m[WD Proxy][39m socket hang up
[35m[WD Proxy][39m socket hang up
[35m[UiAutomator2][39m Did not get confirmation UiAutomator2 deleteSession worked; Error was: UnknownError: An unknown server-side error occurred while processing the command. Original error: Could not proxy command to the remote server. Original error: socket hang up
[35m[HTTP][39m [37m<-- POST /wd/hub/session [39m[31m500[39m [90m15576 ms - 1355[39m
[35m[HTTP][39m [90m[39m
