[35m[Appium][39m Welcome to Appium v1.22.3
[35m[Appium][39m Non-default server args:
[35m[Appium][39m   port: 54967
[35m[Appium][39m   loglevel: info
[35m[Appium][39m   tmpDir: C:\Users\AHADIA~1\AppData\Local\Temp\\Katalon\Appium\Temp1675837365606
[35m[Appium][39m   chromedriverPort: 54968
[35m[Appium][39m Deprecated server args:
[35m[Appium][39m   [31m--chromedriver-port[39m => --default-capabilities
[35m[Appium][39m Default capabilities, which will be added to each request unless overridden by desired capabilities:
[35m[Appium][39m   chromedriverPort: 54968
[35m[Appium][39m Appium REST http interface listener started on 0.0.0.0:54967
[35m[HTTP][39m [37m-->[39m [37mGET[39m [37m/wd/hub/status[39m
[35m[HTTP][39m [90m{}[39m
[35m[HTTP][39m [37m<-- GET /wd/hub/status [39m[32m200[39m [90m5 ms - 68[39m
[35m[HTTP][39m [90m[39m
[35m[HTTP][39m [37m-->[39m [37mPOST[39m [37m/wd/hub/session[39m
[35m[HTTP][39m [90m{"desiredCapabilities":{"appPackage":"com.kfc.mobile.hkStaging","noReset":true,"deviceId":"","deviceName":"OPPO CPH1801 (Android 7.1.1)","platform":"ANDROID","appActivity":"com.kfc.mobile.presentation.home.HomeActivity","newCommandTimeout":1800,"platformVersion":"7.1.1","automationName":"uiautomator2","autoGrantPermissions":true,"platformName":"Android","udid":"aa14e06a","systemPort":8293},"capabilities":{"firstMatch":[{"appium:appActivity":"com.kfc.mobile.presentation.home.HomeActivity","appium:appPackage":"com.kfc.mobile.hkStaging","appium:autoGrantPermissions":true,"appium:automationName":"uiautomator2","deviceId":"","appium:deviceName":"OPPO CPH1801 (Android 7.1.1)","appium:newCommandTimeout":1800,"appium:noReset":true,"platform":"ANDROID","platformName":"android","appium:platformVersion":"7.1.1","appium:systemPort":8293,"appium:udid":"aa14e06a"}]}}[39m
[35m[BaseDriver][39m The following capabilities are not standard capabilities and should have an extension prefix:
[35m[BaseDriver][39m   deviceId
[35m[BaseDriver][39m   platform
[35m[BaseDriver][39m   chromedriverPort
[35m[Appium][39m Appium v1.22.3 creating new AndroidUiautomator2Driver (v1.70.1) session
[35m[BaseDriver][39m The following capabilities were provided, but are not recognized by Appium:
[35m[BaseDriver][39m   deviceId
[35m[BaseDriver][39m   platform
[35m[BaseDriver][39m Session created with session id: c2560de0-78b7-4a03-8f27-255ddca4c393
[35m[UiAutomator2][39m Starting 'com.kfc.mobile.hkStaging' directly on the device
[35m[ADB][39m Found 1 'build-tools' folders under 'C:\Users\Ahadian Rifky\.katalon\tools\android_sdk' (newest first):
[35m[ADB][39m     C:/Users/Ahadian Rifky/.katalon/tools/android_sdk/build-tools/29.0.3
[35m[ADB][39m Using 'adb.exe' from 'C:\Users\Ahadian Rifky\.katalon\tools\android_sdk\platform-tools\adb.exe'
[35m[AndroidDriver][39m Retrieving device list
[35m[AndroidDriver][39m Using device: aa14e06a
[35m[ADB][39m Using 'adb.exe' from 'C:\Users\Ahadian Rifky\.katalon\tools\android_sdk\platform-tools\adb.exe'
[35m[AndroidDriver][39m No app sent in, not parsing package/activity
[35m[ADB][39m Using 'apksigner.jar' from 'C:\Users\Ahadian Rifky\.katalon\tools\android_sdk\build-tools\29.0.3\lib\apksigner.jar'
[35m[ADB][39m 'C:\Users\Ahadian Rifky\AppData\Roaming\npm\node_modules\appium\node_modules\appium-uiautomator2-server\apks\appium-uiautomator2-server-v4.27.0.apk' is signed with the default certificate
[35m[ADB][39m 'C:\Users\Ahadian Rifky\AppData\Roaming\npm\node_modules\appium\node_modules\appium-uiautomator2-server\apks\appium-uiautomator2-server-debug-androidTest.apk' is signed with the default certificate
[35m[UiAutomator2][39m Server packages are not going to be (re)installed
[35m[ADB][39m Adding packages ["io.appium.settings","io.appium.uiautomator2.server","io.appium.uiautomator2.server.test"] to Doze whitelist
[35m[UiAutomator2][39m Starting UIAutomator2 server 4.27.0
[35m[UiAutomator2][39m Using UIAutomator2 server from 'C:\Users\Ahadian Rifky\AppData\Roaming\npm\node_modules\appium\node_modules\appium-uiautomator2-server\apks\appium-uiautomator2-server-v4.27.0.apk' and test from 'C:\Users\Ahadian Rifky\AppData\Roaming\npm\node_modules\appium\node_modules\appium-uiautomator2-server\apks\appium-uiautomator2-server-debug-androidTest.apk'
[35m[UiAutomator2][39m Waiting up to 30000ms for UiAutomator2 to be online...
[35m[WD Proxy][39m socket hang up
[35m[WD Proxy][39m socket hang up
[35m[WD Proxy][39m socket hang up
[35m[WD Proxy][39m Determined the downstream protocol as 'W3C'
[35m[AndroidDriver][39m Screen already unlocked, doing nothing
[35m[UiAutomator2][39m Starting 'com.kfc.mobile.hkStaging/com.kfc.mobile.presentation.home.HomeActivity and waiting for 'com.kfc.mobile.hkStaging/com.kfc.mobile.presentation.home.HomeActivity'
[35m[Appium][39m New AndroidUiautomator2Driver session created successfully, session c2560de0-78b7-4a03-8f27-255ddca4c393 added to master session list
[35m[HTTP][39m [37m<-- POST /wd/hub/session [39m[32m200[39m [90m12736 ms - 1279[39m
[35m[HTTP][39m [90m[39m
[35m[HTTP][39m [37m-->[39m [37mGET[39m [37m/wd/hub/session/c2560de0-78b7-4a03-8f27-255ddca4c393[39m
[35m[HTTP][39m [90m{}[39m
[35m[HTTP][39m [37m<-- GET /wd/hub/session/c2560de0-78b7-4a03-8f27-255ddca4c393 [39m[32m200[39m [90m20 ms - 1233[39m
[35m[HTTP][39m [90m[39m
[35m[HTTP][39m [37m-->[39m [37mGET[39m [37m/wd/hub/session/c2560de0-78b7-4a03-8f27-255ddca4c393[39m
[35m[HTTP][39m [90m{}[39m
[35m[HTTP][39m [37m<-- GET /wd/hub/session/c2560de0-78b7-4a03-8f27-255ddca4c393 [39m[32m200[39m [90m16 ms - 1233[39m
[35m[HTTP][39m [90m[39m
[35m[HTTP][39m [37m-->[39m [37mGET[39m [37m/wd/hub/status[39m
[35m[HTTP][39m [90m{}[39m
[35m[HTTP][39m [37m<-- GET /wd/hub/status [39m[32m200[39m [90m1 ms - 68[39m
[35m[HTTP][39m [90m[39m
[35m[HTTP][39m [37m-->[39m [37mPOST[39m [37m/wd/hub/session/c2560de0-78b7-4a03-8f27-255ddca4c393/timeouts[39m
[35m[HTTP][39m [90m{"implicit":30000}[39m
[35m[HTTP][39m [37m<-- POST /wd/hub/session/c2560de0-78b7-4a03-8f27-255ddca4c393/timeouts [39m[32m200[39m [90m3 ms - 14[39m
[35m[HTTP][39m [90m[39m
[35m[HTTP][39m [37m-->[39m [37mGET[39m [37m/wd/hub/session/c2560de0-78b7-4a03-8f27-255ddca4c393/screenshot[39m
[35m[HTTP][39m [90m{}[39m
[35m[HTTP][39m [37m<-- GET /wd/hub/session/c2560de0-78b7-4a03-8f27-255ddca4c393/screenshot [39m[32m200[39m [90m489 ms - 101992[39m
[35m[HTTP][39m [90m[39m
[35m[HTTP][39m [37m-->[39m [37mGET[39m [37m/wd/hub/session/c2560de0-78b7-4a03-8f27-255ddca4c393/window/rect[39m
[35m[HTTP][39m [90m{}[39m
[35m[HTTP][39m [37m<-- GET /wd/hub/session/c2560de0-78b7-4a03-8f27-255ddca4c393/window/rect [39m[32m200[39m [90m23 ms - 49[39m
[35m[HTTP][39m [90m[39m
[35m[HTTP][39m [37m-->[39m [37mGET[39m [37m/wd/hub/session/c2560de0-78b7-4a03-8f27-255ddca4c393/appium/device/system_bars[39m
[35m[HTTP][39m [90m{}[39m
[35m[HTTP][39m [37m<-- GET /wd/hub/session/c2560de0-78b7-4a03-8f27-255ddca4c393/appium/device/system_bars [39m[31m500[39m [90m162 ms - 663[39m
[35m[HTTP][39m [90m[39m
[35m[HTTP][39m [37m-->[39m [37mPOST[39m [37m/wd/hub/session/c2560de0-78b7-4a03-8f27-255ddca4c393/execute/sync[39m
[35m[HTTP][39m [90m{"script":"mobile:viewportRect","args":[]}[39m
[35m[AndroidDriver][39m Executing native command 'mobile:viewportRect'
[35m[HTTP][39m [37m<-- POST /wd/hub/session/c2560de0-78b7-4a03-8f27-255ddca4c393/execute/sync [39m[32m200[39m [90m19 ms - 55[39m
[35m[HTTP][39m [90m[39m
[35m[HTTP][39m [37m-->[39m [37mPOST[39m [37m/wd/hub/session/c2560de0-78b7-4a03-8f27-255ddca4c393/appium/device/activate_app[39m
[35m[HTTP][39m [90m{"bundleId":"com.kfc.mobile.hkStaging"}[39m
[35m[HTTP][39m [37m<-- POST /wd/hub/session/c2560de0-78b7-4a03-8f27-255ddca4c393/appium/device/activate_app [39m[32m200[39m [90m1140 ms - 14[39m
[35m[HTTP][39m [90m[39m
[35m[HTTP][39m [37m-->[39m [37mPOST[39m [37m/wd/hub/session/c2560de0-78b7-4a03-8f27-255ddca4c393/timeouts[39m
[35m[HTTP][39m [90m{"implicit":50}[39m
[35m[HTTP][39m [37m<-- POST /wd/hub/session/c2560de0-78b7-4a03-8f27-255ddca4c393/timeouts [39m[32m200[39m [90m1 ms - 14[39m
[35m[HTTP][39m [90m[39m
[35m[HTTP][39m [37m-->[39m [37mGET[39m [37m/wd/hub/session/c2560de0-78b7-4a03-8f27-255ddca4c393/window/rect[39m
[35m[HTTP][39m [90m{}[39m
[35m[HTTP][39m [37m<-- GET /wd/hub/session/c2560de0-78b7-4a03-8f27-255ddca4c393/window/rect [39m[32m200[39m [90m30 ms - 49[39m
[35m[HTTP][39m [90m[39m
[35m[HTTP][39m [37m-->[39m [37mPOST[39m [37m/wd/hub/session/c2560de0-78b7-4a03-8f27-255ddca4c393/elements[39m
[35m[HTTP][39m [90m{"using":"xpath","value":"//*[@class = 'android.widget.TextView' and (@text = 'Profil' or . = 'Profil') and @resource-id = 'com.kfc.mobile.hkStaging:id/tvBottomProfile']"}[39m
[35m[HTTP][39m [37m<-- POST /wd/hub/session/c2560de0-78b7-4a03-8f27-255ddca4c393/elements [39m[32m200[39m [90m1327 ms - 139[39m
[35m[HTTP][39m [90m[39m
[35m[HTTP][39m [37m-->[39m [37mGET[39m [37m/wd/hub/session/c2560de0-78b7-4a03-8f27-255ddca4c393/element/00000000-0000-006d-7fff-ffff00000031/location[39m
[35m[HTTP][39m [90m{}[39m
[35m[W3C (c2560de0)][39m Driver proxy active, passing request on via HTTP proxy
[35m[WD Proxy][39m Replacing sessionId 5034d6f1-28dc-4961-9481-1e8573dd11e1 with c2560de0-78b7-4a03-8f27-255ddca4c393
[35m[HTTP][39m [37m<-- GET /wd/hub/session/c2560de0-78b7-4a03-8f27-255ddca4c393/element/00000000-0000-006d-7fff-ffff00000031/location [39m[32m200[39m [90m23 ms - 79[39m
[35m[HTTP][39m [90m[39m
[35m[HTTP][39m [37m-->[39m [37mPOST[39m [37m/wd/hub/session/c2560de0-78b7-4a03-8f27-255ddca4c393/timeouts[39m
[35m[HTTP][39m [90m{"implicit":30000}[39m
[35m[HTTP][39m [37m<-- POST /wd/hub/session/c2560de0-78b7-4a03-8f27-255ddca4c393/timeouts [39m[32m200[39m [90m3 ms - 14[39m
[35m[HTTP][39m [90m[39m
[35m[HTTP][39m [37m-->[39m [37mPOST[39m [37m/wd/hub/session/c2560de0-78b7-4a03-8f27-255ddca4c393/element/00000000-0000-006d-7fff-ffff00000031/click[39m
[35m[HTTP][39m [90m{"id":"00000000-0000-006d-7fff-ffff00000031"}[39m
[35m[HTTP][39m [37m<-- POST /wd/hub/session/c2560de0-78b7-4a03-8f27-255ddca4c393/element/00000000-0000-006d-7fff-ffff00000031/click [39m[32m200[39m [90m67 ms - 14[39m
[35m[HTTP][39m [90m[39m
[35m[HTTP][39m [37m-->[39m [37mPOST[39m [37m/wd/hub/session/c2560de0-78b7-4a03-8f27-255ddca4c393/timeouts[39m
[35m[HTTP][39m [90m{"implicit":50}[39m
[35m[HTTP][39m [37m<-- POST /wd/hub/session/c2560de0-78b7-4a03-8f27-255ddca4c393/timeouts [39m[32m200[39m [90m1 ms - 14[39m
[35m[HTTP][39m [90m[39m
[35m[HTTP][39m [37m-->[39m [37mGET[39m [37m/wd/hub/session/c2560de0-78b7-4a03-8f27-255ddca4c393/window/rect[39m
[35m[HTTP][39m [90m{}[39m
[35m[HTTP][39m [37m<-- GET /wd/hub/session/c2560de0-78b7-4a03-8f27-255ddca4c393/window/rect [39m[32m200[39m [90m17 ms - 49[39m
[35m[HTTP][39m [90m[39m
[35m[HTTP][39m [37m-->[39m [37mPOST[39m [37m/wd/hub/session/c2560de0-78b7-4a03-8f27-255ddca4c393/elements[39m
[35m[HTTP][39m [90m{"using":"xpath","value":"//*[@class = 'android.widget.EditText' and (@text = 'Masukkan nomor handphone Anda' or . = 'Masukkan nomor handphone Anda') and @resource-id = 'com.kfc.mobile.hkStaging:id/edit_text']"}[39m
[35m[HTTP][39m [37m<-- POST /wd/hub/session/c2560de0-78b7-4a03-8f27-255ddca4c393/elements [39m[32m200[39m [90m2448 ms - 139[39m
[35m[HTTP][39m [90m[39m
[35m[HTTP][39m [37m-->[39m [37mGET[39m [37m/wd/hub/session/c2560de0-78b7-4a03-8f27-255ddca4c393/element/00000000-0000-006e-7fff-ffff00000088/location[39m
[35m[HTTP][39m [90m{}[39m
[35m[W3C (c2560de0)][39m Driver proxy active, passing request on via HTTP proxy
[35m[WD Proxy][39m Replacing sessionId 5034d6f1-28dc-4961-9481-1e8573dd11e1 with c2560de0-78b7-4a03-8f27-255ddca4c393
[35m[HTTP][39m [37m<-- GET /wd/hub/session/c2560de0-78b7-4a03-8f27-255ddca4c393/element/00000000-0000-006e-7fff-ffff00000088/location [39m[32m200[39m [90m337 ms - 77[39m
[35m[HTTP][39m [90m[39m
[35m[HTTP][39m [37m-->[39m [37mPOST[39m [37m/wd/hub/session/c2560de0-78b7-4a03-8f27-255ddca4c393/timeouts[39m
[35m[HTTP][39m [90m{"implicit":30000}[39m
[35m[HTTP][39m [37m<-- POST /wd/hub/session/c2560de0-78b7-4a03-8f27-255ddca4c393/timeouts [39m[32m200[39m [90m1 ms - 14[39m
[35m[HTTP][39m [90m[39m
[35m[HTTP][39m [37m-->[39m [37mPOST[39m [37m/wd/hub/session/c2560de0-78b7-4a03-8f27-255ddca4c393/element/00000000-0000-006e-7fff-ffff00000088/clear[39m
[35m[HTTP][39m [90m{"id":"00000000-0000-006e-7fff-ffff00000088"}[39m
[35m[HTTP][39m [37m<-- POST /wd/hub/session/c2560de0-78b7-4a03-8f27-255ddca4c393/element/00000000-0000-006e-7fff-ffff00000088/clear [39m[32m200[39m [90m56 ms - 14[39m
[35m[HTTP][39m [90m[39m
[35m[HTTP][39m [37m-->[39m [37mPOST[39m [37m/wd/hub/session/c2560de0-78b7-4a03-8f27-255ddca4c393/element/00000000-0000-006e-7fff-ffff00000088/value[39m
[35m[HTTP][39m [90m{"id":"00000000-0000-006e-7fff-ffff00000088","text":"081211287377","value":["0","8","1","2","1","1","2","8","7","3","7","7"]}[39m
[35m[HTTP][39m [37m<-- POST /wd/hub/session/c2560de0-78b7-4a03-8f27-255ddca4c393/element/00000000-0000-006e-7fff-ffff00000088/value [39m[32m200[39m [90m1131 ms - 14[39m
[35m[HTTP][39m [90m[39m
[35m[HTTP][39m [37m-->[39m [37mGET[39m [37m/wd/hub/session/c2560de0-78b7-4a03-8f27-255ddca4c393/context[39m
[35m[HTTP][39m [90m{}[39m
[35m[HTTP][39m [37m<-- GET /wd/hub/session/c2560de0-78b7-4a03-8f27-255ddca4c393/context [39m[32m200[39m [90m1 ms - 22[39m
[35m[HTTP][39m [90m[39m
[35m[HTTP][39m [37m-->[39m [37mGET[39m [37m/wd/hub/session/c2560de0-78b7-4a03-8f27-255ddca4c393/contexts[39m
[35m[HTTP][39m [90m{}[39m
[35m[HTTP][39m [37m<-- GET /wd/hub/session/c2560de0-78b7-4a03-8f27-255ddca4c393/contexts [39m[32m200[39m [90m108 ms - 24[39m
[35m[HTTP][39m [90m[39m
[35m[HTTP][39m [37m-->[39m [37mPOST[39m [37m/wd/hub/session/c2560de0-78b7-4a03-8f27-255ddca4c393/context[39m
[35m[HTTP][39m [90m{"name":"NATIVE_APP"}[39m
[35m[HTTP][39m [37m<-- POST /wd/hub/session/c2560de0-78b7-4a03-8f27-255ddca4c393/context [39m[32m200[39m [90m1 ms - 14[39m
[35m[HTTP][39m [90m[39m
[35m[HTTP][39m [37m-->[39m [37mPOST[39m [37m/wd/hub/session/c2560de0-78b7-4a03-8f27-255ddca4c393/appium/device/hide_keyboard[39m
[35m[HTTP][39m [90m{}[39m
[35m[ADB][39m Keyboard has no UI; no closing necessary
[35m[HTTP][39m [37m<-- POST /wd/hub/session/c2560de0-78b7-4a03-8f27-255ddca4c393/appium/device/hide_keyboard [39m[32m200[39m [90m1108 ms - 15[39m
[35m[HTTP][39m [90m[39m
[35m[HTTP][39m [37m-->[39m [37mPOST[39m [37m/wd/hub/session/c2560de0-78b7-4a03-8f27-255ddca4c393/context[39m
[35m[HTTP][39m [90m{"name":"NATIVE_APP"}[39m
[35m[HTTP][39m [37m<-- POST /wd/hub/session/c2560de0-78b7-4a03-8f27-255ddca4c393/context [39m[32m200[39m [90m1 ms - 14[39m
[35m[HTTP][39m [90m[39m
[35m[HTTP][39m [37m-->[39m [37mPOST[39m [37m/wd/hub/session/c2560de0-78b7-4a03-8f27-255ddca4c393/timeouts[39m
[35m[HTTP][39m [90m{"implicit":50}[39m
[35m[HTTP][39m [37m<-- POST /wd/hub/session/c2560de0-78b7-4a03-8f27-255ddca4c393/timeouts [39m[32m200[39m [90m1 ms - 14[39m
[35m[HTTP][39m [90m[39m
[35m[HTTP][39m [37m-->[39m [37mGET[39m [37m/wd/hub/session/c2560de0-78b7-4a03-8f27-255ddca4c393/window/rect[39m
[35m[HTTP][39m [90m{}[39m
[35m[HTTP][39m [37m<-- GET /wd/hub/session/c2560de0-78b7-4a03-8f27-255ddca4c393/window/rect [39m[32m200[39m [90m26 ms - 49[39m
[35m[HTTP][39m [90m[39m
[35m[HTTP][39m [37m-->[39m [37mPOST[39m [37m/wd/hub/session/c2560de0-78b7-4a03-8f27-255ddca4c393/elements[39m
[35m[HTTP][39m [90m{"using":"xpath","value":"//*[@class = 'android.widget.EditText' and (@text = 'Ketik kata sandi Anda' or . = 'Ketik kata sandi Anda') and @resource-id = 'com.kfc.mobile.hkStaging:id/edit_text']"}[39m
[35m[HTTP][39m [37m<-- POST /wd/hub/session/c2560de0-78b7-4a03-8f27-255ddca4c393/elements [39m[32m200[39m [90m226 ms - 139[39m
[35m[HTTP][39m [90m[39m
[35m[HTTP][39m [37m-->[39m [37mGET[39m [37m/wd/hub/session/c2560de0-78b7-4a03-8f27-255ddca4c393/element/00000000-0000-006e-7fff-ffff000000a8/location[39m
[35m[HTTP][39m [90m{}[39m
[35m[W3C (c2560de0)][39m Driver proxy active, passing request on via HTTP proxy
[35m[WD Proxy][39m Replacing sessionId 5034d6f1-28dc-4961-9481-1e8573dd11e1 with c2560de0-78b7-4a03-8f27-255ddca4c393
[35m[HTTP][39m [37m<-- GET /wd/hub/session/c2560de0-78b7-4a03-8f27-255ddca4c393/element/00000000-0000-006e-7fff-ffff000000a8/location [39m[32m200[39m [90m21 ms - 77[39m
[35m[HTTP][39m [90m[39m
[35m[HTTP][39m [37m-->[39m [37mPOST[39m [37m/wd/hub/session/c2560de0-78b7-4a03-8f27-255ddca4c393/timeouts[39m
[35m[HTTP][39m [90m{"implicit":30000}[39m
[35m[HTTP][39m [37m<-- POST /wd/hub/session/c2560de0-78b7-4a03-8f27-255ddca4c393/timeouts [39m[32m200[39m [90m1 ms - 14[39m
[35m[HTTP][39m [90m[39m
[35m[HTTP][39m [37m-->[39m [37mPOST[39m [37m/wd/hub/session/c2560de0-78b7-4a03-8f27-255ddca4c393/element/00000000-0000-006e-7fff-ffff000000a8/clear[39m
[35m[HTTP][39m [90m{"id":"00000000-0000-006e-7fff-ffff000000a8"}[39m
[35m[HTTP][39m [37m<-- POST /wd/hub/session/c2560de0-78b7-4a03-8f27-255ddca4c393/element/00000000-0000-006e-7fff-ffff000000a8/clear [39m[32m200[39m [90m46 ms - 14[39m
[35m[HTTP][39m [90m[39m
[35m[HTTP][39m [37m-->[39m [37mPOST[39m [37m/wd/hub/session/c2560de0-78b7-4a03-8f27-255ddca4c393/element/00000000-0000-006e-7fff-ffff000000a8/value[39m
[35m[HTTP][39m [90m{"id":"00000000-0000-006e-7fff-ffff000000a8","text":"pass111","value":["p","a","s","s","1","1","1"]}[39m
[35m[HTTP][39m [37m<-- POST /wd/hub/session/c2560de0-78b7-4a03-8f27-255ddca4c393/element/00000000-0000-006e-7fff-ffff000000a8/value [39m[32m200[39m [90m1054 ms - 14[39m
[35m[HTTP][39m [90m[39m
[35m[HTTP][39m [37m-->[39m [37mGET[39m [37m/wd/hub/session/c2560de0-78b7-4a03-8f27-255ddca4c393/context[39m
[35m[HTTP][39m [90m{}[39m
[35m[HTTP][39m [37m<-- GET /wd/hub/session/c2560de0-78b7-4a03-8f27-255ddca4c393/context [39m[32m200[39m [90m1 ms - 22[39m
[35m[HTTP][39m [90m[39m
[35m[HTTP][39m [37m-->[39m [37mGET[39m [37m/wd/hub/session/c2560de0-78b7-4a03-8f27-255ddca4c393/contexts[39m
[35m[HTTP][39m [90m{}[39m
[35m[HTTP][39m [37m<-- GET /wd/hub/session/c2560de0-78b7-4a03-8f27-255ddca4c393/contexts [39m[32m200[39m [90m94 ms - 24[39m
[35m[HTTP][39m [90m[39m
[35m[HTTP][39m [37m-->[39m [37mPOST[39m [37m/wd/hub/session/c2560de0-78b7-4a03-8f27-255ddca4c393/context[39m
[35m[HTTP][39m [90m{"name":"NATIVE_APP"}[39m
[35m[HTTP][39m [37m<-- POST /wd/hub/session/c2560de0-78b7-4a03-8f27-255ddca4c393/context [39m[32m200[39m [90m1 ms - 14[39m
[35m[HTTP][39m [90m[39m
[35m[HTTP][39m [37m-->[39m [37mPOST[39m [37m/wd/hub/session/c2560de0-78b7-4a03-8f27-255ddca4c393/appium/device/hide_keyboard[39m
[35m[HTTP][39m [90m{}[39m
[35m[ADB][39m Keyboard has no UI; no closing necessary
[35m[HTTP][39m [37m<-- POST /wd/hub/session/c2560de0-78b7-4a03-8f27-255ddca4c393/appium/device/hide_keyboard [39m[32m200[39m [90m998 ms - 15[39m
[35m[HTTP][39m [90m[39m
[35m[HTTP][39m [37m-->[39m [37mPOST[39m [37m/wd/hub/session/c2560de0-78b7-4a03-8f27-255ddca4c393/context[39m
[35m[HTTP][39m [90m{"name":"NATIVE_APP"}[39m
[35m[HTTP][39m [37m<-- POST /wd/hub/session/c2560de0-78b7-4a03-8f27-255ddca4c393/context [39m[32m200[39m [90m1 ms - 14[39m
[35m[HTTP][39m [90m[39m
[35m[HTTP][39m [37m-->[39m [37mPOST[39m [37m/wd/hub/session/c2560de0-78b7-4a03-8f27-255ddca4c393/timeouts[39m
[35m[HTTP][39m [90m{"implicit":50}[39m
[35m[HTTP][39m [37m<-- POST /wd/hub/session/c2560de0-78b7-4a03-8f27-255ddca4c393/timeouts [39m[32m200[39m [90m1 ms - 14[39m
[35m[HTTP][39m [90m[39m
[35m[HTTP][39m [37m-->[39m [37mGET[39m [37m/wd/hub/session/c2560de0-78b7-4a03-8f27-255ddca4c393/window/rect[39m
[35m[HTTP][39m [90m{}[39m
[35m[HTTP][39m [37m<-- GET /wd/hub/session/c2560de0-78b7-4a03-8f27-255ddca4c393/window/rect [39m[32m200[39m [90m25 ms - 49[39m
[35m[HTTP][39m [90m[39m
[35m[HTTP][39m [37m-->[39m [37mPOST[39m [37m/wd/hub/session/c2560de0-78b7-4a03-8f27-255ddca4c393/elements[39m
[35m[HTTP][39m [90m{"using":"xpath","value":"//*[@class = 'android.widget.Button' and (@text = 'Masuk' or . = 'Masuk') and @resource-id = 'com.kfc.mobile.hkStaging:id/button_login']"}[39m
[35m[HTTP][39m [37m<-- POST /wd/hub/session/c2560de0-78b7-4a03-8f27-255ddca4c393/elements [39m[32m200[39m [90m532 ms - 139[39m
[35m[HTTP][39m [90m[39m
[35m[HTTP][39m [37m-->[39m [37mGET[39m [37m/wd/hub/session/c2560de0-78b7-4a03-8f27-255ddca4c393/element/00000000-0000-006e-7fff-ffff0000009d/location[39m
[35m[HTTP][39m [90m{}[39m
[35m[W3C (c2560de0)][39m Driver proxy active, passing request on via HTTP proxy
[35m[WD Proxy][39m Replacing sessionId 5034d6f1-28dc-4961-9481-1e8573dd11e1 with c2560de0-78b7-4a03-8f27-255ddca4c393
[35m[HTTP][39m [37m<-- GET /wd/hub/session/c2560de0-78b7-4a03-8f27-255ddca4c393/element/00000000-0000-006e-7fff-ffff0000009d/location [39m[32m200[39m [90m21 ms - 77[39m
[35m[HTTP][39m [90m[39m
[35m[HTTP][39m [37m-->[39m [37mPOST[39m [37m/wd/hub/session/c2560de0-78b7-4a03-8f27-255ddca4c393/timeouts[39m
[35m[HTTP][39m [90m{"implicit":30000}[39m
[35m[HTTP][39m [37m<-- POST /wd/hub/session/c2560de0-78b7-4a03-8f27-255ddca4c393/timeouts [39m[32m200[39m [90m1 ms - 14[39m
[35m[HTTP][39m [90m[39m
[35m[HTTP][39m [37m-->[39m [37mPOST[39m [37m/wd/hub/session/c2560de0-78b7-4a03-8f27-255ddca4c393/element/00000000-0000-006e-7fff-ffff0000009d/click[39m
[35m[HTTP][39m [90m{"id":"00000000-0000-006e-7fff-ffff0000009d"}[39m
[35m[HTTP][39m [37m<-- POST /wd/hub/session/c2560de0-78b7-4a03-8f27-255ddca4c393/element/00000000-0000-006e-7fff-ffff0000009d/click [39m[32m200[39m [90m54 ms - 14[39m
[35m[HTTP][39m [90m[39m
[35m[HTTP][39m [37m-->[39m [37mPOST[39m [37m/wd/hub/session/c2560de0-78b7-4a03-8f27-255ddca4c393/timeouts[39m
[35m[HTTP][39m [90m{"implicit":50}[39m
[35m[HTTP][39m [37m<-- POST /wd/hub/session/c2560de0-78b7-4a03-8f27-255ddca4c393/timeouts [39m[32m200[39m [90m1 ms - 14[39m
[35m[HTTP][39m [90m[39m
[35m[HTTP][39m [37m-->[39m [37mGET[39m [37m/wd/hub/session/c2560de0-78b7-4a03-8f27-255ddca4c393/window/rect[39m
[35m[HTTP][39m [90m{}[39m
[35m[HTTP][39m [37m<-- GET /wd/hub/session/c2560de0-78b7-4a03-8f27-255ddca4c393/window/rect [39m[32m200[39m [90m27 ms - 49[39m
[35m[HTTP][39m [90m[39m
[35m[HTTP][39m [37m-->[39m [37mPOST[39m [37m/wd/hub/session/c2560de0-78b7-4a03-8f27-255ddca4c393/elements[39m
[35m[HTTP][39m [90m{"using":"xpath","value":"//*[@class = 'android.widget.TextView' and (@text = 'Profil' or . = 'Profil') and @resource-id = 'com.kfc.mobile.hkStaging:id/tvBottomProfile']"}[39m
[35m[HTTP][39m [37m<-- POST /wd/hub/session/c2560de0-78b7-4a03-8f27-255ddca4c393/elements [39m[32m200[39m [90m871 ms - 139[39m
[35m[HTTP][39m [90m[39m
[35m[HTTP][39m [37m-->[39m [37mGET[39m [37m/wd/hub/session/c2560de0-78b7-4a03-8f27-255ddca4c393/element/00000000-0000-006f-7fff-ffff0000013a/location[39m
[35m[HTTP][39m [90m{}[39m
[35m[W3C (c2560de0)][39m Driver proxy active, passing request on via HTTP proxy
[35m[WD Proxy][39m Replacing sessionId 5034d6f1-28dc-4961-9481-1e8573dd11e1 with c2560de0-78b7-4a03-8f27-255ddca4c393
[35m[HTTP][39m [37m<-- GET /wd/hub/session/c2560de0-78b7-4a03-8f27-255ddca4c393/element/00000000-0000-006f-7fff-ffff0000013a/location [39m[32m200[39m [90m23 ms - 79[39m
[35m[HTTP][39m [90m[39m
[35m[HTTP][39m [37m-->[39m [37mPOST[39m [37m/wd/hub/session/c2560de0-78b7-4a03-8f27-255ddca4c393/timeouts[39m
[35m[HTTP][39m [90m{"implicit":30000}[39m
[35m[HTTP][39m [37m<-- POST /wd/hub/session/c2560de0-78b7-4a03-8f27-255ddca4c393/timeouts [39m[32m200[39m [90m1 ms - 14[39m
[35m[HTTP][39m [90m[39m
[35m[HTTP][39m [37m-->[39m [37mPOST[39m [37m/wd/hub/session/c2560de0-78b7-4a03-8f27-255ddca4c393/element/00000000-0000-006f-7fff-ffff0000013a/click[39m
[35m[HTTP][39m [90m{"id":"00000000-0000-006f-7fff-ffff0000013a"}[39m
[35m[HTTP][39m [37m<-- POST /wd/hub/session/c2560de0-78b7-4a03-8f27-255ddca4c393/element/00000000-0000-006f-7fff-ffff0000013a/click [39m[32m200[39m [90m52 ms - 14[39m
[35m[HTTP][39m [90m[39m
[35m[HTTP][39m [37m-->[39m [37mDELETE[39m [37m/wd/hub/session/c2560de0-78b7-4a03-8f27-255ddca4c393[39m
[35m[HTTP][39m [90m{}[39m
[35m[Appium][39m Removing session c2560de0-78b7-4a03-8f27-255ddca4c393 from our master session list
[35m[HTTP][39m [37m<-- DELETE /wd/hub/session/c2560de0-78b7-4a03-8f27-255ddca4c393 [39m[32m200[39m [90m954 ms - 14[39m
[35m[HTTP][39m [90m[39m
