[35m[Appium][39m Welcome to Appium v1.22.3
[35m[Appium][39m Non-default server args:
[35m[Appium][39m   port: 51209
[35m[Appium][39m   loglevel: info
[35m[Appium][39m   tmpDir: C:\Users\AHADIA~1\AppData\Local\Temp\\Katalon\Appium\Temp1678696326085
[35m[Appium][39m   chromedriverPort: 51210
[35m[Appium][39m Deprecated server args:
[35m[Appium][39m   [31m--chromedriver-port[39m => --default-capabilities
[35m[Appium][39m Default capabilities, which will be added to each request unless overridden by desired capabilities:
[35m[Appium][39m   chromedriverPort: 51210
[35m[Appium][39m Appium REST http interface listener started on 0.0.0.0:51209
[35m[HTTP][39m [37m-->[39m [37mGET[39m [37m/wd/hub/status[39m
[35m[HTTP][39m [90m{}[39m
[35m[HTTP][39m [37m<-- GET /wd/hub/status [39m[32m200[39m [90m10 ms - 68[39m
[35m[HTTP][39m [90m[39m
[35m[HTTP][39m [37m-->[39m [37mPOST[39m [37m/wd/hub/session[39m
[35m[HTTP][39m [90m{"desiredCapabilities":{"appPackage":"com.kfc.mobile.hkStaging","noReset":true,"deviceId":"","deviceName":"OPPO CPH1801 (Android 7.1.1)","platform":"ANDROID","appActivity":"com.kfc.mobile.presentation.splash.SplashActivity","newCommandTimeout":1800,"platformVersion":"7.1.1","automationName":"uiautomator2","autoGrantPermissions":true,"platformName":"Android","udid":"aa14e06a","systemPort":8206},"capabilities":{"firstMatch":[{"appium:appActivity":"com.kfc.mobile.presentation.splash.SplashActivity","appium:appPackage":"com.kfc.mobile.hkStaging","appium:autoGrantPermissions":true,"appium:automationName":"uiautomator2","deviceId":"","appium:deviceName":"OPPO CPH1801 (Android 7.1.1)","appium:newCommandTimeout":1800,"appium:noReset":true,"platform":"ANDROID","platformName":"android","appium:platformVersion":"7.1.1","appium:systemPort":8206,"appium:udid":"aa14e06a"}]}}[39m
[35m[BaseDriver][39m The following capabilities are not standard capabilities and should have an extension prefix:
[35m[BaseDriver][39m   deviceId
[35m[BaseDriver][39m   platform
[35m[BaseDriver][39m   chromedriverPort
[35m[Appium][39m Appium v1.22.3 creating new AndroidUiautomator2Driver (v1.70.1) session
[35m[BaseDriver][39m The following capabilities were provided, but are not recognized by Appium:
[35m[BaseDriver][39m   deviceId
[35m[BaseDriver][39m   platform
[35m[BaseDriver][39m Session created with session id: a2411462-0d34-43e1-b046-ea442ece9b3e
[35m[UiAutomator2][39m Starting 'com.kfc.mobile.hkStaging' directly on the device
[35m[ADB][39m Found 1 'build-tools' folders under 'C:\Users\Ahadian Rifky\.katalon\tools\android_sdk' (newest first):
[35m[ADB][39m     C:/Users/Ahadian Rifky/.katalon/tools/android_sdk/build-tools/29.0.3
[35m[ADB][39m Using 'adb.exe' from 'C:\Users\Ahadian Rifky\.katalon\tools\android_sdk\platform-tools\adb.exe'
[35m[AndroidDriver][39m Retrieving device list
[35m[AndroidDriver][39m Using device: aa14e06a
[35m[ADB][39m Using 'adb.exe' from 'C:\Users\Ahadian Rifky\.katalon\tools\android_sdk\platform-tools\adb.exe'
[35m[AndroidDriver][39m No app sent in, not parsing package/activity
[35m[ADB][39m Using 'apksigner.jar' from 'C:\Users\Ahadian Rifky\.katalon\tools\android_sdk\build-tools\29.0.3\lib\apksigner.jar'
[35m[ADB][39m 'C:\Users\Ahadian Rifky\AppData\Roaming\npm\node_modules\appium\node_modules\appium-uiautomator2-server\apks\appium-uiautomator2-server-v4.27.0.apk' is signed with the default certificate
[35m[ADB][39m 'C:\Users\Ahadian Rifky\AppData\Roaming\npm\node_modules\appium\node_modules\appium-uiautomator2-server\apks\appium-uiautomator2-server-debug-androidTest.apk' is signed with the default certificate
[35m[UiAutomator2][39m Server packages are not going to be (re)installed
[35m[ADB][39m Adding packages ["io.appium.settings","io.appium.uiautomator2.server","io.appium.uiautomator2.server.test"] to Doze whitelist
[35m[UiAutomator2][39m Starting UIAutomator2 server 4.27.0
[35m[UiAutomator2][39m Using UIAutomator2 server from 'C:\Users\Ahadian Rifky\AppData\Roaming\npm\node_modules\appium\node_modules\appium-uiautomator2-server\apks\appium-uiautomator2-server-v4.27.0.apk' and test from 'C:\Users\Ahadian Rifky\AppData\Roaming\npm\node_modules\appium\node_modules\appium-uiautomator2-server\apks\appium-uiautomator2-server-debug-androidTest.apk'
[35m[UiAutomator2][39m Waiting up to 30000ms for UiAutomator2 to be online...
[35m[WD Proxy][39m socket hang up
[35m[WD Proxy][39m socket hang up
[35m[WD Proxy][39m socket hang up
[35m[WD Proxy][39m socket hang up
[35m[WD Proxy][39m Determined the downstream protocol as 'W3C'
[35m[AndroidDriver][39m Screen already unlocked, doing nothing
[35m[UiAutomator2][39m Starting 'com.kfc.mobile.hkStaging/com.kfc.mobile.presentation.splash.SplashActivity and waiting for 'com.kfc.mobile.hkStaging/com.kfc.mobile.presentation.splash.SplashActivity'
[35m[Appium][39m New AndroidUiautomator2Driver session created successfully, session a2411462-0d34-43e1-b046-ea442ece9b3e added to master session list
[35m[HTTP][39m [37m<-- POST /wd/hub/session [39m[32m200[39m [90m18246 ms - 1287[39m
[35m[HTTP][39m [90m[39m
[35m[HTTP][39m [37m-->[39m [37mGET[39m [37m/wd/hub/session/a2411462-0d34-43e1-b046-ea442ece9b3e[39m
[35m[HTTP][39m [90m{}[39m
[35m[HTTP][39m [37m<-- GET /wd/hub/session/a2411462-0d34-43e1-b046-ea442ece9b3e [39m[32m200[39m [90m19 ms - 1241[39m
[35m[HTTP][39m [90m[39m
[35m[HTTP][39m [37m-->[39m [37mGET[39m [37m/wd/hub/session/a2411462-0d34-43e1-b046-ea442ece9b3e[39m
[35m[HTTP][39m [90m{}[39m
[35m[HTTP][39m [37m<-- GET /wd/hub/session/a2411462-0d34-43e1-b046-ea442ece9b3e [39m[32m200[39m [90m18 ms - 1241[39m
[35m[HTTP][39m [90m[39m
[35m[HTTP][39m [37m-->[39m [37mGET[39m [37m/wd/hub/status[39m
[35m[HTTP][39m [90m{}[39m
[35m[HTTP][39m [37m<-- GET /wd/hub/status [39m[32m200[39m [90m1 ms - 68[39m
[35m[HTTP][39m [90m[39m
[35m[HTTP][39m [37m-->[39m [37mPOST[39m [37m/wd/hub/session/a2411462-0d34-43e1-b046-ea442ece9b3e/timeouts[39m
[35m[HTTP][39m [90m{"implicit":30000}[39m
[35m[HTTP][39m [37m<-- POST /wd/hub/session/a2411462-0d34-43e1-b046-ea442ece9b3e/timeouts [39m[32m200[39m [90m2 ms - 14[39m
[35m[HTTP][39m [90m[39m
[35m[HTTP][39m [37m-->[39m [37mGET[39m [37m/wd/hub/session/a2411462-0d34-43e1-b046-ea442ece9b3e/screenshot[39m
[35m[HTTP][39m [90m{}[39m
[35m[HTTP][39m [37m<-- GET /wd/hub/session/a2411462-0d34-43e1-b046-ea442ece9b3e/screenshot [39m[32m200[39m [90m661 ms - 255434[39m
[35m[HTTP][39m [90m[39m
[35m[HTTP][39m [37m-->[39m [37mGET[39m [37m/wd/hub/session/a2411462-0d34-43e1-b046-ea442ece9b3e/window/rect[39m
[35m[HTTP][39m [90m{}[39m
[35m[HTTP][39m [37m<-- GET /wd/hub/session/a2411462-0d34-43e1-b046-ea442ece9b3e/window/rect [39m[32m200[39m [90m27 ms - 49[39m
[35m[HTTP][39m [90m[39m
[35m[HTTP][39m [37m-->[39m [37mGET[39m [37m/wd/hub/session/a2411462-0d34-43e1-b046-ea442ece9b3e/appium/device/system_bars[39m
[35m[HTTP][39m [90m{}[39m
[35m[HTTP][39m [37m<-- GET /wd/hub/session/a2411462-0d34-43e1-b046-ea442ece9b3e/appium/device/system_bars [39m[31m500[39m [90m184 ms - 663[39m
[35m[HTTP][39m [90m[39m
[35m[HTTP][39m [37m-->[39m [37mPOST[39m [37m/wd/hub/session/a2411462-0d34-43e1-b046-ea442ece9b3e/execute/sync[39m
[35m[HTTP][39m [90m{"script":"mobile:viewportRect","args":[]}[39m
[35m[AndroidDriver][39m Executing native command 'mobile:viewportRect'
[35m[HTTP][39m [37m<-- POST /wd/hub/session/a2411462-0d34-43e1-b046-ea442ece9b3e/execute/sync [39m[32m200[39m [90m24 ms - 55[39m
[35m[HTTP][39m [90m[39m
[35m[HTTP][39m [37m-->[39m [37mPOST[39m [37m/wd/hub/session/a2411462-0d34-43e1-b046-ea442ece9b3e/appium/device/activate_app[39m
[35m[HTTP][39m [90m{"bundleId":"com.kfc.mobile"}[39m
[35m[HTTP][39m [37m<-- POST /wd/hub/session/a2411462-0d34-43e1-b046-ea442ece9b3e/appium/device/activate_app [39m[32m200[39m [90m1511 ms - 14[39m
[35m[HTTP][39m [90m[39m
[35m[HTTP][39m [37m-->[39m [37mGET[39m [37m/wd/hub/session/a2411462-0d34-43e1-b046-ea442ece9b3e/context[39m
[35m[HTTP][39m [90m{}[39m
[35m[HTTP][39m [37m<-- GET /wd/hub/session/a2411462-0d34-43e1-b046-ea442ece9b3e/context [39m[32m200[39m [90m3 ms - 22[39m
[35m[HTTP][39m [90m[39m
[35m[HTTP][39m [37m-->[39m [37mGET[39m [37m/wd/hub/session/a2411462-0d34-43e1-b046-ea442ece9b3e/contexts[39m
[35m[HTTP][39m [90m{}[39m
[35m[HTTP][39m [37m<-- GET /wd/hub/session/a2411462-0d34-43e1-b046-ea442ece9b3e/contexts [39m[32m200[39m [90m74 ms - 24[39m
[35m[HTTP][39m [90m[39m
[35m[HTTP][39m [37m-->[39m [37mPOST[39m [37m/wd/hub/session/a2411462-0d34-43e1-b046-ea442ece9b3e/context[39m
[35m[HTTP][39m [90m{"name":"NATIVE_APP"}[39m
[35m[HTTP][39m [37m<-- POST /wd/hub/session/a2411462-0d34-43e1-b046-ea442ece9b3e/context [39m[32m200[39m [90m1 ms - 14[39m
[35m[HTTP][39m [90m[39m
[35m[HTTP][39m [37m-->[39m [37mPOST[39m [37m/wd/hub/session/a2411462-0d34-43e1-b046-ea442ece9b3e/appium/device/press_keycode[39m
[35m[HTTP][39m [90m{"keycode":4}[39m
[35m[HTTP][39m [37m<-- POST /wd/hub/session/a2411462-0d34-43e1-b046-ea442ece9b3e/appium/device/press_keycode [39m[32m200[39m [90m138 ms - 14[39m
[35m[HTTP][39m [90m[39m
[35m[HTTP][39m [37m-->[39m [37mPOST[39m [37m/wd/hub/session/a2411462-0d34-43e1-b046-ea442ece9b3e/context[39m
[35m[HTTP][39m [90m{"name":"NATIVE_APP"}[39m
[35m[HTTP][39m [37m<-- POST /wd/hub/session/a2411462-0d34-43e1-b046-ea442ece9b3e/context [39m[32m200[39m [90m1 ms - 14[39m
[35m[HTTP][39m [90m[39m
[35m[HTTP][39m [37m-->[39m [37mPOST[39m [37m/wd/hub/session/a2411462-0d34-43e1-b046-ea442ece9b3e/timeouts[39m
[35m[HTTP][39m [90m{"implicit":50}[39m
[35m[HTTP][39m [37m<-- POST /wd/hub/session/a2411462-0d34-43e1-b046-ea442ece9b3e/timeouts [39m[32m200[39m [90m2 ms - 14[39m
[35m[HTTP][39m [90m[39m
[35m[HTTP][39m [37m-->[39m [37mGET[39m [37m/wd/hub/session/a2411462-0d34-43e1-b046-ea442ece9b3e/window/rect[39m
[35m[HTTP][39m [90m{}[39m
[35m[HTTP][39m [37m<-- GET /wd/hub/session/a2411462-0d34-43e1-b046-ea442ece9b3e/window/rect [39m[32m200[39m [90m23 ms - 49[39m
[35m[HTTP][39m [90m[39m
[35m[HTTP][39m [37m-->[39m [37mPOST[39m [37m/wd/hub/session/a2411462-0d34-43e1-b046-ea442ece9b3e/elements[39m
[35m[HTTP][39m [90m{"using":"xpath","value":"//*[@class = 'android.widget.TextView' and (@text = 'Profil' or . = 'Profil') and @resource-id = 'com.kfc.mobile:id/tvBottomProfile']"}[39m
[35m[HTTP][39m [37m<-- POST /wd/hub/session/a2411462-0d34-43e1-b046-ea442ece9b3e/elements [39m[32m200[39m [90m2921 ms - 139[39m
[35m[HTTP][39m [90m[39m
[35m[HTTP][39m [37m-->[39m [37mGET[39m [37m/wd/hub/session/a2411462-0d34-43e1-b046-ea442ece9b3e/element/00000000-0000-01e2-7fff-ffff0000003a/location[39m
[35m[HTTP][39m [90m{}[39m
[35m[W3C (a2411462)][39m Driver proxy active, passing request on via HTTP proxy
[35m[WD Proxy][39m Replacing sessionId f206fbd0-5c60-40cd-b247-d1e493dc2ff7 with a2411462-0d34-43e1-b046-ea442ece9b3e
[35m[HTTP][39m [37m<-- GET /wd/hub/session/a2411462-0d34-43e1-b046-ea442ece9b3e/element/00000000-0000-01e2-7fff-ffff0000003a/location [39m[32m200[39m [90m62 ms - 79[39m
[35m[HTTP][39m [90m[39m
[35m[HTTP][39m [37m-->[39m [37mPOST[39m [37m/wd/hub/session/a2411462-0d34-43e1-b046-ea442ece9b3e/timeouts[39m
[35m[HTTP][39m [90m{"implicit":30000}[39m
[35m[HTTP][39m [37m<-- POST /wd/hub/session/a2411462-0d34-43e1-b046-ea442ece9b3e/timeouts [39m[32m200[39m [90m2 ms - 14[39m
[35m[HTTP][39m [90m[39m
[35m[HTTP][39m [37m-->[39m [37mPOST[39m [37m/wd/hub/session/a2411462-0d34-43e1-b046-ea442ece9b3e/element/00000000-0000-01e2-7fff-ffff0000003a/click[39m
[35m[HTTP][39m [90m{"id":"00000000-0000-01e2-7fff-ffff0000003a"}[39m
[35m[HTTP][39m [37m<-- POST /wd/hub/session/a2411462-0d34-43e1-b046-ea442ece9b3e/element/00000000-0000-01e2-7fff-ffff0000003a/click [39m[32m200[39m [90m60 ms - 14[39m
[35m[HTTP][39m [90m[39m
[35m[HTTP][39m [37m-->[39m [37mPOST[39m [37m/wd/hub/session/a2411462-0d34-43e1-b046-ea442ece9b3e/timeouts[39m
[35m[HTTP][39m [90m{"implicit":50}[39m
[35m[HTTP][39m [37m<-- POST /wd/hub/session/a2411462-0d34-43e1-b046-ea442ece9b3e/timeouts [39m[32m200[39m [90m2 ms - 14[39m
[35m[HTTP][39m [90m[39m
[35m[HTTP][39m [37m-->[39m [37mGET[39m [37m/wd/hub/session/a2411462-0d34-43e1-b046-ea442ece9b3e/window/rect[39m
[35m[HTTP][39m [90m{}[39m
[35m[HTTP][39m [37m<-- GET /wd/hub/session/a2411462-0d34-43e1-b046-ea442ece9b3e/window/rect [39m[32m200[39m [90m16 ms - 49[39m
[35m[HTTP][39m [90m[39m
[35m[HTTP][39m [37m-->[39m [37mPOST[39m [37m/wd/hub/session/a2411462-0d34-43e1-b046-ea442ece9b3e/elements[39m
[35m[HTTP][39m [90m{"using":"xpath","value":"//*[@class = 'android.widget.EditText' and (@text = 'Masukkan nomor handphone Anda' or . = 'Masukkan nomor handphone Anda') and @resource-id = 'com.kfc.mobile:id/edit_text']"}[39m
[35m[HTTP][39m [37m<-- POST /wd/hub/session/a2411462-0d34-43e1-b046-ea442ece9b3e/elements [39m[32m200[39m [90m832 ms - 12[39m
[35m[HTTP][39m [90m[39m
[35m[HTTP][39m [37m-->[39m [37mPOST[39m [37m/wd/hub/session/a2411462-0d34-43e1-b046-ea442ece9b3e/elements[39m
[35m[HTTP][39m [90m{"using":"xpath","value":"//*[@class = 'android.widget.EditText' and (@text = 'Masukkan nomor handphone Anda' or . = 'Masukkan nomor handphone Anda') and @resource-id = 'com.kfc.mobile:id/edit_text']"}[39m
[35m[HTTP][39m [37m<-- POST /wd/hub/session/a2411462-0d34-43e1-b046-ea442ece9b3e/elements [39m[32m200[39m [90m1149 ms - 139[39m
[35m[HTTP][39m [90m[39m
[35m[HTTP][39m [37m-->[39m [37mGET[39m [37m/wd/hub/session/a2411462-0d34-43e1-b046-ea442ece9b3e/element/00000000-0000-01e3-7fff-ffff0000007f/location[39m
[35m[HTTP][39m [90m{}[39m
[35m[W3C (a2411462)][39m Driver proxy active, passing request on via HTTP proxy
[35m[WD Proxy][39m Replacing sessionId f206fbd0-5c60-40cd-b247-d1e493dc2ff7 with a2411462-0d34-43e1-b046-ea442ece9b3e
[35m[HTTP][39m [37m<-- GET /wd/hub/session/a2411462-0d34-43e1-b046-ea442ece9b3e/element/00000000-0000-01e3-7fff-ffff0000007f/location [39m[32m200[39m [90m310 ms - 77[39m
[35m[HTTP][39m [90m[39m
[35m[HTTP][39m [37m-->[39m [37mPOST[39m [37m/wd/hub/session/a2411462-0d34-43e1-b046-ea442ece9b3e/timeouts[39m
[35m[HTTP][39m [90m{"implicit":30000}[39m
[35m[HTTP][39m [37m<-- POST /wd/hub/session/a2411462-0d34-43e1-b046-ea442ece9b3e/timeouts [39m[32m200[39m [90m1 ms - 14[39m
[35m[HTTP][39m [90m[39m
[35m[HTTP][39m [37m-->[39m [37mPOST[39m [37m/wd/hub/session/a2411462-0d34-43e1-b046-ea442ece9b3e/element/00000000-0000-01e3-7fff-ffff0000007f/clear[39m
[35m[HTTP][39m [90m{"id":"00000000-0000-01e3-7fff-ffff0000007f"}[39m
[35m[HTTP][39m [37m<-- POST /wd/hub/session/a2411462-0d34-43e1-b046-ea442ece9b3e/element/00000000-0000-01e3-7fff-ffff0000007f/clear [39m[32m200[39m [90m61 ms - 14[39m
[35m[HTTP][39m [90m[39m
[35m[HTTP][39m [37m-->[39m [37mPOST[39m [37m/wd/hub/session/a2411462-0d34-43e1-b046-ea442ece9b3e/element/00000000-0000-01e3-7fff-ffff0000007f/value[39m
[35m[HTTP][39m [90m{"id":"00000000-0000-01e3-7fff-ffff0000007f","text":"","value":[]}[39m
[35m[HTTP][39m [37m<-- POST /wd/hub/session/a2411462-0d34-43e1-b046-ea442ece9b3e/element/00000000-0000-01e3-7fff-ffff0000007f/value [39m[32m200[39m [90m1106 ms - 14[39m
[35m[HTTP][39m [90m[39m
[35m[HTTP][39m [37m-->[39m [37mGET[39m [37m/wd/hub/session/a2411462-0d34-43e1-b046-ea442ece9b3e/context[39m
[35m[HTTP][39m [90m{}[39m
[35m[HTTP][39m [37m<-- GET /wd/hub/session/a2411462-0d34-43e1-b046-ea442ece9b3e/context [39m[32m200[39m [90m1 ms - 22[39m
[35m[HTTP][39m [90m[39m
[35m[HTTP][39m [37m-->[39m [37mGET[39m [37m/wd/hub/session/a2411462-0d34-43e1-b046-ea442ece9b3e/contexts[39m
[35m[HTTP][39m [90m{}[39m
[35m[HTTP][39m [37m<-- GET /wd/hub/session/a2411462-0d34-43e1-b046-ea442ece9b3e/contexts [39m[32m200[39m [90m76 ms - 24[39m
[35m[HTTP][39m [90m[39m
[35m[HTTP][39m [37m-->[39m [37mPOST[39m [37m/wd/hub/session/a2411462-0d34-43e1-b046-ea442ece9b3e/context[39m
[35m[HTTP][39m [90m{"name":"NATIVE_APP"}[39m
[35m[HTTP][39m [37m<-- POST /wd/hub/session/a2411462-0d34-43e1-b046-ea442ece9b3e/context [39m[32m200[39m [90m1 ms - 14[39m
[35m[HTTP][39m [90m[39m
[35m[HTTP][39m [37m-->[39m [37mPOST[39m [37m/wd/hub/session/a2411462-0d34-43e1-b046-ea442ece9b3e/appium/device/hide_keyboard[39m
[35m[HTTP][39m [90m{}[39m
[35m[ADB][39m Keyboard has no UI; no closing necessary
[35m[HTTP][39m [37m<-- POST /wd/hub/session/a2411462-0d34-43e1-b046-ea442ece9b3e/appium/device/hide_keyboard [39m[32m200[39m [90m1779 ms - 15[39m
[35m[HTTP][39m [90m[39m
[35m[HTTP][39m [37m-->[39m [37mPOST[39m [37m/wd/hub/session/a2411462-0d34-43e1-b046-ea442ece9b3e/context[39m
[35m[HTTP][39m [90m{"name":"NATIVE_APP"}[39m
[35m[HTTP][39m [37m<-- POST /wd/hub/session/a2411462-0d34-43e1-b046-ea442ece9b3e/context [39m[32m200[39m [90m1 ms - 14[39m
[35m[HTTP][39m [90m[39m
[35m[HTTP][39m [37m-->[39m [37mPOST[39m [37m/wd/hub/session/a2411462-0d34-43e1-b046-ea442ece9b3e/timeouts[39m
[35m[HTTP][39m [90m{"implicit":50}[39m
[35m[HTTP][39m [37m<-- POST /wd/hub/session/a2411462-0d34-43e1-b046-ea442ece9b3e/timeouts [39m[32m200[39m [90m2 ms - 14[39m
[35m[HTTP][39m [90m[39m
[35m[HTTP][39m [37m-->[39m [37mGET[39m [37m/wd/hub/session/a2411462-0d34-43e1-b046-ea442ece9b3e/window/rect[39m
[35m[HTTP][39m [90m{}[39m
[35m[HTTP][39m [37m<-- GET /wd/hub/session/a2411462-0d34-43e1-b046-ea442ece9b3e/window/rect [39m[32m200[39m [90m24 ms - 49[39m
[35m[HTTP][39m [90m[39m
[35m[HTTP][39m [37m-->[39m [37mPOST[39m [37m/wd/hub/session/a2411462-0d34-43e1-b046-ea442ece9b3e/elements[39m
[35m[HTTP][39m [90m{"using":"xpath","value":"//*[@class = 'android.widget.EditText' and (@text = 'Ketik kata sandi Anda' or . = 'Ketik kata sandi Anda') and @resource-id = 'com.kfc.mobile:id/edit_text']"}[39m
[35m[HTTP][39m [37m<-- POST /wd/hub/session/a2411462-0d34-43e1-b046-ea442ece9b3e/elements [39m[32m200[39m [90m260 ms - 139[39m
[35m[HTTP][39m [90m[39m
[35m[HTTP][39m [37m-->[39m [37mGET[39m [37m/wd/hub/session/a2411462-0d34-43e1-b046-ea442ece9b3e/element/00000000-0000-01e3-7fff-ffff0000009f/location[39m
[35m[HTTP][39m [90m{}[39m
[35m[W3C (a2411462)][39m Driver proxy active, passing request on via HTTP proxy
[35m[WD Proxy][39m Replacing sessionId f206fbd0-5c60-40cd-b247-d1e493dc2ff7 with a2411462-0d34-43e1-b046-ea442ece9b3e
[35m[HTTP][39m [37m<-- GET /wd/hub/session/a2411462-0d34-43e1-b046-ea442ece9b3e/element/00000000-0000-01e3-7fff-ffff0000009f/location [39m[32m200[39m [90m27 ms - 77[39m
[35m[HTTP][39m [90m[39m
[35m[HTTP][39m [37m-->[39m [37mPOST[39m [37m/wd/hub/session/a2411462-0d34-43e1-b046-ea442ece9b3e/timeouts[39m
[35m[HTTP][39m [90m{"implicit":30000}[39m
[35m[HTTP][39m [37m<-- POST /wd/hub/session/a2411462-0d34-43e1-b046-ea442ece9b3e/timeouts [39m[32m200[39m [90m1 ms - 14[39m
[35m[HTTP][39m [90m[39m
[35m[HTTP][39m [37m-->[39m [37mPOST[39m [37m/wd/hub/session/a2411462-0d34-43e1-b046-ea442ece9b3e/element/00000000-0000-01e3-7fff-ffff0000009f/clear[39m
[35m[HTTP][39m [90m{"id":"00000000-0000-01e3-7fff-ffff0000009f"}[39m
[35m[HTTP][39m [37m<-- POST /wd/hub/session/a2411462-0d34-43e1-b046-ea442ece9b3e/element/00000000-0000-01e3-7fff-ffff0000009f/clear [39m[32m200[39m [90m39 ms - 14[39m
[35m[HTTP][39m [90m[39m
[35m[HTTP][39m [37m-->[39m [37mPOST[39m [37m/wd/hub/session/a2411462-0d34-43e1-b046-ea442ece9b3e/element/00000000-0000-01e3-7fff-ffff0000009f/value[39m
[35m[HTTP][39m [90m{"id":"00000000-0000-01e3-7fff-ffff0000009f","text":"","value":[]}[39m
[35m[HTTP][39m [37m<-- POST /wd/hub/session/a2411462-0d34-43e1-b046-ea442ece9b3e/element/00000000-0000-01e3-7fff-ffff0000009f/value [39m[32m200[39m [90m1675 ms - 14[39m
[35m[HTTP][39m [90m[39m
[35m[HTTP][39m [37m-->[39m [37mGET[39m [37m/wd/hub/session/a2411462-0d34-43e1-b046-ea442ece9b3e/context[39m
[35m[HTTP][39m [90m{}[39m
[35m[HTTP][39m [37m<-- GET /wd/hub/session/a2411462-0d34-43e1-b046-ea442ece9b3e/context [39m[32m200[39m [90m1 ms - 22[39m
[35m[HTTP][39m [90m[39m
[35m[HTTP][39m [37m-->[39m [37mGET[39m [37m/wd/hub/session/a2411462-0d34-43e1-b046-ea442ece9b3e/contexts[39m
[35m[HTTP][39m [90m{}[39m
[35m[HTTP][39m [37m<-- GET /wd/hub/session/a2411462-0d34-43e1-b046-ea442ece9b3e/contexts [39m[32m200[39m [90m58 ms - 24[39m
[35m[HTTP][39m [90m[39m
[35m[HTTP][39m [37m-->[39m [37mPOST[39m [37m/wd/hub/session/a2411462-0d34-43e1-b046-ea442ece9b3e/context[39m
[35m[HTTP][39m [90m{"name":"NATIVE_APP"}[39m
[35m[HTTP][39m [37m<-- POST /wd/hub/session/a2411462-0d34-43e1-b046-ea442ece9b3e/context [39m[32m200[39m [90m2 ms - 14[39m
[35m[HTTP][39m [90m[39m
[35m[HTTP][39m [37m-->[39m [37mPOST[39m [37m/wd/hub/session/a2411462-0d34-43e1-b046-ea442ece9b3e/appium/device/hide_keyboard[39m
[35m[HTTP][39m [90m{}[39m
[35m[ADB][39m Keyboard has no UI; no closing necessary
[35m[HTTP][39m [37m<-- POST /wd/hub/session/a2411462-0d34-43e1-b046-ea442ece9b3e/appium/device/hide_keyboard [39m[32m200[39m [90m1236 ms - 15[39m
[35m[HTTP][39m [90m[39m
[35m[HTTP][39m [37m-->[39m [37mPOST[39m [37m/wd/hub/session/a2411462-0d34-43e1-b046-ea442ece9b3e/context[39m
[35m[HTTP][39m [90m{"name":"NATIVE_APP"}[39m
[35m[HTTP][39m [37m<-- POST /wd/hub/session/a2411462-0d34-43e1-b046-ea442ece9b3e/context [39m[32m200[39m [90m1 ms - 14[39m
[35m[HTTP][39m [90m[39m
[35m[HTTP][39m [37m-->[39m [37mPOST[39m [37m/wd/hub/session/a2411462-0d34-43e1-b046-ea442ece9b3e/timeouts[39m
[35m[HTTP][39m [90m{"implicit":50}[39m
[35m[HTTP][39m [37m<-- POST /wd/hub/session/a2411462-0d34-43e1-b046-ea442ece9b3e/timeouts [39m[32m200[39m [90m1 ms - 14[39m
[35m[HTTP][39m [90m[39m
[35m[HTTP][39m [37m-->[39m [37mGET[39m [37m/wd/hub/session/a2411462-0d34-43e1-b046-ea442ece9b3e/window/rect[39m
[35m[HTTP][39m [90m{}[39m
[35m[HTTP][39m [37m<-- GET /wd/hub/session/a2411462-0d34-43e1-b046-ea442ece9b3e/window/rect [39m[32m200[39m [90m21 ms - 49[39m
[35m[HTTP][39m [90m[39m
[35m[HTTP][39m [37m-->[39m [37mPOST[39m [37m/wd/hub/session/a2411462-0d34-43e1-b046-ea442ece9b3e/elements[39m
[35m[HTTP][39m [90m{"using":"xpath","value":"//*[@class = 'android.widget.Button' and (@text = 'Masuk' or . = 'Masuk') and @resource-id = 'com.kfc.mobile:id/button_login']"}[39m
[35m[HTTP][39m [37m<-- POST /wd/hub/session/a2411462-0d34-43e1-b046-ea442ece9b3e/elements [39m[32m200[39m [90m249 ms - 139[39m
[35m[HTTP][39m [90m[39m
[35m[HTTP][39m [37m-->[39m [37mGET[39m [37m/wd/hub/session/a2411462-0d34-43e1-b046-ea442ece9b3e/element/00000000-0000-01e3-7fff-ffff00000094/location[39m
[35m[HTTP][39m [90m{}[39m
[35m[W3C (a2411462)][39m Driver proxy active, passing request on via HTTP proxy
[35m[WD Proxy][39m Replacing sessionId f206fbd0-5c60-40cd-b247-d1e493dc2ff7 with a2411462-0d34-43e1-b046-ea442ece9b3e
[35m[HTTP][39m [37m<-- GET /wd/hub/session/a2411462-0d34-43e1-b046-ea442ece9b3e/element/00000000-0000-01e3-7fff-ffff00000094/location [39m[32m200[39m [90m29 ms - 77[39m
[35m[HTTP][39m [90m[39m
[35m[HTTP][39m [37m-->[39m [37mPOST[39m [37m/wd/hub/session/a2411462-0d34-43e1-b046-ea442ece9b3e/timeouts[39m
[35m[HTTP][39m [90m{"implicit":30000}[39m
[35m[HTTP][39m [37m<-- POST /wd/hub/session/a2411462-0d34-43e1-b046-ea442ece9b3e/timeouts [39m[32m200[39m [90m1 ms - 14[39m
[35m[HTTP][39m [90m[39m
[35m[HTTP][39m [37m-->[39m [37mPOST[39m [37m/wd/hub/session/a2411462-0d34-43e1-b046-ea442ece9b3e/element/00000000-0000-01e3-7fff-ffff00000094/click[39m
[35m[HTTP][39m [90m{"id":"00000000-0000-01e3-7fff-ffff00000094"}[39m
[35m[HTTP][39m [37m<-- POST /wd/hub/session/a2411462-0d34-43e1-b046-ea442ece9b3e/element/00000000-0000-01e3-7fff-ffff00000094/click [39m[32m200[39m [90m44 ms - 14[39m
[35m[HTTP][39m [90m[39m
[35m[HTTP][39m [37m-->[39m [37mPOST[39m [37m/wd/hub/session/a2411462-0d34-43e1-b046-ea442ece9b3e/timeouts[39m
[35m[HTTP][39m [90m{"implicit":50}[39m
[35m[HTTP][39m [37m<-- POST /wd/hub/session/a2411462-0d34-43e1-b046-ea442ece9b3e/timeouts [39m[32m200[39m [90m1 ms - 14[39m
[35m[HTTP][39m [90m[39m
[35m[HTTP][39m [37m-->[39m [37mGET[39m [37m/wd/hub/session/a2411462-0d34-43e1-b046-ea442ece9b3e/window/rect[39m
[35m[HTTP][39m [90m{}[39m
[35m[HTTP][39m [37m<-- GET /wd/hub/session/a2411462-0d34-43e1-b046-ea442ece9b3e/window/rect [39m[32m200[39m [90m34 ms - 49[39m
[35m[HTTP][39m [90m[39m
[35m[HTTP][39m [37m-->[39m [37mPOST[39m [37m/wd/hub/session/a2411462-0d34-43e1-b046-ea442ece9b3e/elements[39m
[35m[HTTP][39m [90m{"using":"xpath","value":"//*[@class = 'android.widget.TextView' and (@text = 'Mohon masukkan nomor handphone Anda' or . = 'Mohon masukkan nomor handphone Anda') and @resource-id = 'com.kfc.mobile:id/text_view_error']"}[39m
[35m[HTTP][39m [37m<-- POST /wd/hub/session/a2411462-0d34-43e1-b046-ea442ece9b3e/elements [39m[32m200[39m [90m245 ms - 139[39m
[35m[HTTP][39m [90m[39m
[35m[HTTP][39m [37m-->[39m [37mGET[39m [37m/wd/hub/session/a2411462-0d34-43e1-b046-ea442ece9b3e/element/00000000-0000-01e3-7fff-ffff000000c9/location[39m
[35m[HTTP][39m [90m{}[39m
[35m[W3C (a2411462)][39m Driver proxy active, passing request on via HTTP proxy
[35m[WD Proxy][39m Replacing sessionId f206fbd0-5c60-40cd-b247-d1e493dc2ff7 with a2411462-0d34-43e1-b046-ea442ece9b3e
[35m[HTTP][39m [37m<-- GET /wd/hub/session/a2411462-0d34-43e1-b046-ea442ece9b3e/element/00000000-0000-01e3-7fff-ffff000000c9/location [39m[32m200[39m [90m27 ms - 77[39m
[35m[HTTP][39m [90m[39m
[35m[HTTP][39m [37m-->[39m [37mPOST[39m [37m/wd/hub/session/a2411462-0d34-43e1-b046-ea442ece9b3e/timeouts[39m
[35m[HTTP][39m [90m{"implicit":30000}[39m
[35m[HTTP][39m [37m<-- POST /wd/hub/session/a2411462-0d34-43e1-b046-ea442ece9b3e/timeouts [39m[32m200[39m [90m1 ms - 14[39m
[35m[HTTP][39m [90m[39m
[35m[HTTP][39m [37m-->[39m [37mPOST[39m [37m/wd/hub/session/a2411462-0d34-43e1-b046-ea442ece9b3e/timeouts[39m
[35m[HTTP][39m [90m{"implicit":50}[39m
[35m[HTTP][39m [37m<-- POST /wd/hub/session/a2411462-0d34-43e1-b046-ea442ece9b3e/timeouts [39m[32m200[39m [90m2 ms - 14[39m
[35m[HTTP][39m [90m[39m
[35m[HTTP][39m [37m-->[39m [37mGET[39m [37m/wd/hub/session/a2411462-0d34-43e1-b046-ea442ece9b3e/window/rect[39m
[35m[HTTP][39m [90m{}[39m
[35m[HTTP][39m [37m<-- GET /wd/hub/session/a2411462-0d34-43e1-b046-ea442ece9b3e/window/rect [39m[32m200[39m [90m28 ms - 49[39m
[35m[HTTP][39m [90m[39m
[35m[HTTP][39m [37m-->[39m [37mPOST[39m [37m/wd/hub/session/a2411462-0d34-43e1-b046-ea442ece9b3e/elements[39m
[35m[HTTP][39m [90m{"using":"xpath","value":"//*[@class = 'android.widget.TextView' and (@text = 'Masukkan kata sandi Anda yang benar' or . = 'Masukkan kata sandi Anda yang benar') and @resource-id = 'com.kfc.mobile:id/text_view_error']"}[39m
[35m[HTTP][39m [37m<-- POST /wd/hub/session/a2411462-0d34-43e1-b046-ea442ece9b3e/elements [39m[32m200[39m [90m224 ms - 139[39m
[35m[HTTP][39m [90m[39m
[35m[HTTP][39m [37m-->[39m [37mGET[39m [37m/wd/hub/session/a2411462-0d34-43e1-b046-ea442ece9b3e/element/00000000-0000-01e3-7fff-ffff000000cd/location[39m
[35m[HTTP][39m [90m{}[39m
[35m[W3C (a2411462)][39m Driver proxy active, passing request on via HTTP proxy
[35m[WD Proxy][39m Replacing sessionId f206fbd0-5c60-40cd-b247-d1e493dc2ff7 with a2411462-0d34-43e1-b046-ea442ece9b3e
[35m[HTTP][39m [37m<-- GET /wd/hub/session/a2411462-0d34-43e1-b046-ea442ece9b3e/element/00000000-0000-01e3-7fff-ffff000000cd/location [39m[32m200[39m [90m25 ms - 77[39m
[35m[HTTP][39m [90m[39m
[35m[HTTP][39m [37m-->[39m [37mPOST[39m [37m/wd/hub/session/a2411462-0d34-43e1-b046-ea442ece9b3e/timeouts[39m
[35m[HTTP][39m [90m{"implicit":30000}[39m
[35m[HTTP][39m [37m<-- POST /wd/hub/session/a2411462-0d34-43e1-b046-ea442ece9b3e/timeouts [39m[32m200[39m [90m2 ms - 14[39m
[35m[HTTP][39m [90m[39m
[35m[HTTP][39m [37m-->[39m [37mGET[39m [37m/wd/hub/status[39m
[35m[HTTP][39m [90m{}[39m
[35m[HTTP][39m [37m<-- GET /wd/hub/status [39m[32m200[39m [90m1 ms - 68[39m
[35m[HTTP][39m [90m[39m
[35m[HTTP][39m [37m-->[39m [37mPOST[39m [37m/wd/hub/session[39m
[35m[HTTP][39m [90m{"desiredCapabilities":{"appPackage":"com.kfc.mobile.hkStaging","noReset":true,"deviceId":"","deviceName":"OPPO CPH1801 (Android 7.1.1)","platform":"ANDROID","appActivity":"com.kfc.mobile.presentation.splash.SplashActivity","newCommandTimeout":1800,"platformVersion":"7.1.1","automationName":"uiautomator2","autoGrantPermissions":true,"platformName":"Android","udid":"aa14e06a","systemPort":8212},"capabilities":{"firstMatch":[{"appium:appActivity":"com.kfc.mobile.presentation.splash.SplashActivity","appium:appPackage":"com.kfc.mobile.hkStaging","appium:autoGrantPermissions":true,"appium:automationName":"uiautomator2","deviceId":"","appium:deviceName":"OPPO CPH1801 (Android 7.1.1)","appium:newCommandTimeout":1800,"appium:noReset":true,"platform":"ANDROID","platformName":"android","appium:platformVersion":"7.1.1","appium:systemPort":8212,"appium:udid":"aa14e06a"}]}}[39m
[35m[BaseDriver][39m The following capabilities are not standard capabilities and should have an extension prefix:
[35m[BaseDriver][39m   deviceId
[35m[BaseDriver][39m   platform
[35m[BaseDriver][39m   chromedriverPort
[35m[Appium][39m Appium v1.22.3 creating new AndroidUiautomator2Driver (v1.70.1) session
[35m[BaseDriver][39m The following capabilities were provided, but are not recognized by Appium:
[35m[BaseDriver][39m   deviceId
[35m[BaseDriver][39m   platform
[35m[BaseDriver][39m Session created with session id: c633048f-4337-4fae-8d05-35533f3b7d61
[35m[UiAutomator2][39m Starting 'com.kfc.mobile.hkStaging' directly on the device
[35m[ADB][39m Using 'adb.exe' from 'C:\Users\Ahadian Rifky\.katalon\tools\android_sdk\platform-tools\adb.exe'
[35m[AndroidDriver][39m Retrieving device list
[35m[AndroidDriver][39m Using device: aa14e06a
[35m[ADB][39m Using 'adb.exe' from 'C:\Users\Ahadian Rifky\.katalon\tools\android_sdk\platform-tools\adb.exe'
[35m[AndroidDriver][39m No app sent in, not parsing package/activity
[35m[UiAutomator2][39m Server packages are not going to be (re)installed
[35m[ADB][39m Adding packages ["io.appium.settings","io.appium.uiautomator2.server","io.appium.uiautomator2.server.test"] to Doze whitelist
[35m[UiAutomator2][39m Starting UIAutomator2 server 4.27.0
[35m[UiAutomator2][39m Using UIAutomator2 server from 'C:\Users\Ahadian Rifky\AppData\Roaming\npm\node_modules\appium\node_modules\appium-uiautomator2-server\apks\appium-uiautomator2-server-v4.27.0.apk' and test from 'C:\Users\Ahadian Rifky\AppData\Roaming\npm\node_modules\appium\node_modules\appium-uiautomator2-server\apks\appium-uiautomator2-server-debug-androidTest.apk'
[35m[UiAutomator2][39m Waiting up to 30000ms for UiAutomator2 to be online...
[35m[WD Proxy][39m socket hang up
[35m[WD Proxy][39m socket hang up
[35m[WD Proxy][39m socket hang up
[35m[WD Proxy][39m Determined the downstream protocol as 'W3C'
[35m[AndroidDriver][39m Screen already unlocked, doing nothing
[35m[UiAutomator2][39m Starting 'com.kfc.mobile.hkStaging/com.kfc.mobile.presentation.splash.SplashActivity and waiting for 'com.kfc.mobile.hkStaging/com.kfc.mobile.presentation.splash.SplashActivity'
[35m[Appium][39m New AndroidUiautomator2Driver session created successfully, session c633048f-4337-4fae-8d05-35533f3b7d61 added to master session list
[35m[HTTP][39m [37m<-- POST /wd/hub/session [39m[32m200[39m [90m13739 ms - 1287[39m
[35m[HTTP][39m [90m[39m
[35m[HTTP][39m [37m-->[39m [37mGET[39m [37m/wd/hub/session/c633048f-4337-4fae-8d05-35533f3b7d61[39m
[35m[HTTP][39m [90m{}[39m
[35m[HTTP][39m [37m<-- GET /wd/hub/session/c633048f-4337-4fae-8d05-35533f3b7d61 [39m[32m200[39m [90m20 ms - 1241[39m
[35m[HTTP][39m [90m[39m
[35m[HTTP][39m [37m-->[39m [37mGET[39m [37m/wd/hub/session/c633048f-4337-4fae-8d05-35533f3b7d61[39m
[35m[HTTP][39m [90m{}[39m
[35m[HTTP][39m [37m<-- GET /wd/hub/session/c633048f-4337-4fae-8d05-35533f3b7d61 [39m[32m200[39m [90m19 ms - 1241[39m
[35m[HTTP][39m [90m[39m
[35m[HTTP][39m [37m-->[39m [37mGET[39m [37m/wd/hub/status[39m
[35m[HTTP][39m [90m{}[39m
[35m[HTTP][39m [37m<-- GET /wd/hub/status [39m[32m200[39m [90m1 ms - 68[39m
[35m[HTTP][39m [90m[39m
[35m[HTTP][39m [37m-->[39m [37mPOST[39m [37m/wd/hub/session/c633048f-4337-4fae-8d05-35533f3b7d61/timeouts[39m
[35m[HTTP][39m [90m{"implicit":30000}[39m
[35m[HTTP][39m [37m<-- POST /wd/hub/session/c633048f-4337-4fae-8d05-35533f3b7d61/timeouts [39m[32m200[39m [90m2 ms - 14[39m
[35m[HTTP][39m [90m[39m
[35m[HTTP][39m [37m-->[39m [37mGET[39m [37m/wd/hub/session/c633048f-4337-4fae-8d05-35533f3b7d61/screenshot[39m
[35m[HTTP][39m [90m{}[39m
[35m[HTTP][39m [37m<-- GET /wd/hub/session/c633048f-4337-4fae-8d05-35533f3b7d61/screenshot [39m[32m200[39m [90m630 ms - 259034[39m
[35m[HTTP][39m [90m[39m
[35m[HTTP][39m [37m-->[39m [37mGET[39m [37m/wd/hub/session/c633048f-4337-4fae-8d05-35533f3b7d61/window/rect[39m
[35m[HTTP][39m [90m{}[39m
[35m[HTTP][39m [37m<-- GET /wd/hub/session/c633048f-4337-4fae-8d05-35533f3b7d61/window/rect [39m[32m200[39m [90m35 ms - 49[39m
[35m[HTTP][39m [90m[39m
[35m[HTTP][39m [37m-->[39m [37mGET[39m [37m/wd/hub/session/c633048f-4337-4fae-8d05-35533f3b7d61/appium/device/system_bars[39m
[35m[HTTP][39m [90m{}[39m
[35m[HTTP][39m [37m<-- GET /wd/hub/session/c633048f-4337-4fae-8d05-35533f3b7d61/appium/device/system_bars [39m[31m500[39m [90m126 ms - 663[39m
[35m[HTTP][39m [90m[39m
[35m[HTTP][39m [37m-->[39m [37mPOST[39m [37m/wd/hub/session/c633048f-4337-4fae-8d05-35533f3b7d61/execute/sync[39m
[35m[HTTP][39m [90m{"script":"mobile:viewportRect","args":[]}[39m
[35m[AndroidDriver][39m Executing native command 'mobile:viewportRect'
[35m[HTTP][39m [37m<-- POST /wd/hub/session/c633048f-4337-4fae-8d05-35533f3b7d61/execute/sync [39m[32m200[39m [90m36 ms - 55[39m
[35m[HTTP][39m [90m[39m
[35m[HTTP][39m [37m-->[39m [37mPOST[39m [37m/wd/hub/session/c633048f-4337-4fae-8d05-35533f3b7d61/appium/device/activate_app[39m
[35m[HTTP][39m [90m{"bundleId":"com.kfc.mobile"}[39m
[35m[HTTP][39m [37m<-- POST /wd/hub/session/c633048f-4337-4fae-8d05-35533f3b7d61/appium/device/activate_app [39m[32m200[39m [90m1505 ms - 14[39m
[35m[HTTP][39m [90m[39m
[35m[HTTP][39m [37m-->[39m [37mGET[39m [37m/wd/hub/session/c633048f-4337-4fae-8d05-35533f3b7d61/context[39m
[35m[HTTP][39m [90m{}[39m
[35m[HTTP][39m [37m<-- GET /wd/hub/session/c633048f-4337-4fae-8d05-35533f3b7d61/context [39m[32m200[39m [90m2 ms - 22[39m
[35m[HTTP][39m [90m[39m
[35m[HTTP][39m [37m-->[39m [37mGET[39m [37m/wd/hub/session/c633048f-4337-4fae-8d05-35533f3b7d61/contexts[39m
[35m[HTTP][39m [90m{}[39m
[35m[HTTP][39m [37m<-- GET /wd/hub/session/c633048f-4337-4fae-8d05-35533f3b7d61/contexts [39m[32m200[39m [90m85 ms - 24[39m
[35m[HTTP][39m [90m[39m
[35m[HTTP][39m [37m-->[39m [37mPOST[39m [37m/wd/hub/session/c633048f-4337-4fae-8d05-35533f3b7d61/context[39m
[35m[HTTP][39m [90m{"name":"NATIVE_APP"}[39m
[35m[HTTP][39m [37m<-- POST /wd/hub/session/c633048f-4337-4fae-8d05-35533f3b7d61/context [39m[32m200[39m [90m2 ms - 14[39m
[35m[HTTP][39m [90m[39m
[35m[HTTP][39m [37m-->[39m [37mPOST[39m [37m/wd/hub/session/c633048f-4337-4fae-8d05-35533f3b7d61/appium/device/press_keycode[39m
[35m[HTTP][39m [90m{"keycode":4}[39m
[35m[HTTP][39m [37m<-- POST /wd/hub/session/c633048f-4337-4fae-8d05-35533f3b7d61/appium/device/press_keycode [39m[32m200[39m [90m54 ms - 14[39m
[35m[HTTP][39m [90m[39m
[35m[HTTP][39m [37m-->[39m [37mPOST[39m [37m/wd/hub/session/c633048f-4337-4fae-8d05-35533f3b7d61/context[39m
[35m[HTTP][39m [90m{"name":"NATIVE_APP"}[39m
[35m[HTTP][39m [37m<-- POST /wd/hub/session/c633048f-4337-4fae-8d05-35533f3b7d61/context [39m[32m200[39m [90m1 ms - 14[39m
[35m[HTTP][39m [90m[39m
[35m[HTTP][39m [37m-->[39m [37mPOST[39m [37m/wd/hub/session/c633048f-4337-4fae-8d05-35533f3b7d61/timeouts[39m
[35m[HTTP][39m [90m{"implicit":50}[39m
[35m[HTTP][39m [37m<-- POST /wd/hub/session/c633048f-4337-4fae-8d05-35533f3b7d61/timeouts [39m[32m200[39m [90m1 ms - 14[39m
[35m[HTTP][39m [90m[39m
[35m[HTTP][39m [37m-->[39m [37mGET[39m [37m/wd/hub/session/c633048f-4337-4fae-8d05-35533f3b7d61/window/rect[39m
[35m[HTTP][39m [90m{}[39m
[35m[HTTP][39m [37m<-- GET /wd/hub/session/c633048f-4337-4fae-8d05-35533f3b7d61/window/rect [39m[32m200[39m [90m16 ms - 49[39m
[35m[HTTP][39m [90m[39m
[35m[HTTP][39m [37m-->[39m [37mPOST[39m [37m/wd/hub/session/c633048f-4337-4fae-8d05-35533f3b7d61/elements[39m
[35m[HTTP][39m [90m{"using":"xpath","value":"//*[@class = 'android.widget.TextView' and (@text = 'Profil' or . = 'Profil') and @resource-id = 'com.kfc.mobile:id/tvBottomProfile']"}[39m
[35m[HTTP][39m [37m<-- POST /wd/hub/session/c633048f-4337-4fae-8d05-35533f3b7d61/elements [39m[32m200[39m [90m2201 ms - 139[39m
[35m[HTTP][39m [90m[39m
[35m[HTTP][39m [37m-->[39m [37mGET[39m [37m/wd/hub/session/c633048f-4337-4fae-8d05-35533f3b7d61/element/00000000-0000-01e6-7fff-ffff0000003a/location[39m
[35m[HTTP][39m [90m{}[39m
[35m[W3C (c633048f)][39m Driver proxy active, passing request on via HTTP proxy
[35m[WD Proxy][39m Replacing sessionId c9077496-fd47-4a05-b243-9af5db2ea3be with c633048f-4337-4fae-8d05-35533f3b7d61
[35m[HTTP][39m [37m<-- GET /wd/hub/session/c633048f-4337-4fae-8d05-35533f3b7d61/element/00000000-0000-01e6-7fff-ffff0000003a/location [39m[32m200[39m [90m38 ms - 79[39m
[35m[HTTP][39m [90m[39m
[35m[HTTP][39m [37m-->[39m [37mPOST[39m [37m/wd/hub/session/c633048f-4337-4fae-8d05-35533f3b7d61/timeouts[39m
[35m[HTTP][39m [90m{"implicit":30000}[39m
[35m[HTTP][39m [37m<-- POST /wd/hub/session/c633048f-4337-4fae-8d05-35533f3b7d61/timeouts [39m[32m200[39m [90m2 ms - 14[39m
[35m[HTTP][39m [90m[39m
[35m[HTTP][39m [37m-->[39m [37mPOST[39m [37m/wd/hub/session/c633048f-4337-4fae-8d05-35533f3b7d61/element/00000000-0000-01e6-7fff-ffff0000003a/click[39m
[35m[HTTP][39m [90m{"id":"00000000-0000-01e6-7fff-ffff0000003a"}[39m
[35m[HTTP][39m [37m<-- POST /wd/hub/session/c633048f-4337-4fae-8d05-35533f3b7d61/element/00000000-0000-01e6-7fff-ffff0000003a/click [39m[32m200[39m [90m59 ms - 14[39m
[35m[HTTP][39m [90m[39m
[35m[HTTP][39m [37m-->[39m [37mPOST[39m [37m/wd/hub/session/c633048f-4337-4fae-8d05-35533f3b7d61/timeouts[39m
[35m[HTTP][39m [90m{"implicit":50}[39m
[35m[HTTP][39m [37m<-- POST /wd/hub/session/c633048f-4337-4fae-8d05-35533f3b7d61/timeouts [39m[32m200[39m [90m2 ms - 14[39m
[35m[HTTP][39m [90m[39m
[35m[HTTP][39m [37m-->[39m [37mGET[39m [37m/wd/hub/session/c633048f-4337-4fae-8d05-35533f3b7d61/window/rect[39m
[35m[HTTP][39m [90m{}[39m
[35m[HTTP][39m [37m<-- GET /wd/hub/session/c633048f-4337-4fae-8d05-35533f3b7d61/window/rect [39m[32m200[39m [90m23 ms - 49[39m
[35m[HTTP][39m [90m[39m
[35m[HTTP][39m [37m-->[39m [37mPOST[39m [37m/wd/hub/session/c633048f-4337-4fae-8d05-35533f3b7d61/elements[39m
[35m[HTTP][39m [90m{"using":"xpath","value":"//*[@class = 'android.widget.EditText' and (@text = 'Masukkan nomor handphone Anda' or . = 'Masukkan nomor handphone Anda') and @resource-id = 'com.kfc.mobile:id/edit_text']"}[39m
[35m[HTTP][39m [37m<-- POST /wd/hub/session/c633048f-4337-4fae-8d05-35533f3b7d61/elements [39m[32m200[39m [90m1995 ms - 139[39m
[35m[HTTP][39m [90m[39m
[35m[HTTP][39m [37m-->[39m [37mGET[39m [37m/wd/hub/session/c633048f-4337-4fae-8d05-35533f3b7d61/element/00000000-0000-01f6-7fff-ffff00000100/location[39m
[35m[HTTP][39m [90m{}[39m
[35m[W3C (c633048f)][39m Driver proxy active, passing request on via HTTP proxy
[35m[WD Proxy][39m Replacing sessionId c9077496-fd47-4a05-b243-9af5db2ea3be with c633048f-4337-4fae-8d05-35533f3b7d61
[35m[HTTP][39m [37m<-- GET /wd/hub/session/c633048f-4337-4fae-8d05-35533f3b7d61/element/00000000-0000-01f6-7fff-ffff00000100/location [39m[32m200[39m [90m287 ms - 77[39m
[35m[HTTP][39m [90m[39m
[35m[HTTP][39m [37m-->[39m [37mPOST[39m [37m/wd/hub/session/c633048f-4337-4fae-8d05-35533f3b7d61/timeouts[39m
[35m[HTTP][39m [90m{"implicit":30000}[39m
[35m[HTTP][39m [37m<-- POST /wd/hub/session/c633048f-4337-4fae-8d05-35533f3b7d61/timeouts [39m[32m200[39m [90m4 ms - 14[39m
[35m[HTTP][39m [90m[39m
[35m[HTTP][39m [37m-->[39m [37mPOST[39m [37m/wd/hub/session/c633048f-4337-4fae-8d05-35533f3b7d61/element/00000000-0000-01f6-7fff-ffff00000100/clear[39m
[35m[HTTP][39m [90m{"id":"00000000-0000-01f6-7fff-ffff00000100"}[39m
[35m[HTTP][39m [37m<-- POST /wd/hub/session/c633048f-4337-4fae-8d05-35533f3b7d61/element/00000000-0000-01f6-7fff-ffff00000100/clear [39m[32m200[39m [90m62 ms - 14[39m
[35m[HTTP][39m [90m[39m
[35m[HTTP][39m [37m-->[39m [37mPOST[39m [37m/wd/hub/session/c633048f-4337-4fae-8d05-35533f3b7d61/element/00000000-0000-01f6-7fff-ffff00000100/value[39m
[35m[HTTP][39m [90m{"id":"00000000-0000-01f6-7fff-ffff00000100","text":"081211287388","value":["0","8","1","2","1","1","2","8","7","3","8","8"]}[39m
[35m[HTTP][39m [37m<-- POST /wd/hub/session/c633048f-4337-4fae-8d05-35533f3b7d61/element/00000000-0000-01f6-7fff-ffff00000100/value [39m[32m200[39m [90m1113 ms - 14[39m
[35m[HTTP][39m [90m[39m
[35m[HTTP][39m [37m-->[39m [37mGET[39m [37m/wd/hub/session/c633048f-4337-4fae-8d05-35533f3b7d61/context[39m
[35m[HTTP][39m [90m{}[39m
[35m[HTTP][39m [37m<-- GET /wd/hub/session/c633048f-4337-4fae-8d05-35533f3b7d61/context [39m[32m200[39m [90m1 ms - 22[39m
[35m[HTTP][39m [90m[39m
[35m[HTTP][39m [37m-->[39m [37mGET[39m [37m/wd/hub/session/c633048f-4337-4fae-8d05-35533f3b7d61/contexts[39m
[35m[HTTP][39m [90m{}[39m
[35m[HTTP][39m [37m<-- GET /wd/hub/session/c633048f-4337-4fae-8d05-35533f3b7d61/contexts [39m[32m200[39m [90m68 ms - 24[39m
[35m[HTTP][39m [90m[39m
[35m[HTTP][39m [37m-->[39m [37mPOST[39m [37m/wd/hub/session/c633048f-4337-4fae-8d05-35533f3b7d61/context[39m
[35m[HTTP][39m [90m{"name":"NATIVE_APP"}[39m
[35m[HTTP][39m [37m<-- POST /wd/hub/session/c633048f-4337-4fae-8d05-35533f3b7d61/context [39m[32m200[39m [90m1 ms - 14[39m
[35m[HTTP][39m [90m[39m
[35m[HTTP][39m [37m-->[39m [37mPOST[39m [37m/wd/hub/session/c633048f-4337-4fae-8d05-35533f3b7d61/appium/device/hide_keyboard[39m
[35m[HTTP][39m [90m{}[39m
[35m[ADB][39m Keyboard has no UI; no closing necessary
[35m[HTTP][39m [37m<-- POST /wd/hub/session/c633048f-4337-4fae-8d05-35533f3b7d61/appium/device/hide_keyboard [39m[32m200[39m [90m1226 ms - 15[39m
[35m[HTTP][39m [90m[39m
[35m[HTTP][39m [37m-->[39m [37mPOST[39m [37m/wd/hub/session/c633048f-4337-4fae-8d05-35533f3b7d61/context[39m
[35m[HTTP][39m [90m{"name":"NATIVE_APP"}[39m
[35m[HTTP][39m [37m<-- POST /wd/hub/session/c633048f-4337-4fae-8d05-35533f3b7d61/context [39m[32m200[39m [90m1 ms - 14[39m
[35m[HTTP][39m [90m[39m
[35m[HTTP][39m [37m-->[39m [37mPOST[39m [37m/wd/hub/session/c633048f-4337-4fae-8d05-35533f3b7d61/timeouts[39m
[35m[HTTP][39m [90m{"implicit":50}[39m
[35m[HTTP][39m [37m<-- POST /wd/hub/session/c633048f-4337-4fae-8d05-35533f3b7d61/timeouts [39m[32m200[39m [90m2 ms - 14[39m
[35m[HTTP][39m [90m[39m
[35m[HTTP][39m [37m-->[39m [37mGET[39m [37m/wd/hub/session/c633048f-4337-4fae-8d05-35533f3b7d61/window/rect[39m
[35m[HTTP][39m [90m{}[39m
[35m[HTTP][39m [37m<-- GET /wd/hub/session/c633048f-4337-4fae-8d05-35533f3b7d61/window/rect [39m[32m200[39m [90m30 ms - 49[39m
[35m[HTTP][39m [90m[39m
[35m[HTTP][39m [37m-->[39m [37mPOST[39m [37m/wd/hub/session/c633048f-4337-4fae-8d05-35533f3b7d61/elements[39m
[35m[HTTP][39m [90m{"using":"xpath","value":"//*[@class = 'android.widget.EditText' and (@text = 'Ketik kata sandi Anda' or . = 'Ketik kata sandi Anda') and @resource-id = 'com.kfc.mobile:id/edit_text']"}[39m
[35m[HTTP][39m [37m<-- POST /wd/hub/session/c633048f-4337-4fae-8d05-35533f3b7d61/elements [39m[32m200[39m [90m265 ms - 139[39m
[35m[HTTP][39m [90m[39m
[35m[HTTP][39m [37m-->[39m [37mGET[39m [37m/wd/hub/session/c633048f-4337-4fae-8d05-35533f3b7d61/element/00000000-0000-01f6-7fff-ffff00000127/location[39m
[35m[HTTP][39m [90m{}[39m
[35m[W3C (c633048f)][39m Driver proxy active, passing request on via HTTP proxy
[35m[WD Proxy][39m Replacing sessionId c9077496-fd47-4a05-b243-9af5db2ea3be with c633048f-4337-4fae-8d05-35533f3b7d61
[35m[HTTP][39m [37m<-- GET /wd/hub/session/c633048f-4337-4fae-8d05-35533f3b7d61/element/00000000-0000-01f6-7fff-ffff00000127/location [39m[32m200[39m [90m31 ms - 77[39m
[35m[HTTP][39m [90m[39m
[35m[HTTP][39m [37m-->[39m [37mPOST[39m [37m/wd/hub/session/c633048f-4337-4fae-8d05-35533f3b7d61/timeouts[39m
[35m[HTTP][39m [90m{"implicit":30000}[39m
[35m[HTTP][39m [37m<-- POST /wd/hub/session/c633048f-4337-4fae-8d05-35533f3b7d61/timeouts [39m[32m200[39m [90m1 ms - 14[39m
[35m[HTTP][39m [90m[39m
[35m[HTTP][39m [37m-->[39m [37mPOST[39m [37m/wd/hub/session/c633048f-4337-4fae-8d05-35533f3b7d61/element/00000000-0000-01f6-7fff-ffff00000127/clear[39m
[35m[HTTP][39m [90m{"id":"00000000-0000-01f6-7fff-ffff00000127"}[39m
[35m[HTTP][39m [37m<-- POST /wd/hub/session/c633048f-4337-4fae-8d05-35533f3b7d61/element/00000000-0000-01f6-7fff-ffff00000127/clear [39m[32m200[39m [90m46 ms - 14[39m
[35m[HTTP][39m [90m[39m
[35m[HTTP][39m [37m-->[39m [37mPOST[39m [37m/wd/hub/session/c633048f-4337-4fae-8d05-35533f3b7d61/element/00000000-0000-01f6-7fff-ffff00000127/value[39m
[35m[HTTP][39m [90m{"id":"00000000-0000-01f6-7fff-ffff00000127","text":"pass123","value":["p","a","s","s","1","2","3"]}[39m
[35m[HTTP][39m [37m<-- POST /wd/hub/session/c633048f-4337-4fae-8d05-35533f3b7d61/element/00000000-0000-01f6-7fff-ffff00000127/value [39m[32m200[39m [90m1060 ms - 14[39m
[35m[HTTP][39m [90m[39m
[35m[HTTP][39m [37m-->[39m [37mGET[39m [37m/wd/hub/session/c633048f-4337-4fae-8d05-35533f3b7d61/context[39m
[35m[HTTP][39m [90m{}[39m
[35m[HTTP][39m [37m<-- GET /wd/hub/session/c633048f-4337-4fae-8d05-35533f3b7d61/context [39m[32m200[39m [90m1 ms - 22[39m
[35m[HTTP][39m [90m[39m
[35m[HTTP][39m [37m-->[39m [37mGET[39m [37m/wd/hub/session/c633048f-4337-4fae-8d05-35533f3b7d61/contexts[39m
[35m[HTTP][39m [90m{}[39m
[35m[HTTP][39m [37m<-- GET /wd/hub/session/c633048f-4337-4fae-8d05-35533f3b7d61/contexts [39m[32m200[39m [90m61 ms - 24[39m
[35m[HTTP][39m [90m[39m
[35m[HTTP][39m [37m-->[39m [37mPOST[39m [37m/wd/hub/session/c633048f-4337-4fae-8d05-35533f3b7d61/context[39m
[35m[HTTP][39m [90m{"name":"NATIVE_APP"}[39m
[35m[HTTP][39m [37m<-- POST /wd/hub/session/c633048f-4337-4fae-8d05-35533f3b7d61/context [39m[32m200[39m [90m1 ms - 14[39m
[35m[HTTP][39m [90m[39m
[35m[HTTP][39m [37m-->[39m [37mPOST[39m [37m/wd/hub/session/c633048f-4337-4fae-8d05-35533f3b7d61/appium/device/hide_keyboard[39m
[35m[HTTP][39m [90m{}[39m
[35m[ADB][39m Keyboard has no UI; no closing necessary
[35m[HTTP][39m [37m<-- POST /wd/hub/session/c633048f-4337-4fae-8d05-35533f3b7d61/appium/device/hide_keyboard [39m[32m200[39m [90m1240 ms - 15[39m
[35m[HTTP][39m [90m[39m
[35m[HTTP][39m [37m-->[39m [37mPOST[39m [37m/wd/hub/session/c633048f-4337-4fae-8d05-35533f3b7d61/context[39m
[35m[HTTP][39m [90m{"name":"NATIVE_APP"}[39m
[35m[HTTP][39m [37m<-- POST /wd/hub/session/c633048f-4337-4fae-8d05-35533f3b7d61/context [39m[32m200[39m [90m1 ms - 14[39m
[35m[HTTP][39m [90m[39m
[35m[HTTP][39m [37m-->[39m [37mPOST[39m [37m/wd/hub/session/c633048f-4337-4fae-8d05-35533f3b7d61/timeouts[39m
[35m[HTTP][39m [90m{"implicit":50}[39m
[35m[HTTP][39m [37m<-- POST /wd/hub/session/c633048f-4337-4fae-8d05-35533f3b7d61/timeouts [39m[32m200[39m [90m1 ms - 14[39m
[35m[HTTP][39m [90m[39m
[35m[HTTP][39m [37m-->[39m [37mGET[39m [37m/wd/hub/session/c633048f-4337-4fae-8d05-35533f3b7d61/window/rect[39m
[35m[HTTP][39m [90m{}[39m
[35m[HTTP][39m [37m<-- GET /wd/hub/session/c633048f-4337-4fae-8d05-35533f3b7d61/window/rect [39m[32m200[39m [90m33 ms - 49[39m
[35m[HTTP][39m [90m[39m
[35m[HTTP][39m [37m-->[39m [37mPOST[39m [37m/wd/hub/session/c633048f-4337-4fae-8d05-35533f3b7d61/elements[39m
[35m[HTTP][39m [90m{"using":"xpath","value":"//*[@class = 'android.widget.Button' and (@text = 'Masuk' or . = 'Masuk') and @resource-id = 'com.kfc.mobile:id/button_login']"}[39m
[35m[HTTP][39m [37m<-- POST /wd/hub/session/c633048f-4337-4fae-8d05-35533f3b7d61/elements [39m[32m200[39m [90m238 ms - 139[39m
[35m[HTTP][39m [90m[39m
[35m[HTTP][39m [37m-->[39m [37mGET[39m [37m/wd/hub/session/c633048f-4337-4fae-8d05-35533f3b7d61/element/00000000-0000-01f6-7fff-ffff00000115/location[39m
[35m[HTTP][39m [90m{}[39m
[35m[W3C (c633048f)][39m Driver proxy active, passing request on via HTTP proxy
[35m[WD Proxy][39m Replacing sessionId c9077496-fd47-4a05-b243-9af5db2ea3be with c633048f-4337-4fae-8d05-35533f3b7d61
[35m[HTTP][39m [37m<-- GET /wd/hub/session/c633048f-4337-4fae-8d05-35533f3b7d61/element/00000000-0000-01f6-7fff-ffff00000115/location [39m[32m200[39m [90m28 ms - 77[39m
[35m[HTTP][39m [90m[39m
[35m[HTTP][39m [37m-->[39m [37mPOST[39m [37m/wd/hub/session/c633048f-4337-4fae-8d05-35533f3b7d61/timeouts[39m
[35m[HTTP][39m [90m{"implicit":30000}[39m
[35m[HTTP][39m [37m<-- POST /wd/hub/session/c633048f-4337-4fae-8d05-35533f3b7d61/timeouts [39m[32m200[39m [90m1 ms - 14[39m
[35m[HTTP][39m [90m[39m
[35m[HTTP][39m [37m-->[39m [37mPOST[39m [37m/wd/hub/session/c633048f-4337-4fae-8d05-35533f3b7d61/element/00000000-0000-01f6-7fff-ffff00000115/click[39m
[35m[HTTP][39m [90m{"id":"00000000-0000-01f6-7fff-ffff00000115"}[39m
[35m[HTTP][39m [37m<-- POST /wd/hub/session/c633048f-4337-4fae-8d05-35533f3b7d61/element/00000000-0000-01f6-7fff-ffff00000115/click [39m[32m200[39m [90m39 ms - 14[39m
[35m[HTTP][39m [90m[39m
[35m[HTTP][39m [37m-->[39m [37mPOST[39m [37m/wd/hub/session/c633048f-4337-4fae-8d05-35533f3b7d61/timeouts[39m
[35m[HTTP][39m [90m{"implicit":50}[39m
[35m[HTTP][39m [37m<-- POST /wd/hub/session/c633048f-4337-4fae-8d05-35533f3b7d61/timeouts [39m[32m200[39m [90m1 ms - 14[39m
[35m[HTTP][39m [90m[39m
[35m[HTTP][39m [37m-->[39m [37mGET[39m [37m/wd/hub/session/c633048f-4337-4fae-8d05-35533f3b7d61/window/rect[39m
[35m[HTTP][39m [90m{}[39m
[35m[HTTP][39m [37m<-- GET /wd/hub/session/c633048f-4337-4fae-8d05-35533f3b7d61/window/rect [39m[32m200[39m [90m30 ms - 49[39m
[35m[HTTP][39m [90m[39m
[35m[HTTP][39m [37m-->[39m [37mPOST[39m [37m/wd/hub/session/c633048f-4337-4fae-8d05-35533f3b7d61/elements[39m
[35m[HTTP][39m [90m{"using":"xpath","value":"//*[@class = 'android.widget.TextView' and (@text = 'Nomor handphone Anda belum terdaftar' or . = 'Nomor handphone Anda belum terdaftar') and @resource-id = 'com.kfc.mobile:id/text_view_error']"}[39m
[35m[HTTP][39m [37m<-- POST /wd/hub/session/c633048f-4337-4fae-8d05-35533f3b7d61/elements [39m[32m200[39m [90m792 ms - 139[39m
[35m[HTTP][39m [90m[39m
[35m[HTTP][39m [37m-->[39m [37mGET[39m [37m/wd/hub/session/c633048f-4337-4fae-8d05-35533f3b7d61/element/00000000-0000-01f6-7fff-ffff0000014a/location[39m
[35m[HTTP][39m [90m{}[39m
[35m[W3C (c633048f)][39m Driver proxy active, passing request on via HTTP proxy
[35m[WD Proxy][39m Replacing sessionId c9077496-fd47-4a05-b243-9af5db2ea3be with c633048f-4337-4fae-8d05-35533f3b7d61
[35m[HTTP][39m [37m<-- GET /wd/hub/session/c633048f-4337-4fae-8d05-35533f3b7d61/element/00000000-0000-01f6-7fff-ffff0000014a/location [39m[32m200[39m [90m36 ms - 77[39m
[35m[HTTP][39m [90m[39m
[35m[HTTP][39m [37m-->[39m [37mPOST[39m [37m/wd/hub/session/c633048f-4337-4fae-8d05-35533f3b7d61/timeouts[39m
[35m[HTTP][39m [90m{"implicit":30000}[39m
[35m[HTTP][39m [37m<-- POST /wd/hub/session/c633048f-4337-4fae-8d05-35533f3b7d61/timeouts [39m[32m200[39m [90m2 ms - 14[39m
[35m[HTTP][39m [90m[39m
[35m[HTTP][39m [37m-->[39m [37mDELETE[39m [37m/wd/hub/session/c633048f-4337-4fae-8d05-35533f3b7d61[39m
[35m[HTTP][39m [90m{}[39m
[35m[Appium][39m Removing session c633048f-4337-4fae-8d05-35533f3b7d61 from our master session list
[35m[HTTP][39m [37m<-- DELETE /wd/hub/session/c633048f-4337-4fae-8d05-35533f3b7d61 [39m[32m200[39m [90m1154 ms - 14[39m
[35m[HTTP][39m [90m[39m
