[35m[Appium][39m Welcome to Appium v1.22.3
[35m[Appium][39m Non-default server args:
[35m[Appium][39m   port: 61406
[35m[Appium][39m   loglevel: info
[35m[Appium][39m   tmpDir: C:\Users\AHADIA~1\AppData\Local\Temp\\Katalon\Appium\Temp1674631830576
[35m[Appium][39m   chromedriverPort: 61407
[35m[Appium][39m Deprecated server args:
[35m[Appium][39m   [31m--chromedriver-port[39m => --default-capabilities
[35m[Appium][39m Default capabilities, which will be added to each request unless overridden by desired capabilities:
[35m[Appium][39m   chromedriverPort: 61407
[35m[Appium][39m Appium REST http interface listener started on 0.0.0.0:61406
[35m[HTTP][39m [37m-->[39m [37mGET[39m [37m/wd/hub/status[39m
[35m[HTTP][39m [90m{}[39m
[35m[HTTP][39m [37m<-- GET /wd/hub/status [39m[32m200[39m [90m12 ms - 68[39m
[35m[HTTP][39m [90m[39m
[35m[HTTP][39m [37m-->[39m [37mPOST[39m [37m/wd/hub/session[39m
[35m[HTTP][39m [90m{"desiredCapabilities":{"appPackage":"com.kfc.mobile.hkStaging","noReset":true,"deviceId":"","deviceName":"OPPO CPH1801 (Android 7.1.1)","platform":"ANDROID","appActivity":"com.kfc.mobile.presentation.home.HomeActivity","newCommandTimeout":1800,"platformVersion":"7.1.1","automationName":"uiautomator2","autoGrantPermissions":true,"platformName":"Android","udid":"aa14e06a","systemPort":8227},"capabilities":{"firstMatch":[{"appium:appActivity":"com.kfc.mobile.presentation.home.HomeActivity","appium:appPackage":"com.kfc.mobile.hkStaging","appium:autoGrantPermissions":true,"appium:automationName":"uiautomator2","deviceId":"","appium:deviceName":"OPPO CPH1801 (Android 7.1.1)","appium:newCommandTimeout":1800,"appium:noReset":true,"platform":"ANDROID","platformName":"android","appium:platformVersion":"7.1.1","appium:systemPort":8227,"appium:udid":"aa14e06a"}]}}[39m
[35m[BaseDriver][39m The following capabilities are not standard capabilities and should have an extension prefix:
[35m[BaseDriver][39m   deviceId
[35m[BaseDriver][39m   platform
[35m[BaseDriver][39m   chromedriverPort
[35m[Appium][39m Appium v1.22.3 creating new AndroidUiautomator2Driver (v1.70.1) session
[35m[BaseDriver][39m The following capabilities were provided, but are not recognized by Appium:
[35m[BaseDriver][39m   deviceId
[35m[BaseDriver][39m   platform
[35m[BaseDriver][39m Session created with session id: 31f86f05-50c0-4fa3-aab8-ee930db8a49b
[35m[UiAutomator2][39m Starting 'com.kfc.mobile.hkStaging' directly on the device
[35m[ADB][39m Found 1 'build-tools' folders under 'C:\Users\Ahadian Rifky\.katalon\tools\android_sdk' (newest first):
[35m[ADB][39m     C:/Users/Ahadian Rifky/.katalon/tools/android_sdk/build-tools/29.0.3
[35m[ADB][39m Using 'adb.exe' from 'C:\Users\Ahadian Rifky\.katalon\tools\android_sdk\platform-tools\adb.exe'
[35m[AndroidDriver][39m Retrieving device list
[35m[AndroidDriver][39m Using device: aa14e06a
[35m[ADB][39m Using 'adb.exe' from 'C:\Users\Ahadian Rifky\.katalon\tools\android_sdk\platform-tools\adb.exe'
[35m[AndroidDriver][39m No app sent in, not parsing package/activity
[35m[ADB][39m Using 'apksigner.jar' from 'C:\Users\Ahadian Rifky\.katalon\tools\android_sdk\build-tools\29.0.3\lib\apksigner.jar'
[35m[ADB][39m 'C:\Users\Ahadian Rifky\AppData\Roaming\npm\node_modules\appium\node_modules\appium-uiautomator2-server\apks\appium-uiautomator2-server-v4.27.0.apk' is signed with the default certificate
[35m[ADB][39m 'C:\Users\Ahadian Rifky\AppData\Roaming\npm\node_modules\appium\node_modules\appium-uiautomator2-server\apks\appium-uiautomator2-server-debug-androidTest.apk' is signed with the default certificate
[35m[UiAutomator2][39m Server packages are not going to be (re)installed
[35m[ADB][39m Adding packages ["io.appium.settings","io.appium.uiautomator2.server","io.appium.uiautomator2.server.test"] to Doze whitelist
[35m[UiAutomator2][39m Starting UIAutomator2 server 4.27.0
[35m[UiAutomator2][39m Using UIAutomator2 server from 'C:\Users\Ahadian Rifky\AppData\Roaming\npm\node_modules\appium\node_modules\appium-uiautomator2-server\apks\appium-uiautomator2-server-v4.27.0.apk' and test from 'C:\Users\Ahadian Rifky\AppData\Roaming\npm\node_modules\appium\node_modules\appium-uiautomator2-server\apks\appium-uiautomator2-server-debug-androidTest.apk'
[35m[UiAutomator2][39m Waiting up to 30000ms for UiAutomator2 to be online...
[35m[WD Proxy][39m socket hang up
[35m[WD Proxy][39m socket hang up
[35m[WD Proxy][39m socket hang up
[35m[WD Proxy][39m Determined the downstream protocol as 'W3C'
[35m[AndroidDriver][39m Screen already unlocked, doing nothing
[35m[UiAutomator2][39m Starting 'com.kfc.mobile.hkStaging/com.kfc.mobile.presentation.home.HomeActivity and waiting for 'com.kfc.mobile.hkStaging/com.kfc.mobile.presentation.home.HomeActivity'
[35m[Appium][39m New AndroidUiautomator2Driver session created successfully, session 31f86f05-50c0-4fa3-aab8-ee930db8a49b added to master session list
[35m[HTTP][39m [37m<-- POST /wd/hub/session [39m[32m200[39m [90m13557 ms - 1279[39m
[35m[HTTP][39m [90m[39m
[35m[HTTP][39m [37m-->[39m [37mGET[39m [37m/wd/hub/session/31f86f05-50c0-4fa3-aab8-ee930db8a49b[39m
[35m[HTTP][39m [90m{}[39m
[35m[HTTP][39m [37m<-- GET /wd/hub/session/31f86f05-50c0-4fa3-aab8-ee930db8a49b [39m[32m200[39m [90m18 ms - 1233[39m
[35m[HTTP][39m [90m[39m
[35m[HTTP][39m [37m-->[39m [37mGET[39m [37m/wd/hub/session/31f86f05-50c0-4fa3-aab8-ee930db8a49b[39m
[35m[HTTP][39m [90m{}[39m
[35m[HTTP][39m [37m<-- GET /wd/hub/session/31f86f05-50c0-4fa3-aab8-ee930db8a49b [39m[32m200[39m [90m20 ms - 1233[39m
[35m[HTTP][39m [90m[39m
[35m[HTTP][39m [37m-->[39m [37mGET[39m [37m/wd/hub/status[39m
[35m[HTTP][39m [90m{}[39m
[35m[HTTP][39m [37m<-- GET /wd/hub/status [39m[32m200[39m [90m1 ms - 68[39m
[35m[HTTP][39m [90m[39m
[35m[HTTP][39m [37m-->[39m [37mPOST[39m [37m/wd/hub/session/31f86f05-50c0-4fa3-aab8-ee930db8a49b/timeouts[39m
[35m[HTTP][39m [90m{"implicit":30000}[39m
[35m[HTTP][39m [37m<-- POST /wd/hub/session/31f86f05-50c0-4fa3-aab8-ee930db8a49b/timeouts [39m[32m200[39m [90m2 ms - 14[39m
[35m[HTTP][39m [90m[39m
[35m[HTTP][39m [37m-->[39m [37mGET[39m [37m/wd/hub/session/31f86f05-50c0-4fa3-aab8-ee930db8a49b/screenshot[39m
[35m[HTTP][39m [90m{}[39m
[35m[HTTP][39m [37m<-- GET /wd/hub/session/31f86f05-50c0-4fa3-aab8-ee930db8a49b/screenshot [39m[32m200[39m [90m431 ms - 127888[39m
[35m[HTTP][39m [90m[39m
[35m[HTTP][39m [37m-->[39m [37mGET[39m [37m/wd/hub/session/31f86f05-50c0-4fa3-aab8-ee930db8a49b/window/rect[39m
[35m[HTTP][39m [90m{}[39m
[35m[HTTP][39m [37m<-- GET /wd/hub/session/31f86f05-50c0-4fa3-aab8-ee930db8a49b/window/rect [39m[32m200[39m [90m29 ms - 49[39m
[35m[HTTP][39m [90m[39m
[35m[HTTP][39m [37m-->[39m [37mGET[39m [37m/wd/hub/session/31f86f05-50c0-4fa3-aab8-ee930db8a49b/appium/device/system_bars[39m
[35m[HTTP][39m [90m{}[39m
[35m[HTTP][39m [37m<-- GET /wd/hub/session/31f86f05-50c0-4fa3-aab8-ee930db8a49b/appium/device/system_bars [39m[31m500[39m [90m178 ms - 663[39m
[35m[HTTP][39m [90m[39m
[35m[HTTP][39m [37m-->[39m [37mPOST[39m [37m/wd/hub/session/31f86f05-50c0-4fa3-aab8-ee930db8a49b/execute/sync[39m
[35m[HTTP][39m [90m{"script":"mobile:viewportRect","args":[]}[39m
[35m[AndroidDriver][39m Executing native command 'mobile:viewportRect'
[35m[HTTP][39m [37m<-- POST /wd/hub/session/31f86f05-50c0-4fa3-aab8-ee930db8a49b/execute/sync [39m[32m200[39m [90m23 ms - 55[39m
[35m[HTTP][39m [90m[39m
[35m[HTTP][39m [37m-->[39m [37mPOST[39m [37m/wd/hub/session/31f86f05-50c0-4fa3-aab8-ee930db8a49b/appium/device/activate_app[39m
[35m[HTTP][39m [90m{"bundleId":"com.kfc.mobile.hkStaging"}[39m
[35m[HTTP][39m [37m<-- POST /wd/hub/session/31f86f05-50c0-4fa3-aab8-ee930db8a49b/appium/device/activate_app [39m[32m200[39m [90m987 ms - 14[39m
[35m[HTTP][39m [90m[39m
[35m[HTTP][39m [37m-->[39m [37mGET[39m [37m/wd/hub/session/31f86f05-50c0-4fa3-aab8-ee930db8a49b/context[39m
[35m[HTTP][39m [90m{}[39m
[35m[HTTP][39m [37m<-- GET /wd/hub/session/31f86f05-50c0-4fa3-aab8-ee930db8a49b/context [39m[32m200[39m [90m2 ms - 22[39m
[35m[HTTP][39m [90m[39m
[35m[HTTP][39m [37m-->[39m [37mGET[39m [37m/wd/hub/session/31f86f05-50c0-4fa3-aab8-ee930db8a49b/contexts[39m
[35m[HTTP][39m [90m{}[39m
[35m[HTTP][39m [37m<-- GET /wd/hub/session/31f86f05-50c0-4fa3-aab8-ee930db8a49b/contexts [39m[32m200[39m [90m71 ms - 24[39m
[35m[HTTP][39m [90m[39m
[35m[HTTP][39m [37m-->[39m [37mPOST[39m [37m/wd/hub/session/31f86f05-50c0-4fa3-aab8-ee930db8a49b/context[39m
[35m[HTTP][39m [90m{"name":"NATIVE_APP"}[39m
[35m[HTTP][39m [37m<-- POST /wd/hub/session/31f86f05-50c0-4fa3-aab8-ee930db8a49b/context [39m[32m200[39m [90m1 ms - 14[39m
[35m[HTTP][39m [90m[39m
[35m[HTTP][39m [37m-->[39m [37mGET[39m [37m/wd/hub/session/31f86f05-50c0-4fa3-aab8-ee930db8a49b/screenshot[39m
[35m[HTTP][39m [90m{}[39m
[35m[HTTP][39m [37m<-- GET /wd/hub/session/31f86f05-50c0-4fa3-aab8-ee930db8a49b/screenshot [39m[32m200[39m [90m404 ms - 123968[39m
[35m[HTTP][39m [90m[39m
[35m[HTTP][39m [37m-->[39m [37mPOST[39m [37m/wd/hub/session/31f86f05-50c0-4fa3-aab8-ee930db8a49b/context[39m
[35m[HTTP][39m [90m{"name":"NATIVE_APP"}[39m
[35m[HTTP][39m [37m<-- POST /wd/hub/session/31f86f05-50c0-4fa3-aab8-ee930db8a49b/context [39m[32m200[39m [90m3 ms - 14[39m
[35m[HTTP][39m [90m[39m
[35m[HTTP][39m [37m-->[39m [37mGET[39m [37m/wd/hub/status[39m
[35m[HTTP][39m [90m{}[39m
[35m[HTTP][39m [37m<-- GET /wd/hub/status [39m[32m200[39m [90m1 ms - 68[39m
[35m[HTTP][39m [90m[39m
[35m[HTTP][39m [37m-->[39m [37mPOST[39m [37m/wd/hub/session[39m
[35m[HTTP][39m [90m{"desiredCapabilities":{"appPackage":"com.kfc.mobile.hkStaging","noReset":true,"deviceId":"","deviceName":"OPPO CPH1801 (Android 7.1.1)","platform":"ANDROID","appActivity":"com.kfc.mobile.presentation.home.HomeActivity","newCommandTimeout":1800,"platformVersion":"7.1.1","automationName":"uiautomator2","autoGrantPermissions":true,"platformName":"Android","udid":"aa14e06a","systemPort":8284},"capabilities":{"firstMatch":[{"appium:appActivity":"com.kfc.mobile.presentation.home.HomeActivity","appium:appPackage":"com.kfc.mobile.hkStaging","appium:autoGrantPermissions":true,"appium:automationName":"uiautomator2","deviceId":"","appium:deviceName":"OPPO CPH1801 (Android 7.1.1)","appium:newCommandTimeout":1800,"appium:noReset":true,"platform":"ANDROID","platformName":"android","appium:platformVersion":"7.1.1","appium:systemPort":8284,"appium:udid":"aa14e06a"}]}}[39m
[35m[BaseDriver][39m The following capabilities are not standard capabilities and should have an extension prefix:
[35m[BaseDriver][39m   deviceId
[35m[BaseDriver][39m   platform
[35m[BaseDriver][39m   chromedriverPort
[35m[Appium][39m Appium v1.22.3 creating new AndroidUiautomator2Driver (v1.70.1) session
[35m[BaseDriver][39m The following capabilities were provided, but are not recognized by Appium:
[35m[BaseDriver][39m   deviceId
[35m[BaseDriver][39m   platform
[35m[BaseDriver][39m Session created with session id: 91488a5c-891f-4631-b9d0-b266fe48d5e5
[35m[UiAutomator2][39m Starting 'com.kfc.mobile.hkStaging' directly on the device
[35m[ADB][39m Using 'adb.exe' from 'C:\Users\Ahadian Rifky\.katalon\tools\android_sdk\platform-tools\adb.exe'
[35m[AndroidDriver][39m Retrieving device list
[35m[AndroidDriver][39m Using device: aa14e06a
[35m[ADB][39m Using 'adb.exe' from 'C:\Users\Ahadian Rifky\.katalon\tools\android_sdk\platform-tools\adb.exe'
[35m[AndroidDriver][39m No app sent in, not parsing package/activity
[35m[UiAutomator2][39m Server packages are not going to be (re)installed
[35m[ADB][39m Adding packages ["io.appium.settings","io.appium.uiautomator2.server","io.appium.uiautomator2.server.test"] to Doze whitelist
[35m[UiAutomator2][39m Starting UIAutomator2 server 4.27.0
[35m[UiAutomator2][39m Using UIAutomator2 server from 'C:\Users\Ahadian Rifky\AppData\Roaming\npm\node_modules\appium\node_modules\appium-uiautomator2-server\apks\appium-uiautomator2-server-v4.27.0.apk' and test from 'C:\Users\Ahadian Rifky\AppData\Roaming\npm\node_modules\appium\node_modules\appium-uiautomator2-server\apks\appium-uiautomator2-server-debug-androidTest.apk'
[35m[UiAutomator2][39m Waiting up to 30000ms for UiAutomator2 to be online...
[35m[WD Proxy][39m socket hang up
[35m[WD Proxy][39m socket hang up
[35m[WD Proxy][39m socket hang up
[35m[WD Proxy][39m Determined the downstream protocol as 'W3C'
[35m[AndroidDriver][39m Screen already unlocked, doing nothing
[35m[UiAutomator2][39m Starting 'com.kfc.mobile.hkStaging/com.kfc.mobile.presentation.home.HomeActivity and waiting for 'com.kfc.mobile.hkStaging/com.kfc.mobile.presentation.home.HomeActivity'
[35m[Appium][39m New AndroidUiautomator2Driver session created successfully, session 91488a5c-891f-4631-b9d0-b266fe48d5e5 added to master session list
[35m[HTTP][39m [37m<-- POST /wd/hub/session [39m[32m200[39m [90m12146 ms - 1279[39m
[35m[HTTP][39m [90m[39m
[35m[HTTP][39m [37m-->[39m [37mGET[39m [37m/wd/hub/session/91488a5c-891f-4631-b9d0-b266fe48d5e5[39m
[35m[HTTP][39m [90m{}[39m
[35m[HTTP][39m [37m<-- GET /wd/hub/session/91488a5c-891f-4631-b9d0-b266fe48d5e5 [39m[32m200[39m [90m20 ms - 1233[39m
[35m[HTTP][39m [90m[39m
[35m[HTTP][39m [37m-->[39m [37mGET[39m [37m/wd/hub/session/91488a5c-891f-4631-b9d0-b266fe48d5e5[39m
[35m[HTTP][39m [90m{}[39m
[35m[HTTP][39m [37m<-- GET /wd/hub/session/91488a5c-891f-4631-b9d0-b266fe48d5e5 [39m[32m200[39m [90m20 ms - 1233[39m
[35m[HTTP][39m [90m[39m
[35m[HTTP][39m [37m-->[39m [37mGET[39m [37m/wd/hub/status[39m
[35m[HTTP][39m [90m{}[39m
[35m[HTTP][39m [37m<-- GET /wd/hub/status [39m[32m200[39m [90m2 ms - 68[39m
[35m[HTTP][39m [90m[39m
[35m[HTTP][39m [37m-->[39m [37mPOST[39m [37m/wd/hub/session/91488a5c-891f-4631-b9d0-b266fe48d5e5/timeouts[39m
[35m[HTTP][39m [90m{"implicit":30000}[39m
[35m[HTTP][39m [37m<-- POST /wd/hub/session/91488a5c-891f-4631-b9d0-b266fe48d5e5/timeouts [39m[32m200[39m [90m2 ms - 14[39m
[35m[HTTP][39m [90m[39m
[35m[HTTP][39m [37m-->[39m [37mGET[39m [37m/wd/hub/session/91488a5c-891f-4631-b9d0-b266fe48d5e5/screenshot[39m
[35m[HTTP][39m [90m{}[39m
[35m[HTTP][39m [37m<-- GET /wd/hub/session/91488a5c-891f-4631-b9d0-b266fe48d5e5/screenshot [39m[32m200[39m [90m493 ms - 121164[39m
[35m[HTTP][39m [90m[39m
[35m[HTTP][39m [37m-->[39m [37mGET[39m [37m/wd/hub/session/91488a5c-891f-4631-b9d0-b266fe48d5e5/window/rect[39m
[35m[HTTP][39m [90m{}[39m
[35m[HTTP][39m [37m<-- GET /wd/hub/session/91488a5c-891f-4631-b9d0-b266fe48d5e5/window/rect [39m[32m200[39m [90m17 ms - 49[39m
[35m[HTTP][39m [90m[39m
[35m[HTTP][39m [37m-->[39m [37mGET[39m [37m/wd/hub/session/91488a5c-891f-4631-b9d0-b266fe48d5e5/appium/device/system_bars[39m
[35m[HTTP][39m [90m{}[39m
[35m[HTTP][39m [37m<-- GET /wd/hub/session/91488a5c-891f-4631-b9d0-b266fe48d5e5/appium/device/system_bars [39m[31m500[39m [90m113 ms - 663[39m
[35m[HTTP][39m [90m[39m
[35m[HTTP][39m [37m-->[39m [37mPOST[39m [37m/wd/hub/session/91488a5c-891f-4631-b9d0-b266fe48d5e5/execute/sync[39m
[35m[HTTP][39m [90m{"script":"mobile:viewportRect","args":[]}[39m
[35m[AndroidDriver][39m Executing native command 'mobile:viewportRect'
[35m[HTTP][39m [37m<-- POST /wd/hub/session/91488a5c-891f-4631-b9d0-b266fe48d5e5/execute/sync [39m[32m200[39m [90m17 ms - 55[39m
[35m[HTTP][39m [90m[39m
[35m[HTTP][39m [37m-->[39m [37mPOST[39m [37m/wd/hub/session/91488a5c-891f-4631-b9d0-b266fe48d5e5/appium/device/activate_app[39m
[35m[HTTP][39m [90m{"bundleId":"com.kfc.mobile.hkStaging"}[39m
[35m[HTTP][39m [37m<-- POST /wd/hub/session/91488a5c-891f-4631-b9d0-b266fe48d5e5/appium/device/activate_app [39m[32m200[39m [90m994 ms - 14[39m
[35m[HTTP][39m [90m[39m
[35m[HTTP][39m [37m-->[39m [37mPOST[39m [37m/wd/hub/session/91488a5c-891f-4631-b9d0-b266fe48d5e5/timeouts[39m
[35m[HTTP][39m [90m{"implicit":50}[39m
[35m[HTTP][39m [37m<-- POST /wd/hub/session/91488a5c-891f-4631-b9d0-b266fe48d5e5/timeouts [39m[32m200[39m [90m2 ms - 14[39m
[35m[HTTP][39m [90m[39m
[35m[HTTP][39m [37m-->[39m [37mGET[39m [37m/wd/hub/session/91488a5c-891f-4631-b9d0-b266fe48d5e5/window/rect[39m
[35m[HTTP][39m [90m{}[39m
[35m[HTTP][39m [37m<-- GET /wd/hub/session/91488a5c-891f-4631-b9d0-b266fe48d5e5/window/rect [39m[32m200[39m [90m18 ms - 49[39m
[35m[HTTP][39m [90m[39m
[35m[HTTP][39m [37m-->[39m [37mPOST[39m [37m/wd/hub/session/91488a5c-891f-4631-b9d0-b266fe48d5e5/elements[39m
[35m[HTTP][39m [90m{"using":"xpath","value":"//*[@class = 'android.widget.TextView' and (@text = 'Beranda' or . = 'Beranda') and @resource-id = 'com.kfc.mobile.hkStaging:id/tvBottomHome']"}[39m
[35m[HTTP][39m [37m<-- POST /wd/hub/session/91488a5c-891f-4631-b9d0-b266fe48d5e5/elements [39m[32m200[39m [90m1531 ms - 139[39m
[35m[HTTP][39m [90m[39m
[35m[HTTP][39m [37m-->[39m [37mGET[39m [37m/wd/hub/session/91488a5c-891f-4631-b9d0-b266fe48d5e5/element/00000000-0000-053d-7fff-ffff0000002f/location[39m
[35m[HTTP][39m [90m{}[39m
[35m[W3C (91488a5c)][39m Driver proxy active, passing request on via HTTP proxy
[35m[WD Proxy][39m Replacing sessionId 855368ff-d2f4-4f2a-afd0-3702fafe013b with 91488a5c-891f-4631-b9d0-b266fe48d5e5
[35m[HTTP][39m [37m<-- GET /wd/hub/session/91488a5c-891f-4631-b9d0-b266fe48d5e5/element/00000000-0000-053d-7fff-ffff0000002f/location [39m[32m200[39m [90m28 ms - 77[39m
[35m[HTTP][39m [90m[39m
[35m[HTTP][39m [37m-->[39m [37mPOST[39m [37m/wd/hub/session/91488a5c-891f-4631-b9d0-b266fe48d5e5/timeouts[39m
[35m[HTTP][39m [90m{"implicit":30000}[39m
[35m[HTTP][39m [37m<-- POST /wd/hub/session/91488a5c-891f-4631-b9d0-b266fe48d5e5/timeouts [39m[32m200[39m [90m1 ms - 14[39m
[35m[HTTP][39m [90m[39m
[35m[HTTP][39m [37m-->[39m [37mPOST[39m [37m/wd/hub/session/91488a5c-891f-4631-b9d0-b266fe48d5e5/timeouts[39m
[35m[HTTP][39m [90m{"implicit":50}[39m
[35m[HTTP][39m [37m<-- POST /wd/hub/session/91488a5c-891f-4631-b9d0-b266fe48d5e5/timeouts [39m[32m200[39m [90m2 ms - 14[39m
[35m[HTTP][39m [90m[39m
[35m[HTTP][39m [37m-->[39m [37mGET[39m [37m/wd/hub/session/91488a5c-891f-4631-b9d0-b266fe48d5e5/window/rect[39m
[35m[HTTP][39m [90m{}[39m
[35m[HTTP][39m [37m<-- GET /wd/hub/session/91488a5c-891f-4631-b9d0-b266fe48d5e5/window/rect [39m[32m200[39m [90m18 ms - 49[39m
[35m[HTTP][39m [90m[39m
[35m[HTTP][39m [37m-->[39m [37mPOST[39m [37m/wd/hub/session/91488a5c-891f-4631-b9d0-b266fe48d5e5/elements[39m
[35m[HTTP][39m [90m{"using":"xpath","value":"//*[@class = 'android.widget.TextView' and (@text = 'Beranda' or . = 'Beranda') and @resource-id = 'com.kfc.mobile.hkStaging:id/tvBottomHome']"}[39m
[35m[HTTP][39m [37m<-- POST /wd/hub/session/91488a5c-891f-4631-b9d0-b266fe48d5e5/elements [39m[32m200[39m [90m307 ms - 139[39m
[35m[HTTP][39m [90m[39m
[35m[HTTP][39m [37m-->[39m [37mGET[39m [37m/wd/hub/session/91488a5c-891f-4631-b9d0-b266fe48d5e5/element/00000000-0000-053d-7fff-ffff0000002f/location[39m
[35m[HTTP][39m [90m{}[39m
[35m[W3C (91488a5c)][39m Driver proxy active, passing request on via HTTP proxy
[35m[WD Proxy][39m Replacing sessionId 855368ff-d2f4-4f2a-afd0-3702fafe013b with 91488a5c-891f-4631-b9d0-b266fe48d5e5
[35m[HTTP][39m [37m<-- GET /wd/hub/session/91488a5c-891f-4631-b9d0-b266fe48d5e5/element/00000000-0000-053d-7fff-ffff0000002f/location [39m[32m200[39m [90m25 ms - 77[39m
[35m[HTTP][39m [90m[39m
[35m[HTTP][39m [37m-->[39m [37mPOST[39m [37m/wd/hub/session/91488a5c-891f-4631-b9d0-b266fe48d5e5/timeouts[39m
[35m[HTTP][39m [90m{"implicit":30000}[39m
[35m[HTTP][39m [37m<-- POST /wd/hub/session/91488a5c-891f-4631-b9d0-b266fe48d5e5/timeouts [39m[32m200[39m [90m1 ms - 14[39m
[35m[HTTP][39m [90m[39m
[35m[HTTP][39m [37m-->[39m [37mPOST[39m [37m/wd/hub/session/91488a5c-891f-4631-b9d0-b266fe48d5e5/element/00000000-0000-053d-7fff-ffff0000002f/click[39m
[35m[HTTP][39m [90m{"id":"00000000-0000-053d-7fff-ffff0000002f"}[39m
[35m[HTTP][39m [37m<-- POST /wd/hub/session/91488a5c-891f-4631-b9d0-b266fe48d5e5/element/00000000-0000-053d-7fff-ffff0000002f/click [39m[32m200[39m [90m41 ms - 14[39m
[35m[HTTP][39m [90m[39m
[35m[HTTP][39m [37m-->[39m [37mGET[39m [37m/wd/hub/session/91488a5c-891f-4631-b9d0-b266fe48d5e5/context[39m
[35m[HTTP][39m [90m{}[39m
[35m[HTTP][39m [37m<-- GET /wd/hub/session/91488a5c-891f-4631-b9d0-b266fe48d5e5/context [39m[32m200[39m [90m1 ms - 22[39m
[35m[HTTP][39m [90m[39m
[35m[HTTP][39m [37m-->[39m [37mGET[39m [37m/wd/hub/session/91488a5c-891f-4631-b9d0-b266fe48d5e5/contexts[39m
[35m[HTTP][39m [90m{}[39m
[35m[HTTP][39m [37m<-- GET /wd/hub/session/91488a5c-891f-4631-b9d0-b266fe48d5e5/contexts [39m[32m200[39m [90m68 ms - 24[39m
[35m[HTTP][39m [90m[39m
[35m[HTTP][39m [37m-->[39m [37mPOST[39m [37m/wd/hub/session/91488a5c-891f-4631-b9d0-b266fe48d5e5/context[39m
[35m[HTTP][39m [90m{"name":"NATIVE_APP"}[39m
[35m[HTTP][39m [37m<-- POST /wd/hub/session/91488a5c-891f-4631-b9d0-b266fe48d5e5/context [39m[32m200[39m [90m1 ms - 14[39m
[35m[HTTP][39m [90m[39m
[35m[HTTP][39m [37m-->[39m [37mPOST[39m [37m/wd/hub/session/91488a5c-891f-4631-b9d0-b266fe48d5e5/touch/perform[39m
[35m[HTTP][39m [90m{"actions":[{"action":"press","options":{"x":281,"y":500}},{"action":"wait","options":{"ms":500}},{"action":"moveTo","options":{"x":434,"y":161}},{"action":"release","options":{}}]}[39m
[35m[HTTP][39m [37m<-- POST /wd/hub/session/91488a5c-891f-4631-b9d0-b266fe48d5e5/touch/perform [39m[32m200[39m [90m1011 ms - 14[39m
[35m[HTTP][39m [90m[39m
[35m[HTTP][39m [37m-->[39m [37mPOST[39m [37m/wd/hub/session/91488a5c-891f-4631-b9d0-b266fe48d5e5/context[39m
[35m[HTTP][39m [90m{"name":"NATIVE_APP"}[39m
[35m[HTTP][39m [37m<-- POST /wd/hub/session/91488a5c-891f-4631-b9d0-b266fe48d5e5/context [39m[32m200[39m [90m1 ms - 14[39m
[35m[HTTP][39m [90m[39m
[35m[HTTP][39m [37m-->[39m [37mPOST[39m [37m/wd/hub/session/91488a5c-891f-4631-b9d0-b266fe48d5e5/timeouts[39m
[35m[HTTP][39m [90m{"implicit":50}[39m
[35m[HTTP][39m [37m<-- POST /wd/hub/session/91488a5c-891f-4631-b9d0-b266fe48d5e5/timeouts [39m[32m200[39m [90m3 ms - 14[39m
[35m[HTTP][39m [90m[39m
[35m[HTTP][39m [37m-->[39m [37mGET[39m [37m/wd/hub/session/91488a5c-891f-4631-b9d0-b266fe48d5e5/window/rect[39m
[35m[HTTP][39m [90m{}[39m
[35m[HTTP][39m [37m<-- GET /wd/hub/session/91488a5c-891f-4631-b9d0-b266fe48d5e5/window/rect [39m[32m200[39m [90m21 ms - 49[39m
[35m[HTTP][39m [90m[39m
[35m[HTTP][39m [37m-->[39m [37mPOST[39m [37m/wd/hub/session/91488a5c-891f-4631-b9d0-b266fe48d5e5/elements[39m
[35m[HTTP][39m [90m{"using":"xpath","value":"//*[@class = 'android.widget.TextView' and (@text = 'DINE-IN' or . = 'DINE-IN') and @resource-id = 'com.kfc.mobile.hkStaging:id/textViewOrderTypeName']"}[39m
[35m[HTTP][39m [37m<-- POST /wd/hub/session/91488a5c-891f-4631-b9d0-b266fe48d5e5/elements [39m[32m200[39m [90m845 ms - 139[39m
[35m[HTTP][39m [90m[39m
[35m[HTTP][39m [37m-->[39m [37mGET[39m [37m/wd/hub/session/91488a5c-891f-4631-b9d0-b266fe48d5e5/element/00000000-0000-053d-7fff-ffff00000048/location[39m
[35m[HTTP][39m [90m{}[39m
[35m[W3C (91488a5c)][39m Driver proxy active, passing request on via HTTP proxy
[35m[WD Proxy][39m Replacing sessionId 855368ff-d2f4-4f2a-afd0-3702fafe013b with 91488a5c-891f-4631-b9d0-b266fe48d5e5
[35m[HTTP][39m [37m<-- GET /wd/hub/session/91488a5c-891f-4631-b9d0-b266fe48d5e5/element/00000000-0000-053d-7fff-ffff00000048/location [39m[32m200[39m [90m23 ms - 78[39m
[35m[HTTP][39m [90m[39m
[35m[HTTP][39m [37m-->[39m [37mPOST[39m [37m/wd/hub/session/91488a5c-891f-4631-b9d0-b266fe48d5e5/timeouts[39m
[35m[HTTP][39m [90m{"implicit":30000}[39m
[35m[HTTP][39m [37m<-- POST /wd/hub/session/91488a5c-891f-4631-b9d0-b266fe48d5e5/timeouts [39m[32m200[39m [90m2 ms - 14[39m
[35m[HTTP][39m [90m[39m
[35m[HTTP][39m [37m-->[39m [37mPOST[39m [37m/wd/hub/session/91488a5c-891f-4631-b9d0-b266fe48d5e5/element/00000000-0000-053d-7fff-ffff00000048/click[39m
[35m[HTTP][39m [90m{"id":"00000000-0000-053d-7fff-ffff00000048"}[39m
[35m[HTTP][39m [37m<-- POST /wd/hub/session/91488a5c-891f-4631-b9d0-b266fe48d5e5/element/00000000-0000-053d-7fff-ffff00000048/click [39m[32m200[39m [90m35 ms - 14[39m
[35m[HTTP][39m [90m[39m
[35m[HTTP][39m [37m-->[39m [37mPOST[39m [37m/wd/hub/session/91488a5c-891f-4631-b9d0-b266fe48d5e5/timeouts[39m
[35m[HTTP][39m [90m{"implicit":50}[39m
[35m[HTTP][39m [37m<-- POST /wd/hub/session/91488a5c-891f-4631-b9d0-b266fe48d5e5/timeouts [39m[32m200[39m [90m2 ms - 14[39m
[35m[HTTP][39m [90m[39m
[35m[HTTP][39m [37m-->[39m [37mGET[39m [37m/wd/hub/session/91488a5c-891f-4631-b9d0-b266fe48d5e5/window/rect[39m
[35m[HTTP][39m [90m{}[39m
[35m[HTTP][39m [37m<-- GET /wd/hub/session/91488a5c-891f-4631-b9d0-b266fe48d5e5/window/rect [39m[32m200[39m [90m14 ms - 49[39m
[35m[HTTP][39m [90m[39m
[35m[HTTP][39m [37m-->[39m [37mPOST[39m [37m/wd/hub/session/91488a5c-891f-4631-b9d0-b266fe48d5e5/elements[39m
[35m[HTTP][39m [90m{"using":"xpath","value":"//*[@class = 'android.widget.TextView' and (@text = 'Cari Gerai KFC' or . = 'Cari Gerai KFC') and @resource-id = 'com.kfc.mobile.hkStaging:id/text_view_label_input_outlet']"}[39m
[35m[HTTP][39m [37m<-- POST /wd/hub/session/91488a5c-891f-4631-b9d0-b266fe48d5e5/elements [39m[32m200[39m [90m1625 ms - 12[39m
[35m[HTTP][39m [90m[39m
[35m[HTTP][39m [37m-->[39m [37mPOST[39m [37m/wd/hub/session/91488a5c-891f-4631-b9d0-b266fe48d5e5/elements[39m
[35m[HTTP][39m [90m{"using":"xpath","value":"//*[@class = 'android.widget.TextView' and (@text = 'Cari Gerai KFC' or . = 'Cari Gerai KFC') and @resource-id = 'com.kfc.mobile.hkStaging:id/text_view_label_input_outlet']"}[39m
[35m[HTTP][39m [37m<-- POST /wd/hub/session/91488a5c-891f-4631-b9d0-b266fe48d5e5/elements [39m[32m200[39m [90m2780 ms - 12[39m
[35m[HTTP][39m [90m[39m
[35m[HTTP][39m [37m-->[39m [37mPOST[39m [37m/wd/hub/session/91488a5c-891f-4631-b9d0-b266fe48d5e5/elements[39m
[35m[HTTP][39m [90m{"using":"xpath","value":"//*[@class = 'android.widget.TextView' and (@text = 'Cari Gerai KFC' or . = 'Cari Gerai KFC') and @resource-id = 'com.kfc.mobile.hkStaging:id/text_view_label_input_outlet']"}[39m
[35m[HTTP][39m [37m<-- POST /wd/hub/session/91488a5c-891f-4631-b9d0-b266fe48d5e5/elements [39m[32m200[39m [90m147 ms - 12[39m
[35m[HTTP][39m [90m[39m
[35m[HTTP][39m [37m-->[39m [37mPOST[39m [37m/wd/hub/session/91488a5c-891f-4631-b9d0-b266fe48d5e5/elements[39m
[35m[HTTP][39m [90m{"using":"xpath","value":"//*[@class = 'android.widget.TextView' and (@text = 'Cari Gerai KFC' or . = 'Cari Gerai KFC') and @resource-id = 'com.kfc.mobile.hkStaging:id/text_view_label_input_outlet']"}[39m
[35m[HTTP][39m [37m<-- POST /wd/hub/session/91488a5c-891f-4631-b9d0-b266fe48d5e5/elements [39m[32m200[39m [90m140 ms - 12[39m
[35m[HTTP][39m [90m[39m
[35m[HTTP][39m [37m-->[39m [37mPOST[39m [37m/wd/hub/session/91488a5c-891f-4631-b9d0-b266fe48d5e5/elements[39m
[35m[HTTP][39m [90m{"using":"xpath","value":"//*[@class = 'android.widget.TextView' and (@text = 'Cari Gerai KFC' or . = 'Cari Gerai KFC') and @resource-id = 'com.kfc.mobile.hkStaging:id/text_view_label_input_outlet']"}[39m
[35m[HTTP][39m [37m<-- POST /wd/hub/session/91488a5c-891f-4631-b9d0-b266fe48d5e5/elements [39m[32m-[39m [90m- ms - -[39m
[35m[HTTP][39m [90m[39m
[35m[BaseDriver][39m Shutting down because we waited 1800 seconds for a command
[35m[Appium][39m Closing session, cause was 'New Command Timeout of 1800 seconds expired. Try customizing the timeout using the 'newCommandTimeout' desired capability'
[35m[Appium][39m Removing session '31f86f05-50c0-4fa3-aab8-ee930db8a49b' from our master session list
[35m[UiAutomator2][39m Did not get confirmation UiAutomator2 deleteSession worked; Error was: UnknownError: An unknown server-side error occurred while processing the command. Original error: 'DELETE /' cannot be proxied to UiAutomator2 server because the instrumentation process is not running (probably crashed). Check the server log and/or the logcat output for more details
[35m[BaseDriver][39m Shutting down because we waited 1800 seconds for a command
[35m[Appium][39m Closing session, cause was 'New Command Timeout of 1800 seconds expired. Try customizing the timeout using the 'newCommandTimeout' desired capability'
[35m[Appium][39m Removing session '91488a5c-891f-4631-b9d0-b266fe48d5e5' from our master session list
[35m[UiAutomator2][39m Did not get confirmation UiAutomator2 deleteSession worked; Error was: UnknownError: An unknown server-side error occurred while processing the command. Original error: 'DELETE /' cannot be proxied to UiAutomator2 server because the instrumentation process is not running (probably crashed). Check the server log and/or the logcat output for more details
