[35m[Appium][39m Welcome to Appium v1.22.3
[35m[Appium][39m Non-default server args:
[35m[Appium][39m   port: 63876
[35m[Appium][39m   loglevel: info
[35m[Appium][39m   tmpDir: C:\Users\AHADIA~1\AppData\Local\Temp\\Katalon\Appium\Temp1675243882759
[35m[Appium][39m   chromedriverPort: 63877
[35m[Appium][39m Deprecated server args:
[35m[Appium][39m   [31m--chromedriver-port[39m => --default-capabilities
[35m[Appium][39m Default capabilities, which will be added to each request unless overridden by desired capabilities:
[35m[Appium][39m   chromedriverPort: 63877
[35m[Appium][39m Appium REST http interface listener started on 0.0.0.0:63876
[35m[HTTP][39m [37m-->[39m [37mGET[39m [37m/wd/hub/status[39m
[35m[HTTP][39m [90m{}[39m
[35m[HTTP][39m [37m<-- GET /wd/hub/status [39m[32m200[39m [90m8 ms - 68[39m
[35m[HTTP][39m [90m[39m
[35m[HTTP][39m [37m-->[39m [37mPOST[39m [37m/wd/hub/session[39m
[35m[HTTP][39m [90m{"desiredCapabilities":{"appPackage":"com.kfc.mobile.hkStaging","noReset":true,"deviceId":"","deviceName":"OPPO CPH1801 (Android 7.1.1)","platform":"ANDROID","appActivity":"com.kfc.mobile.presentation.home.HomeActivity","newCommandTimeout":1800,"platformVersion":"7.1.1","automationName":"uiautomator2","autoGrantPermissions":true,"platformName":"Android","udid":"aa14e06a","systemPort":8296},"capabilities":{"firstMatch":[{"appium:appActivity":"com.kfc.mobile.presentation.home.HomeActivity","appium:appPackage":"com.kfc.mobile.hkStaging","appium:autoGrantPermissions":true,"appium:automationName":"uiautomator2","deviceId":"","appium:deviceName":"OPPO CPH1801 (Android 7.1.1)","appium:newCommandTimeout":1800,"appium:noReset":true,"platform":"ANDROID","platformName":"android","appium:platformVersion":"7.1.1","appium:systemPort":8296,"appium:udid":"aa14e06a"}]}}[39m
[35m[BaseDriver][39m The following capabilities are not standard capabilities and should have an extension prefix:
[35m[BaseDriver][39m   deviceId
[35m[BaseDriver][39m   platform
[35m[BaseDriver][39m   chromedriverPort
[35m[Appium][39m Appium v1.22.3 creating new AndroidUiautomator2Driver (v1.70.1) session
[35m[BaseDriver][39m The following capabilities were provided, but are not recognized by Appium:
[35m[BaseDriver][39m   deviceId
[35m[BaseDriver][39m   platform
[35m[BaseDriver][39m Session created with session id: 29fc1220-2fa8-45be-9ad9-e1ef14c1b202
[35m[UiAutomator2][39m Starting 'com.kfc.mobile.hkStaging' directly on the device
[35m[ADB][39m Found 1 'build-tools' folders under 'C:\Users\Ahadian Rifky\.katalon\tools\android_sdk' (newest first):
[35m[ADB][39m     C:/Users/Ahadian Rifky/.katalon/tools/android_sdk/build-tools/29.0.3
[35m[ADB][39m Using 'adb.exe' from 'C:\Users\Ahadian Rifky\.katalon\tools\android_sdk\platform-tools\adb.exe'
[35m[AndroidDriver][39m Retrieving device list
[35m[AndroidDriver][39m Using device: aa14e06a
[35m[ADB][39m Using 'adb.exe' from 'C:\Users\Ahadian Rifky\.katalon\tools\android_sdk\platform-tools\adb.exe'
[35m[AndroidDriver][39m No app sent in, not parsing package/activity
[35m[ADB][39m Using 'apksigner.jar' from 'C:\Users\Ahadian Rifky\.katalon\tools\android_sdk\build-tools\29.0.3\lib\apksigner.jar'
[35m[ADB][39m 'C:\Users\Ahadian Rifky\AppData\Roaming\npm\node_modules\appium\node_modules\appium-uiautomator2-server\apks\appium-uiautomator2-server-v4.27.0.apk' is signed with the default certificate
[35m[ADB][39m 'C:\Users\Ahadian Rifky\AppData\Roaming\npm\node_modules\appium\node_modules\appium-uiautomator2-server\apks\appium-uiautomator2-server-debug-androidTest.apk' is signed with the default certificate
[35m[UiAutomator2][39m Server packages are not going to be (re)installed
[35m[ADB][39m Adding packages ["io.appium.settings","io.appium.uiautomator2.server","io.appium.uiautomator2.server.test"] to Doze whitelist
[35m[UiAutomator2][39m Starting UIAutomator2 server 4.27.0
[35m[UiAutomator2][39m Using UIAutomator2 server from 'C:\Users\Ahadian Rifky\AppData\Roaming\npm\node_modules\appium\node_modules\appium-uiautomator2-server\apks\appium-uiautomator2-server-v4.27.0.apk' and test from 'C:\Users\Ahadian Rifky\AppData\Roaming\npm\node_modules\appium\node_modules\appium-uiautomator2-server\apks\appium-uiautomator2-server-debug-androidTest.apk'
[35m[UiAutomator2][39m Waiting up to 30000ms for UiAutomator2 to be online...
[35m[WD Proxy][39m socket hang up
[35m[WD Proxy][39m socket hang up
[35m[WD Proxy][39m socket hang up
[35m[WD Proxy][39m Determined the downstream protocol as 'W3C'
[35m[AndroidDriver][39m Screen already unlocked, doing nothing
[35m[UiAutomator2][39m Starting 'com.kfc.mobile.hkStaging/com.kfc.mobile.presentation.home.HomeActivity and waiting for 'com.kfc.mobile.hkStaging/com.kfc.mobile.presentation.home.HomeActivity'
[35m[Appium][39m New AndroidUiautomator2Driver session created successfully, session 29fc1220-2fa8-45be-9ad9-e1ef14c1b202 added to master session list
[35m[HTTP][39m [37m<-- POST /wd/hub/session [39m[32m200[39m [90m13180 ms - 1279[39m
[35m[HTTP][39m [90m[39m
[35m[HTTP][39m [37m-->[39m [37mGET[39m [37m/wd/hub/session/29fc1220-2fa8-45be-9ad9-e1ef14c1b202[39m
[35m[HTTP][39m [90m{}[39m
[35m[HTTP][39m [37m<-- GET /wd/hub/session/29fc1220-2fa8-45be-9ad9-e1ef14c1b202 [39m[32m200[39m [90m21 ms - 1233[39m
[35m[HTTP][39m [90m[39m
[35m[HTTP][39m [37m-->[39m [37mGET[39m [37m/wd/hub/session/29fc1220-2fa8-45be-9ad9-e1ef14c1b202[39m
[35m[HTTP][39m [90m{}[39m
[35m[HTTP][39m [37m<-- GET /wd/hub/session/29fc1220-2fa8-45be-9ad9-e1ef14c1b202 [39m[32m200[39m [90m18 ms - 1233[39m
[35m[HTTP][39m [90m[39m
[35m[HTTP][39m [37m-->[39m [37mGET[39m [37m/wd/hub/status[39m
[35m[HTTP][39m [90m{}[39m
[35m[HTTP][39m [37m<-- GET /wd/hub/status [39m[32m200[39m [90m2 ms - 68[39m
[35m[HTTP][39m [90m[39m
[35m[HTTP][39m [37m-->[39m [37mPOST[39m [37m/wd/hub/session/29fc1220-2fa8-45be-9ad9-e1ef14c1b202/timeouts[39m
[35m[HTTP][39m [90m{"implicit":30000}[39m
[35m[HTTP][39m [37m<-- POST /wd/hub/session/29fc1220-2fa8-45be-9ad9-e1ef14c1b202/timeouts [39m[32m200[39m [90m3 ms - 14[39m
[35m[HTTP][39m [90m[39m
[35m[HTTP][39m [37m-->[39m [37mGET[39m [37m/wd/hub/session/29fc1220-2fa8-45be-9ad9-e1ef14c1b202/screenshot[39m
[35m[HTTP][39m [90m{}[39m
[35m[HTTP][39m [37m<-- GET /wd/hub/session/29fc1220-2fa8-45be-9ad9-e1ef14c1b202/screenshot [39m[32m200[39m [90m430 ms - 127974[39m
[35m[HTTP][39m [90m[39m
[35m[HTTP][39m [37m-->[39m [37mGET[39m [37m/wd/hub/session/29fc1220-2fa8-45be-9ad9-e1ef14c1b202/window/rect[39m
[35m[HTTP][39m [90m{}[39m
[35m[HTTP][39m [37m<-- GET /wd/hub/session/29fc1220-2fa8-45be-9ad9-e1ef14c1b202/window/rect [39m[32m200[39m [90m40 ms - 49[39m
[35m[HTTP][39m [90m[39m
[35m[HTTP][39m [37m-->[39m [37mGET[39m [37m/wd/hub/session/29fc1220-2fa8-45be-9ad9-e1ef14c1b202/appium/device/system_bars[39m
[35m[HTTP][39m [90m{}[39m
[35m[HTTP][39m [37m<-- GET /wd/hub/session/29fc1220-2fa8-45be-9ad9-e1ef14c1b202/appium/device/system_bars [39m[31m500[39m [90m200 ms - 663[39m
[35m[HTTP][39m [90m[39m
[35m[HTTP][39m [37m-->[39m [37mPOST[39m [37m/wd/hub/session/29fc1220-2fa8-45be-9ad9-e1ef14c1b202/execute/sync[39m
[35m[HTTP][39m [90m{"script":"mobile:viewportRect","args":[]}[39m
[35m[AndroidDriver][39m Executing native command 'mobile:viewportRect'
[35m[HTTP][39m [37m<-- POST /wd/hub/session/29fc1220-2fa8-45be-9ad9-e1ef14c1b202/execute/sync [39m[32m200[39m [90m22 ms - 55[39m
[35m[HTTP][39m [90m[39m
[35m[HTTP][39m [37m-->[39m [37mPOST[39m [37m/wd/hub/session/29fc1220-2fa8-45be-9ad9-e1ef14c1b202/appium/device/activate_app[39m
[35m[HTTP][39m [90m{"bundleId":"com.kfc.mobile.hkStaging"}[39m
[35m[HTTP][39m [37m<-- POST /wd/hub/session/29fc1220-2fa8-45be-9ad9-e1ef14c1b202/appium/device/activate_app [39m[32m200[39m [90m1072 ms - 14[39m
[35m[HTTP][39m [90m[39m
[35m[HTTP][39m [37m-->[39m [37mPOST[39m [37m/wd/hub/session/29fc1220-2fa8-45be-9ad9-e1ef14c1b202/timeouts[39m
[35m[HTTP][39m [90m{"implicit":50}[39m
[35m[HTTP][39m [37m<-- POST /wd/hub/session/29fc1220-2fa8-45be-9ad9-e1ef14c1b202/timeouts [39m[32m200[39m [90m3 ms - 14[39m
[35m[HTTP][39m [90m[39m
[35m[HTTP][39m [37m-->[39m [37mGET[39m [37m/wd/hub/session/29fc1220-2fa8-45be-9ad9-e1ef14c1b202/window/rect[39m
[35m[HTTP][39m [90m{}[39m
[35m[HTTP][39m [37m<-- GET /wd/hub/session/29fc1220-2fa8-45be-9ad9-e1ef14c1b202/window/rect [39m[32m200[39m [90m18 ms - 49[39m
[35m[HTTP][39m [90m[39m
[35m[HTTP][39m [37m-->[39m [37mPOST[39m [37m/wd/hub/session/29fc1220-2fa8-45be-9ad9-e1ef14c1b202/elements[39m
[35m[HTTP][39m [90m{"using":"xpath","value":"//*[@class = 'android.widget.TextView' and (@text = 'Profil' or . = 'Profil') and @resource-id = 'com.kfc.mobile.hkStaging:id/tvBottomProfile']"}[39m
[35m[HTTP][39m [37m<-- POST /wd/hub/session/29fc1220-2fa8-45be-9ad9-e1ef14c1b202/elements [39m[32m200[39m [90m661 ms - 139[39m
[35m[HTTP][39m [90m[39m
[35m[HTTP][39m [37m-->[39m [37mGET[39m [37m/wd/hub/session/29fc1220-2fa8-45be-9ad9-e1ef14c1b202/element/00000000-0000-004e-7fff-ffff00000083/location[39m
[35m[HTTP][39m [90m{}[39m
[35m[W3C (29fc1220)][39m Driver proxy active, passing request on via HTTP proxy
[35m[WD Proxy][39m Replacing sessionId 467150ba-3d80-48ff-93f7-451a9d80f850 with 29fc1220-2fa8-45be-9ad9-e1ef14c1b202
[35m[HTTP][39m [37m<-- GET /wd/hub/session/29fc1220-2fa8-45be-9ad9-e1ef14c1b202/element/00000000-0000-004e-7fff-ffff00000083/location [39m[32m200[39m [90m757 ms - 79[39m
[35m[HTTP][39m [90m[39m
[35m[HTTP][39m [37m-->[39m [37mPOST[39m [37m/wd/hub/session/29fc1220-2fa8-45be-9ad9-e1ef14c1b202/timeouts[39m
[35m[HTTP][39m [90m{"implicit":30000}[39m
[35m[HTTP][39m [37m<-- POST /wd/hub/session/29fc1220-2fa8-45be-9ad9-e1ef14c1b202/timeouts [39m[32m200[39m [90m2 ms - 14[39m
[35m[HTTP][39m [90m[39m
[35m[HTTP][39m [37m-->[39m [37mPOST[39m [37m/wd/hub/session/29fc1220-2fa8-45be-9ad9-e1ef14c1b202/element/00000000-0000-004e-7fff-ffff00000083/click[39m
[35m[HTTP][39m [90m{"id":"00000000-0000-004e-7fff-ffff00000083"}[39m
[35m[HTTP][39m [37m<-- POST /wd/hub/session/29fc1220-2fa8-45be-9ad9-e1ef14c1b202/element/00000000-0000-004e-7fff-ffff00000083/click [39m[32m200[39m [90m37 ms - 14[39m
[35m[HTTP][39m [90m[39m
[35m[HTTP][39m [37m-->[39m [37mPOST[39m [37m/wd/hub/session/29fc1220-2fa8-45be-9ad9-e1ef14c1b202/timeouts[39m
[35m[HTTP][39m [90m{"implicit":50}[39m
[35m[HTTP][39m [37m<-- POST /wd/hub/session/29fc1220-2fa8-45be-9ad9-e1ef14c1b202/timeouts [39m[32m200[39m [90m2 ms - 14[39m
[35m[HTTP][39m [90m[39m
[35m[HTTP][39m [37m-->[39m [37mGET[39m [37m/wd/hub/session/29fc1220-2fa8-45be-9ad9-e1ef14c1b202/window/rect[39m
[35m[HTTP][39m [90m{}[39m
[35m[HTTP][39m [37m<-- GET /wd/hub/session/29fc1220-2fa8-45be-9ad9-e1ef14c1b202/window/rect [39m[32m200[39m [90m15 ms - 49[39m
[35m[HTTP][39m [90m[39m
[35m[HTTP][39m [37m-->[39m [37mPOST[39m [37m/wd/hub/session/29fc1220-2fa8-45be-9ad9-e1ef14c1b202/elements[39m
[35m[HTTP][39m [90m{"using":"xpath","value":"//*[@class = 'android.widget.EditText' and (@text = 'Masukkan nomor handphone Anda' or . = 'Masukkan nomor handphone Anda') and @resource-id = 'com.kfc.mobile.hkStaging:id/edit_text']"}[39m
[35m[HTTP][39m [37m<-- POST /wd/hub/session/29fc1220-2fa8-45be-9ad9-e1ef14c1b202/elements [39m[32m200[39m [90m1769 ms - 139[39m
[35m[HTTP][39m [90m[39m
[35m[HTTP][39m [37m-->[39m [37mGET[39m [37m/wd/hub/session/29fc1220-2fa8-45be-9ad9-e1ef14c1b202/element/00000000-0000-004f-7fff-ffff00000088/location[39m
[35m[HTTP][39m [90m{}[39m
[35m[W3C (29fc1220)][39m Driver proxy active, passing request on via HTTP proxy
[35m[WD Proxy][39m Replacing sessionId 467150ba-3d80-48ff-93f7-451a9d80f850 with 29fc1220-2fa8-45be-9ad9-e1ef14c1b202
[35m[HTTP][39m [37m<-- GET /wd/hub/session/29fc1220-2fa8-45be-9ad9-e1ef14c1b202/element/00000000-0000-004f-7fff-ffff00000088/location [39m[32m200[39m [90m1045 ms - 77[39m
[35m[HTTP][39m [90m[39m
[35m[HTTP][39m [37m-->[39m [37mPOST[39m [37m/wd/hub/session/29fc1220-2fa8-45be-9ad9-e1ef14c1b202/timeouts[39m
[35m[HTTP][39m [90m{"implicit":30000}[39m
[35m[HTTP][39m [37m<-- POST /wd/hub/session/29fc1220-2fa8-45be-9ad9-e1ef14c1b202/timeouts [39m[32m200[39m [90m2 ms - 14[39m
[35m[HTTP][39m [90m[39m
[35m[HTTP][39m [37m-->[39m [37mPOST[39m [37m/wd/hub/session/29fc1220-2fa8-45be-9ad9-e1ef14c1b202/element/00000000-0000-004f-7fff-ffff00000088/clear[39m
[35m[HTTP][39m [90m{"id":"00000000-0000-004f-7fff-ffff00000088"}[39m
[35m[HTTP][39m [37m<-- POST /wd/hub/session/29fc1220-2fa8-45be-9ad9-e1ef14c1b202/element/00000000-0000-004f-7fff-ffff00000088/clear [39m[32m200[39m [90m43 ms - 14[39m
[35m[HTTP][39m [90m[39m
[35m[HTTP][39m [37m-->[39m [37mPOST[39m [37m/wd/hub/session/29fc1220-2fa8-45be-9ad9-e1ef14c1b202/element/00000000-0000-004f-7fff-ffff00000088/value[39m
[35m[HTTP][39m [90m{"id":"00000000-0000-004f-7fff-ffff00000088","text":"081399674746","value":["0","8","1","3","9","9","6","7","4","7","4","6"]}[39m
[35m[HTTP][39m [37m<-- POST /wd/hub/session/29fc1220-2fa8-45be-9ad9-e1ef14c1b202/element/00000000-0000-004f-7fff-ffff00000088/value [39m[32m200[39m [90m1082 ms - 14[39m
[35m[HTTP][39m [90m[39m
[35m[HTTP][39m [37m-->[39m [37mGET[39m [37m/wd/hub/session/29fc1220-2fa8-45be-9ad9-e1ef14c1b202/context[39m
[35m[HTTP][39m [90m{}[39m
[35m[HTTP][39m [37m<-- GET /wd/hub/session/29fc1220-2fa8-45be-9ad9-e1ef14c1b202/context [39m[32m200[39m [90m3 ms - 22[39m
[35m[HTTP][39m [90m[39m
[35m[HTTP][39m [37m-->[39m [37mGET[39m [37m/wd/hub/session/29fc1220-2fa8-45be-9ad9-e1ef14c1b202/contexts[39m
[35m[HTTP][39m [90m{}[39m
[35m[HTTP][39m [37m<-- GET /wd/hub/session/29fc1220-2fa8-45be-9ad9-e1ef14c1b202/contexts [39m[32m200[39m [90m113 ms - 24[39m
[35m[HTTP][39m [90m[39m
[35m[HTTP][39m [37m-->[39m [37mPOST[39m [37m/wd/hub/session/29fc1220-2fa8-45be-9ad9-e1ef14c1b202/context[39m
[35m[HTTP][39m [90m{"name":"NATIVE_APP"}[39m
[35m[HTTP][39m [37m<-- POST /wd/hub/session/29fc1220-2fa8-45be-9ad9-e1ef14c1b202/context [39m[32m200[39m [90m3 ms - 14[39m
[35m[HTTP][39m [90m[39m
[35m[HTTP][39m [37m-->[39m [37mPOST[39m [37m/wd/hub/session/29fc1220-2fa8-45be-9ad9-e1ef14c1b202/appium/device/hide_keyboard[39m
[35m[HTTP][39m [90m{}[39m
[35m[ADB][39m Keyboard has no UI; no closing necessary
[35m[HTTP][39m [37m<-- POST /wd/hub/session/29fc1220-2fa8-45be-9ad9-e1ef14c1b202/appium/device/hide_keyboard [39m[32m200[39m [90m1275 ms - 15[39m
[35m[HTTP][39m [90m[39m
[35m[HTTP][39m [37m-->[39m [37mPOST[39m [37m/wd/hub/session/29fc1220-2fa8-45be-9ad9-e1ef14c1b202/context[39m
[35m[HTTP][39m [90m{"name":"NATIVE_APP"}[39m
[35m[HTTP][39m [37m<-- POST /wd/hub/session/29fc1220-2fa8-45be-9ad9-e1ef14c1b202/context [39m[32m200[39m [90m2 ms - 14[39m
[35m[HTTP][39m [90m[39m
[35m[HTTP][39m [37m-->[39m [37mPOST[39m [37m/wd/hub/session/29fc1220-2fa8-45be-9ad9-e1ef14c1b202/timeouts[39m
[35m[HTTP][39m [90m{"implicit":50}[39m
[35m[HTTP][39m [37m<-- POST /wd/hub/session/29fc1220-2fa8-45be-9ad9-e1ef14c1b202/timeouts [39m[32m200[39m [90m2 ms - 14[39m
[35m[HTTP][39m [90m[39m
[35m[HTTP][39m [37m-->[39m [37mGET[39m [37m/wd/hub/session/29fc1220-2fa8-45be-9ad9-e1ef14c1b202/window/rect[39m
[35m[HTTP][39m [90m{}[39m
[35m[HTTP][39m [37m<-- GET /wd/hub/session/29fc1220-2fa8-45be-9ad9-e1ef14c1b202/window/rect [39m[32m200[39m [90m14 ms - 49[39m
[35m[HTTP][39m [90m[39m
[35m[HTTP][39m [37m-->[39m [37mPOST[39m [37m/wd/hub/session/29fc1220-2fa8-45be-9ad9-e1ef14c1b202/elements[39m
[35m[HTTP][39m [90m{"using":"xpath","value":"//*[@class = 'android.widget.EditText' and (@text = 'Ketik kata sandi Anda' or . = 'Ketik kata sandi Anda') and @resource-id = 'com.kfc.mobile.hkStaging:id/edit_text']"}[39m
[35m[HTTP][39m [37m<-- POST /wd/hub/session/29fc1220-2fa8-45be-9ad9-e1ef14c1b202/elements [39m[32m200[39m [90m311 ms - 139[39m
[35m[HTTP][39m [90m[39m
[35m[HTTP][39m [37m-->[39m [37mGET[39m [37m/wd/hub/session/29fc1220-2fa8-45be-9ad9-e1ef14c1b202/element/00000000-0000-004f-7fff-ffff000000af/location[39m
[35m[HTTP][39m [90m{}[39m
[35m[W3C (29fc1220)][39m Driver proxy active, passing request on via HTTP proxy
[35m[WD Proxy][39m Replacing sessionId 467150ba-3d80-48ff-93f7-451a9d80f850 with 29fc1220-2fa8-45be-9ad9-e1ef14c1b202
[35m[HTTP][39m [37m<-- GET /wd/hub/session/29fc1220-2fa8-45be-9ad9-e1ef14c1b202/element/00000000-0000-004f-7fff-ffff000000af/location [39m[32m200[39m [90m23 ms - 77[39m
[35m[HTTP][39m [90m[39m
[35m[HTTP][39m [37m-->[39m [37mPOST[39m [37m/wd/hub/session/29fc1220-2fa8-45be-9ad9-e1ef14c1b202/timeouts[39m
[35m[HTTP][39m [90m{"implicit":30000}[39m
[35m[HTTP][39m [37m<-- POST /wd/hub/session/29fc1220-2fa8-45be-9ad9-e1ef14c1b202/timeouts [39m[32m200[39m [90m1 ms - 14[39m
[35m[HTTP][39m [90m[39m
[35m[HTTP][39m [37m-->[39m [37mPOST[39m [37m/wd/hub/session/29fc1220-2fa8-45be-9ad9-e1ef14c1b202/element/00000000-0000-004f-7fff-ffff000000af/clear[39m
[35m[HTTP][39m [90m{"id":"00000000-0000-004f-7fff-ffff000000af"}[39m
[35m[HTTP][39m [37m<-- POST /wd/hub/session/29fc1220-2fa8-45be-9ad9-e1ef14c1b202/element/00000000-0000-004f-7fff-ffff000000af/clear [39m[32m200[39m [90m26 ms - 14[39m
[35m[HTTP][39m [90m[39m
[35m[HTTP][39m [37m-->[39m [37mPOST[39m [37m/wd/hub/session/29fc1220-2fa8-45be-9ad9-e1ef14c1b202/element/00000000-0000-004f-7fff-ffff000000af/value[39m
[35m[HTTP][39m [90m{"id":"00000000-0000-004f-7fff-ffff000000af","text":"pass111","value":["p","a","s","s","1","1","1"]}[39m
[35m[HTTP][39m [37m<-- POST /wd/hub/session/29fc1220-2fa8-45be-9ad9-e1ef14c1b202/element/00000000-0000-004f-7fff-ffff000000af/value [39m[32m200[39m [90m1478 ms - 14[39m
[35m[HTTP][39m [90m[39m
[35m[HTTP][39m [37m-->[39m [37mGET[39m [37m/wd/hub/session/29fc1220-2fa8-45be-9ad9-e1ef14c1b202/context[39m
[35m[HTTP][39m [90m{}[39m
[35m[HTTP][39m [37m<-- GET /wd/hub/session/29fc1220-2fa8-45be-9ad9-e1ef14c1b202/context [39m[32m200[39m [90m1 ms - 22[39m
[35m[HTTP][39m [90m[39m
[35m[HTTP][39m [37m-->[39m [37mGET[39m [37m/wd/hub/session/29fc1220-2fa8-45be-9ad9-e1ef14c1b202/contexts[39m
[35m[HTTP][39m [90m{}[39m
[35m[HTTP][39m [37m<-- GET /wd/hub/session/29fc1220-2fa8-45be-9ad9-e1ef14c1b202/contexts [39m[32m200[39m [90m156 ms - 24[39m
[35m[HTTP][39m [90m[39m
[35m[HTTP][39m [37m-->[39m [37mPOST[39m [37m/wd/hub/session/29fc1220-2fa8-45be-9ad9-e1ef14c1b202/context[39m
[35m[HTTP][39m [90m{"name":"NATIVE_APP"}[39m
[35m[HTTP][39m [37m<-- POST /wd/hub/session/29fc1220-2fa8-45be-9ad9-e1ef14c1b202/context [39m[32m200[39m [90m1 ms - 14[39m
[35m[HTTP][39m [90m[39m
[35m[HTTP][39m [37m-->[39m [37mPOST[39m [37m/wd/hub/session/29fc1220-2fa8-45be-9ad9-e1ef14c1b202/appium/device/hide_keyboard[39m
[35m[HTTP][39m [90m{}[39m
[35m[ADB][39m Keyboard has no UI; no closing necessary
[35m[HTTP][39m [37m<-- POST /wd/hub/session/29fc1220-2fa8-45be-9ad9-e1ef14c1b202/appium/device/hide_keyboard [39m[32m200[39m [90m1153 ms - 15[39m
[35m[HTTP][39m [90m[39m
[35m[HTTP][39m [37m-->[39m [37mPOST[39m [37m/wd/hub/session/29fc1220-2fa8-45be-9ad9-e1ef14c1b202/context[39m
[35m[HTTP][39m [90m{"name":"NATIVE_APP"}[39m
[35m[HTTP][39m [37m<-- POST /wd/hub/session/29fc1220-2fa8-45be-9ad9-e1ef14c1b202/context [39m[32m200[39m [90m1 ms - 14[39m
[35m[HTTP][39m [90m[39m
[35m[HTTP][39m [37m-->[39m [37mPOST[39m [37m/wd/hub/session/29fc1220-2fa8-45be-9ad9-e1ef14c1b202/timeouts[39m
[35m[HTTP][39m [90m{"implicit":50}[39m
[35m[HTTP][39m [37m<-- POST /wd/hub/session/29fc1220-2fa8-45be-9ad9-e1ef14c1b202/timeouts [39m[32m200[39m [90m2 ms - 14[39m
[35m[HTTP][39m [90m[39m
[35m[HTTP][39m [37m-->[39m [37mGET[39m [37m/wd/hub/session/29fc1220-2fa8-45be-9ad9-e1ef14c1b202/window/rect[39m
[35m[HTTP][39m [90m{}[39m
[35m[HTTP][39m [37m<-- GET /wd/hub/session/29fc1220-2fa8-45be-9ad9-e1ef14c1b202/window/rect [39m[32m200[39m [90m16 ms - 49[39m
[35m[HTTP][39m [90m[39m
[35m[HTTP][39m [37m-->[39m [37mPOST[39m [37m/wd/hub/session/29fc1220-2fa8-45be-9ad9-e1ef14c1b202/elements[39m
[35m[HTTP][39m [90m{"using":"xpath","value":"//*[@class = 'android.widget.Button' and (@text = 'Masuk' or . = 'Masuk') and @resource-id = 'com.kfc.mobile.hkStaging:id/button_login']"}[39m
[35m[HTTP][39m [37m<-- POST /wd/hub/session/29fc1220-2fa8-45be-9ad9-e1ef14c1b202/elements [39m[32m200[39m [90m251 ms - 139[39m
[35m[HTTP][39m [90m[39m
[35m[HTTP][39m [37m-->[39m [37mGET[39m [37m/wd/hub/session/29fc1220-2fa8-45be-9ad9-e1ef14c1b202/element/00000000-0000-004f-7fff-ffff0000009d/location[39m
[35m[HTTP][39m [90m{}[39m
[35m[W3C (29fc1220)][39m Driver proxy active, passing request on via HTTP proxy
[35m[WD Proxy][39m Replacing sessionId 467150ba-3d80-48ff-93f7-451a9d80f850 with 29fc1220-2fa8-45be-9ad9-e1ef14c1b202
[35m[HTTP][39m [37m<-- GET /wd/hub/session/29fc1220-2fa8-45be-9ad9-e1ef14c1b202/element/00000000-0000-004f-7fff-ffff0000009d/location [39m[32m200[39m [90m29 ms - 77[39m
[35m[HTTP][39m [90m[39m
[35m[HTTP][39m [37m-->[39m [37mPOST[39m [37m/wd/hub/session/29fc1220-2fa8-45be-9ad9-e1ef14c1b202/timeouts[39m
[35m[HTTP][39m [90m{"implicit":30000}[39m
[35m[HTTP][39m [37m<-- POST /wd/hub/session/29fc1220-2fa8-45be-9ad9-e1ef14c1b202/timeouts [39m[32m200[39m [90m3 ms - 14[39m
[35m[HTTP][39m [90m[39m
[35m[HTTP][39m [37m-->[39m [37mPOST[39m [37m/wd/hub/session/29fc1220-2fa8-45be-9ad9-e1ef14c1b202/element/00000000-0000-004f-7fff-ffff0000009d/click[39m
[35m[HTTP][39m [90m{"id":"00000000-0000-004f-7fff-ffff0000009d"}[39m
[35m[HTTP][39m [37m<-- POST /wd/hub/session/29fc1220-2fa8-45be-9ad9-e1ef14c1b202/element/00000000-0000-004f-7fff-ffff0000009d/click [39m[32m200[39m [90m31 ms - 14[39m
[35m[HTTP][39m [90m[39m
[35m[HTTP][39m [37m-->[39m [37mPOST[39m [37m/wd/hub/session/29fc1220-2fa8-45be-9ad9-e1ef14c1b202/timeouts[39m
[35m[HTTP][39m [90m{"implicit":50}[39m
[35m[HTTP][39m [37m<-- POST /wd/hub/session/29fc1220-2fa8-45be-9ad9-e1ef14c1b202/timeouts [39m[32m200[39m [90m2 ms - 14[39m
[35m[HTTP][39m [90m[39m
[35m[HTTP][39m [37m-->[39m [37mGET[39m [37m/wd/hub/session/29fc1220-2fa8-45be-9ad9-e1ef14c1b202/window/rect[39m
[35m[HTTP][39m [90m{}[39m
[35m[HTTP][39m [37m<-- GET /wd/hub/session/29fc1220-2fa8-45be-9ad9-e1ef14c1b202/window/rect [39m[32m200[39m [90m14 ms - 49[39m
[35m[HTTP][39m [90m[39m
[35m[HTTP][39m [37m-->[39m [37mPOST[39m [37m/wd/hub/session/29fc1220-2fa8-45be-9ad9-e1ef14c1b202/elements[39m
[35m[HTTP][39m [90m{"using":"xpath","value":"//*[@class = 'android.widget.TextView' and (@text = 'Profil' or . = 'Profil') and @resource-id = 'com.kfc.mobile.hkStaging:id/tvBottomProfile']"}[39m
[35m[HTTP][39m [37m<-- POST /wd/hub/session/29fc1220-2fa8-45be-9ad9-e1ef14c1b202/elements [39m[32m200[39m [90m185 ms - 12[39m
[35m[HTTP][39m [90m[39m
[35m[HTTP][39m [37m-->[39m [37mPOST[39m [37m/wd/hub/session/29fc1220-2fa8-45be-9ad9-e1ef14c1b202/elements[39m
[35m[HTTP][39m [90m{"using":"xpath","value":"//*[@class = 'android.widget.TextView' and (@text = 'Profil' or . = 'Profil') and @resource-id = 'com.kfc.mobile.hkStaging:id/tvBottomProfile']"}[39m
[35m[HTTP][39m [37m<-- POST /wd/hub/session/29fc1220-2fa8-45be-9ad9-e1ef14c1b202/elements [39m[32m200[39m [90m165 ms - 12[39m
[35m[HTTP][39m [90m[39m
[35m[HTTP][39m [37m-->[39m [37mPOST[39m [37m/wd/hub/session/29fc1220-2fa8-45be-9ad9-e1ef14c1b202/elements[39m
[35m[HTTP][39m [90m{"using":"xpath","value":"//*[@class = 'android.widget.TextView' and (@text = 'Profil' or . = 'Profil') and @resource-id = 'com.kfc.mobile.hkStaging:id/tvBottomProfile']"}[39m
[35m[HTTP][39m [37m<-- POST /wd/hub/session/29fc1220-2fa8-45be-9ad9-e1ef14c1b202/elements [39m[32m200[39m [90m162 ms - 12[39m
[35m[HTTP][39m [90m[39m
[35m[HTTP][39m [37m-->[39m [37mPOST[39m [37m/wd/hub/session/29fc1220-2fa8-45be-9ad9-e1ef14c1b202/elements[39m
[35m[HTTP][39m [90m{"using":"xpath","value":"//*[@class = 'android.widget.TextView' and (@text = 'Profil' or . = 'Profil') and @resource-id = 'com.kfc.mobile.hkStaging:id/tvBottomProfile']"}[39m
[35m[HTTP][39m [37m<-- POST /wd/hub/session/29fc1220-2fa8-45be-9ad9-e1ef14c1b202/elements [39m[32m200[39m [90m162 ms - 12[39m
[35m[HTTP][39m [90m[39m
[35m[HTTP][39m [37m-->[39m [37mPOST[39m [37m/wd/hub/session/29fc1220-2fa8-45be-9ad9-e1ef14c1b202/elements[39m
[35m[HTTP][39m [90m{"using":"xpath","value":"//*[@class = 'android.widget.TextView' and (@text = 'Profil' or . = 'Profil') and @resource-id = 'com.kfc.mobile.hkStaging:id/tvBottomProfile']"}[39m
[35m[HTTP][39m [37m<-- POST /wd/hub/session/29fc1220-2fa8-45be-9ad9-e1ef14c1b202/elements [39m[32m200[39m [90m143 ms - 12[39m
[35m[HTTP][39m [90m[39m
[35m[HTTP][39m [37m-->[39m [37mPOST[39m [37m/wd/hub/session/29fc1220-2fa8-45be-9ad9-e1ef14c1b202/elements[39m
[35m[HTTP][39m [90m{"using":"xpath","value":"//*[@class = 'android.widget.TextView' and (@text = 'Profil' or . = 'Profil') and @resource-id = 'com.kfc.mobile.hkStaging:id/tvBottomProfile']"}[39m
[35m[HTTP][39m [37m<-- POST /wd/hub/session/29fc1220-2fa8-45be-9ad9-e1ef14c1b202/elements [39m[32m200[39m [90m148 ms - 12[39m
[35m[HTTP][39m [90m[39m
[35m[HTTP][39m [37m-->[39m [37mPOST[39m [37m/wd/hub/session/29fc1220-2fa8-45be-9ad9-e1ef14c1b202/elements[39m
[35m[HTTP][39m [90m{"using":"xpath","value":"//*[@class = 'android.widget.TextView' and (@text = 'Profil' or . = 'Profil') and @resource-id = 'com.kfc.mobile.hkStaging:id/tvBottomProfile']"}[39m
[35m[HTTP][39m [37m<-- POST /wd/hub/session/29fc1220-2fa8-45be-9ad9-e1ef14c1b202/elements [39m[32m200[39m [90m140 ms - 12[39m
[35m[HTTP][39m [90m[39m
[35m[HTTP][39m [37m-->[39m [37mPOST[39m [37m/wd/hub/session/29fc1220-2fa8-45be-9ad9-e1ef14c1b202/elements[39m
[35m[HTTP][39m [90m{"using":"xpath","value":"//*[@class = 'android.widget.TextView' and (@text = 'Profil' or . = 'Profil') and @resource-id = 'com.kfc.mobile.hkStaging:id/tvBottomProfile']"}[39m
[35m[HTTP][39m [37m<-- POST /wd/hub/session/29fc1220-2fa8-45be-9ad9-e1ef14c1b202/elements [39m[32m200[39m [90m128 ms - 12[39m
[35m[HTTP][39m [90m[39m
[35m[HTTP][39m [37m-->[39m [37mPOST[39m [37m/wd/hub/session/29fc1220-2fa8-45be-9ad9-e1ef14c1b202/elements[39m
[35m[HTTP][39m [90m{"using":"xpath","value":"//*[@class = 'android.widget.TextView' and (@text = 'Profil' or . = 'Profil') and @resource-id = 'com.kfc.mobile.hkStaging:id/tvBottomProfile']"}[39m
[35m[HTTP][39m [37m<-- POST /wd/hub/session/29fc1220-2fa8-45be-9ad9-e1ef14c1b202/elements [39m[32m200[39m [90m118 ms - 12[39m
[35m[HTTP][39m [90m[39m
[35m[HTTP][39m [37m-->[39m [37mPOST[39m [37m/wd/hub/session/29fc1220-2fa8-45be-9ad9-e1ef14c1b202/elements[39m
[35m[HTTP][39m [90m{"using":"xpath","value":"//*[@class = 'android.widget.TextView' and (@text = 'Profil' or . = 'Profil') and @resource-id = 'com.kfc.mobile.hkStaging:id/tvBottomProfile']"}[39m
[35m[HTTP][39m [37m<-- POST /wd/hub/session/29fc1220-2fa8-45be-9ad9-e1ef14c1b202/elements [39m[32m200[39m [90m1045 ms - 12[39m
[35m[HTTP][39m [90m[39m
[35m[HTTP][39m [37m-->[39m [37mPOST[39m [37m/wd/hub/session/29fc1220-2fa8-45be-9ad9-e1ef14c1b202/elements[39m
[35m[HTTP][39m [90m{"using":"xpath","value":"//*[@class = 'android.widget.TextView' and (@text = 'Profil' or . = 'Profil') and @resource-id = 'com.kfc.mobile.hkStaging:id/tvBottomProfile']"}[39m
[35m[HTTP][39m [37m<-- POST /wd/hub/session/29fc1220-2fa8-45be-9ad9-e1ef14c1b202/elements [39m[32m200[39m [90m115 ms - 12[39m
[35m[HTTP][39m [90m[39m
[35m[HTTP][39m [37m-->[39m [37mPOST[39m [37m/wd/hub/session/29fc1220-2fa8-45be-9ad9-e1ef14c1b202/elements[39m
[35m[HTTP][39m [90m{"using":"xpath","value":"//*[@class = 'android.widget.TextView' and (@text = 'Profil' or . = 'Profil') and @resource-id = 'com.kfc.mobile.hkStaging:id/tvBottomProfile']"}[39m
[35m[HTTP][39m [37m<-- POST /wd/hub/session/29fc1220-2fa8-45be-9ad9-e1ef14c1b202/elements [39m[32m200[39m [90m110 ms - 12[39m
[35m[HTTP][39m [90m[39m
[35m[HTTP][39m [37m-->[39m [37mPOST[39m [37m/wd/hub/session/29fc1220-2fa8-45be-9ad9-e1ef14c1b202/elements[39m
[35m[HTTP][39m [90m{"using":"xpath","value":"//*[@class = 'android.widget.TextView' and (@text = 'Profil' or . = 'Profil') and @resource-id = 'com.kfc.mobile.hkStaging:id/tvBottomProfile']"}[39m
[35m[HTTP][39m [37m<-- POST /wd/hub/session/29fc1220-2fa8-45be-9ad9-e1ef14c1b202/elements [39m[32m200[39m [90m112 ms - 12[39m
[35m[HTTP][39m [90m[39m
[35m[HTTP][39m [37m-->[39m [37mPOST[39m [37m/wd/hub/session/29fc1220-2fa8-45be-9ad9-e1ef14c1b202/elements[39m
[35m[HTTP][39m [90m{"using":"xpath","value":"//*[@class = 'android.widget.TextView' and (@text = 'Profil' or . = 'Profil') and @resource-id = 'com.kfc.mobile.hkStaging:id/tvBottomProfile']"}[39m
[35m[HTTP][39m [37m<-- POST /wd/hub/session/29fc1220-2fa8-45be-9ad9-e1ef14c1b202/elements [39m[32m200[39m [90m109 ms - 12[39m
[35m[HTTP][39m [90m[39m
[35m[HTTP][39m [37m-->[39m [37mPOST[39m [37m/wd/hub/session/29fc1220-2fa8-45be-9ad9-e1ef14c1b202/elements[39m
[35m[HTTP][39m [90m{"using":"xpath","value":"//*[@class = 'android.widget.TextView' and (@text = 'Profil' or . = 'Profil') and @resource-id = 'com.kfc.mobile.hkStaging:id/tvBottomProfile']"}[39m
[35m[HTTP][39m [37m<-- POST /wd/hub/session/29fc1220-2fa8-45be-9ad9-e1ef14c1b202/elements [39m[32m200[39m [90m104 ms - 12[39m
[35m[HTTP][39m [90m[39m
[35m[HTTP][39m [37m-->[39m [37mPOST[39m [37m/wd/hub/session/29fc1220-2fa8-45be-9ad9-e1ef14c1b202/elements[39m
[35m[HTTP][39m [90m{"using":"xpath","value":"//*[@class = 'android.widget.TextView' and (@text = 'Profil' or . = 'Profil') and @resource-id = 'com.kfc.mobile.hkStaging:id/tvBottomProfile']"}[39m
[35m[HTTP][39m [37m<-- POST /wd/hub/session/29fc1220-2fa8-45be-9ad9-e1ef14c1b202/elements [39m[32m200[39m [90m110 ms - 12[39m
[35m[HTTP][39m [90m[39m
[35m[HTTP][39m [37m-->[39m [37mPOST[39m [37m/wd/hub/session/29fc1220-2fa8-45be-9ad9-e1ef14c1b202/elements[39m
[35m[HTTP][39m [90m{"using":"xpath","value":"//*[@class = 'android.widget.TextView' and (@text = 'Profil' or . = 'Profil') and @resource-id = 'com.kfc.mobile.hkStaging:id/tvBottomProfile']"}[39m
[35m[HTTP][39m [37m<-- POST /wd/hub/session/29fc1220-2fa8-45be-9ad9-e1ef14c1b202/elements [39m[32m200[39m [90m493 ms - 12[39m
[35m[HTTP][39m [90m[39m
[35m[HTTP][39m [37m-->[39m [37mPOST[39m [37m/wd/hub/session/29fc1220-2fa8-45be-9ad9-e1ef14c1b202/elements[39m
[35m[HTTP][39m [90m{"using":"xpath","value":"//*[@class = 'android.widget.TextView' and (@text = 'Profil' or . = 'Profil') and @resource-id = 'com.kfc.mobile.hkStaging:id/tvBottomProfile']"}[39m
[35m[HTTP][39m [37m<-- POST /wd/hub/session/29fc1220-2fa8-45be-9ad9-e1ef14c1b202/elements [39m[32m200[39m [90m104 ms - 12[39m
[35m[HTTP][39m [90m[39m
[35m[HTTP][39m [37m-->[39m [37mPOST[39m [37m/wd/hub/session/29fc1220-2fa8-45be-9ad9-e1ef14c1b202/elements[39m
[35m[HTTP][39m [90m{"using":"xpath","value":"//*[@class = 'android.widget.TextView' and (@text = 'Profil' or . = 'Profil') and @resource-id = 'com.kfc.mobile.hkStaging:id/tvBottomProfile']"}[39m
[35m[HTTP][39m [37m<-- POST /wd/hub/session/29fc1220-2fa8-45be-9ad9-e1ef14c1b202/elements [39m[32m200[39m [90m120 ms - 12[39m
[35m[HTTP][39m [90m[39m
[35m[HTTP][39m [37m-->[39m [37mPOST[39m [37m/wd/hub/session/29fc1220-2fa8-45be-9ad9-e1ef14c1b202/elements[39m
[35m[HTTP][39m [90m{"using":"xpath","value":"//*[@class = 'android.widget.TextView' and (@text = 'Profil' or . = 'Profil') and @resource-id = 'com.kfc.mobile.hkStaging:id/tvBottomProfile']"}[39m
[35m[HTTP][39m [37m<-- POST /wd/hub/session/29fc1220-2fa8-45be-9ad9-e1ef14c1b202/elements [39m[32m200[39m [90m121 ms - 12[39m
[35m[HTTP][39m [90m[39m
[35m[HTTP][39m [37m-->[39m [37mPOST[39m [37m/wd/hub/session/29fc1220-2fa8-45be-9ad9-e1ef14c1b202/elements[39m
[35m[HTTP][39m [90m{"using":"xpath","value":"//*[@class = 'android.widget.TextView' and (@text = 'Profil' or . = 'Profil') and @resource-id = 'com.kfc.mobile.hkStaging:id/tvBottomProfile']"}[39m
[35m[HTTP][39m [37m<-- POST /wd/hub/session/29fc1220-2fa8-45be-9ad9-e1ef14c1b202/elements [39m[32m200[39m [90m124 ms - 12[39m
[35m[HTTP][39m [90m[39m
[35m[HTTP][39m [37m-->[39m [37mPOST[39m [37m/wd/hub/session/29fc1220-2fa8-45be-9ad9-e1ef14c1b202/elements[39m
[35m[HTTP][39m [90m{"using":"xpath","value":"//*[@class = 'android.widget.TextView' and (@text = 'Profil' or . = 'Profil') and @resource-id = 'com.kfc.mobile.hkStaging:id/tvBottomProfile']"}[39m
[35m[HTTP][39m [37m<-- POST /wd/hub/session/29fc1220-2fa8-45be-9ad9-e1ef14c1b202/elements [39m[32m200[39m [90m115 ms - 12[39m
[35m[HTTP][39m [90m[39m
[35m[HTTP][39m [37m-->[39m [37mPOST[39m [37m/wd/hub/session/29fc1220-2fa8-45be-9ad9-e1ef14c1b202/elements[39m
[35m[HTTP][39m [90m{"using":"xpath","value":"//*[@class = 'android.widget.TextView' and (@text = 'Profil' or . = 'Profil') and @resource-id = 'com.kfc.mobile.hkStaging:id/tvBottomProfile']"}[39m
[35m[HTTP][39m [37m<-- POST /wd/hub/session/29fc1220-2fa8-45be-9ad9-e1ef14c1b202/elements [39m[32m200[39m [90m115 ms - 12[39m
[35m[HTTP][39m [90m[39m
[35m[HTTP][39m [37m-->[39m [37mPOST[39m [37m/wd/hub/session/29fc1220-2fa8-45be-9ad9-e1ef14c1b202/elements[39m
[35m[HTTP][39m [90m{"using":"xpath","value":"//*[@class = 'android.widget.TextView' and (@text = 'Profil' or . = 'Profil') and @resource-id = 'com.kfc.mobile.hkStaging:id/tvBottomProfile']"}[39m
[35m[HTTP][39m [37m<-- POST /wd/hub/session/29fc1220-2fa8-45be-9ad9-e1ef14c1b202/elements [39m[32m200[39m [90m1246 ms - 12[39m
[35m[HTTP][39m [90m[39m
[35m[HTTP][39m [37m-->[39m [37mPOST[39m [37m/wd/hub/session/29fc1220-2fa8-45be-9ad9-e1ef14c1b202/timeouts[39m
[35m[HTTP][39m [90m{"implicit":30000}[39m
[35m[HTTP][39m [37m<-- POST /wd/hub/session/29fc1220-2fa8-45be-9ad9-e1ef14c1b202/timeouts [39m[32m200[39m [90m6 ms - 14[39m
[35m[HTTP][39m [90m[39m
[35m[HTTP][39m [37m-->[39m [37mGET[39m [37m/wd/hub/session/29fc1220-2fa8-45be-9ad9-e1ef14c1b202/context[39m
[35m[HTTP][39m [90m{}[39m
[35m[HTTP][39m [37m<-- GET /wd/hub/session/29fc1220-2fa8-45be-9ad9-e1ef14c1b202/context [39m[32m200[39m [90m5 ms - 22[39m
[35m[HTTP][39m [90m[39m
[35m[HTTP][39m [37m-->[39m [37mGET[39m [37m/wd/hub/session/29fc1220-2fa8-45be-9ad9-e1ef14c1b202/contexts[39m
[35m[HTTP][39m [90m{}[39m
[35m[HTTP][39m [37m<-- GET /wd/hub/session/29fc1220-2fa8-45be-9ad9-e1ef14c1b202/contexts [39m[32m200[39m [90m144 ms - 24[39m
[35m[HTTP][39m [90m[39m
[35m[HTTP][39m [37m-->[39m [37mPOST[39m [37m/wd/hub/session/29fc1220-2fa8-45be-9ad9-e1ef14c1b202/context[39m
[35m[HTTP][39m [90m{"name":"NATIVE_APP"}[39m
[35m[HTTP][39m [37m<-- POST /wd/hub/session/29fc1220-2fa8-45be-9ad9-e1ef14c1b202/context [39m[32m200[39m [90m4 ms - 14[39m
[35m[HTTP][39m [90m[39m
[35m[HTTP][39m [37m-->[39m [37mGET[39m [37m/wd/hub/session/29fc1220-2fa8-45be-9ad9-e1ef14c1b202/screenshot[39m
[35m[HTTP][39m [90m{}[39m
[35m[HTTP][39m [37m<-- GET /wd/hub/session/29fc1220-2fa8-45be-9ad9-e1ef14c1b202/screenshot [39m[32m200[39m [90m371 ms - 84808[39m
[35m[HTTP][39m [90m[39m
[35m[HTTP][39m [37m-->[39m [37mPOST[39m [37m/wd/hub/session/29fc1220-2fa8-45be-9ad9-e1ef14c1b202/context[39m
[35m[HTTP][39m [90m{"name":"NATIVE_APP"}[39m
[35m[HTTP][39m [37m<-- POST /wd/hub/session/29fc1220-2fa8-45be-9ad9-e1ef14c1b202/context [39m[32m200[39m [90m1 ms - 14[39m
[35m[HTTP][39m [90m[39m
[35m[HTTP][39m [37m-->[39m [37mGET[39m [37m/wd/hub/status[39m
[35m[HTTP][39m [90m{}[39m
[35m[HTTP][39m [37m<-- GET /wd/hub/status [39m[32m200[39m [90m1 ms - 68[39m
[35m[HTTP][39m [90m[39m
[35m[HTTP][39m [37m-->[39m [37mPOST[39m [37m/wd/hub/session[39m
[35m[HTTP][39m [90m{"desiredCapabilities":{"appPackage":"com.kfc.mobile.hkStaging","noReset":true,"deviceId":"","deviceName":"OPPO CPH1801 (Android 7.1.1)","platform":"ANDROID","appActivity":"com.kfc.mobile.presentation.home.HomeActivity","newCommandTimeout":1800,"platformVersion":"7.1.1","automationName":"uiautomator2","autoGrantPermissions":true,"platformName":"Android","udid":"aa14e06a","systemPort":8228},"capabilities":{"firstMatch":[{"appium:appActivity":"com.kfc.mobile.presentation.home.HomeActivity","appium:appPackage":"com.kfc.mobile.hkStaging","appium:autoGrantPermissions":true,"appium:automationName":"uiautomator2","deviceId":"","appium:deviceName":"OPPO CPH1801 (Android 7.1.1)","appium:newCommandTimeout":1800,"appium:noReset":true,"platform":"ANDROID","platformName":"android","appium:platformVersion":"7.1.1","appium:systemPort":8228,"appium:udid":"aa14e06a"}]}}[39m
[35m[BaseDriver][39m The following capabilities are not standard capabilities and should have an extension prefix:
[35m[BaseDriver][39m   deviceId
[35m[BaseDriver][39m   platform
[35m[BaseDriver][39m   chromedriverPort
[35m[Appium][39m Appium v1.22.3 creating new AndroidUiautomator2Driver (v1.70.1) session
[35m[BaseDriver][39m The following capabilities were provided, but are not recognized by Appium:
[35m[BaseDriver][39m   deviceId
[35m[BaseDriver][39m   platform
[35m[BaseDriver][39m Session created with session id: baba206d-2122-45a2-b62a-d517b6509266
[35m[UiAutomator2][39m Starting 'com.kfc.mobile.hkStaging' directly on the device
[35m[ADB][39m Using 'adb.exe' from 'C:\Users\Ahadian Rifky\.katalon\tools\android_sdk\platform-tools\adb.exe'
[35m[AndroidDriver][39m Retrieving device list
[35m[AndroidDriver][39m Using device: aa14e06a
[35m[ADB][39m Using 'adb.exe' from 'C:\Users\Ahadian Rifky\.katalon\tools\android_sdk\platform-tools\adb.exe'
[35m[AndroidDriver][39m No app sent in, not parsing package/activity
[35m[UiAutomator2][39m Server packages are not going to be (re)installed
[35m[ADB][39m Adding packages ["io.appium.settings","io.appium.uiautomator2.server","io.appium.uiautomator2.server.test"] to Doze whitelist
[35m[UiAutomator2][39m Starting UIAutomator2 server 4.27.0
[35m[UiAutomator2][39m Using UIAutomator2 server from 'C:\Users\Ahadian Rifky\AppData\Roaming\npm\node_modules\appium\node_modules\appium-uiautomator2-server\apks\appium-uiautomator2-server-v4.27.0.apk' and test from 'C:\Users\Ahadian Rifky\AppData\Roaming\npm\node_modules\appium\node_modules\appium-uiautomator2-server\apks\appium-uiautomator2-server-debug-androidTest.apk'
[35m[UiAutomator2][39m Waiting up to 30000ms for UiAutomator2 to be online...
[35m[WD Proxy][39m socket hang up
[35m[WD Proxy][39m socket hang up
[35m[WD Proxy][39m socket hang up
[35m[WD Proxy][39m Determined the downstream protocol as 'W3C'
[35m[AndroidDriver][39m Screen already unlocked, doing nothing
[35m[UiAutomator2][39m Starting 'com.kfc.mobile.hkStaging/com.kfc.mobile.presentation.home.HomeActivity and waiting for 'com.kfc.mobile.hkStaging/com.kfc.mobile.presentation.home.HomeActivity'
[35m[Appium][39m New AndroidUiautomator2Driver session created successfully, session baba206d-2122-45a2-b62a-d517b6509266 added to master session list
[35m[HTTP][39m [37m<-- POST /wd/hub/session [39m[32m200[39m [90m12302 ms - 1279[39m
[35m[HTTP][39m [90m[39m
[35m[HTTP][39m [37m-->[39m [37mGET[39m [37m/wd/hub/session/baba206d-2122-45a2-b62a-d517b6509266[39m
[35m[HTTP][39m [90m{}[39m
[35m[HTTP][39m [37m<-- GET /wd/hub/session/baba206d-2122-45a2-b62a-d517b6509266 [39m[32m200[39m [90m16 ms - 1233[39m
[35m[HTTP][39m [90m[39m
[35m[HTTP][39m [37m-->[39m [37mGET[39m [37m/wd/hub/session/baba206d-2122-45a2-b62a-d517b6509266[39m
[35m[HTTP][39m [90m{}[39m
[35m[HTTP][39m [37m<-- GET /wd/hub/session/baba206d-2122-45a2-b62a-d517b6509266 [39m[32m200[39m [90m15 ms - 1233[39m
[35m[HTTP][39m [90m[39m
[35m[HTTP][39m [37m-->[39m [37mGET[39m [37m/wd/hub/status[39m
[35m[HTTP][39m [90m{}[39m
[35m[HTTP][39m [37m<-- GET /wd/hub/status [39m[32m200[39m [90m1 ms - 68[39m
[35m[HTTP][39m [90m[39m
[35m[HTTP][39m [37m-->[39m [37mPOST[39m [37m/wd/hub/session/baba206d-2122-45a2-b62a-d517b6509266/timeouts[39m
[35m[HTTP][39m [90m{"implicit":30000}[39m
[35m[HTTP][39m [37m<-- POST /wd/hub/session/baba206d-2122-45a2-b62a-d517b6509266/timeouts [39m[32m200[39m [90m2 ms - 14[39m
[35m[HTTP][39m [90m[39m
[35m[HTTP][39m [37m-->[39m [37mGET[39m [37m/wd/hub/session/baba206d-2122-45a2-b62a-d517b6509266/screenshot[39m
[35m[HTTP][39m [90m{}[39m
[35m[HTTP][39m [37m<-- GET /wd/hub/session/baba206d-2122-45a2-b62a-d517b6509266/screenshot [39m[32m200[39m [90m446 ms - 104156[39m
[35m[HTTP][39m [90m[39m
[35m[HTTP][39m [37m-->[39m [37mGET[39m [37m/wd/hub/session/baba206d-2122-45a2-b62a-d517b6509266/window/rect[39m
[35m[HTTP][39m [90m{}[39m
[35m[HTTP][39m [37m<-- GET /wd/hub/session/baba206d-2122-45a2-b62a-d517b6509266/window/rect [39m[32m200[39m [90m20 ms - 49[39m
[35m[HTTP][39m [90m[39m
[35m[HTTP][39m [37m-->[39m [37mGET[39m [37m/wd/hub/session/baba206d-2122-45a2-b62a-d517b6509266/appium/device/system_bars[39m
[35m[HTTP][39m [90m{}[39m
[35m[HTTP][39m [37m<-- GET /wd/hub/session/baba206d-2122-45a2-b62a-d517b6509266/appium/device/system_bars [39m[31m500[39m [90m108 ms - 663[39m
[35m[HTTP][39m [90m[39m
[35m[HTTP][39m [37m-->[39m [37mPOST[39m [37m/wd/hub/session/baba206d-2122-45a2-b62a-d517b6509266/execute/sync[39m
[35m[HTTP][39m [90m{"script":"mobile:viewportRect","args":[]}[39m
[35m[AndroidDriver][39m Executing native command 'mobile:viewportRect'
[35m[HTTP][39m [37m<-- POST /wd/hub/session/baba206d-2122-45a2-b62a-d517b6509266/execute/sync [39m[32m200[39m [90m17 ms - 55[39m
[35m[HTTP][39m [90m[39m
[35m[HTTP][39m [37m-->[39m [37mPOST[39m [37m/wd/hub/session/baba206d-2122-45a2-b62a-d517b6509266/appium/device/activate_app[39m
[35m[HTTP][39m [90m{"bundleId":"com.kfc.mobile.hkStaging"}[39m
[35m[HTTP][39m [37m<-- POST /wd/hub/session/baba206d-2122-45a2-b62a-d517b6509266/appium/device/activate_app [39m[32m200[39m [90m1084 ms - 14[39m
[35m[HTTP][39m [90m[39m
[35m[HTTP][39m [37m-->[39m [37mPOST[39m [37m/wd/hub/session/baba206d-2122-45a2-b62a-d517b6509266/timeouts[39m
[35m[HTTP][39m [90m{"implicit":50}[39m
[35m[HTTP][39m [37m<-- POST /wd/hub/session/baba206d-2122-45a2-b62a-d517b6509266/timeouts [39m[32m200[39m [90m2 ms - 14[39m
[35m[HTTP][39m [90m[39m
[35m[HTTP][39m [37m-->[39m [37mGET[39m [37m/wd/hub/session/baba206d-2122-45a2-b62a-d517b6509266/window/rect[39m
[35m[HTTP][39m [90m{}[39m
[35m[HTTP][39m [37m<-- GET /wd/hub/session/baba206d-2122-45a2-b62a-d517b6509266/window/rect [39m[32m200[39m [90m18 ms - 49[39m
[35m[HTTP][39m [90m[39m
[35m[HTTP][39m [37m-->[39m [37mPOST[39m [37m/wd/hub/session/baba206d-2122-45a2-b62a-d517b6509266/elements[39m
[35m[HTTP][39m [90m{"using":"xpath","value":"//*[@class = 'android.widget.TextView' and (@text = 'Profil' or . = 'Profil') and @resource-id = 'com.kfc.mobile.hkStaging:id/tvBottomProfile']"}[39m
[35m[HTTP][39m [37m<-- POST /wd/hub/session/baba206d-2122-45a2-b62a-d517b6509266/elements [39m[32m200[39m [90m627 ms - 139[39m
[35m[HTTP][39m [90m[39m
[35m[HTTP][39m [37m-->[39m [37mGET[39m [37m/wd/hub/session/baba206d-2122-45a2-b62a-d517b6509266/element/00000000-0000-005f-7fff-ffff00000083/location[39m
[35m[HTTP][39m [90m{}[39m
[35m[W3C (baba206d)][39m Driver proxy active, passing request on via HTTP proxy
[35m[WD Proxy][39m Replacing sessionId 442104a0-6927-48eb-b1c0-1eca1c5054d7 with baba206d-2122-45a2-b62a-d517b6509266
[35m[HTTP][39m [37m<-- GET /wd/hub/session/baba206d-2122-45a2-b62a-d517b6509266/element/00000000-0000-005f-7fff-ffff00000083/location [39m[32m200[39m [90m26 ms - 79[39m
[35m[HTTP][39m [90m[39m
[35m[HTTP][39m [37m-->[39m [37mPOST[39m [37m/wd/hub/session/baba206d-2122-45a2-b62a-d517b6509266/timeouts[39m
[35m[HTTP][39m [90m{"implicit":30000}[39m
[35m[HTTP][39m [37m<-- POST /wd/hub/session/baba206d-2122-45a2-b62a-d517b6509266/timeouts [39m[32m200[39m [90m1 ms - 14[39m
[35m[HTTP][39m [90m[39m
[35m[HTTP][39m [37m-->[39m [37mPOST[39m [37m/wd/hub/session/baba206d-2122-45a2-b62a-d517b6509266/element/00000000-0000-005f-7fff-ffff00000083/click[39m
[35m[HTTP][39m [90m{"id":"00000000-0000-005f-7fff-ffff00000083"}[39m
[35m[HTTP][39m [37m<-- POST /wd/hub/session/baba206d-2122-45a2-b62a-d517b6509266/element/00000000-0000-005f-7fff-ffff00000083/click [39m[32m200[39m [90m33 ms - 14[39m
[35m[HTTP][39m [90m[39m
[35m[HTTP][39m [37m-->[39m [37mPOST[39m [37m/wd/hub/session/baba206d-2122-45a2-b62a-d517b6509266/timeouts[39m
[35m[HTTP][39m [90m{"implicit":50}[39m
[35m[HTTP][39m [37m<-- POST /wd/hub/session/baba206d-2122-45a2-b62a-d517b6509266/timeouts [39m[32m200[39m [90m1 ms - 14[39m
[35m[HTTP][39m [90m[39m
[35m[HTTP][39m [37m-->[39m [37mGET[39m [37m/wd/hub/session/baba206d-2122-45a2-b62a-d517b6509266/window/rect[39m
[35m[HTTP][39m [90m{}[39m
[35m[HTTP][39m [37m<-- GET /wd/hub/session/baba206d-2122-45a2-b62a-d517b6509266/window/rect [39m[32m200[39m [90m20 ms - 49[39m
[35m[HTTP][39m [90m[39m
[35m[HTTP][39m [37m-->[39m [37mPOST[39m [37m/wd/hub/session/baba206d-2122-45a2-b62a-d517b6509266/elements[39m
[35m[HTTP][39m [90m{"using":"xpath","value":"//*[@class = 'android.widget.Button' and (@text = 'Masuk dengan Google' or . = 'Masuk dengan Google') and @resource-id = 'com.kfc.mobile.hkStaging:id/button_google']"}[39m
[35m[HTTP][39m [37m<-- POST /wd/hub/session/baba206d-2122-45a2-b62a-d517b6509266/elements [39m[32m200[39m [90m1973 ms - 139[39m
[35m[HTTP][39m [90m[39m
[35m[HTTP][39m [37m-->[39m [37mGET[39m [37m/wd/hub/session/baba206d-2122-45a2-b62a-d517b6509266/element/00000000-0000-0060-7fff-ffff000000a1/location[39m
[35m[HTTP][39m [90m{}[39m
[35m[W3C (baba206d)][39m Driver proxy active, passing request on via HTTP proxy
[35m[WD Proxy][39m Replacing sessionId 442104a0-6927-48eb-b1c0-1eca1c5054d7 with baba206d-2122-45a2-b62a-d517b6509266
[35m[HTTP][39m [37m<-- GET /wd/hub/session/baba206d-2122-45a2-b62a-d517b6509266/element/00000000-0000-0060-7fff-ffff000000a1/location [39m[32m200[39m [90m331 ms - 78[39m
[35m[HTTP][39m [90m[39m
[35m[HTTP][39m [37m-->[39m [37mPOST[39m [37m/wd/hub/session/baba206d-2122-45a2-b62a-d517b6509266/timeouts[39m
[35m[HTTP][39m [90m{"implicit":30000}[39m
[35m[HTTP][39m [37m<-- POST /wd/hub/session/baba206d-2122-45a2-b62a-d517b6509266/timeouts [39m[32m200[39m [90m2 ms - 14[39m
[35m[HTTP][39m [90m[39m
[35m[HTTP][39m [37m-->[39m [37mPOST[39m [37m/wd/hub/session/baba206d-2122-45a2-b62a-d517b6509266/element/00000000-0000-0060-7fff-ffff000000a1/click[39m
[35m[HTTP][39m [90m{"id":"00000000-0000-0060-7fff-ffff000000a1"}[39m
[35m[HTTP][39m [37m<-- POST /wd/hub/session/baba206d-2122-45a2-b62a-d517b6509266/element/00000000-0000-0060-7fff-ffff000000a1/click [39m[32m200[39m [90m33 ms - 14[39m
[35m[HTTP][39m [90m[39m
[35m[HTTP][39m [37m-->[39m [37mPOST[39m [37m/wd/hub/session/baba206d-2122-45a2-b62a-d517b6509266/timeouts[39m
[35m[HTTP][39m [90m{"implicit":50}[39m
[35m[HTTP][39m [37m<-- POST /wd/hub/session/baba206d-2122-45a2-b62a-d517b6509266/timeouts [39m[32m200[39m [90m2 ms - 14[39m
[35m[HTTP][39m [90m[39m
[35m[HTTP][39m [37m-->[39m [37mGET[39m [37m/wd/hub/session/baba206d-2122-45a2-b62a-d517b6509266/window/rect[39m
[35m[HTTP][39m [90m{}[39m
[35m[HTTP][39m [37m<-- GET /wd/hub/session/baba206d-2122-45a2-b62a-d517b6509266/window/rect [39m[32m200[39m [90m17 ms - 49[39m
[35m[HTTP][39m [90m[39m
[35m[HTTP][39m [37m-->[39m [37mPOST[39m [37m/wd/hub/session/baba206d-2122-45a2-b62a-d517b6509266/elements[39m
[35m[HTTP][39m [90m{"using":"xpath","value":"//*[@class = 'android.widget.TextView' and (@text = 'jecsanmaychel@gmail.com' or . = 'jecsanmaychel@gmail.com') and @resource-id = 'com.google.android.gms:id/account_name']"}[39m
[35m[HTTP][39m [37m<-- POST /wd/hub/session/baba206d-2122-45a2-b62a-d517b6509266/elements [39m[32m200[39m [90m1677 ms - 139[39m
[35m[HTTP][39m [90m[39m
[35m[HTTP][39m [37m-->[39m [37mGET[39m [37m/wd/hub/session/baba206d-2122-45a2-b62a-d517b6509266/element/00000000-0000-0065-7fff-ffff0000001b/location[39m
[35m[HTTP][39m [90m{}[39m
[35m[W3C (baba206d)][39m Driver proxy active, passing request on via HTTP proxy
[35m[WD Proxy][39m Replacing sessionId 442104a0-6927-48eb-b1c0-1eca1c5054d7 with baba206d-2122-45a2-b62a-d517b6509266
[35m[HTTP][39m [37m<-- GET /wd/hub/session/baba206d-2122-45a2-b62a-d517b6509266/element/00000000-0000-0065-7fff-ffff0000001b/location [39m[32m200[39m [90m21 ms - 78[39m
[35m[HTTP][39m [90m[39m
[35m[HTTP][39m [37m-->[39m [37mPOST[39m [37m/wd/hub/session/baba206d-2122-45a2-b62a-d517b6509266/timeouts[39m
[35m[HTTP][39m [90m{"implicit":30000}[39m
[35m[HTTP][39m [37m<-- POST /wd/hub/session/baba206d-2122-45a2-b62a-d517b6509266/timeouts [39m[32m200[39m [90m1 ms - 14[39m
[35m[HTTP][39m [90m[39m
[35m[HTTP][39m [37m-->[39m [37mPOST[39m [37m/wd/hub/session/baba206d-2122-45a2-b62a-d517b6509266/element/00000000-0000-0065-7fff-ffff0000001b/click[39m
[35m[HTTP][39m [90m{"id":"00000000-0000-0065-7fff-ffff0000001b"}[39m
[35m[HTTP][39m [37m<-- POST /wd/hub/session/baba206d-2122-45a2-b62a-d517b6509266/element/00000000-0000-0065-7fff-ffff0000001b/click [39m[32m200[39m [90m32 ms - 14[39m
[35m[HTTP][39m [90m[39m
[35m[HTTP][39m [37m-->[39m [37mDELETE[39m [37m/wd/hub/session/baba206d-2122-45a2-b62a-d517b6509266[39m
[35m[HTTP][39m [90m{}[39m
[35m[Appium][39m Removing session baba206d-2122-45a2-b62a-d517b6509266 from our master session list
[35m[HTTP][39m [37m<-- DELETE /wd/hub/session/baba206d-2122-45a2-b62a-d517b6509266 [39m[32m200[39m [90m1147 ms - 14[39m
[35m[HTTP][39m [90m[39m
