[35m[Appium][39m Welcome to Appium v1.22.3
[35m[Appium][39m Non-default server args:
[35m[Appium][39m   port: 59357
[35m[Appium][39m   loglevel: info
[35m[Appium][39m   tmpDir: C:\Users\AHADIA~1\AppData\Local\Temp\\Katalon\Appium\Temp1675845880187
[35m[Appium][39m   chromedriverPort: 59358
[35m[Appium][39m Deprecated server args:
[35m[Appium][39m   [31m--chromedriver-port[39m => --default-capabilities
[35m[Appium][39m Default capabilities, which will be added to each request unless overridden by desired capabilities:
[35m[Appium][39m   chromedriverPort: 59358
[35m[Appium][39m Appium REST http interface listener started on 0.0.0.0:59357
[35m[HTTP][39m [37m-->[39m [37mGET[39m [37m/wd/hub/status[39m
[35m[HTTP][39m [90m{}[39m
[35m[HTTP][39m [37m<-- GET /wd/hub/status [39m[32m200[39m [90m6 ms - 68[39m
[35m[HTTP][39m [90m[39m
[35m[HTTP][39m [37m-->[39m [37mPOST[39m [37m/wd/hub/session[39m
[35m[HTTP][39m [90m{"desiredCapabilities":{"appPackage":"com.kfc.mobile.hkStaging","noReset":true,"deviceId":"","deviceName":"OPPO CPH1801 (Android 7.1.1)","platform":"ANDROID","appActivity":"com.kfc.mobile.presentation.splash.SplashActivity","newCommandTimeout":1800,"platformVersion":"7.1.1","automationName":"uiautomator2","autoGrantPermissions":true,"platformName":"Android","udid":"aa14e06a","systemPort":8255},"capabilities":{"firstMatch":[{"appium:appActivity":"com.kfc.mobile.presentation.splash.SplashActivity","appium:appPackage":"com.kfc.mobile.hkStaging","appium:autoGrantPermissions":true,"appium:automationName":"uiautomator2","deviceId":"","appium:deviceName":"OPPO CPH1801 (Android 7.1.1)","appium:newCommandTimeout":1800,"appium:noReset":true,"platform":"ANDROID","platformName":"android","appium:platformVersion":"7.1.1","appium:systemPort":8255,"appium:udid":"aa14e06a"}]}}[39m
[35m[BaseDriver][39m The following capabilities are not standard capabilities and should have an extension prefix:
[35m[BaseDriver][39m   deviceId
[35m[BaseDriver][39m   platform
[35m[BaseDriver][39m   chromedriverPort
[35m[Appium][39m Appium v1.22.3 creating new AndroidUiautomator2Driver (v1.70.1) session
[35m[BaseDriver][39m The following capabilities were provided, but are not recognized by Appium:
[35m[BaseDriver][39m   deviceId
[35m[BaseDriver][39m   platform
[35m[BaseDriver][39m Session created with session id: 50a1f528-8c43-42f7-8aea-2d90444b61cf
[35m[UiAutomator2][39m Starting 'com.kfc.mobile.hkStaging' directly on the device
[35m[ADB][39m Found 1 'build-tools' folders under 'C:\Users\Ahadian Rifky\.katalon\tools\android_sdk' (newest first):
[35m[ADB][39m     C:/Users/Ahadian Rifky/.katalon/tools/android_sdk/build-tools/29.0.3
[35m[ADB][39m Using 'adb.exe' from 'C:\Users\Ahadian Rifky\.katalon\tools\android_sdk\platform-tools\adb.exe'
[35m[AndroidDriver][39m Retrieving device list
[35m[AndroidDriver][39m Using device: aa14e06a
[35m[ADB][39m Using 'adb.exe' from 'C:\Users\Ahadian Rifky\.katalon\tools\android_sdk\platform-tools\adb.exe'
[35m[AndroidDriver][39m No app sent in, not parsing package/activity
[35m[ADB][39m Using 'apksigner.jar' from 'C:\Users\Ahadian Rifky\.katalon\tools\android_sdk\build-tools\29.0.3\lib\apksigner.jar'
[35m[ADB][39m 'C:\Users\Ahadian Rifky\AppData\Roaming\npm\node_modules\appium\node_modules\appium-uiautomator2-server\apks\appium-uiautomator2-server-v4.27.0.apk' is signed with the default certificate
[35m[ADB][39m 'C:\Users\Ahadian Rifky\AppData\Roaming\npm\node_modules\appium\node_modules\appium-uiautomator2-server\apks\appium-uiautomator2-server-debug-androidTest.apk' is signed with the default certificate
[35m[UiAutomator2][39m Server packages are not going to be (re)installed
[35m[ADB][39m Adding packages ["io.appium.settings","io.appium.uiautomator2.server","io.appium.uiautomator2.server.test"] to Doze whitelist
[35m[UiAutomator2][39m Starting UIAutomator2 server 4.27.0
[35m[UiAutomator2][39m Using UIAutomator2 server from 'C:\Users\Ahadian Rifky\AppData\Roaming\npm\node_modules\appium\node_modules\appium-uiautomator2-server\apks\appium-uiautomator2-server-v4.27.0.apk' and test from 'C:\Users\Ahadian Rifky\AppData\Roaming\npm\node_modules\appium\node_modules\appium-uiautomator2-server\apks\appium-uiautomator2-server-debug-androidTest.apk'
[35m[UiAutomator2][39m Waiting up to 30000ms for UiAutomator2 to be online...
[35m[WD Proxy][39m Determined the downstream protocol as 'W3C'
[35m[AndroidDriver][39m Screen already unlocked, doing nothing
[35m[UiAutomator2][39m Starting 'com.kfc.mobile.hkStaging/com.kfc.mobile.presentation.splash.SplashActivity and waiting for 'com.kfc.mobile.hkStaging/com.kfc.mobile.presentation.splash.SplashActivity'
[35m[WD Proxy][39m Got response with status 404: {"sessionId":"166667c2-5bc6-4297-b3ef-8e09d7002f18","value":{"error":"invalid session id","message":"The session identified by 166667c2-5bc6-4297-b3ef-8e09d7002f18 is not known","stacktrace":"io.appium.uiautomator2.common.exceptions.NoSuchDriverException: The session identified by 166667c2-5bc6-4297-b3ef-8e09d7002f18 is not known\n\tat io.appium.uiautomator2.handler.request.SafeRequestHandler.handle(SafeRequestHandler.java:54)\n\tat io.appium.uiautomator2.server.AppiumServlet.handleRequest(AppiumServlet.java:266)\n\tat io.appium.uiautomator2.server.AppiumServlet.handleHttpRequest(AppiumServlet.java:260)\n\tat io.appium.uiautomator2.http.ServerHandler.channelRead(ServerHandler.java:68)\n\tat io.netty.channel.AbstractChannelHandlerContext.invokeChannelRead(AbstractChannelHandlerContext.java:366)\n\tat io.netty.channel.AbstractChannelHandlerContext.invokeChannelRead(AbstractChannelHandlerContext.java:352)\n\tat io.netty.channel.AbstractChannelHandlerContext.fireChannelRead(AbstractChannelHandlerContext.java:3...
[35m[WD Proxy][39m Got response with status 404: {"sessionId":"166667c2-5bc6-4297-b3ef-8e09d7002f18","value":{"error":"invalid session id","message":"The session identified by 166667c2-5bc6-4297-b3ef-8e09d7002f18 is not known","stacktrace":"io.appium.uiautomator2.common.exceptions.NoSuchDriverException: The session identified by 166667c2-5bc6-4297-b3ef-8e09d7002f18 is not known\n\tat io.appium.uiautomator2.handler.request.SafeRequestHandler.handle(SafeRequestHandler.java:54)\n\tat io.appium.uiautomator2.server.AppiumServlet.handleRequest(AppiumServlet.java:266)\n\tat io.appium.uiautomator2.server.AppiumServlet.handleHttpRequest(AppiumServlet.java:260)\n\tat io.appium.uiautomator2.http.ServerHandler.channelRead(ServerHandler.java:68)\n\tat io.netty.channel.AbstractChannelHandlerContext.invokeChannelRead(AbstractChannelHandlerContext.java:366)\n\tat io.netty.channel.AbstractChannelHandlerContext.invokeChannelRead(AbstractChannelHandlerContext.java:352)\n\tat io.netty.channel.AbstractChannelHandlerContext.fireChannelRead(AbstractChannelHandlerContext.java:3...
[35m[UiAutomator2][39m Did not get confirmation UiAutomator2 deleteSession worked; Error was: NoSuchDriverError: The session identified by 166667c2-5bc6-4297-b3ef-8e09d7002f18 is not known
[35m[HTTP][39m [37m<-- POST /wd/hub/session [39m[33m404[39m [90m12328 ms - 3691[39m
[35m[HTTP][39m [90m[39m
[35m[HTTP][39m [37m-->[39m [37mGET[39m [37m/wd/hub/status[39m
[35m[HTTP][39m [90m{}[39m
[35m[HTTP][39m [37m<-- GET /wd/hub/status [39m[32m200[39m [90m3 ms - 68[39m
[35m[HTTP][39m [90m[39m
[35m[HTTP][39m [37m-->[39m [37mPOST[39m [37m/wd/hub/session[39m
[35m[HTTP][39m [90m{"desiredCapabilities":{"appPackage":"com.kfc.mobile.hkStaging","noReset":true,"deviceId":"","deviceName":"OPPO CPH1801 (Android 7.1.1)","platform":"ANDROID","appActivity":"com.kfc.mobile.presentation.splash.SplashActivity","newCommandTimeout":1800,"platformVersion":"7.1.1","automationName":"uiautomator2","autoGrantPermissions":true,"platformName":"Android","udid":"aa14e06a","systemPort":8221},"capabilities":{"firstMatch":[{"appium:appActivity":"com.kfc.mobile.presentation.splash.SplashActivity","appium:appPackage":"com.kfc.mobile.hkStaging","appium:autoGrantPermissions":true,"appium:automationName":"uiautomator2","deviceId":"","appium:deviceName":"OPPO CPH1801 (Android 7.1.1)","appium:newCommandTimeout":1800,"appium:noReset":true,"platform":"ANDROID","platformName":"android","appium:platformVersion":"7.1.1","appium:systemPort":8221,"appium:udid":"aa14e06a"}]}}[39m
[35m[BaseDriver][39m The following capabilities are not standard capabilities and should have an extension prefix:
[35m[BaseDriver][39m   deviceId
[35m[BaseDriver][39m   platform
[35m[BaseDriver][39m   chromedriverPort
[35m[Appium][39m Appium v1.22.3 creating new AndroidUiautomator2Driver (v1.70.1) session
[35m[BaseDriver][39m The following capabilities were provided, but are not recognized by Appium:
[35m[BaseDriver][39m   deviceId
[35m[BaseDriver][39m   platform
[35m[BaseDriver][39m Session created with session id: 55753ba1-f6ee-4c3c-bf6e-c88806adc840
[35m[UiAutomator2][39m Starting 'com.kfc.mobile.hkStaging' directly on the device
[35m[ADB][39m Using 'adb.exe' from 'C:\Users\Ahadian Rifky\.katalon\tools\android_sdk\platform-tools\adb.exe'
[35m[AndroidDriver][39m Retrieving device list
[35m[AndroidDriver][39m Using device: aa14e06a
[35m[ADB][39m Using 'adb.exe' from 'C:\Users\Ahadian Rifky\.katalon\tools\android_sdk\platform-tools\adb.exe'
[35m[AndroidDriver][39m No app sent in, not parsing package/activity
[35m[UiAutomator2][39m Server packages are not going to be (re)installed
[35m[ADB][39m Adding packages ["io.appium.settings","io.appium.uiautomator2.server","io.appium.uiautomator2.server.test"] to Doze whitelist
[35m[UiAutomator2][39m Starting UIAutomator2 server 4.27.0
[35m[UiAutomator2][39m Using UIAutomator2 server from 'C:\Users\Ahadian Rifky\AppData\Roaming\npm\node_modules\appium\node_modules\appium-uiautomator2-server\apks\appium-uiautomator2-server-v4.27.0.apk' and test from 'C:\Users\Ahadian Rifky\AppData\Roaming\npm\node_modules\appium\node_modules\appium-uiautomator2-server\apks\appium-uiautomator2-server-debug-androidTest.apk'
[35m[UiAutomator2][39m Waiting up to 30000ms for UiAutomator2 to be online...
[35m[WD Proxy][39m Determined the downstream protocol as 'W3C'
[35m[AndroidDriver][39m Screen already unlocked, doing nothing
[35m[UiAutomator2][39m Starting 'com.kfc.mobile.hkStaging/com.kfc.mobile.presentation.splash.SplashActivity and waiting for 'com.kfc.mobile.hkStaging/com.kfc.mobile.presentation.splash.SplashActivity'
[35m[WD Proxy][39m Got response with status 404: {"sessionId":"0069c82a-a9f1-475c-93ca-6d9c42101602","value":{"error":"invalid session id","message":"The session identified by 0069c82a-a9f1-475c-93ca-6d9c42101602 is not known","stacktrace":"io.appium.uiautomator2.common.exceptions.NoSuchDriverException: The session identified by 0069c82a-a9f1-475c-93ca-6d9c42101602 is not known\n\tat io.appium.uiautomator2.handler.request.SafeRequestHandler.handle(SafeRequestHandler.java:54)\n\tat io.appium.uiautomator2.server.AppiumServlet.handleRequest(AppiumServlet.java:266)\n\tat io.appium.uiautomator2.server.AppiumServlet.handleHttpRequest(AppiumServlet.java:260)\n\tat io.appium.uiautomator2.http.ServerHandler.channelRead(ServerHandler.java:68)\n\tat io.netty.channel.AbstractChannelHandlerContext.invokeChannelRead(AbstractChannelHandlerContext.java:366)\n\tat io.netty.channel.AbstractChannelHandlerContext.invokeChannelRead(AbstractChannelHandlerContext.java:352)\n\tat io.netty.channel.AbstractChannelHandlerContext.fireChannelRead(AbstractChannelHandlerContext.java:3...
[35m[WD Proxy][39m Got response with status 404: {"sessionId":"0069c82a-a9f1-475c-93ca-6d9c42101602","value":{"error":"invalid session id","message":"The session identified by 0069c82a-a9f1-475c-93ca-6d9c42101602 is not known","stacktrace":"io.appium.uiautomator2.common.exceptions.NoSuchDriverException: The session identified by 0069c82a-a9f1-475c-93ca-6d9c42101602 is not known\n\tat io.appium.uiautomator2.handler.request.SafeRequestHandler.handle(SafeRequestHandler.java:54)\n\tat io.appium.uiautomator2.server.AppiumServlet.handleRequest(AppiumServlet.java:266)\n\tat io.appium.uiautomator2.server.AppiumServlet.handleHttpRequest(AppiumServlet.java:260)\n\tat io.appium.uiautomator2.http.ServerHandler.channelRead(ServerHandler.java:68)\n\tat io.netty.channel.AbstractChannelHandlerContext.invokeChannelRead(AbstractChannelHandlerContext.java:366)\n\tat io.netty.channel.AbstractChannelHandlerContext.invokeChannelRead(AbstractChannelHandlerContext.java:352)\n\tat io.netty.channel.AbstractChannelHandlerContext.fireChannelRead(AbstractChannelHandlerContext.java:3...
[35m[UiAutomator2][39m Did not get confirmation UiAutomator2 deleteSession worked; Error was: NoSuchDriverError: The session identified by 0069c82a-a9f1-475c-93ca-6d9c42101602 is not known
[35m[HTTP][39m [37m<-- POST /wd/hub/session [39m[33m404[39m [90m10253 ms - 3691[39m
[35m[HTTP][39m [90m[39m
[35m[HTTP][39m [37m-->[39m [37mGET[39m [37m/wd/hub/status[39m
[35m[HTTP][39m [90m{}[39m
[35m[HTTP][39m [37m<-- GET /wd/hub/status [39m[32m200[39m [90m2 ms - 68[39m
[35m[HTTP][39m [90m[39m
[35m[HTTP][39m [37m-->[39m [37mPOST[39m [37m/wd/hub/session[39m
[35m[HTTP][39m [90m{"desiredCapabilities":{"appPackage":"com.kfc.mobile.hkStaging","noReset":true,"deviceId":"","deviceName":"OPPO CPH1801 (Android 7.1.1)","platform":"ANDROID","appActivity":"com.kfc.mobile.presentation.splash.SplashActivity","newCommandTimeout":1800,"platformVersion":"7.1.1","automationName":"uiautomator2","autoGrantPermissions":true,"platformName":"Android","udid":"aa14e06a","systemPort":8272},"capabilities":{"firstMatch":[{"appium:appActivity":"com.kfc.mobile.presentation.splash.SplashActivity","appium:appPackage":"com.kfc.mobile.hkStaging","appium:autoGrantPermissions":true,"appium:automationName":"uiautomator2","deviceId":"","appium:deviceName":"OPPO CPH1801 (Android 7.1.1)","appium:newCommandTimeout":1800,"appium:noReset":true,"platform":"ANDROID","platformName":"android","appium:platformVersion":"7.1.1","appium:systemPort":8272,"appium:udid":"aa14e06a"}]}}[39m
[35m[BaseDriver][39m The following capabilities are not standard capabilities and should have an extension prefix:
[35m[BaseDriver][39m   deviceId
[35m[BaseDriver][39m   platform
[35m[BaseDriver][39m   chromedriverPort
[35m[Appium][39m Appium v1.22.3 creating new AndroidUiautomator2Driver (v1.70.1) session
[35m[BaseDriver][39m The following capabilities were provided, but are not recognized by Appium:
[35m[BaseDriver][39m   deviceId
[35m[BaseDriver][39m   platform
[35m[BaseDriver][39m Session created with session id: 1b3da56b-70f6-4e0a-9db5-ed52503126df
[35m[UiAutomator2][39m Starting 'com.kfc.mobile.hkStaging' directly on the device
[35m[ADB][39m Using 'adb.exe' from 'C:\Users\Ahadian Rifky\.katalon\tools\android_sdk\platform-tools\adb.exe'
[35m[AndroidDriver][39m Retrieving device list
[35m[AndroidDriver][39m Using device: aa14e06a
[35m[ADB][39m Using 'adb.exe' from 'C:\Users\Ahadian Rifky\.katalon\tools\android_sdk\platform-tools\adb.exe'
[35m[AndroidDriver][39m No app sent in, not parsing package/activity
[35m[UiAutomator2][39m Server packages are not going to be (re)installed
[35m[ADB][39m Adding packages ["io.appium.settings","io.appium.uiautomator2.server","io.appium.uiautomator2.server.test"] to Doze whitelist
[35m[UiAutomator2][39m Starting UIAutomator2 server 4.27.0
[35m[UiAutomator2][39m Using UIAutomator2 server from 'C:\Users\Ahadian Rifky\AppData\Roaming\npm\node_modules\appium\node_modules\appium-uiautomator2-server\apks\appium-uiautomator2-server-v4.27.0.apk' and test from 'C:\Users\Ahadian Rifky\AppData\Roaming\npm\node_modules\appium\node_modules\appium-uiautomator2-server\apks\appium-uiautomator2-server-debug-androidTest.apk'
[35m[UiAutomator2][39m Waiting up to 30000ms for UiAutomator2 to be online...
[35m[WD Proxy][39m Determined the downstream protocol as 'W3C'
[35m[AndroidDriver][39m Screen already unlocked, doing nothing
[35m[UiAutomator2][39m Starting 'com.kfc.mobile.hkStaging/com.kfc.mobile.presentation.splash.SplashActivity and waiting for 'com.kfc.mobile.hkStaging/com.kfc.mobile.presentation.splash.SplashActivity'
[35m[WD Proxy][39m Got response with status 404: {"sessionId":"3eca7910-7592-48a3-9166-1bcfbcf9e38f","value":{"error":"invalid session id","message":"The session identified by 3eca7910-7592-48a3-9166-1bcfbcf9e38f is not known","stacktrace":"io.appium.uiautomator2.common.exceptions.NoSuchDriverException: The session identified by 3eca7910-7592-48a3-9166-1bcfbcf9e38f is not known\n\tat io.appium.uiautomator2.handler.request.SafeRequestHandler.handle(SafeRequestHandler.java:54)\n\tat io.appium.uiautomator2.server.AppiumServlet.handleRequest(AppiumServlet.java:266)\n\tat io.appium.uiautomator2.server.AppiumServlet.handleHttpRequest(AppiumServlet.java:260)\n\tat io.appium.uiautomator2.http.ServerHandler.channelRead(ServerHandler.java:68)\n\tat io.netty.channel.AbstractChannelHandlerContext.invokeChannelRead(AbstractChannelHandlerContext.java:366)\n\tat io.netty.channel.AbstractChannelHandlerContext.invokeChannelRead(AbstractChannelHandlerContext.java:352)\n\tat io.netty.channel.AbstractChannelHandlerContext.fireChannelRead(AbstractChannelHandlerContext.java:3...
[35m[WD Proxy][39m Got response with status 404: {"sessionId":"3eca7910-7592-48a3-9166-1bcfbcf9e38f","value":{"error":"invalid session id","message":"The session identified by 3eca7910-7592-48a3-9166-1bcfbcf9e38f is not known","stacktrace":"io.appium.uiautomator2.common.exceptions.NoSuchDriverException: The session identified by 3eca7910-7592-48a3-9166-1bcfbcf9e38f is not known\n\tat io.appium.uiautomator2.handler.request.SafeRequestHandler.handle(SafeRequestHandler.java:54)\n\tat io.appium.uiautomator2.server.AppiumServlet.handleRequest(AppiumServlet.java:266)\n\tat io.appium.uiautomator2.server.AppiumServlet.handleHttpRequest(AppiumServlet.java:260)\n\tat io.appium.uiautomator2.http.ServerHandler.channelRead(ServerHandler.java:68)\n\tat io.netty.channel.AbstractChannelHandlerContext.invokeChannelRead(AbstractChannelHandlerContext.java:366)\n\tat io.netty.channel.AbstractChannelHandlerContext.invokeChannelRead(AbstractChannelHandlerContext.java:352)\n\tat io.netty.channel.AbstractChannelHandlerContext.fireChannelRead(AbstractChannelHandlerContext.java:3...
[35m[UiAutomator2][39m Did not get confirmation UiAutomator2 deleteSession worked; Error was: NoSuchDriverError: The session identified by 3eca7910-7592-48a3-9166-1bcfbcf9e38f is not known
[35m[HTTP][39m [37m<-- POST /wd/hub/session [39m[33m404[39m [90m10376 ms - 3691[39m
[35m[HTTP][39m [90m[39m
[35m[HTTP][39m [37m-->[39m [37mGET[39m [37m/wd/hub/status[39m
[35m[HTTP][39m [90m{}[39m
[35m[HTTP][39m [37m<-- GET /wd/hub/status [39m[32m200[39m [90m1 ms - 68[39m
[35m[HTTP][39m [90m[39m
[35m[HTTP][39m [37m-->[39m [37mPOST[39m [37m/wd/hub/session[39m
[35m[HTTP][39m [90m{"desiredCapabilities":{"appPackage":"com.kfc.mobile.hkStaging","noReset":true,"deviceId":"","deviceName":"OPPO CPH1801 (Android 7.1.1)","platform":"ANDROID","appActivity":"com.kfc.mobile.presentation.splash.SplashActivity","newCommandTimeout":1800,"platformVersion":"7.1.1","automationName":"uiautomator2","autoGrantPermissions":true,"platformName":"Android","udid":"aa14e06a","systemPort":8245},"capabilities":{"firstMatch":[{"appium:appActivity":"com.kfc.mobile.presentation.splash.SplashActivity","appium:appPackage":"com.kfc.mobile.hkStaging","appium:autoGrantPermissions":true,"appium:automationName":"uiautomator2","deviceId":"","appium:deviceName":"OPPO CPH1801 (Android 7.1.1)","appium:newCommandTimeout":1800,"appium:noReset":true,"platform":"ANDROID","platformName":"android","appium:platformVersion":"7.1.1","appium:systemPort":8245,"appium:udid":"aa14e06a"}]}}[39m
[35m[BaseDriver][39m The following capabilities are not standard capabilities and should have an extension prefix:
[35m[BaseDriver][39m   deviceId
[35m[BaseDriver][39m   platform
[35m[BaseDriver][39m   chromedriverPort
[35m[Appium][39m Appium v1.22.3 creating new AndroidUiautomator2Driver (v1.70.1) session
[35m[BaseDriver][39m The following capabilities were provided, but are not recognized by Appium:
[35m[BaseDriver][39m   deviceId
[35m[BaseDriver][39m   platform
[35m[BaseDriver][39m Session created with session id: 91e5c180-d85a-429c-b604-d11bca8c388f
[35m[UiAutomator2][39m Starting 'com.kfc.mobile.hkStaging' directly on the device
[35m[ADB][39m Using 'adb.exe' from 'C:\Users\Ahadian Rifky\.katalon\tools\android_sdk\platform-tools\adb.exe'
[35m[AndroidDriver][39m Retrieving device list
[35m[AndroidDriver][39m Using device: aa14e06a
[35m[ADB][39m Using 'adb.exe' from 'C:\Users\Ahadian Rifky\.katalon\tools\android_sdk\platform-tools\adb.exe'
[35m[AndroidDriver][39m No app sent in, not parsing package/activity
[35m[UiAutomator2][39m Server packages are not going to be (re)installed
[35m[ADB][39m Adding packages ["io.appium.settings","io.appium.uiautomator2.server","io.appium.uiautomator2.server.test"] to Doze whitelist
[35m[UiAutomator2][39m Starting UIAutomator2 server 4.27.0
[35m[UiAutomator2][39m Using UIAutomator2 server from 'C:\Users\Ahadian Rifky\AppData\Roaming\npm\node_modules\appium\node_modules\appium-uiautomator2-server\apks\appium-uiautomator2-server-v4.27.0.apk' and test from 'C:\Users\Ahadian Rifky\AppData\Roaming\npm\node_modules\appium\node_modules\appium-uiautomator2-server\apks\appium-uiautomator2-server-debug-androidTest.apk'
[35m[UiAutomator2][39m Waiting up to 30000ms for UiAutomator2 to be online...
[35m[WD Proxy][39m Determined the downstream protocol as 'W3C'
[35m[AndroidDriver][39m Screen already unlocked, doing nothing
[35m[UiAutomator2][39m Starting 'com.kfc.mobile.hkStaging/com.kfc.mobile.presentation.splash.SplashActivity and waiting for 'com.kfc.mobile.hkStaging/com.kfc.mobile.presentation.splash.SplashActivity'
[35m[WD Proxy][39m Got response with status 404: {"sessionId":"834d78cb-14b9-4404-bfa9-df29405e1456","value":{"error":"invalid session id","message":"The session identified by 834d78cb-14b9-4404-bfa9-df29405e1456 is not known","stacktrace":"io.appium.uiautomator2.common.exceptions.NoSuchDriverException: The session identified by 834d78cb-14b9-4404-bfa9-df29405e1456 is not known\n\tat io.appium.uiautomator2.handler.request.SafeRequestHandler.handle(SafeRequestHandler.java:54)\n\tat io.appium.uiautomator2.server.AppiumServlet.handleRequest(AppiumServlet.java:266)\n\tat io.appium.uiautomator2.server.AppiumServlet.handleHttpRequest(AppiumServlet.java:260)\n\tat io.appium.uiautomator2.http.ServerHandler.channelRead(ServerHandler.java:68)\n\tat io.netty.channel.AbstractChannelHandlerContext.invokeChannelRead(AbstractChannelHandlerContext.java:366)\n\tat io.netty.channel.AbstractChannelHandlerContext.invokeChannelRead(AbstractChannelHandlerContext.java:352)\n\tat io.netty.channel.AbstractChannelHandlerContext.fireChannelRead(AbstractChannelHandlerContext.java:3...
[35m[WD Proxy][39m Got response with status 404: {"sessionId":"834d78cb-14b9-4404-bfa9-df29405e1456","value":{"error":"invalid session id","message":"The session identified by 834d78cb-14b9-4404-bfa9-df29405e1456 is not known","stacktrace":"io.appium.uiautomator2.common.exceptions.NoSuchDriverException: The session identified by 834d78cb-14b9-4404-bfa9-df29405e1456 is not known\n\tat io.appium.uiautomator2.handler.request.SafeRequestHandler.handle(SafeRequestHandler.java:54)\n\tat io.appium.uiautomator2.server.AppiumServlet.handleRequest(AppiumServlet.java:266)\n\tat io.appium.uiautomator2.server.AppiumServlet.handleHttpRequest(AppiumServlet.java:260)\n\tat io.appium.uiautomator2.http.ServerHandler.channelRead(ServerHandler.java:68)\n\tat io.netty.channel.AbstractChannelHandlerContext.invokeChannelRead(AbstractChannelHandlerContext.java:366)\n\tat io.netty.channel.AbstractChannelHandlerContext.invokeChannelRead(AbstractChannelHandlerContext.java:352)\n\tat io.netty.channel.AbstractChannelHandlerContext.fireChannelRead(AbstractChannelHandlerContext.java:3...
[35m[UiAutomator2][39m Did not get confirmation UiAutomator2 deleteSession worked; Error was: NoSuchDriverError: The session identified by 834d78cb-14b9-4404-bfa9-df29405e1456 is not known
[35m[HTTP][39m [37m<-- POST /wd/hub/session [39m[33m404[39m [90m10478 ms - 3691[39m
[35m[HTTP][39m [90m[39m
